#
# A fatal error has been detected by the Java Runtime Environment:
#
#  SIGSEGV (0xb) at pc=0x0000000101230cbe, pid=2872, tid=259
#
# JRE version: Java(TM) SE Runtime Environment (14.0+36) (build 14+36-1461)
# Java VM: Java HotSpot(TM) 64-Bit Server VM (14+36-1461, mixed mode, sharing, tiered, compressed oops, g1 gc, bsd-amd64)
# Problematic frame:
# V  [libjvm.dylib+0x1ebcbe]  _ZN17CompilationPolicy15can_be_compiledERK12methodHandlei+0x22
#
# No core dump will be written. Core dumps have been disabled. To enable core dumping, try "ulimit -c unlimited" before starting Java again
#
# If you would like to submit a bug report, please visit:
#   https://bugreport.java.com/bugreport/crash.jsp
# The crash happened outside the Java Virtual Machine in native code.
# See problematic frame for where to report the bug.
#

---------------  S U M M A R Y ------------

Command Line: --module-path=/Users/gabminamedez/Documents/Developer/javafx-sdk-11.0.2/lib --add-modules=javafx.controls,javafx.fxml -Djava.library.path=/Users/gabminamedez/Documents/Developer/javafx-sdk-11.0.2/lib -javaagent:/Applications/IntelliJ IDEA.app/Contents/lib/idea_rt.jar=49448:/Applications/IntelliJ IDEA.app/Contents/bin -Dfile.encoding=UTF-8 com.socialsim.controller.Main

Host: MacBookPro14,1 x86_64 2300 MHz, 4 cores, 8G, Darwin 21.2.0
Time: Thu Jan 20 10:08:10 2022 PST elapsed time: 5 seconds (0d 0h 0m 5s)

---------------  T H R E A D  ---------------

Current thread (0x00007fb525834800):  JavaThread "JavaFX Application Thread" [_thread_in_native, id=259, stack(0x00007ff7bf51e000,0x00007ff7bfd1e000)]

Stack: [0x00007ff7bf51e000,0x00007ff7bfd1e000],  sp=0x00007ff7bfd173f0,  free space=8164k
Native frames: (J=compiled Java code, A=aot compiled Java code, j=interpreted, Vv=VM code, C=native code)
V  [libjvm.dylib+0x1ebcbe]  _ZN17CompilationPolicy15can_be_compiledERK12methodHandlei+0x22
V  [libjvm.dylib+0x1ebc2d]  _ZN17CompilationPolicy16must_be_compiledERK12methodHandlei+0x1f
V  [libjvm.dylib+0x1ebd57]  _ZN17CompilationPolicy19compile_if_requiredERK12methodHandleP6Thread+0x1d
V  [libjvm.dylib+0x4e4821]  _ZN8CallInfo11set_virtualEP5KlassS1_RK12methodHandleS4_iP6Thread+0x57
V  [libjvm.dylib+0x4e78ce]  _ZN12LinkResolver30runtime_resolve_virtual_methodER8CallInfoRK12methodHandleP5Klass6HandleS6_bP6Thread+0x134
V  [libjvm.dylib+0x4e75a2]  _ZN12LinkResolver20resolve_virtual_callER8CallInfo6HandleP5KlassRK8LinkInfobP6Thread+0x8a
V  [libjvm.dylib+0x34a26e]  _ZN9JavaCalls12call_virtualEP9JavaValueP5KlassP6SymbolS5_P17JavaCallArgumentsP6Thread+0xb0
V  [libjvm.dylib+0x34a402]  _ZN9JavaCalls12call_virtualEP9JavaValue6HandleP5KlassP6SymbolS6_S2_P6Thread+0x6c
V  [libjvm.dylib+0x6b6123]  _ZN16SystemDictionary19load_instance_classEP6Symbol6HandleP6Thread+0x101
V  [libjvm.dylib+0x6b52af]  _ZN16SystemDictionary30resolve_instance_class_or_nullEP6Symbol6HandleS2_P6Thread+0x559
V  [libjvm.dylib+0x6b49a7]  _ZN16SystemDictionary15resolve_or_failEP6Symbol6HandleS2_bP6Thread+0x1b
V  [libjvm.dylib+0x20a55f]  _ZN12ConstantPool13klass_at_implERK18constantPoolHandleibP6Thread+0x169
V  [libjvm.dylib+0x3ed4a5]  _ZN12ConstantPool8klass_atEiP6Thread+0x4d
V  [libjvm.dylib+0x4e4c1a]  _ZN8LinkInfoC2ERK18constantPoolHandleiP6Thread+0x3a
V  [libjvm.dylib+0x4e84d2]  _ZN12LinkResolver20resolve_invokestaticER8CallInfoRK18constantPoolHandleiP6Thread+0x1a
V  [libjvm.dylib+0x346375]  _ZN18InterpreterRuntime14resolve_invokeEP10JavaThreadN9Bytecodes4CodeE+0x223
V  [libjvm.dylib+0x34692c]  _ZN18InterpreterRuntime18resolve_from_cacheEP10JavaThreadN9Bytecodes4CodeE+0x32
j  com.sun.glass.ui.ClipboardAssistance.<init>(Ljava/lang/String;)V+26 javafx.graphics
j  com.sun.glass.ui.View$1.<init>(Lcom/sun/glass/ui/View;Ljava/lang/String;)V+7 javafx.graphics
j  com.sun.glass.ui.View.notifyDragStart(IIIII)V+8 javafx.graphics
j  com.sun.glass.ui.View.notifyMouse(IIIIIIIZZ)V+206 javafx.graphics
j  com.sun.glass.ui.mac.MacView.notifyMouse(IIIIIIIZZ)V+96 javafx.graphics
v  ~StubRoutines::call_stub
V  [libjvm.dylib+0x34aea2]  _ZN9JavaCalls11call_helperEP9JavaValueRK12methodHandleP17JavaCallArgumentsP6Thread+0x256
V  [libjvm.dylib+0x3865f6]  _ZL20jni_invoke_nonstaticP7JNIEnv_P9JavaValueP8_jobject11JNICallTypeP10_jmethodIDP18JNI_ArgumentPusherP6Thread+0x27b
V  [libjvm.dylib+0x38af30]  jni_CallVoidMethod+0x1bc
C  [libglass.dylib+0xe042]  -[GlassViewDelegate sendJavaMouseEvent:]+0x932
C  [AppKit+0x1b2328]  -[NSWindow(NSEventRouting) _reallySendEvent:isDelayedEvent:]+0x1bee
C  [AppKit+0x1b051a]  -[NSWindow(NSEventRouting) sendEvent:]+0x160
C  [libglass.dylib+0x1b363]  -[GlassWindow_Normal sendEvent:]+0x73
C  [AppKit+0x1ae8e8]  -[NSApplication(NSEvent) sendEvent:]+0x160
C  [libglass.dylib+0xaa05]  +[GlassApplication enterNestedEventLoopWithEnv:]+0xd5
C  [libglass.dylib+0xb46a]  Java_com_sun_glass_ui_mac_MacApplication__1enterNestedEventLoopImpl+0x4a
j  com.sun.glass.ui.mac.MacApplication._enterNestedEventLoopImpl()Ljava/lang/Object;+0 javafx.graphics
j  com.sun.glass.ui.mac.MacApplication._enterNestedEventLoop()Ljava/lang/Object;+15 javafx.graphics
j  com.sun.glass.ui.Application.enterNestedEventLoop()Ljava/lang/Object;+14 javafx.graphics
j  com.sun.glass.ui.EventLoop.enter()Ljava/lang/Object;+42 javafx.graphics
j  com.sun.javafx.tk.quantum.QuantumToolkit.enterNestedEventLoop(Ljava/lang/Object;)Ljava/lang/Object;+94 javafx.graphics
j  javafx.stage.Stage.showAndWait()V+93 javafx.graphics
j  com.socialsim.controller.generic.controls.ScreenController.showWindow(Ljavafx/scene/Parent;Ljava/lang/String;ZZ)V+105
j  com.socialsim.controller.Main.start(Ljavafx/stage/Stage;)V+314
j  com.sun.javafx.application.LauncherImpl.lambda$launchApplication1$9(Ljava/util/concurrent/atomic/AtomicBoolean;Ljavafx/application/Application;)V+20 javafx.graphics
j  com.sun.javafx.application.LauncherImpl$$Lambda$105.run()V+8 javafx.graphics
j  com.sun.javafx.application.PlatformImpl.lambda$runAndWait$12(Ljava/lang/Runnable;Ljava/util/concurrent/CountDownLatch;)V+1 javafx.graphics
j  com.sun.javafx.application.PlatformImpl$$Lambda$98.run()V+8 javafx.graphics
j  com.sun.javafx.application.PlatformImpl.lambda$runLater$10(Ljava/lang/Runnable;)Ljava/lang/Void;+1 javafx.graphics
j  com.sun.javafx.application.PlatformImpl$$Lambda$100.run()Ljava/lang/Object;+4 javafx.graphics
j  java.security.AccessController.executePrivileged(Ljava/security/PrivilegedAction;Ljava/security/AccessControlContext;Ljava/lang/Class;)Ljava/lang/Object;+29 java.base@14
j  java.security.AccessController.doPrivileged(Ljava/security/PrivilegedAction;Ljava/security/AccessControlContext;)Ljava/lang/Object;+13 java.base@14
j  com.sun.javafx.application.PlatformImpl.lambda$runLater$11(Ljava/lang/Runnable;Ljava/security/AccessControlContext;)V+7 javafx.graphics
j  com.sun.javafx.application.PlatformImpl$$Lambda$99.run()V+8 javafx.graphics
j  com.sun.glass.ui.InvokeLaterDispatcher$Future.run()V+4 javafx.graphics
v  ~StubRoutines::call_stub
V  [libjvm.dylib+0x34aea2]  _ZN9JavaCalls11call_helperEP9JavaValueRK12methodHandleP17JavaCallArgumentsP6Thread+0x256
V  [libjvm.dylib+0x3865f6]  _ZL20jni_invoke_nonstaticP7JNIEnv_P9JavaValueP8_jobject11JNICallTypeP10_jmethodIDP18JNI_ArgumentPusherP6Thread+0x27b
V  [libjvm.dylib+0x38af30]  jni_CallVoidMethod+0x1bc
C  [libglass.dylib+0x879c]  -[GlassRunnable run]+0x6c
C  [Foundation+0x80af3]  __NSThreadPerformPerform+0xb3
C  [CoreFoundation+0x808fd]  __CFRUNLOOP_IS_CALLING_OUT_TO_A_SOURCE0_PERFORM_FUNCTION__+0x11
C  [CoreFoundation+0x80865]  __CFRunLoopDoSource0+0xb4
C  [CoreFoundation+0x805e4]  __CFRunLoopDoSources0+0xf2
C  [CoreFoundation+0x7f01b]  __CFRunLoopRun+0x37d
C  [CoreFoundation+0x7e5dd]  CFRunLoopRunSpecific+0x233
C  [HIToolbox+0x324f1]  RunCurrentEventLoopInMode+0x124
C  [HIToolbox+0x32247]  ReceiveNextEventCommon+0x24b
C  [HIToolbox+0x31fe5]  _BlockUntilNextEventMatchingListInModeWithFilter+0x46
C  [AppKit+0x3eb4c]  _DPSNextEvent+0x376
C  [AppKit+0x3d1b8]  -[NSApplication(NSEvent) _nextEventMatchingEventMask:untilDate:inMode:dequeue:]+0x583
C  [AppKit+0x2f5a9]  -[NSApplication run]+0x24a
C  [libglass.dylib+0xa80c]  -[GlassApplication runLoop:]+0x78c
C  [Foundation+0x80af3]  __NSThreadPerformPerform+0xb3
C  [CoreFoundation+0x808fd]  __CFRUNLOOP_IS_CALLING_OUT_TO_A_SOURCE0_PERFORM_FUNCTION__+0x11
C  [CoreFoundation+0x80865]  __CFRunLoopDoSource0+0xb4
C  [CoreFoundation+0x805e4]  __CFRunLoopDoSources0+0xf2
C  [CoreFoundation+0x7f01b]  __CFRunLoopRun+0x37d
C  [CoreFoundation+0x7e5dd]  CFRunLoopRunSpecific+0x233
C  [libjli.dylib+0x6641]  CreateExecutionEnvironment+0x18f
C  [libjli.dylib+0x27d2]  JLI_Launch+0x54a
C  [java+0xca9]  main+0x16f
C  0x000000010e3c14fe

Java frames: (J=compiled Java code, j=interpreted, Vv=VM code)
j  com.sun.glass.ui.ClipboardAssistance.<init>(Ljava/lang/String;)V+26 javafx.graphics
j  com.sun.glass.ui.View$1.<init>(Lcom/sun/glass/ui/View;Ljava/lang/String;)V+7 javafx.graphics
j  com.sun.glass.ui.View.notifyDragStart(IIIII)V+8 javafx.graphics
j  com.sun.glass.ui.View.notifyMouse(IIIIIIIZZ)V+206 javafx.graphics
j  com.sun.glass.ui.mac.MacView.notifyMouse(IIIIIIIZZ)V+96 javafx.graphics
v  ~StubRoutines::call_stub
j  com.sun.glass.ui.mac.MacApplication._enterNestedEventLoopImpl()Ljava/lang/Object;+0 javafx.graphics
j  com.sun.glass.ui.mac.MacApplication._enterNestedEventLoop()Ljava/lang/Object;+15 javafx.graphics
j  com.sun.glass.ui.Application.enterNestedEventLoop()Ljava/lang/Object;+14 javafx.graphics
j  com.sun.glass.ui.EventLoop.enter()Ljava/lang/Object;+42 javafx.graphics
j  com.sun.javafx.tk.quantum.QuantumToolkit.enterNestedEventLoop(Ljava/lang/Object;)Ljava/lang/Object;+94 javafx.graphics
j  javafx.stage.Stage.showAndWait()V+93 javafx.graphics
j  com.socialsim.controller.generic.controls.ScreenController.showWindow(Ljavafx/scene/Parent;Ljava/lang/String;ZZ)V+105
j  com.socialsim.controller.Main.start(Ljavafx/stage/Stage;)V+314
j  com.sun.javafx.application.LauncherImpl.lambda$launchApplication1$9(Ljava/util/concurrent/atomic/AtomicBoolean;Ljavafx/application/Application;)V+20 javafx.graphics
j  com.sun.javafx.application.LauncherImpl$$Lambda$105.run()V+8 javafx.graphics
j  com.sun.javafx.application.PlatformImpl.lambda$runAndWait$12(Ljava/lang/Runnable;Ljava/util/concurrent/CountDownLatch;)V+1 javafx.graphics
j  com.sun.javafx.application.PlatformImpl$$Lambda$98.run()V+8 javafx.graphics
j  com.sun.javafx.application.PlatformImpl.lambda$runLater$10(Ljava/lang/Runnable;)Ljava/lang/Void;+1 javafx.graphics
j  com.sun.javafx.application.PlatformImpl$$Lambda$100.run()Ljava/lang/Object;+4 javafx.graphics
j  java.security.AccessController.executePrivileged(Ljava/security/PrivilegedAction;Ljava/security/AccessControlContext;Ljava/lang/Class;)Ljava/lang/Object;+29 java.base@14
j  java.security.AccessController.doPrivileged(Ljava/security/PrivilegedAction;Ljava/security/AccessControlContext;)Ljava/lang/Object;+13 java.base@14
j  com.sun.javafx.application.PlatformImpl.lambda$runLater$11(Ljava/lang/Runnable;Ljava/security/AccessControlContext;)V+7 javafx.graphics
j  com.sun.javafx.application.PlatformImpl$$Lambda$99.run()V+8 javafx.graphics
j  com.sun.glass.ui.InvokeLaterDispatcher$Future.run()V+4 javafx.graphics
v  ~StubRoutines::call_stub

siginfo: si_signo: 11 (SIGSEGV), si_code: 1 (SEGV_MAPERR), si_addr: 0x0000000000000039

Register to memory mapping:

RAX=0x0000000000000011 is an unknown value
RBX=0x00007ff7bfd17500 is pointing into the stack for thread: 0x00007fb525834800
RCX=0x0000000800250dc8 is a pointer to class: 
java.lang.CharSequence {0x0000000800250dc8}
RDX=0x00007fb52373f530 points into unknown readable memory: d8 b2 f5 0c 01 00 00 00
RSP=0x00007ff7bfd173f0 is pointing into the stack for thread: 0x00007fb525834800
RBP=0x00007ff7bfd17400 is pointing into the stack for thread: 0x00007fb525834800
RSI=0x00000000fffffffe is an unknown value
RDI=0x0000000800250dc8 is a pointer to class: 
java.lang.CharSequence {0x0000000800250dc8}
R8 =0x0 is NULL
R9 =0x0000000000000001 is an unknown value
R10=0x000000080092c570 is pointing into metadata
R11=0x000000000195bc01 is an unknown value
R12=0x00007ff7bfd17500 is pointing into the stack for thread: 0x00007fb525834800
R13=0x000000080030d1c0 is a pointer to class: 
java.lang.String {0x000000080030d1c0}
R14=0x00007ff7bfd17500 is pointing into the stack for thread: 0x00007fb525834800
R15=0x00007ff7bfd17568 is pointing into the stack for thread: 0x00007fb525834800


Registers:
RAX=0x0000000000000011, RBX=0x00007ff7bfd17500, RCX=0x0000000800250dc8, RDX=0x00007fb52373f530
RSP=0x00007ff7bfd173f0, RBP=0x00007ff7bfd17400, RSI=0x00000000fffffffe, RDI=0x0000000800250dc8
R8 =0x0000000000000000, R9 =0x0000000000000001, R10=0x000000080092c570, R11=0x000000000195bc01
R12=0x00007ff7bfd17500, R13=0x000000080030d1c0, R14=0x00007ff7bfd17500, R15=0x00007ff7bfd17568
RIP=0x0000000101230cbe, EFLAGS=0x0000000000010202, ERR=0x0000000000000004
  TRAPNO=0x000000000000000e

Top of Stack: (sp=0x00007ff7bfd173f0)
0x00007ff7bfd173f0:   0000000000000000 00007ff7bfd17500
0x00007ff7bfd17400:   00007ff7bfd17420 0000000101230c2d
0x00007ff7bfd17410:   00007fb525834800 00007ff7bfd17500
0x00007ff7bfd17420:   00007ff7bfd17470 0000000101230d57
0x00007ff7bfd17430:   00007ff7bfd17470 0000000101529784
0x00007ff7bfd17440:   00007fb525834800 0000000000000007
0x00007ff7bfd17450:   00007ff7bfd17500 0000000000000007
0x00007ff7bfd17460:   00000008002b19a0 00007ff7bfd17568
0x00007ff7bfd17470:   00007ff7bfd174c0 0000000101529821
0x00007ff7bfd17480:   0000000000000007 00007fb525834800
0x00007ff7bfd17490:   00007ff7bfd17610 00007fb525834800
0x00007ff7bfd174a0:   00007ff7bfd174f0 0000000000000001
0x00007ff7bfd174b0:   00007ff7bfd17568 000000080030d1c0
0x00007ff7bfd174c0:   00007ff7bfd17540 000000010152c8ce
0x00007ff7bfd174d0:   00007fb525834800 0000000800250dc8
0x00007ff7bfd174e0:   00000008002b19a0 00007ff7bfd17610
0x00007ff7bfd174f0:   0000000800250dc8 00007fb525834800
0x00007ff7bfd17500:   0000000800250dc8 00007fb525834800
0x00007ff7bfd17510:   00000007bfd17540 00007ff7bfd17568
0x00007ff7bfd17520:   0000600001cc2010 0000000000000001
0x00007ff7bfd17530:   00007ff7bfd175d0 000000080030d1c0
0x00007ff7bfd17540:   00007ff7bfd175c0 000000010152c5a2
0x00007ff7bfd17550:   00007fb525834800 00000001016b41b6
0x00007ff7bfd17560:   00000008002b1d60 00000008002b1d60
0x00007ff7bfd17570:   00007fb525834800 000000080030d1c0
0x00007ff7bfd17580:   0000600001cc2010 00007ff7bfd17610
0x00007ff7bfd17590:   00000001bfd17638 0000000000000000
0x00007ff7bfd175a0:   00007fb525834800 00007ff7bfd17620
0x00007ff7bfd175b0:   00007ff7bfd176a8 00007ff7bfd17798
0x00007ff7bfd175c0:   00007ff7bfd17690 000000010138f26e
0x00007ff7bfd175d0:   00000008003e4ac0 00000008003e70c8
0x00007ff7bfd175e0:   00000008002b19a0 0000000000000000 

Instructions: (pc=0x0000000101230cbe)
0x0000000101230bbe:   89 08 31 c9 48 89 48 10 48 89 48 08 eb 29 31 db
0x0000000101230bce:   bf 10 00 00 00 be 06 00 00 00 31 d2 e8 ae be ed
0x0000000101230bde:   ff 48 85 c0 74 14 48 8d 0d 25 31 70 00 48 89 08
0x0000000101230bee:   c7 40 08 00 00 00 00 48 89 c3 48 89 1d a9 5a 76
0x0000000101230bfe:   00 48 8b 03 48 89 df 48 83 c4 08 5b 5d ff 60 48
0x0000000101230c0e:   55 48 89 e5 41 56 53 48 89 fb 48 8b 03 48 8b 40
0x0000000101230c1e:   40 48 83 f8 00 75 5e 48 89 df e8 6f 00 00 00 84
0x0000000101230c2e:   c0 74 52 48 8d 05 62 b0 72 00 80 38 00 74 3b 4c
0x0000000101230c3e:   8d 35 64 b0 72 00 31 c0 41 80 3e 00 74 39 48 8d
0x0000000101230c4e:   0d 51 54 78 00 8a 09 84 c9 74 2c 48 8b 3b 8b 47
0x0000000101230c5e:   20 85 c0 78 19 e8 90 df 3b 00 89 c1 31 c0 41 80
0x0000000101230c6e:   3e 00 74 13 84 c9 75 14 eb 0d b0 01 eb 09 a9 00
0x0000000101230c7e:   00 00 40 75 07 31 c0 5b 41 5e 5d c3 48 8d 05 87
0x0000000101230c8e:   8f 72 00 8b 00 83 f8 01 0f 94 c0 eb ea 90 55 48
0x0000000101230c9e:   89 e5 53 50 48 89 fb 48 8b 3b f6 47 21 04 75 71
0x0000000101230cae:   48 8d 05 f5 af 72 00 80 38 00 74 0f 48 8b 47 08
0x0000000101230cbe:   0f b7 40 28 3d 40 1f 00 00 77 56 0f b7 47 28 83
0x0000000101230cce:   c0 fa 0f b7 c0 83 f8 21 73 10 48 b9 11 fb 00 80
0x0000000101230cde:   01 00 00 00 48 0f a3 c1 72 37 83 fe fe 75 28 48
0x0000000101230cee:   8d 05 3c b3 72 00 80 38 00 74 2f be 01 00 00 00
0x0000000101230cfe:   e8 cf eb 3b 00 89 c1 b0 01 84 c9 74 16 48 8b 3b
0x0000000101230d0e:   be 04 00 00 00 eb 1c 8d 46 ff 83 f8 03 77 02 eb
0x0000000101230d1e:   12 31 c0 48 83 c4 08 5b 5d c3 48 8d 05 d1 90 72
0x0000000101230d2e:   00 8b 30 e8 9c eb 3b 00 34 01 eb e7 55 48 89 e5
0x0000000101230d3e:   41 57 41 56 53 48 83 ec 28 48 89 f3 49 89 fe be
0x0000000101230d4e:   fe ff ff ff e8 b7 fe ff ff 84 c0 74 76 48 8b 03
0x0000000101230d5e:   48 89 df ff 90 98 00 00 00 84 c0 74 66 48 8b 03
0x0000000101230d6e:   48 89 df ff 50 48 84 c0 75 59 49 8b 06 48 8b 40
0x0000000101230d7e:   08 48 8b 40 08 48 8b 40 18 80 b8 9a 01 00 00 03
0x0000000101230d8e:   72 41 48 8b 3d 11 59 76 00 48 8b 07 4c 89 f6 ff
0x0000000101230d9e:   10 0f 57 c0 4c 8d 7d d0 41 0f 29 07 48 89 1c 24
0x0000000101230dae:   be ff ff ff ff 45 31 c0 41 b9 07 00 00 00 4c 89 


Stack slot to memory mapping:
stack at sp + 0 slots: 0x0 is NULL
stack at sp + 1 slots: 0x00007ff7bfd17500 is pointing into the stack for thread: 0x00007fb525834800
stack at sp + 2 slots: 0x00007ff7bfd17420 is pointing into the stack for thread: 0x00007fb525834800
stack at sp + 3 slots: 0x0000000101230c2d: _ZN17CompilationPolicy16must_be_compiledERK12methodHandlei+0x1f in /Library/Java/JavaVirtualMachines/jdk-14.jdk/Contents/Home/lib/server/libjvm.dylib at 0x0000000101045000
stack at sp + 4 slots: 0x00007fb525834800 is a thread
stack at sp + 5 slots: 0x00007ff7bfd17500 is pointing into the stack for thread: 0x00007fb525834800
stack at sp + 6 slots: 0x00007ff7bfd17470 is pointing into the stack for thread: 0x00007fb525834800
stack at sp + 7 slots: 0x0000000101230d57: _ZN17CompilationPolicy19compile_if_requiredERK12methodHandleP6Thread+0x1d in /Library/Java/JavaVirtualMachines/jdk-14.jdk/Contents/Home/lib/server/libjvm.dylib at 0x0000000101045000


---------------  P R O C E S S  ---------------

Threads class SMR info:
_java_thread_list=0x0000600002318a60, length=23, elements={
0x00007fb52380d800, 0x00007fb524816000, 0x00007fb525832000, 0x00007fb524817000,
0x00007fb52481a000, 0x00007fb52582f800, 0x00007fb525833800, 0x00007fb525043800,
0x00007fb52386f000, 0x00007fb5238dd800, 0x00007fb52481b000, 0x00007fb52599a800,
0x00007fb5248cd000, 0x00007fb525834800, 0x00007fb5248e1800, 0x00007fb523912800,
0x00007fb523937000, 0x00007fb523934000, 0x00007fb5259e3000, 0x00007fb5259e4000,
0x00007fb5259e8000, 0x00007fb5259ef800, 0x00007fb523a73800
}

Java Threads: ( => current thread )
  0x00007fb52380d800 JavaThread "main" [_thread_blocked, id=10243, stack(0x000070000e955000,0x000070000ea55000)]
  0x00007fb524816000 JavaThread "Reference Handler" daemon [_thread_blocked, id=18435, stack(0x000070000f06a000,0x000070000f16a000)]
  0x00007fb525832000 JavaThread "Finalizer" daemon [_thread_blocked, id=15107, stack(0x000070000f16d000,0x000070000f26d000)]
  0x00007fb524817000 JavaThread "Signal Dispatcher" daemon [_thread_blocked, id=43011, stack(0x000070000f376000,0x000070000f476000)]
  0x00007fb52481a000 JavaThread "Service Thread" daemon [_thread_blocked, id=22019, stack(0x000070000f479000,0x000070000f579000)]
  0x00007fb52582f800 JavaThread "C2 CompilerThread0" daemon [_thread_blocked, id=22275, stack(0x000070000f57c000,0x000070000f67c000)]
  0x00007fb525833800 JavaThread "C1 CompilerThread0" daemon [_thread_blocked, id=41731, stack(0x000070000f67f000,0x000070000f77f000)]
  0x00007fb525043800 JavaThread "Sweeper thread" daemon [_thread_blocked, id=41219, stack(0x000070000f782000,0x000070000f882000)]
  0x00007fb52386f000 JavaThread "Common-Cleaner" daemon [_thread_blocked, id=23299, stack(0x000070000f885000,0x000070000f985000)]
  0x00007fb5238dd800 JavaThread "Monitor Ctrl-Break" daemon [_thread_in_native, id=39683, stack(0x000070000fa8b000,0x000070000fb8b000)]
  0x00007fb52481b000 JavaThread "Notification Thread" daemon [_thread_blocked, id=39171, stack(0x000070000fb8e000,0x000070000fc8e000)]
  0x00007fb52599a800 JavaThread "QuantumRenderer-0" daemon [_thread_blocked, id=38147, stack(0x000070000fd94000,0x000070000fe94000)]
  0x00007fb5248cd000 JavaThread "InvokeLaterDispatcher" daemon [_thread_blocked, id=40203, stack(0x000070000f988000,0x000070000fa88000)]
=>0x00007fb525834800 JavaThread "JavaFX Application Thread" [_thread_in_native, id=259, stack(0x00007ff7bf51e000,0x00007ff7bfd1e000)]
  0x00007fb5248e1800 JavaThread "Thread-2" daemon [_thread_in_native, id=82447, stack(0x00007000101a0000,0x0000700010220000)]
  0x00007fb523912800 JavaThread "JavaFX-Launcher" [_thread_blocked, id=77827, stack(0x00007000102a6000,0x00007000103a6000)]
  0x00007fb523937000 JavaThread "Thread-4" [_thread_blocked, id=56075, stack(0x000070001042c000,0x000070001052c000)]
  0x00007fb523934000 JavaThread "Thread-5" [_thread_blocked, id=74499, stack(0x000070001052f000,0x000070001062f000)]
  0x00007fb5259e3000 JavaThread "Thread-6" [_thread_blocked, id=74243, stack(0x0000700010632000,0x0000700010732000)]
  0x00007fb5259e4000 JavaThread "Thread-7" [_thread_blocked, id=73731, stack(0x0000700010735000,0x0000700010835000)]
  0x00007fb5259e8000 JavaThread "Attach Listener" daemon [_thread_blocked, id=73475, stack(0x0000700010838000,0x0000700010938000)]
  0x00007fb5259ef800 JavaThread "Prism Font Disposer" daemon [_thread_blocked, id=72963, stack(0x0000700010a3e000,0x0000700010b3e000)]
  0x00007fb523a73800 JavaThread "Cleaner-0" daemon [_thread_blocked, id=88323, stack(0x0000700010cc7000,0x0000700010dc7000)]

Other Threads:
  0x00007fb52582f000 VMThread "VM Thread" [stack: 0x000070000ef67000,0x000070000f067000] [id=14339]
  0x00007fb525046000 WatcherThread [stack: 0x000070000fc91000,0x000070000fd91000] [id=38659]
  0x00007fb523833000 GCTaskThread "GC Thread#0" [stack: 0x000070000ea58000,0x000070000eb58000] [id=12035]
  0x00007fb5259d0000 GCTaskThread "GC Thread#1" [stack: 0x000070000fe97000,0x000070000ff97000] [id=46599]
  0x00007fb5248e8000 GCTaskThread "GC Thread#2" [stack: 0x000070000ff9a000,0x000070001009a000] [id=46851]
  0x00007fb52390e000 GCTaskThread "GC Thread#3" [stack: 0x000070001009d000,0x000070001019d000] [id=83971]
  0x00007fb52501a800 ConcurrentGCThread "G1 Main Marker" [stack: 0x000070000eb5b000,0x000070000ec5b000] [id=12547]
  0x00007fb525812000 ConcurrentGCThread "G1 Conc#0" [stack: 0x000070000ec5e000,0x000070000ed5e000] [id=19203]
  0x00007fb523856000 ConcurrentGCThread "G1 Refine#0" [stack: 0x000070000ed61000,0x000070000ee61000] [id=18947]
  0x00007fb5259ee800 ConcurrentGCThread "G1 Refine#1" [stack: 0x0000700010b41000,0x0000700010c41000] [id=72707]
  0x00007fb52581a800 ConcurrentGCThread "G1 Young RemSet Sampling" [stack: 0x000070000ee64000,0x000070000ef64000] [id=13827]

Threads with active compile tasks:

VM state:not at safepoint (normal execution)

VM Mutex/Monitor currently owned by a thread: None

Heap address: 0x0000000780000000, size: 2048 MB, Compressed Oops mode: Zero based, Oop shift amount: 3
Narrow klass base: 0x0000000800000000, Narrow klass shift: 3
Compressed class space size: 1073741824 Address: 0x0000000800b05000

Heap:
 garbage-first heap   total 133120K, used 98969K [0x0000000780000000, 0x0000000800000000)
  region size 1024K, 63 young (64512K), 3 survivors (3072K)
 Metaspace       used 18063K, capacity 18862K, committed 19072K, reserved 1064960K
  class space    used 2537K, capacity 2851K, committed 2944K, reserved 1048576K
Heap Regions: E=young(eden), S=young(survivor), O=old, HS=humongous(starts), HC=humongous(continues), CS=collection set, F=free, OA=open archive, CA=closed archive, TAMS=top-at-mark-start (previous, next)
|   0|0x0000000780000000, 0x0000000780100000, 0x0000000780100000|100%| O|  |TAMS 0x0000000780000000, 0x0000000780000000| Untracked 
|   1|0x0000000780100000, 0x0000000780200000, 0x0000000780200000|100%| O|  |TAMS 0x0000000780100000, 0x0000000780100000| Untracked 
|   2|0x0000000780200000, 0x00000007802da608, 0x0000000780300000| 85%| O|  |TAMS 0x0000000780200000, 0x0000000780200000| Untracked 
|   3|0x0000000780300000, 0x0000000780400000, 0x0000000780400000|100%|HS|  |TAMS 0x0000000780300000, 0x0000000780300000| Complete 
|   4|0x0000000780400000, 0x0000000780500000, 0x0000000780500000|100%|HC|  |TAMS 0x0000000780400000, 0x0000000780400000| Complete 
|   5|0x0000000780500000, 0x0000000780600000, 0x0000000780600000|100%|HS|  |TAMS 0x0000000780500000, 0x0000000780500000| Complete 
|   6|0x0000000780600000, 0x0000000780700000, 0x0000000780700000|100%|HC|  |TAMS 0x0000000780600000, 0x0000000780600000| Complete 
|   7|0x0000000780700000, 0x0000000780800000, 0x0000000780800000|100%|HC|  |TAMS 0x0000000780700000, 0x0000000780700000| Complete 
|   8|0x0000000780800000, 0x0000000780900000, 0x0000000780900000|100%|HC|  |TAMS 0x0000000780800000, 0x0000000780800000| Complete 
|   9|0x0000000780900000, 0x0000000780a00000, 0x0000000780a00000|100%|HS|  |TAMS 0x0000000780900000, 0x0000000780900000| Complete 
|  10|0x0000000780a00000, 0x0000000780b00000, 0x0000000780b00000|100%|HC|  |TAMS 0x0000000780a00000, 0x0000000780a00000| Complete 
|  11|0x0000000780b00000, 0x0000000780c00000, 0x0000000780c00000|100%|HC|  |TAMS 0x0000000780b00000, 0x0000000780b00000| Complete 
|  12|0x0000000780c00000, 0x0000000780d00000, 0x0000000780d00000|100%|HC|  |TAMS 0x0000000780c00000, 0x0000000780c00000| Complete 
|  13|0x0000000780d00000, 0x0000000780e00000, 0x0000000780e00000|100%|HC|  |TAMS 0x0000000780d00000, 0x0000000780d00000| Complete 
|  14|0x0000000780e00000, 0x0000000780f00000, 0x0000000780f00000|100%|HC|  |TAMS 0x0000000780e00000, 0x0000000780e00000| Complete 
|  15|0x0000000780f00000, 0x0000000781000000, 0x0000000781000000|100%|HC|  |TAMS 0x0000000780f00000, 0x0000000780f00000| Complete 
|  16|0x0000000781000000, 0x0000000781100000, 0x0000000781100000|100%|HC|  |TAMS 0x0000000781000000, 0x0000000781000000| Complete 
|  17|0x0000000781100000, 0x0000000781200000, 0x0000000781200000|100%|HC|  |TAMS 0x0000000781100000, 0x0000000781100000| Complete 
|  18|0x0000000781200000, 0x0000000781300000, 0x0000000781300000|100%|HC|  |TAMS 0x0000000781200000, 0x0000000781200000| Complete 
|  19|0x0000000781300000, 0x0000000781400000, 0x0000000781400000|100%|HC|  |TAMS 0x0000000781300000, 0x0000000781300000| Complete 
|  20|0x0000000781400000, 0x0000000781500000, 0x0000000781500000|100%|HS|  |TAMS 0x0000000781400000, 0x0000000781400000| Complete 
|  21|0x0000000781500000, 0x0000000781600000, 0x0000000781600000|100%|HC|  |TAMS 0x0000000781500000, 0x0000000781500000| Complete 
|  22|0x0000000781600000, 0x0000000781700000, 0x0000000781700000|100%|HC|  |TAMS 0x0000000781600000, 0x0000000781600000| Complete 
|  23|0x0000000781700000, 0x0000000781800000, 0x0000000781800000|100%|HC|  |TAMS 0x0000000781700000, 0x0000000781700000| Complete 
|  24|0x0000000781800000, 0x0000000781900000, 0x0000000781900000|100%|HC|  |TAMS 0x0000000781800000, 0x0000000781800000| Complete 
|  25|0x0000000781900000, 0x0000000781a00000, 0x0000000781a00000|100%|HC|  |TAMS 0x0000000781900000, 0x0000000781900000| Complete 
|  26|0x0000000781a00000, 0x0000000781b00000, 0x0000000781b00000|100%|HC|  |TAMS 0x0000000781a00000, 0x0000000781a00000| Complete 
|  27|0x0000000781b00000, 0x0000000781c00000, 0x0000000781c00000|100%|HC|  |TAMS 0x0000000781b00000, 0x0000000781b00000| Complete 
|  28|0x0000000781c00000, 0x0000000781d00000, 0x0000000781d00000|100%|HC|  |TAMS 0x0000000781c00000, 0x0000000781c00000| Complete 
|  29|0x0000000781d00000, 0x0000000781e00000, 0x0000000781e00000|100%|HC|  |TAMS 0x0000000781d00000, 0x0000000781d00000| Complete 
|  30|0x0000000781e00000, 0x0000000781f00000, 0x0000000781f00000|100%|HC|  |TAMS 0x0000000781e00000, 0x0000000781e00000| Complete 
|  31|0x0000000781f00000, 0x0000000782000000, 0x0000000782000000|100%|HC|  |TAMS 0x0000000781f00000, 0x0000000781f00000| Complete 
|  32|0x0000000782000000, 0x0000000782100000, 0x0000000782100000|100%|HC|  |TAMS 0x0000000782000000, 0x0000000782000000| Complete 
|  33|0x0000000782100000, 0x0000000782200000, 0x0000000782200000|100%|HC|  |TAMS 0x0000000782100000, 0x0000000782100000| Complete 
|  34|0x0000000782200000, 0x0000000782300000, 0x0000000782300000|100%|HC|  |TAMS 0x0000000782200000, 0x0000000782200000| Complete 
|  35|0x0000000782300000, 0x0000000782300000, 0x0000000782400000|  0%| F|  |TAMS 0x0000000782300000, 0x0000000782300000| Untracked 
|  36|0x0000000782400000, 0x0000000782400000, 0x0000000782500000|  0%| F|  |TAMS 0x0000000782400000, 0x0000000782400000| Untracked 
|  37|0x0000000782500000, 0x0000000782500000, 0x0000000782600000|  0%| F|  |TAMS 0x0000000782500000, 0x0000000782500000| Untracked 
|  38|0x0000000782600000, 0x0000000782600000, 0x0000000782700000|  0%| F|  |TAMS 0x0000000782600000, 0x0000000782600000| Untracked 
|  39|0x0000000782700000, 0x0000000782700000, 0x0000000782800000|  0%| F|  |TAMS 0x0000000782700000, 0x0000000782700000| Untracked 
|  40|0x0000000782800000, 0x0000000782800000, 0x0000000782900000|  0%| F|  |TAMS 0x0000000782800000, 0x0000000782800000| Untracked 
|  41|0x0000000782900000, 0x0000000782900000, 0x0000000782a00000|  0%| F|  |TAMS 0x0000000782900000, 0x0000000782900000| Untracked 
|  42|0x0000000782a00000, 0x0000000782a00000, 0x0000000782b00000|  0%| F|  |TAMS 0x0000000782a00000, 0x0000000782a00000| Untracked 
|  43|0x0000000782b00000, 0x0000000782b00000, 0x0000000782c00000|  0%| F|  |TAMS 0x0000000782b00000, 0x0000000782b00000| Untracked 
|  44|0x0000000782c00000, 0x0000000782c00000, 0x0000000782d00000|  0%| F|  |TAMS 0x0000000782c00000, 0x0000000782c00000| Untracked 
|  45|0x0000000782d00000, 0x0000000782d00000, 0x0000000782e00000|  0%| F|  |TAMS 0x0000000782d00000, 0x0000000782d00000| Untracked 
|  46|0x0000000782e00000, 0x0000000782e00000, 0x0000000782f00000|  0%| F|  |TAMS 0x0000000782e00000, 0x0000000782e00000| Untracked 
|  47|0x0000000782f00000, 0x0000000782f00000, 0x0000000783000000|  0%| F|  |TAMS 0x0000000782f00000, 0x0000000782f00000| Untracked 
|  48|0x0000000783000000, 0x0000000783000000, 0x0000000783100000|  0%| F|  |TAMS 0x0000000783000000, 0x0000000783000000| Untracked 
|  49|0x0000000783100000, 0x0000000783100000, 0x0000000783200000|  0%| F|  |TAMS 0x0000000783100000, 0x0000000783100000| Untracked 
|  50|0x0000000783200000, 0x0000000783200000, 0x0000000783300000|  0%| F|  |TAMS 0x0000000783200000, 0x0000000783200000| Untracked 
|  51|0x0000000783300000, 0x0000000783300000, 0x0000000783400000|  0%| F|  |TAMS 0x0000000783300000, 0x0000000783300000| Untracked 
|  52|0x0000000783400000, 0x0000000783400000, 0x0000000783500000|  0%| F|  |TAMS 0x0000000783400000, 0x0000000783400000| Untracked 
|  53|0x0000000783500000, 0x0000000783500000, 0x0000000783600000|  0%| F|  |TAMS 0x0000000783500000, 0x0000000783500000| Untracked 
|  54|0x0000000783600000, 0x0000000783600000, 0x0000000783700000|  0%| F|  |TAMS 0x0000000783600000, 0x0000000783600000| Untracked 
|  55|0x0000000783700000, 0x0000000783700000, 0x0000000783800000|  0%| F|  |TAMS 0x0000000783700000, 0x0000000783700000| Untracked 
|  56|0x0000000783800000, 0x0000000783800000, 0x0000000783900000|  0%| F|  |TAMS 0x0000000783800000, 0x0000000783800000| Untracked 
|  57|0x0000000783900000, 0x0000000783900000, 0x0000000783a00000|  0%| F|  |TAMS 0x0000000783900000, 0x0000000783900000| Untracked 
|  58|0x0000000783a00000, 0x0000000783a00000, 0x0000000783b00000|  0%| F|  |TAMS 0x0000000783a00000, 0x0000000783a00000| Untracked 
|  59|0x0000000783b00000, 0x0000000783b00000, 0x0000000783c00000|  0%| F|  |TAMS 0x0000000783b00000, 0x0000000783b00000| Untracked 
|  60|0x0000000783c00000, 0x0000000783c00000, 0x0000000783d00000|  0%| F|  |TAMS 0x0000000783c00000, 0x0000000783c00000| Untracked 
|  61|0x0000000783d00000, 0x0000000783d00000, 0x0000000783e00000|  0%| F|  |TAMS 0x0000000783d00000, 0x0000000783d00000| Untracked 
|  62|0x0000000783e00000, 0x0000000783e00000, 0x0000000783f00000|  0%| F|  |TAMS 0x0000000783e00000, 0x0000000783e00000| Untracked 
|  63|0x0000000783f00000, 0x0000000783f00000, 0x0000000784000000|  0%| F|  |TAMS 0x0000000783f00000, 0x0000000783f00000| Untracked 
|  64|0x0000000784000000, 0x0000000784000000, 0x0000000784100000|  0%| F|  |TAMS 0x0000000784000000, 0x0000000784000000| Untracked 
|  65|0x0000000784100000, 0x0000000784180800, 0x0000000784200000| 50%| E|  |TAMS 0x0000000784100000, 0x0000000784100000| Complete 
|  66|0x0000000784200000, 0x0000000784300000, 0x0000000784300000|100%| E|CS|TAMS 0x0000000784200000, 0x0000000784200000| Complete 
|  67|0x0000000784300000, 0x0000000784400000, 0x0000000784400000|100%| E|  |TAMS 0x0000000784300000, 0x0000000784300000| Complete 
|  68|0x0000000784400000, 0x0000000784500000, 0x0000000784500000|100%| E|CS|TAMS 0x0000000784400000, 0x0000000784400000| Complete 
|  69|0x0000000784500000, 0x0000000784600000, 0x0000000784600000|100%| E|CS|TAMS 0x0000000784500000, 0x0000000784500000| Complete 
|  70|0x0000000784600000, 0x0000000784700000, 0x0000000784700000|100%| E|CS|TAMS 0x0000000784600000, 0x0000000784600000| Complete 
|  71|0x0000000784700000, 0x0000000784800000, 0x0000000784800000|100%| E|CS|TAMS 0x0000000784700000, 0x0000000784700000| Complete 
|  72|0x0000000784800000, 0x0000000784900000, 0x0000000784900000|100%| E|CS|TAMS 0x0000000784800000, 0x0000000784800000| Complete 
|  73|0x0000000784900000, 0x0000000784a00000, 0x0000000784a00000|100%| E|CS|TAMS 0x0000000784900000, 0x0000000784900000| Complete 
|  74|0x0000000784a00000, 0x0000000784b00000, 0x0000000784b00000|100%| E|CS|TAMS 0x0000000784a00000, 0x0000000784a00000| Complete 
|  75|0x0000000784b00000, 0x0000000784c00000, 0x0000000784c00000|100%| E|CS|TAMS 0x0000000784b00000, 0x0000000784b00000| Complete 
|  76|0x0000000784c00000, 0x0000000784d00000, 0x0000000784d00000|100%| E|CS|TAMS 0x0000000784c00000, 0x0000000784c00000| Complete 
|  77|0x0000000784d00000, 0x0000000784e00000, 0x0000000784e00000|100%| E|CS|TAMS 0x0000000784d00000, 0x0000000784d00000| Complete 
|  78|0x0000000784e00000, 0x0000000784f00000, 0x0000000784f00000|100%| E|CS|TAMS 0x0000000784e00000, 0x0000000784e00000| Complete 
|  79|0x0000000784f00000, 0x0000000785000000, 0x0000000785000000|100%| E|CS|TAMS 0x0000000784f00000, 0x0000000784f00000| Complete 
|  80|0x0000000785000000, 0x0000000785100000, 0x0000000785100000|100%| E|CS|TAMS 0x0000000785000000, 0x0000000785000000| Complete 
|  81|0x0000000785100000, 0x0000000785200000, 0x0000000785200000|100%| E|CS|TAMS 0x0000000785100000, 0x0000000785100000| Complete 
|  82|0x0000000785200000, 0x0000000785300000, 0x0000000785300000|100%| E|CS|TAMS 0x0000000785200000, 0x0000000785200000| Complete 
|  83|0x0000000785300000, 0x0000000785400000, 0x0000000785400000|100%| E|CS|TAMS 0x0000000785300000, 0x0000000785300000| Complete 
|  84|0x0000000785400000, 0x0000000785500000, 0x0000000785500000|100%| E|CS|TAMS 0x0000000785400000, 0x0000000785400000| Complete 
|  85|0x0000000785500000, 0x0000000785600000, 0x0000000785600000|100%| E|CS|TAMS 0x0000000785500000, 0x0000000785500000| Complete 
|  86|0x0000000785600000, 0x0000000785700000, 0x0000000785700000|100%| E|CS|TAMS 0x0000000785600000, 0x0000000785600000| Complete 
|  87|0x0000000785700000, 0x0000000785800000, 0x0000000785800000|100%| E|CS|TAMS 0x0000000785700000, 0x0000000785700000| Complete 
|  88|0x0000000785800000, 0x0000000785900000, 0x0000000785900000|100%| E|CS|TAMS 0x0000000785800000, 0x0000000785800000| Complete 
|  89|0x0000000785900000, 0x0000000785a00000, 0x0000000785a00000|100%| E|CS|TAMS 0x0000000785900000, 0x0000000785900000| Complete 
|  90|0x0000000785a00000, 0x0000000785b00000, 0x0000000785b00000|100%| E|CS|TAMS 0x0000000785a00000, 0x0000000785a00000| Complete 
|  91|0x0000000785b00000, 0x0000000785c00000, 0x0000000785c00000|100%| E|CS|TAMS 0x0000000785b00000, 0x0000000785b00000| Complete 
|  92|0x0000000785c00000, 0x0000000785d00000, 0x0000000785d00000|100%| E|CS|TAMS 0x0000000785c00000, 0x0000000785c00000| Complete 
|  93|0x0000000785d00000, 0x0000000785e00000, 0x0000000785e00000|100%| E|CS|TAMS 0x0000000785d00000, 0x0000000785d00000| Complete 
|  94|0x0000000785e00000, 0x0000000785f00000, 0x0000000785f00000|100%| E|CS|TAMS 0x0000000785e00000, 0x0000000785e00000| Complete 
|  95|0x0000000785f00000, 0x0000000786000000, 0x0000000786000000|100%| E|CS|TAMS 0x0000000785f00000, 0x0000000785f00000| Complete 
|  96|0x0000000786000000, 0x0000000786100000, 0x0000000786100000|100%| E|CS|TAMS 0x0000000786000000, 0x0000000786000000| Complete 
|  97|0x0000000786100000, 0x0000000786200000, 0x0000000786200000|100%| E|CS|TAMS 0x0000000786100000, 0x0000000786100000| Complete 
|  98|0x0000000786200000, 0x0000000786300000, 0x0000000786300000|100%| E|CS|TAMS 0x0000000786200000, 0x0000000786200000| Complete 
|  99|0x0000000786300000, 0x0000000786400000, 0x0000000786400000|100%| E|CS|TAMS 0x0000000786300000, 0x0000000786300000| Complete 
| 100|0x0000000786400000, 0x0000000786500000, 0x0000000786500000|100%| E|CS|TAMS 0x0000000786400000, 0x0000000786400000| Complete 
| 101|0x0000000786500000, 0x0000000786600000, 0x0000000786600000|100%| E|CS|TAMS 0x0000000786500000, 0x0000000786500000| Complete 
| 102|0x0000000786600000, 0x0000000786700000, 0x0000000786700000|100%| S|CS|TAMS 0x0000000786600000, 0x0000000786600000| Complete 
| 103|0x0000000786700000, 0x0000000786800000, 0x0000000786800000|100%| S|CS|TAMS 0x0000000786700000, 0x0000000786700000| Complete 
| 104|0x0000000786800000, 0x0000000786900000, 0x0000000786900000|100%| S|CS|TAMS 0x0000000786800000, 0x0000000786800000| Complete 
| 105|0x0000000786900000, 0x0000000786a00000, 0x0000000786a00000|100%| E|CS|TAMS 0x0000000786900000, 0x0000000786900000| Complete 
| 106|0x0000000786a00000, 0x0000000786b00000, 0x0000000786b00000|100%| E|CS|TAMS 0x0000000786a00000, 0x0000000786a00000| Complete 
| 107|0x0000000786b00000, 0x0000000786c00000, 0x0000000786c00000|100%| E|CS|TAMS 0x0000000786b00000, 0x0000000786b00000| Complete 
| 108|0x0000000786c00000, 0x0000000786d00000, 0x0000000786d00000|100%| E|CS|TAMS 0x0000000786c00000, 0x0000000786c00000| Complete 
| 109|0x0000000786d00000, 0x0000000786e00000, 0x0000000786e00000|100%| E|CS|TAMS 0x0000000786d00000, 0x0000000786d00000| Complete 
| 110|0x0000000786e00000, 0x0000000786f00000, 0x0000000786f00000|100%| E|CS|TAMS 0x0000000786e00000, 0x0000000786e00000| Complete 
| 111|0x0000000786f00000, 0x0000000787000000, 0x0000000787000000|100%| E|CS|TAMS 0x0000000786f00000, 0x0000000786f00000| Complete 
| 112|0x0000000787000000, 0x0000000787100000, 0x0000000787100000|100%| E|CS|TAMS 0x0000000787000000, 0x0000000787000000| Complete 
| 113|0x0000000787100000, 0x0000000787200000, 0x0000000787200000|100%| E|CS|TAMS 0x0000000787100000, 0x0000000787100000| Complete 
| 114|0x0000000787200000, 0x0000000787300000, 0x0000000787300000|100%| E|CS|TAMS 0x0000000787200000, 0x0000000787200000| Complete 
| 115|0x0000000787300000, 0x0000000787400000, 0x0000000787400000|100%| E|CS|TAMS 0x0000000787300000, 0x0000000787300000| Complete 
| 116|0x0000000787400000, 0x0000000787500000, 0x0000000787500000|100%| E|CS|TAMS 0x0000000787400000, 0x0000000787400000| Complete 
| 117|0x0000000787500000, 0x0000000787600000, 0x0000000787600000|100%| E|CS|TAMS 0x0000000787500000, 0x0000000787500000| Complete 
| 118|0x0000000787600000, 0x0000000787700000, 0x0000000787700000|100%| E|CS|TAMS 0x0000000787600000, 0x0000000787600000| Complete 
| 119|0x0000000787700000, 0x0000000787800000, 0x0000000787800000|100%| E|CS|TAMS 0x0000000787700000, 0x0000000787700000| Complete 
| 120|0x0000000787800000, 0x0000000787900000, 0x0000000787900000|100%| E|CS|TAMS 0x0000000787800000, 0x0000000787800000| Complete 
| 121|0x0000000787900000, 0x0000000787a00000, 0x0000000787a00000|100%| E|CS|TAMS 0x0000000787900000, 0x0000000787900000| Complete 
| 122|0x0000000787a00000, 0x0000000787b00000, 0x0000000787b00000|100%| E|CS|TAMS 0x0000000787a00000, 0x0000000787a00000| Complete 
| 123|0x0000000787b00000, 0x0000000787c00000, 0x0000000787c00000|100%| E|CS|TAMS 0x0000000787b00000, 0x0000000787b00000| Complete 
| 124|0x0000000787c00000, 0x0000000787d00000, 0x0000000787d00000|100%| E|CS|TAMS 0x0000000787c00000, 0x0000000787c00000| Complete 
| 125|0x0000000787d00000, 0x0000000787e00000, 0x0000000787e00000|100%| E|CS|TAMS 0x0000000787d00000, 0x0000000787d00000| Complete 
| 126|0x0000000787e00000, 0x0000000787f00000, 0x0000000787f00000|100%| E|CS|TAMS 0x0000000787e00000, 0x0000000787e00000| Complete 
| 127|0x0000000787f00000, 0x0000000788000000, 0x0000000788000000|100%| E|CS|TAMS 0x0000000787f00000, 0x0000000787f00000| Complete 
|1022|0x00000007bfe00000, 0x00000007bfe51000, 0x00000007bff00000| 31%|OA|  |TAMS 0x00000007bfe00000, 0x00000007bfe00000| Untracked 
|1023|0x00000007bff00000, 0x00000007bff7b000, 0x00000007c0000000| 48%|CA|  |TAMS 0x00000007bff00000, 0x00000007bff00000| Untracked 

Card table byte_map: [0x00000001009b6000,0x0000000100db6000] _byte_map_base: 0x00000000fcdb6000

Marking Bits (Prev, Next): (CMBitMap*) 0x00007fb525009c18, (CMBitMap*) 0x00007fb525009c58
 Prev Bits: [0x000000010a987000, 0x000000010c987000)
 Next Bits: [0x000000011d474000, 0x000000011f474000)

Polling page: 0x000000010031c000

Metaspace:

Usage:
  Non-class:     15.64 MB capacity,    15.16 MB ( 97%) used,   396.88 KB (  2%) free+waste,    87.38 KB ( <1%) overhead. 
      Class:      2.78 MB capacity,     2.48 MB ( 89%) used,   268.78 KB (  9%) free+waste,    45.06 KB (  2%) overhead. 
       Both:     18.42 MB capacity,    17.64 MB ( 96%) used,   665.66 KB (  4%) free+waste,   132.44 KB ( <1%) overhead. 

Virtual space:
  Non-class space:       16.00 MB reserved,      15.75 MB ( 98%) committed 
      Class space:        1.00 GB reserved,       2.88 MB ( <1%) committed 
             Both:        1.02 GB reserved,      18.62 MB (  2%) committed 

Chunk freelists:
   Non-Class:  57.00 KB
       Class:  0 bytes
        Both:  57.00 KB

MaxMetaspaceSize: unlimited
CompressedClassSpaceSize: 1.00 GB

CodeHeap 'non-profiled nmethods': size=120032Kb used=1412Kb max_used=1412Kb free=118619Kb
 bounds [0x0000000115f3c000, 0x00000001161ac000, 0x000000011d474000]
CodeHeap 'profiled nmethods': size=120028Kb used=5402Kb max_used=5402Kb free=114625Kb
 bounds [0x000000010ea05000, 0x000000010ef55000, 0x0000000115f3c000]
CodeHeap 'non-nmethods': size=5700Kb used=1477Kb max_used=1503Kb free=4222Kb
 bounds [0x000000010e474000, 0x000000010e6e4000, 0x000000010ea05000]
 total_blobs=4493 nmethods=2990 adapters=732
 compilation: enabled
              stopped_count=0, restarted_count=0
 full_count=0

Compilation events (20 events):
Event: 5.923 Thread 0x00007fb525833800 nmethod 2981 0x000000010ef44590 code [0x000000010ef44720, 0x000000010ef44860]
Event: 5.923 Thread 0x00007fb525833800 2982       3       com.sun.javafx.css.BitSet::contains (63 bytes)
Event: 5.923 Thread 0x00007fb525833800 nmethod 2982 0x000000010ef44910 code [0x000000010ef44ae0, 0x000000010ef44fe0]
Event: 5.925 Thread 0x00007fb525833800 2983       1       javafx.scene.control.Labeled::access$1400 (5 bytes)
Event: 5.925 Thread 0x00007fb525833800 nmethod 2983 0x000000011609c690 code [0x000000011609c820, 0x000000011609c8b0]
Event: 5.926 Thread 0x00007fb525833800 2984       3       javafx.scene.layout.Region::minHeight (52 bytes)
Event: 5.926 Thread 0x00007fb525833800 nmethod 2984 0x000000010ef45190 code [0x000000010ef453a0, 0x000000010ef45aa0]
Event: 5.926 Thread 0x00007fb52582f800 2989       4       javafx.scene.Node::isDirty (21 bytes)
Event: 5.926 Thread 0x00007fb525833800 2987       3       javafx.scene.layout.Region::snapSpace (14 bytes)
Event: 5.927 Thread 0x00007fb525833800 nmethod 2987 0x000000010ef45c90 code [0x000000010ef45e40, 0x000000010ef46000]
Event: 5.927 Thread 0x00007fb525833800 2985       3       javafx.scene.layout.Region::getMinHeight (22 bytes)
Event: 5.927 Thread 0x00007fb525833800 nmethod 2985 0x000000010ef46110 code [0x000000010ef462c0, 0x000000010ef46660]
Event: 5.927 Thread 0x00007fb525833800 2986       3       javafx.scene.layout.Region::snapSpaceY (17 bytes)
Event: 5.927 Thread 0x00007fb52582f800 nmethod 2989 0x000000011609c990 code [0x000000011609cb00, 0x000000011609cbb8]
Event: 5.928 Thread 0x00007fb525833800 nmethod 2986 0x000000010ef46790 code [0x000000010ef469e0, 0x000000010ef47330]
Event: 5.928 Thread 0x00007fb525833800 2991       3       com.sun.javafx.geom.BoxBounds::isEmpty (42 bytes)
Event: 5.928 Thread 0x00007fb525833800 nmethod 2991 0x000000010ef47610 code [0x000000010ef477a0, 0x000000010ef47a10]
Event: 5.928 Thread 0x00007fb525833800 2992       3       com.sun.javafx.sg.prism.NGNode::render (38 bytes)
Event: 5.929 Thread 0x00007fb525833800 nmethod 2992 0x000000010ef47a90 code [0x000000010ef47c40, 0x000000010ef47fb0]
Event: 5.929 Thread 0x00007fb525833800 2993       3       com.sun.javafx.geom.transform.Identity::getDegree (4 bytes)

GC Heap History (4 events):
Event: 0.653 GC heap before
{Heap before GC invocations=0 (full 0):
 garbage-first heap   total 133120K, used 14128K [0x0000000780000000, 0x0000000800000000)
  region size 1024K, 13 young (13312K), 0 survivors (0K)
 Metaspace       used 3210K, capacity 6109K, committed 6400K, reserved 1056768K
  class space    used 374K, capacity 680K, committed 768K, reserved 1048576K
}
Event: 0.657 GC heap after
{Heap after GC invocations=1 (full 0):
 garbage-first heap   total 133120K, used 2769K [0x0000000780000000, 0x0000000800000000)
  region size 1024K, 2 young (2048K), 2 survivors (2048K)
 Metaspace       used 3210K, capacity 6109K, committed 6400K, reserved 1056768K
  class space    used 374K, capacity 680K, committed 768K, reserved 1048576K
}
Event: 1.441 GC heap before
{Heap before GC invocations=1 (full 0):
 garbage-first heap   total 133120K, used 23249K [0x0000000780000000, 0x0000000800000000)
  region size 1024K, 23 young (23552K), 2 survivors (2048K)
 Metaspace       used 9681K, capacity 10856K, committed 11008K, reserved 1058816K
  class space    used 1258K, capacity 1415K, committed 1536K, reserved 1048576K
}
Event: 1.450 GC heap after
{Heap after GC invocations=2 (full 0):
 garbage-first heap   total 133120K, used 6809K [0x0000000780000000, 0x0000000800000000)
  region size 1024K, 3 young (3072K), 3 survivors (3072K)
 Metaspace       used 9681K, capacity 10856K, committed 11008K, reserved 1058816K
  class space    used 1258K, capacity 1415K, committed 1536K, reserved 1048576K
}

Deoptimization events (20 events):
Event: 4.931 Thread 0x00007fb525834800 Uncommon trap: trap_request=0xffffffc6 fr.pc=0x0000000115f9c03c relative=0x0000000000000d7c
Event: 4.931 Thread 0x00007fb525834800 Uncommon trap: reason=bimorphic_or_optimized_type_check action=maybe_recompile pc=0x0000000115f9c03c method=java.io.DataInputStream.readFully([BII)V @ 34 c2
Event: 4.931 Thread 0x00007fb525834800 DEOPT PACKING pc=0x0000000115f9c03c sp=0x00007ff7bfd14df0
Event: 4.931 Thread 0x00007fb525834800 DEOPT UNPACKING pc=0x000000010e4bce25 sp=0x00007ff7bfd14df8 mode 2
Event: 4.938 Thread 0x00007fb525834800 DEOPT PACKING pc=0x000000010ee6825b sp=0x00007ff7bfd14d60
Event: 4.938 Thread 0x00007fb525834800 DEOPT UNPACKING pc=0x000000010e4bd33a sp=0x00007ff7bfd141e8 mode 0
Event: 4.977 Thread 0x00007fb525834800 DEOPT PACKING pc=0x000000010ee6a923 sp=0x00007ff7bfd14ea0
Event: 4.977 Thread 0x00007fb525834800 DEOPT UNPACKING pc=0x000000010e4bd33a sp=0x00007ff7bfd14350 mode 0
Event: 5.063 Thread 0x00007fb525834800 Uncommon trap: trap_request=0xffffff45 fr.pc=0x000000011602b7d4 relative=0x0000000000000554
Event: 5.063 Thread 0x00007fb525834800 Uncommon trap: reason=unstable_if action=reinterpret pc=0x000000011602b7d4 method=javafx.scene.Node.updateLocalToParentTransform()V @ 125 c2
Event: 5.063 Thread 0x00007fb525834800 DEOPT PACKING pc=0x000000011602b7d4 sp=0x00007ff7bfd149a0
Event: 5.063 Thread 0x00007fb525834800 DEOPT UNPACKING pc=0x000000010e4bce25 sp=0x00007ff7bfd14930 mode 2
Event: 5.105 Thread 0x00007fb525834800 Uncommon trap: trap_request=0xffffff45 fr.pc=0x000000011607d1e8 relative=0x0000000000000068
Event: 5.105 Thread 0x00007fb525834800 Uncommon trap: reason=unstable_if action=reinterpret pc=0x000000011607d1e8 method=javafx.scene.canvas.GraphicsContext.updateTransform()V @ 4 c2
Event: 5.105 Thread 0x00007fb525834800 DEOPT PACKING pc=0x000000011607d1e8 sp=0x00007ff7bfd17380
Event: 5.105 Thread 0x00007fb525834800 DEOPT UNPACKING pc=0x000000010e4bce25 sp=0x00007ff7bfd17330 mode 2
Event: 5.438 Thread 0x00007fb52599a800 Uncommon trap: trap_request=0xffffff45 fr.pc=0x000000011608f1ac relative=0x000000000000010c
Event: 5.438 Thread 0x00007fb52599a800 Uncommon trap: reason=unstable_if action=reinterpret pc=0x000000011608f1ac method=com.sun.prism.impl.BaseGraphics.setClipRect(Lcom/sun/javafx/geom/Rectangle;)V @ 12 c2
Event: 5.438 Thread 0x00007fb52599a800 DEOPT PACKING pc=0x000000011608f1ac sp=0x000070000fe93690
Event: 5.438 Thread 0x00007fb52599a800 DEOPT UNPACKING pc=0x000000010e4bce25 sp=0x000070000fe93650 mode 2

Classes unloaded (0 events):
No events

Classes redefined (0 events):
No events

Internal exceptions (20 events):
Event: 1.503 Thread 0x00007fb525834800 Implicit null exception at 0x0000000115f5d1e8 to 0x0000000115f5d27a
Event: 1.507 Thread 0x00007fb525834800 Implicit null exception at 0x0000000115f54e2f to 0x0000000115f54ead
Event: 1.631 Thread 0x00007fb525834800 Exception <a 'java/lang/NoSuchMethodError'{0x000000078786dcd0}: 'java.lang.Object java.lang.invoke.DirectMethodHandle$Holder.invokeInterface(java.lang.Object, java.lang.Object, java.lang.Object)'> (0x000000078786dcd0) 
thrown [/scratch/mesos/slaves/7cfa21b9-afde-4338-a459-d3e0a13ec793-S1362/frameworks/1735e8a2-a1db-478c-8104-60c8b0af87dd-0196/executors/3c93f104-edd0-4a9a-a0a9-138df67b87b9/runs/9e338568-69d2-408e-bf03-97bd2ff53447/workspace/open/src/hotspot/share/interpreter/linkResolver.cpp, line 766]
Event: 1.631 Thread 0x00007fb525834800 Exception <a 'java/lang/IncompatibleClassChangeError'{0x0000000787870b60}: Found class java.lang.Object, but interface was expected> (0x0000000787870b60) 
thrown [/scratch/mesos/slaves/7cfa21b9-afde-4338-a459-d3e0a13ec793-S1362/frameworks/1735e8a2-a1db-478c-8104-60c8b0af87dd-0196/executors/3c93f104-edd0-4a9a-a0a9-138df67b87b9/runs/9e338568-69d2-408e-bf03-97bd2ff53447/workspace/open/src/hotspot/share/interpreter/linkResolver.cpp, line 832]
Event: 1.805 Thread 0x00007fb52599a800 Exception <a 'java/lang/NoSuchMethodError'{0x00000007873639e8}: 'int java.lang.invoke.DirectMethodHandle$Holder.invokeStaticInit(java.lang.Object, java.lang.Object)'> (0x00000007873639e8) 
thrown [/scratch/mesos/slaves/7cfa21b9-afde-4338-a459-d3e0a13ec793-S1362/frameworks/1735e8a2-a1db-478c-8104-60c8b0af87dd-0196/executors/3c93f104-edd0-4a9a-a0a9-138df67b87b9/runs/9e338568-69d2-408e-bf03-97bd2ff53447/workspace/open/src/hotspot/share/interpreter/linkResolver.cpp, line 766]
Event: 1.938 Thread 0x00007fb525834800 Exception <a 'java/lang/NoSuchMethodError'{0x00000007873cbb58}: 'java.lang.Object java.lang.invoke.DirectMethodHandle$Holder.invokeStatic(java.lang.Object, java.lang.Object, long, int, int, int)'> (0x00000007873cbb58) 
thrown [/scratch/mesos/slaves/7cfa21b9-afde-4338-a459-d3e0a13ec793-S1362/frameworks/1735e8a2-a1db-478c-8104-60c8b0af87dd-0196/executors/3c93f104-edd0-4a9a-a0a9-138df67b87b9/runs/9e338568-69d2-408e-bf03-97bd2ff53447/workspace/open/src/hotspot/share/interpreter/linkResolver.cpp, line 766]
Event: 1.940 Thread 0x00007fb525834800 Exception <a 'java/lang/NoSuchMethodError'{0x00000007873e11e8}: 'java.lang.Object java.lang.invoke.DirectMethodHandle$Holder.invokeStatic(java.lang.Object, java.lang.Object, int, java.lang.Object, long, int, int, int, int)'> (0x00000007873e11e8) 
thrown [/scratch/mesos/slaves/7cfa21b9-afde-4338-a459-d3e0a13ec793-S1362/frameworks/1735e8a2-a1db-478c-8104-60c8b0af87dd-0196/executors/3c93f104-edd0-4a9a-a0a9-138df67b87b9/runs/9e338568-69d2-408e-bf03-97bd2ff53447/workspace/open/src/hotspot/share/interpreter/link
Event: 2.363 Thread 0x00007fb525834800 Exception <a 'java/lang/NoSuchMethodError'{0x0000000786fb3938}: 'long java.lang.invoke.DirectMethodHandle$Holder.invokeStatic(java.lang.Object, java.lang.Object, java.lang.Object)'> (0x0000000786fb3938) 
thrown [/scratch/mesos/slaves/7cfa21b9-afde-4338-a459-d3e0a13ec793-S1362/frameworks/1735e8a2-a1db-478c-8104-60c8b0af87dd-0196/executors/3c93f104-edd0-4a9a-a0a9-138df67b87b9/runs/9e338568-69d2-408e-bf03-97bd2ff53447/workspace/open/src/hotspot/share/interpreter/linkResolver.cpp, line 766]
Event: 2.364 Thread 0x00007fb525834800 Exception <a 'java/lang/NoSuchMethodError'{0x0000000786fb6888}: 'long java.lang.invoke.DirectMethodHandle$Holder.invokeStaticInit(java.lang.Object, java.lang.Object, java.lang.Object)'> (0x0000000786fb6888) 
thrown [/scratch/mesos/slaves/7cfa21b9-afde-4338-a459-d3e0a13ec793-S1362/frameworks/1735e8a2-a1db-478c-8104-60c8b0af87dd-0196/executors/3c93f104-edd0-4a9a-a0a9-138df67b87b9/runs/9e338568-69d2-408e-bf03-97bd2ff53447/workspace/open/src/hotspot/share/interpreter/linkResolver.cpp, line 766]
Event: 2.366 Thread 0x00007fb525834800 Exception <a 'java/lang/NoSuchMethodError'{0x0000000786fcae00}: 'java.lang.Object java.lang.invoke.Invokers$Holder.linkToTargetMethod(java.lang.Object, long, java.lang.Object)'> (0x0000000786fcae00) 
thrown [/scratch/mesos/slaves/7cfa21b9-afde-4338-a459-d3e0a13ec793-S1362/frameworks/1735e8a2-a1db-478c-8104-60c8b0af87dd-0196/executors/3c93f104-edd0-4a9a-a0a9-138df67b87b9/runs/9e338568-69d2-408e-bf03-97bd2ff53447/workspace/open/src/hotspot/share/interpreter/linkResolver.cpp, line 766]
Event: 2.445 Thread 0x00007fb52599a800 Exception <a 'java/lang/NoSuchMethodError'{0x00000007870f6e20}: 'java.lang.Object java.lang.invoke.DirectMethodHandle$Holder.invokeStaticInit(java.lang.Object, int)'> (0x00000007870f6e20) 
thrown [/scratch/mesos/slaves/7cfa21b9-afde-4338-a459-d3e0a13ec793-S1362/frameworks/1735e8a2-a1db-478c-8104-60c8b0af87dd-0196/executors/3c93f104-edd0-4a9a-a0a9-138df67b87b9/runs/9e338568-69d2-408e-bf03-97bd2ff53447/workspace/open/src/hotspot/share/interpreter/linkResolver.cpp, line 766]
Event: 3.712 Thread 0x00007fb525834800 Exception <a 'java/lang/ClassNotFoundException'{0x0000000786543d58}: com/sun/javafx/scene/control/skin/resources/controls> (0x0000000786543d58) 
thrown [/scratch/mesos/slaves/7cfa21b9-afde-4338-a459-d3e0a13ec793-S1362/frameworks/1735e8a2-a1db-478c-8104-60c8b0af87dd-0196/executors/3c93f104-edd0-4a9a-a0a9-138df67b87b9/runs/9e338568-69d2-408e-bf03-97bd2ff53447/workspace/open/src/hotspot/share/prims/jni.cpp, line 620]
Event: 3.713 Thread 0x00007fb525834800 Exception <a 'java/lang/ClassNotFoundException'{0x0000000786551850}: com/sun/javafx/scene/control/skin/resources/controls_en> (0x0000000786551850) 
thrown [/scratch/mesos/slaves/7cfa21b9-afde-4338-a459-d3e0a13ec793-S1362/frameworks/1735e8a2-a1db-478c-8104-60c8b0af87dd-0196/executors/3c93f104-edd0-4a9a-a0a9-138df67b87b9/runs/9e338568-69d2-408e-bf03-97bd2ff53447/workspace/open/src/hotspot/share/prims/jni.cpp, line 620]
Event: 3.713 Thread 0x00007fb525834800 Exception <a 'java/lang/ClassNotFoundException'{0x0000000786553888}: com/sun/javafx/scene/control/skin/resources/controls_en_PH> (0x0000000786553888) 
thrown [/scratch/mesos/slaves/7cfa21b9-afde-4338-a459-d3e0a13ec793-S1362/frameworks/1735e8a2-a1db-478c-8104-60c8b0af87dd-0196/executors/3c93f104-edd0-4a9a-a0a9-138df67b87b9/runs/9e338568-69d2-408e-bf03-97bd2ff53447/workspace/open/src/hotspot/share/prims/jni.cpp, line 620]
Event: 3.731 Thread 0x00007fb525834800 Implicit null exception at 0x0000000116009380 to 0x0000000116009ac8
Event: 3.735 Thread 0x00007fb525834800 Exception <a 'java/lang/NoSuchMethodError'{0x000000078644b088}: 'void java.lang.invoke.DirectMethodHandle$Holder.invokeSpecialIFC(java.lang.Object, java.lang.Object, java.lang.Object, java.lang.Object)'> (0x000000078644b088) 
thrown [/scratch/mesos/slaves/7cfa21b9-afde-4338-a459-d3e0a13ec793-S1362/frameworks/1735e8a2-a1db-478c-8104-60c8b0af87dd-0196/executors/3c93f104-edd0-4a9a-a0a9-138df67b87b9/runs/9e338568-69d2-408e-bf03-97bd2ff53447/workspace/open/src/hotspot/share/interpreter/linkResolver.cpp, line 76
Event: 4.756 Thread 0x00007fb525834800 Exception <a 'java/io/FileNotFoundException'{0x000000078513bc98}> (0x000000078513bc98) 
thrown [/scratch/mesos/slaves/7cfa21b9-afde-4338-a459-d3e0a13ec793-S1362/frameworks/1735e8a2-a1db-478c-8104-60c8b0af87dd-0196/executors/3c93f104-edd0-4a9a-a0a9-138df67b87b9/runs/9e338568-69d2-408e-bf03-97bd2ff53447/workspace/open/src/hotspot/share/prims/jni.cpp, line 599]
Event: 4.835 Thread 0x00007fb525834800 Exception <a 'java/io/FileNotFoundException'{0x0000000785186060}> (0x0000000785186060) 
thrown [/scratch/mesos/slaves/7cfa21b9-afde-4338-a459-d3e0a13ec793-S1362/frameworks/1735e8a2-a1db-478c-8104-60c8b0af87dd-0196/executors/3c93f104-edd0-4a9a-a0a9-138df67b87b9/runs/9e338568-69d2-408e-bf03-97bd2ff53447/workspace/open/src/hotspot/share/prims/jni.cpp, line 599]
Event: 4.930 Thread 0x00007fb525834800 Exception <a 'java/io/FileNotFoundException'{0x0000000785191a70}> (0x0000000785191a70) 
thrown [/scratch/mesos/slaves/7cfa21b9-afde-4338-a459-d3e0a13ec793-S1362/frameworks/1735e8a2-a1db-478c-8104-60c8b0af87dd-0196/executors/3c93f104-edd0-4a9a-a0a9-138df67b87b9/runs/9e338568-69d2-408e-bf03-97bd2ff53447/workspace/open/src/hotspot/share/prims/jni.cpp, line 599]
Event: 5.063 Thread 0x00007fb525834800 Exception <a 'java/lang/NoSuchMethodError'{0x0000000784e11c30}: 'void java.lang.invoke.DirectMethodHandle$Holder.invokeVirtual(java.lang.Object, java.lang.Object)'> (0x0000000784e11c30) 
thrown [/scratch/mesos/slaves/7cfa21b9-afde-4338-a459-d3e0a13ec793-S1362/frameworks/1735e8a2-a1db-478c-8104-60c8b0af87dd-0196/executors/3c93f104-edd0-4a9a-a0a9-138df67b87b9/runs/9e338568-69d2-408e-bf03-97bd2ff53447/workspace/open/src/hotspot/share/interpreter/linkResolver.cpp, line 766]

Events (20 events):
Event: 4.613 Executing VM operation: ICBufferFull done
Event: 4.652 Protecting memory [0x0000700010e4d000,0x0000700010e51000] with protection modes 3
Event: 4.652 Thread 0x00007fb525ad7800 Thread exited: 0x00007fb525ad7800
Event: 4.750 loading class java/util/Collections$SynchronizedSortedSet
Event: 4.750 loading class java/util/Collections$SynchronizedSortedSet done
Event: 4.750 loading class java/util/Collections$SynchronizedRandomAccessList
Event: 4.750 loading class java/util/Collections$SynchronizedList
Event: 4.750 loading class java/util/Collections$SynchronizedList done
Event: 4.750 loading class java/util/Collections$SynchronizedRandomAccessList done
Event: 4.753 loading class java/io/SequenceInputStream
Event: 4.753 loading class java/io/SequenceInputStream done
Event: 4.756 loading class java/util/Vector$1
Event: 4.756 loading class java/util/Vector$1 done
Event: 5.066 Executing VM operation: HandshakeOneThread
Event: 5.066 Executing VM operation: HandshakeOneThread done
Event: 5.066 Executing VM operation: HandshakeOneThread
Event: 5.066 Executing VM operation: HandshakeOneThread done
Event: 5.068 loading class java/nio/BufferOverflowException
Event: 5.068 loading class java/nio/BufferOverflowException done
Event: 5.188 Loaded shared library /Users/gabminamedez/Documents/Developer/javafx-sdk-11.0.2/lib/libprism_es2.dylib


Dynamic libraries:
0x00000001002fe000 	/Library/Java/JavaVirtualMachines/jdk-14.jdk/Contents/Home/lib/libjli.dylib
0x00007ff81df77000 	/usr/lib/libz.1.dylib
0x00007ff81e057000 	/usr/lib/libSystem.B.dylib
0x00007ff81e052000 	/usr/lib/system/libcache.dylib
0x00007ff81e00e000 	/usr/lib/system/libcommonCrypto.dylib
0x00007ff81e037000 	/usr/lib/system/libcompiler_rt.dylib
0x00007ff81e02d000 	/usr/lib/system/libcopyfile.dylib
0x00007ff813073000 	/usr/lib/system/libcorecrypto.dylib
0x00007ff813132000 	/usr/lib/system/libdispatch.dylib
0x00007ff8132f1000 	/usr/lib/system/libdyld.dylib
0x00007ff81e049000 	/usr/lib/system/libkeymgr.dylib
0x00007ff81dfec000 	/usr/lib/system/libmacho.dylib
0x00007ff81d67c000 	/usr/lib/system/libquarantine.dylib
0x00007ff81e047000 	/usr/lib/system/libremovefile.dylib
0x00007ff818255000 	/usr/lib/system/libsystem_asl.dylib
0x00007ff813021000 	/usr/lib/system/libsystem_blocks.dylib
0x00007ff8131b6000 	/usr/lib/system/libsystem_c.dylib
0x00007ff81e03f000 	/usr/lib/system/libsystem_collections.dylib
0x00007ff81c924000 	/usr/lib/system/libsystem_configuration.dylib
0x00007ff81bbe5000 	/usr/lib/system/libsystem_containermanager.dylib
0x00007ff81dd29000 	/usr/lib/system/libsystem_coreservices.dylib
0x00007ff81591b000 	/usr/lib/system/libsystem_darwin.dylib
0x00007ff81e04a000 	/usr/lib/system/libsystem_dnssd.dylib
0x00007ff8131b3000 	/usr/lib/system/libsystem_featureflags.dylib
0x00007ff813307000 	/usr/lib/system/libsystem_info.dylib
0x00007ff81df8a000 	/usr/lib/system/libsystem_m.dylib
0x00007ff813106000 	/usr/lib/system/libsystem_malloc.dylib
0x00007ff8181f2000 	/usr/lib/system/libsystem_networkextension.dylib
0x00007ff815d43000 	/usr/lib/system/libsystem_notify.dylib
0x00007ff8241c6000 	/usr/lib/system/libsystem_product_info_filter.dylib
0x00007ff81c928000 	/usr/lib/system/libsystem_sandbox.dylib
0x00007ff81e044000 	/usr/lib/system/libsystem_secinit.dylib
0x00007ff8132ae000 	/usr/lib/system/libsystem_kernel.dylib
0x00007ff8132fd000 	/usr/lib/system/libsystem_platform.dylib
0x00007ff8132e5000 	/usr/lib/system/libsystem_pthread.dylib
0x00007ff819aaa000 	/usr/lib/system/libsystem_symptoms.dylib
0x00007ff81305a000 	/usr/lib/system/libsystem_trace.dylib
0x00007ff81e01a000 	/usr/lib/system/libunwind.dylib
0x00007ff813023000 	/usr/lib/system/libxpc.dylib
0x00007ff813298000 	/usr/lib/libc++abi.dylib
0x00007ff813179000 	/usr/lib/libobjc.A.dylib
0x00007ff81e025000 	/usr/lib/liboah.dylib
0x00007ff81323f000 	/usr/lib/libc++.1.dylib
0x00007ff829f1c000 	/System/Library/Frameworks/Cocoa.framework/Versions/A/Cocoa
0x00007ff815da1000 	/System/Library/Frameworks/AppKit.framework/Versions/C/AppKit
0x00007ff819297000 	/System/Library/Frameworks/CoreData.framework/Versions/A/CoreData
0x00007ff8141b8000 	/System/Library/Frameworks/Foundation.framework/Versions/C/Foundation
0x00007ff816c30000 	/System/Library/PrivateFrameworks/UIFoundation.framework/Versions/A/UIFoundation
0x00007ff823ecd000 	/System/Library/PrivateFrameworks/RemoteViewServices.framework/Versions/A/RemoteViewServices
0x00007ff81c2bd000 	/System/Library/PrivateFrameworks/XCTTargetBootstrap.framework/Versions/A/XCTTargetBootstrap
0x00007ff81fe67000 	/System/Library/PrivateFrameworks/InternationalSupport.framework/Versions/A/InternationalSupport
0x00007ff81fef1000 	/System/Library/PrivateFrameworks/UserActivity.framework/Versions/A/UserActivity
0x00007ff81f247000 	/usr/lib/libspindump.dylib
0x00007ff816ebe000 	/System/Library/Frameworks/UniformTypeIdentifiers.framework/Versions/A/UniformTypeIdentifiers
0x00007ff81a9fa000 	/usr/lib/libapp_launch_measurement.dylib
0x00007ff819c63000 	/System/Library/PrivateFrameworks/CoreAnalytics.framework/Versions/A/CoreAnalytics
0x00007ff81a9fd000 	/System/Library/PrivateFrameworks/CoreAutoLayout.framework/Versions/A/CoreAutoLayout
0x00007ff81bc1d000 	/System/Library/Frameworks/Metal.framework/Versions/A/Metal
0x00007ff81c933000 	/usr/lib/liblangid.dylib
0x00007ff81c2c1000 	/System/Library/PrivateFrameworks/CoreSVG.framework/Versions/A/CoreSVG
0x00007ff818285000 	/System/Library/PrivateFrameworks/SkyLight.framework/Versions/A/SkyLight
0x00007ff818618000 	/System/Library/Frameworks/CoreGraphics.framework/Versions/A/CoreGraphics
0x00007ff82453c000 	/System/Library/Frameworks/Accelerate.framework/Versions/A/Accelerate
0x00007ff81ecc2000 	/System/Library/PrivateFrameworks/IconServices.framework/Versions/A/IconServices
0x00007ff81bc02000 	/System/Library/Frameworks/IOSurface.framework/Versions/A/IOSurface
0x00007ff819c91000 	/usr/lib/libDiagnosticMessagesClient.dylib
0x00007ff827bab000 	/System/Library/Frameworks/ApplicationServices.framework/Versions/A/ApplicationServices
0x00007ff81c2a9000 	/System/Library/PrivateFrameworks/DFRFoundation.framework/Versions/A/DFRFoundation
0x00007ff815692000 	/usr/lib/libicucore.A.dylib
0x00007ff820b8c000 	/System/Library/Frameworks/AudioToolbox.framework/Versions/A/AudioToolbox
0x00007ff81fe73000 	/System/Library/PrivateFrameworks/DataDetectorsCore.framework/Versions/A/DataDetectorsCore
0x00007ff91b7d2000 	/System/Library/PrivateFrameworks/TextInput.framework/Versions/A/TextInput
0x00007ff818209000 	/usr/lib/libMobileGestalt.dylib
0x00007ff81bfb1000 	/System/Library/Frameworks/Carbon.framework/Versions/A/Frameworks/HIToolbox.framework/Versions/A/HIToolbox
0x00007ff81a427000 	/System/Library/Frameworks/QuartzCore.framework/Versions/A/QuartzCore
0x00007ff815332000 	/System/Library/Frameworks/Security.framework/Versions/A/Security
0x00007ff823f05000 	/System/Library/Frameworks/Carbon.framework/Versions/A/Frameworks/SpeechRecognition.framework/Versions/A/SpeechRecognition
0x00007ff81a75a000 	/System/Library/PrivateFrameworks/CoreUI.framework/Versions/A/CoreUI
0x00007ff814c0a000 	/System/Library/Frameworks/CoreAudio.framework/Versions/A/CoreAudio
0x00007ff819d7f000 	/System/Library/Frameworks/DiskArbitration.framework/Versions/A/DiskArbitration
0x00007ff81f62e000 	/System/Library/PrivateFrameworks/MultitouchSupport.framework/Versions/A/MultitouchSupport
0x00007ff818208000 	/usr/lib/libenergytrace.dylib
0x00007ff815c8d000 	/System/Library/Frameworks/IOKit.framework/Versions/A/IOKit
0x00007ff8242f1000 	/System/Library/Frameworks/CoreServices.framework/Versions/A/CoreServices
0x00007ff81a994000 	/System/Library/PrivateFrameworks/PerformanceAnalysis.framework/Versions/A/PerformanceAnalysis
0x00007ffa2af9d000 	/System/Library/Frameworks/OpenGL.framework/Versions/A/OpenGL
0x00007ff81d5a8000 	/System/Library/PrivateFrameworks/MobileKeyBag.framework/Versions/A/MobileKeyBag
0x00007ff818ce4000 	/System/Library/Frameworks/ColorSync.framework/Versions/A/ColorSync
0x00007ff813332000 	/System/Library/Frameworks/CoreFoundation.framework/Versions/A/CoreFoundation
0x00007ff81c53a000 	/System/Library/Frameworks/CoreImage.framework/Versions/A/CoreImage
0x00007ff814a20000 	/System/Library/Frameworks/CoreText.framework/Versions/A/CoreText
0x00007ff81c2f0000 	/System/Library/Frameworks/ImageIO.framework/Versions/A/ImageIO
0x00007ff81e05d000 	/System/Library/PrivateFrameworks/SoftLinking.framework/Versions/A/SoftLinking
0x00007ff81aa45000 	/usr/lib/libxml2.2.dylib
0x00007ff81e2e1000 	/usr/lib/libcompression.dylib
0x00007ff81fd9d000 	/System/Library/PrivateFrameworks/TextureIO.framework/Versions/A/TextureIO
0x00007ff81e9d4000 	/usr/lib/libate.dylib
0x00007ff81e7b2000 	/usr/lib/liblzma.5.dylib
0x00007ff813ec9000 	/System/Library/Frameworks/SystemConfiguration.framework/Versions/A/SystemConfiguration
0x00007ff81e059000 	/usr/lib/libfakelink.dylib
0x00007ff817d5b000 	/System/Library/Frameworks/CFNetwork.framework/Versions/A/CFNetwork
0x00007ff81e198000 	/usr/lib/libarchive.2.dylib
0x00007ff81c92f000 	/System/Library/PrivateFrameworks/AppleSystemInfo.framework/Versions/A/AppleSystemInfo
0x00007ff81d6a3000 	/usr/lib/libbsm.0.dylib
0x00007ff817391000 	/usr/lib/libnetwork.dylib
0x00007ff81dff2000 	/usr/lib/system/libkxld.dylib
0x00007ff81d2d1000 	/System/Library/PrivateFrameworks/IOMobileFramebuffer.framework/Versions/A/IOMobileFramebuffer
0x00007ffb28d4b000 	/usr/lib/libCoreEntitlements.dylib
0x00007ff81dd0b000 	/System/Library/PrivateFrameworks/AppleFSCompression.framework/Versions/A/AppleFSCompression
0x00007ff81d68b000 	/usr/lib/libcoretls.dylib
0x00007ff81e7cc000 	/usr/lib/libcoretls_cfhelpers.dylib
0x00007ff81e2dc000 	/usr/lib/libpam.2.dylib
0x00007ff8196cc000 	/usr/lib/libsqlite3.dylib
0x00007ff81e83b000 	/usr/lib/libxar.1.dylib
0x00007ff81dd1b000 	/usr/lib/libbz2.1.0.dylib
0x00007ff81e05e000 	/usr/lib/libpcap.A.dylib
0x00007ff819aa1000 	/usr/lib/libdns_services.dylib
0x00007ff81e2ab000 	/usr/lib/libapple_nghttp2.dylib
0x00007ff81e095000 	/usr/lib/libiconv.2.dylib
0x00007ff81dfeb000 	/usr/lib/libcharset.1.dylib
0x00007ff81a9c8000 	/System/Library/Frameworks/CoreServices.framework/Versions/A/Frameworks/FSEvents.framework/Versions/A/FSEvents
0x00007ff815925000 	/System/Library/Frameworks/CoreServices.framework/Versions/A/Frameworks/CarbonCore.framework/Versions/A/CarbonCore
0x00007ff819ce4000 	/System/Library/Frameworks/CoreServices.framework/Versions/A/Frameworks/Metadata.framework/Versions/A/Metadata
0x00007ff81dd2e000 	/System/Library/Frameworks/CoreServices.framework/Versions/A/Frameworks/OSServices.framework/Versions/A/OSServices
0x00007ff81e21f000 	/System/Library/Frameworks/CoreServices.framework/Versions/A/Frameworks/SearchKit.framework/Versions/A/SearchKit
0x00007ff819a33000 	/System/Library/Frameworks/CoreServices.framework/Versions/A/Frameworks/AE.framework/Versions/A/AE
0x00007ff813835000 	/System/Library/Frameworks/CoreServices.framework/Versions/A/Frameworks/LaunchServices.framework/Versions/A/LaunchServices
0x00007ff81e763000 	/System/Library/Frameworks/CoreServices.framework/Versions/A/Frameworks/DictionaryServices.framework/Versions/A/DictionaryServices
0x00007ff81a9d5000 	/System/Library/Frameworks/CoreServices.framework/Versions/A/Frameworks/SharedFileList.framework/Versions/A/SharedFileList
0x00007ff81d67f000 	/usr/lib/libCheckFix.dylib
0x00007ff81826c000 	/System/Library/PrivateFrameworks/TCC.framework/Versions/A/TCC
0x00007ff81c935000 	/System/Library/PrivateFrameworks/CoreNLP.framework/Versions/A/CoreNLP
0x00007ff819c94000 	/System/Library/PrivateFrameworks/MetadataUtilities.framework/Versions/A/MetadataUtilities
0x00007ff813f79000 	/usr/lib/libmecabra.dylib
0x00007ff81d6b3000 	/usr/lib/libmecab.dylib
0x00007ff813f44000 	/usr/lib/libCRFSuite.dylib
0x00007ff81d710000 	/usr/lib/libgermantok.dylib
0x00007ff81e286000 	/usr/lib/libThaiTokenizer.dylib
0x00007ff819d86000 	/System/Library/Frameworks/Accelerate.framework/Versions/A/Frameworks/vImage.framework/Versions/A/vImage
0x00007ff8242c8000 	/System/Library/Frameworks/Accelerate.framework/Versions/A/Frameworks/vecLib.framework/Versions/A/vecLib
0x00007ff81e87c000 	/System/Library/Frameworks/Accelerate.framework/Versions/A/Frameworks/vecLib.framework/Versions/A/libvMisc.dylib
0x00007ff81d0ef000 	/System/Library/Frameworks/Accelerate.framework/Versions/A/Frameworks/vecLib.framework/Versions/A/libvDSP.dylib
0x00007ff813bad000 	/System/Library/Frameworks/Accelerate.framework/Versions/A/Frameworks/vecLib.framework/Versions/A/libBLAS.dylib
0x00007ff81e3bd000 	/System/Library/Frameworks/Accelerate.framework/Versions/A/Frameworks/vecLib.framework/Versions/A/libLAPACK.dylib
0x00007ff81d713000 	/System/Library/Frameworks/Accelerate.framework/Versions/A/Frameworks/vecLib.framework/Versions/A/libLinearAlgebra.dylib
0x00007ff81e2c4000 	/System/Library/Frameworks/Accelerate.framework/Versions/A/Frameworks/vecLib.framework/Versions/A/libSparseBLAS.dylib
0x00007ff81e3b7000 	/System/Library/Frameworks/Accelerate.framework/Versions/A/Frameworks/vecLib.framework/Versions/A/libQuadrature.dylib
0x00007ff81ca1f000 	/System/Library/Frameworks/Accelerate.framework/Versions/A/Frameworks/vecLib.framework/Versions/A/libBNNS.dylib
0x00007ff813e5a000 	/System/Library/Frameworks/Accelerate.framework/Versions/A/Frameworks/vecLib.framework/Versions/A/libSparse.dylib
0x00007ff81ca18000 	/System/Library/PrivateFrameworks/LinguisticData.framework/Versions/A/LinguisticData
0x00007ff813e0f000 	/System/Library/PrivateFrameworks/Lexicon.framework/Versions/A/Lexicon
0x00007ff81e875000 	/usr/lib/libChineseTokenizer.dylib
0x00007ff814573000 	/System/Library/PrivateFrameworks/LanguageModeling.framework/Versions/A/LanguageModeling
0x00007ff81e288000 	/System/Library/PrivateFrameworks/AppleSauce.framework/Versions/A/AppleSauce
0x00007ff81d2bf000 	/System/Library/PrivateFrameworks/CoreEmoji.framework/Versions/A/CoreEmoji
0x00007ff81e187000 	/usr/lib/libcmph.dylib
0x00007ff81a9ac000 	/System/Library/Frameworks/OpenDirectory.framework/Versions/A/Frameworks/CFOpenDirectory.framework/Versions/A/CFOpenDirectory
0x00007ff81a9a0000 	/System/Library/Frameworks/OpenDirectory.framework/Versions/A/OpenDirectory
0x00007ff81e7ce000 	/System/Library/PrivateFrameworks/APFS.framework/Versions/A/APFS
0x00007ff81d5e0000 	/System/Library/Frameworks/SecurityFoundation.framework/Versions/A/SecurityFoundation
0x00007ff81e849000 	/usr/lib/libutil.dylib
0x00007ff815c50000 	/System/Library/PrivateFrameworks/CoreServicesStore.framework/Versions/A/CoreServicesStore
0x00007ff81e84d000 	/usr/lib/libxslt.1.dylib
0x00007ff81d66d000 	/System/Library/PrivateFrameworks/BackgroundTaskManagement.framework/Versions/A/BackgroundTaskManagement
0x00007ff81fcbd000 	/System/Library/Frameworks/ImageIO.framework/Versions/A/Resources/libRadiance.dylib
0x00007ff81fcc6000 	/System/Library/Frameworks/ImageIO.framework/Versions/A/Resources/libJPEG.dylib
0x00007ff81fc16000 	/System/Library/Frameworks/ImageIO.framework/Versions/A/Resources/libPng.dylib
0x00007ff81fc37000 	/System/Library/Frameworks/ImageIO.framework/Versions/A/Resources/libTIFF.dylib
0x00007ff81fd26000 	/System/Library/Frameworks/ImageIO.framework/Versions/A/Resources/libGIF.dylib
0x00007ff81f547000 	/System/Library/Frameworks/ImageIO.framework/Versions/A/Resources/libJP2.dylib
0x00007ff81ec89000 	/usr/lib/libexpat.1.dylib
0x00007ff81f4fc000 	/System/Library/PrivateFrameworks/AppleJPEG.framework/Versions/A/AppleJPEG
0x00007ff81be78000 	/System/Library/PrivateFrameworks/FontServices.framework/libFontParser.dylib
0x00007ff8199dd000 	/System/Library/PrivateFrameworks/RunningBoardServices.framework/Versions/A/RunningBoardServices
0x00007ff82a496000 	/System/Library/PrivateFrameworks/IOSurfaceAccelerator.framework/Versions/A/IOSurfaceAccelerator
0x00007ff81f62a000 	/System/Library/PrivateFrameworks/WatchdogClient.framework/Versions/A/WatchdogClient
0x00007ff814662000 	/System/Library/Frameworks/CoreDisplay.framework/Versions/A/CoreDisplay
0x00007ff81bd77000 	/System/Library/Frameworks/CoreMedia.framework/Versions/A/CoreMedia
0x00007ff81bc14000 	/System/Library/PrivateFrameworks/IOAccelerator.framework/Versions/A/IOAccelerator
0x00007ff81ab28000 	/System/Library/Frameworks/CoreVideo.framework/Versions/A/CoreVideo
0x00007ff81e2da000 	/System/Library/Frameworks/MetalPerformanceShaders.framework/Versions/A/MetalPerformanceShaders
0x00007ff81f665000 	/System/Library/Frameworks/VideoToolbox.framework/Versions/A/VideoToolbox
0x00007ff819925000 	/System/Library/PrivateFrameworks/BaseBoard.framework/Versions/A/BaseBoard
0x00007ff8196b2000 	/System/Library/PrivateFrameworks/ProtocolBuffer.framework/Versions/A/ProtocolBuffer
0x00007ff81fcb6000 	/System/Library/PrivateFrameworks/GPUWrangler.framework/Versions/A/GPUWrangler
0x00007ff81fc99000 	/System/Library/PrivateFrameworks/IOPresentment.framework/Versions/A/IOPresentment
0x00007ff81fcc0000 	/System/Library/PrivateFrameworks/DSExternalDisplay.framework/Versions/A/DSExternalDisplay
0x00007ffa2af91000 	/System/Library/Frameworks/OpenGL.framework/Versions/A/Libraries/libCoreFSCache.dylib
0x00007ffb17035000 	/System/Library/PrivateFrameworks/GPUCompiler.framework/Versions/31001/Libraries/libGPUCompilerUtils.dylib
0x00007ff81fd2b000 	/System/Library/PrivateFrameworks/CMCaptureCore.framework/Versions/A/CMCaptureCore
0x00007ff81f235000 	/System/Library/PrivateFrameworks/AppServerSupport.framework/Versions/A/AppServerSupport
0x00007ff821412000 	/System/Library/PrivateFrameworks/perfdata.framework/Versions/A/perfdata
0x00007ff81478e000 	/System/Library/PrivateFrameworks/AudioToolboxCore.framework/Versions/A/AudioToolboxCore
0x00007ff81bd54000 	/System/Library/PrivateFrameworks/caulk.framework/Versions/A/caulk
0x00007ff820d36000 	/usr/lib/libAudioStatistics.dylib
0x00007ff918063000 	/System/Library/PrivateFrameworks/SystemPolicy.framework/Versions/A/SystemPolicy
0x00007ff820f8b000 	/usr/lib/libSMC.dylib
0x00007ff829dcf000 	/System/Library/Frameworks/CoreMIDI.framework/Versions/A/CoreMIDI
0x00007ff81fbe6000 	/usr/lib/libAudioToolboxUtility.dylib
0x00007ff914475000 	/System/Library/PrivateFrameworks/OSAServicesClient.framework/Versions/A/OSAServicesClient
0x00007ff82141f000 	/usr/lib/libperfcheck.dylib
0x00007ff918af5000 	/usr/lib/libmis.dylib
0x00007ffa2afed000 	/System/Library/Frameworks/OpenGL.framework/Versions/A/Libraries/libGLU.dylib
0x00007ffa2afb0000 	/System/Library/Frameworks/OpenGL.framework/Versions/A/Libraries/libGFXShared.dylib
0x00007ffa2b1be000 	/System/Library/Frameworks/OpenGL.framework/Versions/A/Libraries/libGL.dylib
0x00007ffa2afb9000 	/System/Library/Frameworks/OpenGL.framework/Versions/A/Libraries/libGLImage.dylib
0x00007ffa2afad000 	/System/Library/Frameworks/OpenGL.framework/Versions/A/Libraries/libCVMSPluginSupport.dylib
0x00007ffa2af98000 	/System/Library/Frameworks/OpenGL.framework/Versions/A/Libraries/libCoreVMClient.dylib
0x00007ff81c8b3000 	/System/Library/Frameworks/MetalPerformanceShaders.framework/Versions/A/Frameworks/MPSCore.framework/Versions/A/MPSCore
0x00007ff81dc76000 	/System/Library/Frameworks/MetalPerformanceShaders.framework/Versions/A/Frameworks/MPSImage.framework/Versions/A/MPSImage
0x00007ff81d729000 	/System/Library/Frameworks/MetalPerformanceShaders.framework/Versions/A/Frameworks/MPSNeuralNetwork.framework/Versions/A/MPSNeuralNetwork
0x00007ff81db9e000 	/System/Library/Frameworks/MetalPerformanceShaders.framework/Versions/A/Frameworks/MPSMatrix.framework/Versions/A/MPSMatrix
0x00007ff81d95a000 	/System/Library/Frameworks/MetalPerformanceShaders.framework/Versions/A/Frameworks/MPSRayIntersector.framework/Versions/A/MPSRayIntersector
0x00007ff81dbd7000 	/System/Library/Frameworks/MetalPerformanceShaders.framework/Versions/A/Frameworks/MPSNDArray.framework/Versions/A/MPSNDArray
0x00007ffa2fbaf000 	/System/Library/Frameworks/MetalPerformanceShaders.framework/Versions/A/Frameworks/MPSFunctions.framework/Versions/A/MPSFunctions
0x00007ff813a90000 	/System/Library/PrivateFrameworks/MetalTools.framework/Versions/A/MetalTools
0x00007ff81c92d000 	/System/Library/PrivateFrameworks/AggregateDictionary.framework/Versions/A/AggregateDictionary
0x00007ff81ea6b000 	/usr/lib/libIOReport.dylib
0x00007ffa2c5cd000 	/System/Library/Frameworks/OpenCL.framework/Versions/A/OpenCL
0x00007ff81edcf000 	/System/Library/PrivateFrameworks/FaceCore.framework/Versions/A/FaceCore
0x00007ff81edc0000 	/System/Library/PrivateFrameworks/GraphVisualizer.framework/Versions/A/GraphVisualizer
0x00007ffb16f40000 	/System/Library/PrivateFrameworks/FontServices.framework/Versions/A/FontServices
0x00007ff81f1ec000 	/System/Library/PrivateFrameworks/OTSVG.framework/Versions/A/OTSVG
0x00007ff81a710000 	/System/Library/Frameworks/ApplicationServices.framework/Versions/A/Frameworks/ATS.framework/Versions/A/Resources/libFontRegistry.dylib
0x00007ff81f23d000 	/System/Library/PrivateFrameworks/FontServices.framework/libhvf.dylib
0x00007ffb16f41000 	/System/Library/PrivateFrameworks/FontServices.framework/libXTFontStaticRegistryData.dylib
0x00007ff81ec39000 	/System/Library/PrivateFrameworks/AppleVA.framework/Versions/A/AppleVA
0x00007ff820d5a000 	/System/Library/Frameworks/ApplicationServices.framework/Versions/A/Frameworks/ATS.framework/Versions/A/ATS
0x00007ff818de0000 	/System/Library/Frameworks/ApplicationServices.framework/Versions/A/Frameworks/HIServices.framework/Versions/A/HIServices
0x00007ff81fd35000 	/System/Library/Frameworks/ApplicationServices.framework/Versions/A/Frameworks/PrintCore.framework/Versions/A/PrintCore
0x00007ff8210de000 	/System/Library/Frameworks/ApplicationServices.framework/Versions/A/Frameworks/QD.framework/Versions/A/QD
0x00007ff8210d6000 	/System/Library/Frameworks/ApplicationServices.framework/Versions/A/Frameworks/ColorSyncLegacy.framework/Versions/A/ColorSyncLegacy
0x00007ff820d4a000 	/System/Library/Frameworks/ApplicationServices.framework/Versions/A/Frameworks/SpeechSynthesis.framework/Versions/A/SpeechSynthesis
0x00007ff81fcf6000 	/System/Library/Frameworks/ApplicationServices.framework/Versions/A/Frameworks/ATSUI.framework/Versions/A/ATSUI
0x00007ff82106b000 	/usr/lib/libcups.2.dylib
0x00007ff82142e000 	/System/Library/Frameworks/Kerberos.framework/Versions/A/Kerberos
0x00007ff82143d000 	/System/Library/Frameworks/GSS.framework/Versions/A/GSS
0x00007ff820dc6000 	/usr/lib/libresolv.9.dylib
0x00007ff81f24c000 	/System/Library/PrivateFrameworks/Heimdal.framework/Versions/A/Heimdal
0x00007ff827f26000 	/System/Library/Frameworks/Kerberos.framework/Versions/A/Libraries/libHeimdalProxy.dylib
0x00007ff819ab2000 	/System/Library/Frameworks/Network.framework/Versions/A/Network
0x00007ff81eca3000 	/usr/lib/libheimdal-asn1.dylib
0x00007ff821489000 	/System/Library/PrivateFrameworks/CommonAuth.framework/Versions/A/CommonAuth
0x00007ff820cc7000 	/System/Library/PrivateFrameworks/AudioSession.framework/Versions/A/AudioSession
0x00007ff81ed33000 	/System/Library/PrivateFrameworks/MediaExperience.framework/Versions/A/MediaExperience
0x00007ff820b5b000 	/System/Library/PrivateFrameworks/AudioSession.framework/libSessionUtility.dylib
0x00007ff8210ea000 	/System/Library/PrivateFrameworks/AudioResourceArbitration.framework/Versions/A/AudioResourceArbitration
0x00007ff8250db000 	/System/Library/PrivateFrameworks/PowerLog.framework/Versions/A/PowerLog
0x00007ff81ecac000 	/System/Library/PrivateFrameworks/IconFoundation.framework/Versions/A/IconFoundation
0x00007ff823ef5000 	/System/Library/PrivateFrameworks/SpeechRecognitionCore.framework/Versions/A/SpeechRecognitionCore
0x0000000101045000 	/Library/Java/JavaVirtualMachines/jdk-14.jdk/Contents/Home/lib/server/libjvm.dylib
0x0000000100327000 	/Library/Java/JavaVirtualMachines/jdk-14.jdk/Contents/Home/lib/libjimage.dylib
0x0000000100341000 	/Library/Java/JavaVirtualMachines/jdk-14.jdk/Contents/Home/lib/libinstrument.dylib
0x0000000100378000 	/Library/Java/JavaVirtualMachines/jdk-14.jdk/Contents/Home/lib/libjava.dylib
0x0000000100350000 	/Library/Java/JavaVirtualMachines/jdk-14.jdk/Contents/Home/lib/libzip.dylib
0x0000000100e0e000 	/Library/Java/JavaVirtualMachines/jdk-14.jdk/Contents/Home/lib/libnio.dylib
0x0000000100e39000 	/Library/Java/JavaVirtualMachines/jdk-14.jdk/Contents/Home/lib/libnet.dylib
0x0000000100dfb000 	/Library/Java/JavaVirtualMachines/jdk-14.jdk/Contents/Home/lib/libextnet.dylib
0x0000000100e21000 	/Users/gabminamedez/Documents/Developer/javafx-sdk-11.0.2/lib/libprism_es2.dylib
0x00007ff815c11000 	/System/Library/PrivateFrameworks/CoreServicesInternal.framework/Versions/A/CoreServicesInternal
0x00007ffa2b1c9000 	/System/Library/Frameworks/OpenGL.framework/Versions/A/Resources/GLEngine.bundle/GLEngine
0x00007ffa2b02b000 	/System/Library/Frameworks/OpenGL.framework/Versions/A/Libraries/libGLProgrammability.dylib
0x00007ffa1f3f4000 	/System/Library/Extensions/AppleIntelKBLGraphicsGLDriver.bundle/Contents/MacOS/AppleIntelKBLGraphicsGLDriver
0x00007ff9229be000 	/System/Library/PrivateFrameworks/GPUSupport.framework/Versions/A/Libraries/libGPUSupportMercury.dylib
0x00007ffa2b358000 	/System/Library/Frameworks/OpenGL.framework/Versions/A/Resources/GLRendererFloat.bundle/GLRendererFloat
0x000000010d4a1000 	/Users/gabminamedez/Documents/Developer/javafx-sdk-11.0.2/lib/libglass.dylib
0x00007ff8256cc000 	/System/Library/Frameworks/FileProvider.framework/Versions/A/FileProvider
0x00007ff819891000 	/System/Library/Frameworks/Accounts.framework/Versions/A/Accounts
0x00007ff825843000 	/System/Library/PrivateFrameworks/GenerationalStorage.framework/Versions/A/GenerationalStorage
0x00007ff826355000 	/System/Library/PrivateFrameworks/CoreSymbolication.framework/Versions/A/CoreSymbolication
0x00007ff8250d0000 	/System/Library/PrivateFrameworks/SymptomDiagnosticReporter.framework/Versions/A/SymptomDiagnosticReporter
0x00007ff816ed2000 	/System/Library/PrivateFrameworks/DesktopServicesPriv.framework/Versions/A/DesktopServicesPriv
0x00007ff815d52000 	/usr/lib/libsandbox.1.dylib
0x00007ff81aba7000 	/System/Library/PrivateFrameworks/UserManagement.framework/Versions/A/UserManagement
0x00007ff82631a000 	/System/Library/PrivateFrameworks/DebugSymbols.framework/Versions/A/DebugSymbols
0x00007ff8210cb000 	/System/Library/PrivateFrameworks/NetAuth.framework/Versions/A/NetAuth
0x00007ff821fb9000 	/System/Library/PrivateFrameworks/Sharing.framework/Versions/A/Sharing
0x00007ff81ab7a000 	/System/Library/PrivateFrameworks/login.framework/Versions/A/Frameworks/loginsupport.framework/Versions/A/loginsupport
0x00007ff82745a000 	/System/Library/PrivateFrameworks/Apple80211.framework/Versions/A/Apple80211
0x00007ff81dd5b000 	/System/Library/PrivateFrameworks/AuthKit.framework/Versions/A/AuthKit
0x00007ff81d3b5000 	/System/Library/PrivateFrameworks/CoreUtils.framework/Versions/A/CoreUtils
0x00007ff81d2dc000 	/System/Library/Frameworks/CoreWLAN.framework/Versions/A/CoreWLAN
0x00007ff822114000 	/System/Library/Frameworks/IOBluetooth.framework/Versions/A/IOBluetooth
0x00007ff8274c2000 	/System/Library/PrivateFrameworks/CoreWiFi.framework/Versions/A/CoreWiFi
0x00007ff825eef000 	/System/Library/PrivateFrameworks/FrontBoardServices.framework/Versions/A/FrontBoardServices
0x00007ff825f81000 	/System/Library/PrivateFrameworks/BoardServices.framework/Versions/A/BoardServices
0x00007ff81d5cf000 	/System/Library/PrivateFrameworks/AssertionServices.framework/Versions/A/AssertionServices
0x00007ff827646000 	/System/Library/PrivateFrameworks/BackBoardServices.framework/Versions/A/BackBoardServices
0x00007ff821518000 	/System/Library/PrivateFrameworks/CorePhoneNumbers.framework/Versions/A/CorePhoneNumbers
0x00007ff8251ed000 	/System/Library/PrivateFrameworks/DiskManagement.framework/Versions/A/DiskManagement
0x00007ff825101000 	/System/Library/PrivateFrameworks/AppleIDAuthSupport.framework/Versions/A/AppleIDAuthSupport
0x00007ffa31b45000 	/System/Library/PrivateFrameworks/AAAFoundation.framework/Versions/A/AAAFoundation
0x00007ff8214f9000 	/System/Library/PrivateFrameworks/KeychainCircle.framework/Versions/A/KeychainCircle
0x00007ff8251b9000 	/System/Library/PrivateFrameworks/MediaKit.framework/Versions/A/MediaKit
0x00007ff82510d000 	/System/Library/Frameworks/DiscRecording.framework/Versions/A/DiscRecording
0x00007ff81ebb1000 	/usr/lib/libCoreStorage.dylib
0x00007ff827935000 	/usr/lib/libcsfde.dylib
0x00007ff8221e1000 	/System/Library/PrivateFrameworks/ProtectedCloudStorage.framework/Versions/A/ProtectedCloudStorage
0x00007ff827931000 	/System/Library/PrivateFrameworks/EFILogin.framework/Versions/A/EFILogin
0x00007ff825869000 	/System/Library/PrivateFrameworks/OctagonTrust.framework/Versions/A/OctagonTrust
0x00007ffb16262000 	/System/Library/PrivateFrameworks/CoreUtilsExtras.framework/Versions/A/CoreUtilsExtras
0x00007ff825043000 	/System/Library/Frameworks/CoreBluetooth.framework/Versions/A/CoreBluetooth
0x00007ff827fab000 	/System/Library/Frameworks/AudioUnit.framework/Versions/A/AudioUnit
0x00007ff81eba9000 	/usr/lib/libMatch.1.dylib
0x00007ff91cf44000 	/System/Library/Frameworks/Accelerate.framework/Versions/A/Frameworks/vImage.framework/Versions/A/Libraries/libCGInterfaces.dylib
0x0000000123b5d000 	/usr/lib/libobjc-trampolines.dylib
0x00007ff81a8a0000 	/System/Library/PrivateFrameworks/ViewBridge.framework/Versions/A/ViewBridge
0x0000000125f84000 	/Users/gabminamedez/Documents/Developer/javafx-sdk-11.0.2/lib/libjavafx_font.dylib
0x00007ff81f306000 	/System/Library/PrivateFrameworks/login.framework/Versions/A/login
0x00007ffb28e59000 	/usr/lib/libRosetta.dylib


VM Arguments:
jvm_args: --module-path=/Users/gabminamedez/Documents/Developer/javafx-sdk-11.0.2/lib --add-modules=javafx.controls,javafx.fxml -Djava.library.path=/Users/gabminamedez/Documents/Developer/javafx-sdk-11.0.2/lib -javaagent:/Applications/IntelliJ IDEA.app/Contents/lib/idea_rt.jar=49448:/Applications/IntelliJ IDEA.app/Contents/bin -Dfile.encoding=UTF-8 
java_command: com.socialsim.controller.Main
java_class_path (initial): /Users/gabminamedez/Desktop/social-sim/SocialSim/out/production/SocialSim:/Users/gabminamedez/Documents/Developer/javafx-sdk-11.0.2/lib/src.zip:/Users/gabminamedez/Documents/Developer/javafx-sdk-11.0.2/lib/javafx-swt.jar:/Users/gabminamedez/Documents/Developer/javafx-sdk-11.0.2/lib/javafx.web.jar:/Users/gabminamedez/Documents/Developer/javafx-sdk-11.0.2/lib/javafx.base.jar:/Users/gabminamedez/Documents/Developer/javafx-sdk-11.0.2/lib/javafx.fxml.jar:/Users/gabminamedez/Documents/Developer/javafx-sdk-11.0.2/lib/javafx.media.jar:/Users/gabminamedez/Documents/Developer/javafx-sdk-11.0.2/lib/javafx.swing.jar:/Users/gabminamedez/Documents/Developer/javafx-sdk-11.0.2/lib/javafx.controls.jar:/Users/gabminamedez/Documents/Developer/javafx-sdk-11.0.2/lib/javafx.graphics.jar
Launcher Type: SUN_STANDARD

[Global flags]
     intx CICompilerCount                          = 3                                         {product} {ergonomic}
     uint ConcGCThreads                            = 1                                         {product} {ergonomic}
     uint G1ConcRefinementThreads                  = 4                                         {product} {ergonomic}
   size_t G1HeapRegionSize                         = 1048576                                   {product} {ergonomic}
    uintx GCDrainStackTargetSize                   = 64                                        {product} {ergonomic}
   size_t InitialHeapSize                          = 134217728                                 {product} {ergonomic}
   size_t MarkStackSize                            = 4194304                                   {product} {ergonomic}
   size_t MaxHeapSize                              = 2147483648                                {product} {ergonomic}
   size_t MaxNewSize                               = 1287651328                                {product} {ergonomic}
   size_t MinHeapDeltaBytes                        = 1048576                                   {product} {ergonomic}
   size_t MinHeapSize                              = 8388608                                   {product} {ergonomic}
    uintx NonNMethodCodeHeapSize                   = 5832780                                {pd product} {ergonomic}
    uintx NonProfiledCodeHeapSize                  = 122912730                              {pd product} {ergonomic}
    uintx ProfiledCodeHeapSize                     = 122912730                              {pd product} {ergonomic}
    uintx ReservedCodeCacheSize                    = 251658240                              {pd product} {ergonomic}
     bool SegmentedCodeCache                       = true                                      {product} {ergonomic}
   size_t SoftMaxHeapSize                          = 2147483648                             {manageable} {ergonomic}
     bool UseCompressedClassPointers               = true                                 {lp64_product} {ergonomic}
     bool UseCompressedOops                        = true                                 {lp64_product} {ergonomic}
     bool UseG1GC                                  = true                                      {product} {ergonomic}

Logging:
Log output configuration:
 #0: stdout all=warning uptime,level,tags
 #1: stderr all=off uptime,level,tags

Environment Variables:
PATH=/opt/anaconda3/bin:/opt/anaconda3/condabin:/usr/local/bin:/usr/bin:/bin:/usr/sbin:/sbin:/Library/Apple/usr/bin
SHELL=/bin/zsh

Signal Handlers:
SIGSEGV: [libjvm.dylib+0x740840], sa_mask[0]=11111111011111110111111111111111, sa_flags=SA_ONSTACK|SA_RESTART|SA_SIGINFO
SIGBUS: [libjvm.dylib+0x740840], sa_mask[0]=11111111011111110111111111111111, sa_flags=SA_RESTART|SA_SIGINFO
SIGFPE: [libjvm.dylib+0x740840], sa_mask[0]=11111111011111110111111111111111, sa_flags=SA_RESTART|SA_SIGINFO
SIGPIPE: [libjvm.dylib+0x5ea66f], sa_mask[0]=11111111011111110111111111111111, sa_flags=SA_RESTART|SA_SIGINFO
SIGXFSZ: [libjvm.dylib+0x5ea66f], sa_mask[0]=11111111011111110111111111111111, sa_flags=SA_RESTART|SA_SIGINFO
SIGILL: [libjvm.dylib+0x740840], sa_mask[0]=11111111011111110111111111111111, sa_flags=SA_RESTART|SA_SIGINFO
SIGUSR2: [libjvm.dylib+0x5eac41], sa_mask[0]=00100000000000000000000000000000, sa_flags=SA_RESTART|SA_SIGINFO
SIGHUP: [libjvm.dylib+0x5e9ca3], sa_mask[0]=11111111011111110111111111111111, sa_flags=SA_RESTART|SA_SIGINFO
SIGINT: [libjvm.dylib+0x5e9ca3], sa_mask[0]=11111111011111110111111111111111, sa_flags=SA_RESTART|SA_SIGINFO
SIGTERM: [libjvm.dylib+0x5e9ca3], sa_mask[0]=11111111011111110111111111111111, sa_flags=SA_RESTART|SA_SIGINFO
SIGQUIT: [libjvm.dylib+0x5e9ca3], sa_mask[0]=11111111011111110111111111111111, sa_flags=SA_RESTART|SA_SIGINFO


---------------  S Y S T E M  ---------------

OS:uname:Darwin 21.2.0 Darwin Kernel Version 21.2.0: Sun Nov 28 20:28:54 PST 2021; root:xnu-8019.61.5~1/RELEASE_X86_64 x86_64
OS uptime: 0 days 1:11 hours
rlimit: STACK 8192k, CORE 0k, NPROC 1392, NOFILE 10240, AS infinity, DATA infinity, FSIZE infinity
load average:2.52 2.39 2.68

CPU:total 4 (initial active 4) (2 cores per cpu, 2 threads per core) family 6 model 142 stepping 9, cmov, cx8, fxsr, mmx, sse, sse2, sse3, ssse3, sse4.1, sse4.2, popcnt, avx, avx2, aes, clmul, erms, rtm, 3dnowpref, lzcnt, ht, tsc, tscinvbit, bmi1, bmi2, adx, fma

Memory: 4k page, physical 8388608k(38984k free), swap 1048576k(991488k free)

vm_info: Java HotSpot(TM) 64-Bit Server VM (14+36-1461) for bsd-amd64 JRE (14+36-1461), built on Feb  6 2020 19:14:40 by "mach5one" with clang 4.2.1 Compatible Apple LLVM 10.0.0 (clang-1000.11.45.5)

END.
