#
# A fatal error has been detected by the Java Runtime Environment:
#
#  SIGBUS (0xa) at pc=0x0000000134d940a1, pid=5101, tid=38659
#
# JRE version: Java(TM) SE Runtime Environment (14.0+36) (build 14+36-1461)
# Java VM: Java HotSpot(TM) 64-Bit Server VM (14+36-1461, mixed mode, sharing, tiered, compressed oops, g1 gc, bsd-amd64)
# Problematic frame:
# C  0x0000000134d940a1
#
# No core dump will be written. Core dumps have been disabled. To enable core dumping, try "ulimit -c unlimited" before starting Java again
#
# If you would like to submit a bug report, please visit:
#   https://bugreport.java.com/bugreport/crash.jsp
# The crash happened outside the Java Virtual Machine in native code.
# See problematic frame for where to report the bug.
#

---------------  S U M M A R Y ------------

Command Line: --module-path=/Users/gabminamedez/Documents/Developer/javafx-sdk-11.0.2/lib --add-modules=javafx.controls,javafx.fxml -Djava.library.path=/Users/gabminamedez/Documents/Developer/javafx-sdk-11.0.2/lib -javaagent:/Applications/IntelliJ IDEA.app/Contents/lib/idea_rt.jar=52595:/Applications/IntelliJ IDEA.app/Contents/bin -Dfile.encoding=UTF-8 com.socialsim.controller.Main

Host: MacBookPro14,1 x86_64 2300 MHz, 4 cores, 8G, Darwin 21.1.0
Time: Tue Dec 28 00:18:43 2021 PST elapsed time: 9 seconds (0d 0h 0m 9s)

---------------  T H R E A D  ---------------

Current thread (0x00007fb4b1986000):  JavaThread "QuantumRenderer-0" daemon [_thread_in_native, id=38659, stack(0x00007000068ea000,0x00007000069ea000)]

Stack: [0x00007000068ea000,0x00007000069ea000],  sp=0x00007000069e68c8,  free space=1010k
Native frames: (J=compiled Java code, A=aot compiled Java code, j=interpreted, Vv=VM code, C=native code)
C  0x0000000134d940a1
C  [GLEngine+0xd92cf]  glDrawElements_IMM_Exec+0x3b8
C  [libprism_es2.dylib+0x4607]  Java_com_sun_prism_es2_GLContext_nDrawIndexedQuads+0x157
J 2743  com.sun.prism.es2.GLContext.nDrawIndexedQuads(JI[F[B)V javafx.graphics (0 bytes) @ 0x000000012425fe19 [0x000000012425fd20+0x00000000000000f9]
J 2660 c1 com.sun.prism.es2.ES2Context.renderQuads([F[BI)V javafx.graphics (11 bytes) @ 0x000000011d0c10b4 [0x000000011d0c1020+0x0000000000000094]
J 1881 c1 com.sun.prism.impl.VertexBuffer.flush()V javafx.graphics (32 bytes) @ 0x000000011cf1ec5c [0x000000011cf1e9c0+0x000000000000029c]
J 2728 c1 com.sun.prism.impl.ps.BaseShaderContext.validatePaintOp(Lcom/sun/prism/impl/ps/BaseShaderGraphics;Lcom/sun/javafx/geom/transform/BaseTransform;Lcom/sun/prism/impl/ps/BaseShaderContext$MaskType;Lcom/sun/prism/Texture;FFFF)Lcom/sun/prism/ps/Shader; javafx.graphics (321 bytes) @ 0x000000011d0da1f4 [0x000000011d0da0e0+0x0000000000000114]
j  com.sun.prism.impl.ps.BaseShaderContext.validatePaintOp(Lcom/sun/prism/impl/ps/BaseShaderGraphics;Lcom/sun/javafx/geom/transform/BaseTransform;Lcom/sun/prism/impl/ps/BaseShaderContext$MaskType;FFFF)Lcom/sun/prism/ps/Shader;+13 javafx.graphics
j  com.sun.prism.impl.ps.BaseShaderGraphics.renderGeneralRoundedPgram(FFFFFFFFFFLcom/sun/javafx/geom/transform/BaseTransform;Lcom/sun/prism/impl/ps/BaseShaderContext$MaskType;FFFF)V+1139 javafx.graphics
j  com.sun.prism.impl.ps.BaseShaderGraphics.renderGeneralRoundedRect(FFFFFFLcom/sun/prism/impl/ps/BaseShaderContext$MaskType;Lcom/sun/prism/BasicStroke;)V+384 javafx.graphics
j  com.sun.prism.impl.ps.BaseShaderGraphics.fillRect(FFFF)V+145 javafx.graphics
j  com.sun.javafx.sg.prism.NGRegion.renderBackgroundRectanglesDirectly(Lcom/sun/prism/Graphics;FF)V+226 javafx.graphics
j  com.sun.javafx.sg.prism.NGRegion.renderBackgroundRectangle(Lcom/sun/prism/Graphics;)V+442 javafx.graphics
J 2938 c1 com.sun.javafx.sg.prism.NGRegion.renderContent(Lcom/sun/prism/Graphics;)V javafx.graphics (115 bytes) @ 0x000000011d1362ac [0x000000011d1358e0+0x00000000000009cc]
j  com.sun.javafx.sg.prism.NGNode.renderForClip(Lcom/sun/prism/Graphics;)V+17 javafx.graphics
j  com.sun.javafx.sg.prism.NGNode.renderRectClip(Lcom/sun/prism/Graphics;Lcom/sun/javafx/sg/prism/NGRectangle;)V+106 javafx.graphics
j  com.sun.javafx.sg.prism.NGNode.renderClip(Lcom/sun/prism/Graphics;)V+83 javafx.graphics
J 2024 c1 com.sun.javafx.sg.prism.NGNode.doRender(Lcom/sun/prism/Graphics;)V javafx.graphics (473 bytes) @ 0x000000011cf53ed4 [0x000000011cf527c0+0x0000000000001714]
J 1952 c1 com.sun.javafx.sg.prism.NGNode.render(Lcom/sun/prism/Graphics;)V javafx.graphics (38 bytes) @ 0x000000011cf3bcf4 [0x000000011cf3ba40+0x00000000000002b4]
J 2804 c1 com.sun.javafx.sg.prism.NGGroup.renderContent(Lcom/sun/prism/Graphics;)V javafx.graphics (422 bytes) @ 0x000000011d0f45c4 [0x000000011d0f4060+0x0000000000000564]
J 2938 c1 com.sun.javafx.sg.prism.NGRegion.renderContent(Lcom/sun/prism/Graphics;)V javafx.graphics (115 bytes) @ 0x000000011d136d2c [0x000000011d1358e0+0x000000000000144c]
J 2024 c1 com.sun.javafx.sg.prism.NGNode.doRender(Lcom/sun/prism/Graphics;)V javafx.graphics (473 bytes) @ 0x000000011cf541f4 [0x000000011cf527c0+0x0000000000001a34]
J 1952 c1 com.sun.javafx.sg.prism.NGNode.render(Lcom/sun/prism/Graphics;)V javafx.graphics (38 bytes) @ 0x000000011cf3bcf4 [0x000000011cf3ba40+0x00000000000002b4]
J 2804 c1 com.sun.javafx.sg.prism.NGGroup.renderContent(Lcom/sun/prism/Graphics;)V javafx.graphics (422 bytes) @ 0x000000011d0f45c4 [0x000000011d0f4060+0x0000000000000564]
J 2938 c1 com.sun.javafx.sg.prism.NGRegion.renderContent(Lcom/sun/prism/Graphics;)V javafx.graphics (115 bytes) @ 0x000000011d136d2c [0x000000011d1358e0+0x000000000000144c]
J 2024 c1 com.sun.javafx.sg.prism.NGNode.doRender(Lcom/sun/prism/Graphics;)V javafx.graphics (473 bytes) @ 0x000000011cf541f4 [0x000000011cf527c0+0x0000000000001a34]
J 1952 c1 com.sun.javafx.sg.prism.NGNode.render(Lcom/sun/prism/Graphics;)V javafx.graphics (38 bytes) @ 0x000000011cf3bcf4 [0x000000011cf3ba40+0x00000000000002b4]
J 2804 c1 com.sun.javafx.sg.prism.NGGroup.renderContent(Lcom/sun/prism/Graphics;)V javafx.graphics (422 bytes) @ 0x000000011d0f45c4 [0x000000011d0f4060+0x0000000000000564]
J 2938 c1 com.sun.javafx.sg.prism.NGRegion.renderContent(Lcom/sun/prism/Graphics;)V javafx.graphics (115 bytes) @ 0x000000011d136d2c [0x000000011d1358e0+0x000000000000144c]
j  com.sun.javafx.sg.prism.NGNode.renderForClip(Lcom/sun/prism/Graphics;)V+17 javafx.graphics
j  com.sun.javafx.sg.prism.NGNode.renderRectClip(Lcom/sun/prism/Graphics;Lcom/sun/javafx/sg/prism/NGRectangle;)V+106 javafx.graphics
j  com.sun.javafx.sg.prism.NGNode.renderClip(Lcom/sun/prism/Graphics;)V+83 javafx.graphics
J 2024 c1 com.sun.javafx.sg.prism.NGNode.doRender(Lcom/sun/prism/Graphics;)V javafx.graphics (473 bytes) @ 0x000000011cf53ed4 [0x000000011cf527c0+0x0000000000001714]
J 1952 c1 com.sun.javafx.sg.prism.NGNode.render(Lcom/sun/prism/Graphics;)V javafx.graphics (38 bytes) @ 0x000000011cf3bcf4 [0x000000011cf3ba40+0x00000000000002b4]
J 2804 c1 com.sun.javafx.sg.prism.NGGroup.renderContent(Lcom/sun/prism/Graphics;)V javafx.graphics (422 bytes) @ 0x000000011d0f45c4 [0x000000011d0f4060+0x0000000000000564]
J 2938 c1 com.sun.javafx.sg.prism.NGRegion.renderContent(Lcom/sun/prism/Graphics;)V javafx.graphics (115 bytes) @ 0x000000011d136d2c [0x000000011d1358e0+0x000000000000144c]
j  com.sun.javafx.sg.prism.NGNode.renderForClip(Lcom/sun/prism/Graphics;)V+17 javafx.graphics
j  com.sun.javafx.sg.prism.NGNode.renderRectClip(Lcom/sun/prism/Graphics;Lcom/sun/javafx/sg/prism/NGRectangle;)V+106 javafx.graphics
j  com.sun.javafx.sg.prism.NGNode.renderClip(Lcom/sun/prism/Graphics;)V+83 javafx.graphics
J 2024 c1 com.sun.javafx.sg.prism.NGNode.doRender(Lcom/sun/prism/Graphics;)V javafx.graphics (473 bytes) @ 0x000000011cf53ed4 [0x000000011cf527c0+0x0000000000001714]
J 1952 c1 com.sun.javafx.sg.prism.NGNode.render(Lcom/sun/prism/Graphics;)V javafx.graphics (38 bytes) @ 0x000000011cf3bcf4 [0x000000011cf3ba40+0x00000000000002b4]
J 2804 c1 com.sun.javafx.sg.prism.NGGroup.renderContent(Lcom/sun/prism/Graphics;)V javafx.graphics (422 bytes) @ 0x000000011d0f45c4 [0x000000011d0f4060+0x0000000000000564]
J 2938 c1 com.sun.javafx.sg.prism.NGRegion.renderContent(Lcom/sun/prism/Graphics;)V javafx.graphics (115 bytes) @ 0x000000011d136d2c [0x000000011d1358e0+0x000000000000144c]
J 2024 c1 com.sun.javafx.sg.prism.NGNode.doRender(Lcom/sun/prism/Graphics;)V javafx.graphics (473 bytes) @ 0x000000011cf541f4 [0x000000011cf527c0+0x0000000000001a34]
J 1952 c1 com.sun.javafx.sg.prism.NGNode.render(Lcom/sun/prism/Graphics;)V javafx.graphics (38 bytes) @ 0x000000011cf3bcf4 [0x000000011cf3ba40+0x00000000000002b4]
j  com.sun.javafx.tk.quantum.ViewPainter.doPaint(Lcom/sun/prism/Graphics;Lcom/sun/javafx/sg/prism/NodePath;)V+201 javafx.graphics
j  com.sun.javafx.tk.quantum.ViewPainter.paintImpl(Lcom/sun/prism/Graphics;)V+932 javafx.graphics
j  com.sun.javafx.tk.quantum.PresentingPainter.run()V+326 javafx.graphics
j  java.util.concurrent.Executors$RunnableAdapter.call()Ljava/lang/Object;+4 java.base@14
j  java.util.concurrent.FutureTask.runAndReset()Z+44 java.base@14
j  com.sun.javafx.tk.RenderJob.run()V+1 javafx.graphics
j  java.util.concurrent.ThreadPoolExecutor.runWorker(Ljava/util/concurrent/ThreadPoolExecutor$Worker;)V+92 java.base@14
j  java.util.concurrent.ThreadPoolExecutor$Worker.run()V+5 java.base@14
j  com.sun.javafx.tk.quantum.QuantumRenderer$PipelineRunnable.run()V+8 javafx.graphics
j  java.lang.Thread.run()V+11 java.base@14
v  ~StubRoutines::call_stub
V  [libjvm.dylib+0x34aea2]  _ZN9JavaCalls11call_helperEP9JavaValueRK12methodHandleP17JavaCallArgumentsP6Thread+0x256
V  [libjvm.dylib+0x34a2bc]  _ZN9JavaCalls12call_virtualEP9JavaValueP5KlassP6SymbolS5_P17JavaCallArgumentsP6Thread+0xfe
V  [libjvm.dylib+0x34a378]  _ZN9JavaCalls12call_virtualEP9JavaValue6HandleP5KlassP6SymbolS6_P6Thread+0x62
V  [libjvm.dylib+0x3d07d8]  _ZL12thread_entryP10JavaThreadP6Thread+0x78
V  [libjvm.dylib+0x6ec426]  _ZN10JavaThread17thread_main_innerEv+0x86
V  [libjvm.dylib+0x6ec264]  _ZN10JavaThread3runEv+0x118
V  [libjvm.dylib+0x6ea0ab]  _ZN6Thread8call_runEv+0x71
V  [libjvm.dylib+0x5e8a7c]  _ZL19thread_native_entryP6Thread+0x129
C  [libsystem_pthread.dylib+0x6514]  _pthread_start+0x7d
C  [libsystem_pthread.dylib+0x202f]  thread_start+0xf

Java frames: (J=compiled Java code, j=interpreted, Vv=VM code)
J 2743  com.sun.prism.es2.GLContext.nDrawIndexedQuads(JI[F[B)V javafx.graphics (0 bytes) @ 0x000000012425fd9c [0x000000012425fd20+0x000000000000007c]
J 2660 c1 com.sun.prism.es2.ES2Context.renderQuads([F[BI)V javafx.graphics (11 bytes) @ 0x000000011d0c10b4 [0x000000011d0c1020+0x0000000000000094]
J 1881 c1 com.sun.prism.impl.VertexBuffer.flush()V javafx.graphics (32 bytes) @ 0x000000011cf1ec5c [0x000000011cf1e9c0+0x000000000000029c]
J 2728 c1 com.sun.prism.impl.ps.BaseShaderContext.validatePaintOp(Lcom/sun/prism/impl/ps/BaseShaderGraphics;Lcom/sun/javafx/geom/transform/BaseTransform;Lcom/sun/prism/impl/ps/BaseShaderContext$MaskType;Lcom/sun/prism/Texture;FFFF)Lcom/sun/prism/ps/Shader; javafx.graphics (321 bytes) @ 0x000000011d0da1f4 [0x000000011d0da0e0+0x0000000000000114]
j  com.sun.prism.impl.ps.BaseShaderContext.validatePaintOp(Lcom/sun/prism/impl/ps/BaseShaderGraphics;Lcom/sun/javafx/geom/transform/BaseTransform;Lcom/sun/prism/impl/ps/BaseShaderContext$MaskType;FFFF)Lcom/sun/prism/ps/Shader;+13 javafx.graphics
j  com.sun.prism.impl.ps.BaseShaderGraphics.renderGeneralRoundedPgram(FFFFFFFFFFLcom/sun/javafx/geom/transform/BaseTransform;Lcom/sun/prism/impl/ps/BaseShaderContext$MaskType;FFFF)V+1139 javafx.graphics
j  com.sun.prism.impl.ps.BaseShaderGraphics.renderGeneralRoundedRect(FFFFFFLcom/sun/prism/impl/ps/BaseShaderContext$MaskType;Lcom/sun/prism/BasicStroke;)V+384 javafx.graphics
j  com.sun.prism.impl.ps.BaseShaderGraphics.fillRect(FFFF)V+145 javafx.graphics
j  com.sun.javafx.sg.prism.NGRegion.renderBackgroundRectanglesDirectly(Lcom/sun/prism/Graphics;FF)V+226 javafx.graphics
j  com.sun.javafx.sg.prism.NGRegion.renderBackgroundRectangle(Lcom/sun/prism/Graphics;)V+442 javafx.graphics
J 2938 c1 com.sun.javafx.sg.prism.NGRegion.renderContent(Lcom/sun/prism/Graphics;)V javafx.graphics (115 bytes) @ 0x000000011d1362ac [0x000000011d1358e0+0x00000000000009cc]
j  com.sun.javafx.sg.prism.NGNode.renderForClip(Lcom/sun/prism/Graphics;)V+17 javafx.graphics
j  com.sun.javafx.sg.prism.NGNode.renderRectClip(Lcom/sun/prism/Graphics;Lcom/sun/javafx/sg/prism/NGRectangle;)V+106 javafx.graphics
j  com.sun.javafx.sg.prism.NGNode.renderClip(Lcom/sun/prism/Graphics;)V+83 javafx.graphics
J 2024 c1 com.sun.javafx.sg.prism.NGNode.doRender(Lcom/sun/prism/Graphics;)V javafx.graphics (473 bytes) @ 0x000000011cf53ed4 [0x000000011cf527c0+0x0000000000001714]
J 1952 c1 com.sun.javafx.sg.prism.NGNode.render(Lcom/sun/prism/Graphics;)V javafx.graphics (38 bytes) @ 0x000000011cf3bcf4 [0x000000011cf3ba40+0x00000000000002b4]
J 2804 c1 com.sun.javafx.sg.prism.NGGroup.renderContent(Lcom/sun/prism/Graphics;)V javafx.graphics (422 bytes) @ 0x000000011d0f45c4 [0x000000011d0f4060+0x0000000000000564]
J 2938 c1 com.sun.javafx.sg.prism.NGRegion.renderContent(Lcom/sun/prism/Graphics;)V javafx.graphics (115 bytes) @ 0x000000011d136d2c [0x000000011d1358e0+0x000000000000144c]
J 2024 c1 com.sun.javafx.sg.prism.NGNode.doRender(Lcom/sun/prism/Graphics;)V javafx.graphics (473 bytes) @ 0x000000011cf541f4 [0x000000011cf527c0+0x0000000000001a34]
J 1952 c1 com.sun.javafx.sg.prism.NGNode.render(Lcom/sun/prism/Graphics;)V javafx.graphics (38 bytes) @ 0x000000011cf3bcf4 [0x000000011cf3ba40+0x00000000000002b4]
J 2804 c1 com.sun.javafx.sg.prism.NGGroup.renderContent(Lcom/sun/prism/Graphics;)V javafx.graphics (422 bytes) @ 0x000000011d0f45c4 [0x000000011d0f4060+0x0000000000000564]
J 2938 c1 com.sun.javafx.sg.prism.NGRegion.renderContent(Lcom/sun/prism/Graphics;)V javafx.graphics (115 bytes) @ 0x000000011d136d2c [0x000000011d1358e0+0x000000000000144c]
J 2024 c1 com.sun.javafx.sg.prism.NGNode.doRender(Lcom/sun/prism/Graphics;)V javafx.graphics (473 bytes) @ 0x000000011cf541f4 [0x000000011cf527c0+0x0000000000001a34]
J 1952 c1 com.sun.javafx.sg.prism.NGNode.render(Lcom/sun/prism/Graphics;)V javafx.graphics (38 bytes) @ 0x000000011cf3bcf4 [0x000000011cf3ba40+0x00000000000002b4]
J 2804 c1 com.sun.javafx.sg.prism.NGGroup.renderContent(Lcom/sun/prism/Graphics;)V javafx.graphics (422 bytes) @ 0x000000011d0f45c4 [0x000000011d0f4060+0x0000000000000564]
J 2938 c1 com.sun.javafx.sg.prism.NGRegion.renderContent(Lcom/sun/prism/Graphics;)V javafx.graphics (115 bytes) @ 0x000000011d136d2c [0x000000011d1358e0+0x000000000000144c]
j  com.sun.javafx.sg.prism.NGNode.renderForClip(Lcom/sun/prism/Graphics;)V+17 javafx.graphics
j  com.sun.javafx.sg.prism.NGNode.renderRectClip(Lcom/sun/prism/Graphics;Lcom/sun/javafx/sg/prism/NGRectangle;)V+106 javafx.graphics
j  com.sun.javafx.sg.prism.NGNode.renderClip(Lcom/sun/prism/Graphics;)V+83 javafx.graphics
J 2024 c1 com.sun.javafx.sg.prism.NGNode.doRender(Lcom/sun/prism/Graphics;)V javafx.graphics (473 bytes) @ 0x000000011cf53ed4 [0x000000011cf527c0+0x0000000000001714]
J 1952 c1 com.sun.javafx.sg.prism.NGNode.render(Lcom/sun/prism/Graphics;)V javafx.graphics (38 bytes) @ 0x000000011cf3bcf4 [0x000000011cf3ba40+0x00000000000002b4]
J 2804 c1 com.sun.javafx.sg.prism.NGGroup.renderContent(Lcom/sun/prism/Graphics;)V javafx.graphics (422 bytes) @ 0x000000011d0f45c4 [0x000000011d0f4060+0x0000000000000564]
J 2938 c1 com.sun.javafx.sg.prism.NGRegion.renderContent(Lcom/sun/prism/Graphics;)V javafx.graphics (115 bytes) @ 0x000000011d136d2c [0x000000011d1358e0+0x000000000000144c]
j  com.sun.javafx.sg.prism.NGNode.renderForClip(Lcom/sun/prism/Graphics;)V+17 javafx.graphics
j  com.sun.javafx.sg.prism.NGNode.renderRectClip(Lcom/sun/prism/Graphics;Lcom/sun/javafx/sg/prism/NGRectangle;)V+106 javafx.graphics
j  com.sun.javafx.sg.prism.NGNode.renderClip(Lcom/sun/prism/Graphics;)V+83 javafx.graphics
J 2024 c1 com.sun.javafx.sg.prism.NGNode.doRender(Lcom/sun/prism/Graphics;)V javafx.graphics (473 bytes) @ 0x000000011cf53ed4 [0x000000011cf527c0+0x0000000000001714]
J 1952 c1 com.sun.javafx.sg.prism.NGNode.render(Lcom/sun/prism/Graphics;)V javafx.graphics (38 bytes) @ 0x000000011cf3bcf4 [0x000000011cf3ba40+0x00000000000002b4]
J 2804 c1 com.sun.javafx.sg.prism.NGGroup.renderContent(Lcom/sun/prism/Graphics;)V javafx.graphics (422 bytes) @ 0x000000011d0f45c4 [0x000000011d0f4060+0x0000000000000564]
J 2938 c1 com.sun.javafx.sg.prism.NGRegion.renderContent(Lcom/sun/prism/Graphics;)V javafx.graphics (115 bytes) @ 0x000000011d136d2c [0x000000011d1358e0+0x000000000000144c]
J 2024 c1 com.sun.javafx.sg.prism.NGNode.doRender(Lcom/sun/prism/Graphics;)V javafx.graphics (473 bytes) @ 0x000000011cf541f4 [0x000000011cf527c0+0x0000000000001a34]
J 1952 c1 com.sun.javafx.sg.prism.NGNode.render(Lcom/sun/prism/Graphics;)V javafx.graphics (38 bytes) @ 0x000000011cf3bcf4 [0x000000011cf3ba40+0x00000000000002b4]
j  com.sun.javafx.tk.quantum.ViewPainter.doPaint(Lcom/sun/prism/Graphics;Lcom/sun/javafx/sg/prism/NodePath;)V+201 javafx.graphics
j  com.sun.javafx.tk.quantum.ViewPainter.paintImpl(Lcom/sun/prism/Graphics;)V+932 javafx.graphics
j  com.sun.javafx.tk.quantum.PresentingPainter.run()V+326 javafx.graphics
j  java.util.concurrent.Executors$RunnableAdapter.call()Ljava/lang/Object;+4 java.base@14
j  java.util.concurrent.FutureTask.runAndReset()Z+44 java.base@14
j  com.sun.javafx.tk.RenderJob.run()V+1 javafx.graphics
j  java.util.concurrent.ThreadPoolExecutor.runWorker(Ljava/util/concurrent/ThreadPoolExecutor$Worker;)V+92 java.base@14
j  java.util.concurrent.ThreadPoolExecutor$Worker.run()V+5 java.base@14
j  com.sun.javafx.tk.quantum.QuantumRenderer$PipelineRunnable.run()V+8 javafx.graphics
j  java.lang.Thread.run()V+11 java.base@14
v  ~StubRoutines::call_stub

siginfo: si_signo: 10 (SIGBUS), si_code: 2 (BUS_ADRERR), si_addr: 0x0000000786700024

Register to memory mapping:

RAX=0x0000000134c4e080 points into unknown readable memory: 00 80 09 44 00 00 34 43
RBX=0x0000000132a06000 points into unknown readable memory: 00 00 01 00 02 00 02 00
RCX=0x0 is NULL
RDX=0x0 is NULL
RSP=0x00007000069e68c8 is pointing into the stack for thread: 0x00007fb4b1986000
RBP=0x00007000069e68d0 is pointing into the stack for thread: 0x00007fb4b1986000
RSI=0x0 is NULL
RDI=0x00007fb4b376d000 points into unknown readable memory: 00 00 00 00 00 00 00 00
R8 =0x0 is NULL
R9 =0x0000000134c4e200 points into unknown readable memory: 00 00 06 6d c7 f3 ff ff
R10=0x00007fb4b2b38000 points into unknown readable memory: 00 00 00 00 00 00 00 00
R11=
[error occurred during error reporting (printing register info), id 0xa, SIGBUS (0xa) at pc=0x000000010eaab815]

Registers:
RAX=0x0000000134c4e080, RBX=0x0000000132a06000, RCX=0x0000000000000000, RDX=0x0000000000000000
RSP=0x00007000069e68c8, RBP=0x00007000069e68d0, RSI=0x0000000000000000, RDI=0x00007fb4b376d000
R8 =0x0000000000000000, R9 =0x0000000134c4e200, R10=0x00007fb4b2b38000, R11=0x0000000786700024
R12=0x00007fb4b376d000, R13=0x00007fb4b2b38000, R14=0x0000000000000006, R15=0x0000000000000006
RIP=0x0000000134d940a1, EFLAGS=0x0000000000010206, ERR=0x0000000000000004
  TRAPNO=0x000000000000000e

Top of Stack: (sp=0x00007000069e68c8)
0x00007000069e68c8:   0000000000000000 00007000069e6930
0x00007000069e68d8:   00007ffa22c432cf 000000013626fdf8
0x00007000069e68e8:   00007fb4b2b38440 0000000000000004
0x00007000069e68f8:   0000000000000006 0000000600000004
0x00007000069e6908:   0000000780881488 00007fb4b1986310
0x00007000069e6918:   0000000000000002 00007fb4b1324eb0
0x00007000069e6928:   000000078067fe48 00007000069e6990
0x00007000069e6938:   000000010e5ea607 0000700000000000
0x00007000069e6948:   00007000069e69b8 00007000069e69b0
0x00007000069e6958:   0000000780881488 00000004069e69d8
0x00007000069e6968:   000000078067fe38 0000000000000000
0x00007000069e6978:   00007000069e6c20 00007000069e69d0
0x00007000069e6988:   00007fb4b1986000 00007000069e69e0
0x00007000069e6998:   000000012425fe19 00007fb4b1986000
0x00007000069e69a8:   000000002dc22901 0000000780881478
0x00007000069e69b8:   000000078067fe38 00007000069e6a00
0x00007000069e69c8:   000000010ea09525 000000078007cb20
0x00007000069e69d8:   000000012dc22998 00007000069e6cb0
0x00007000069e69e8:   000000011d0c10b4 0000000000000000
0x00007000069e69f8:   00007fb4b130aa70 00007000069e6ac0
0x00007000069e6a08:   000000010ee60861 00007fb4b1986000
0x00007000069e6a18:   0000000134fa7340 0000000780674e00
0x00007000069e6a28:   0000000000000001 000000012dda3538
0x00007000069e6a38:   00007f010000009d 0000000000000000
0x00007000069e6a48:   0000000000000000 00007000069e6cb0
0x00007000069e6a58:   000000011cf1ec5c 000000011c6cea64
0x00007000069e6a68:   000000012dc22998 0000700000010100
0x00007000069e6a78:   00007000069e7d48 000000011d187910
0x00007000069e6a88:   0000000134fa7ee8 2dc2290134fa7bc8
0x00007000069e6a98:   00007000069e7d88 00007fb4b1986000
0x00007000069e6aa8:   00007fb43426e710 0000000780674e00
0x00007000069e6ab8:   0000000780881478 000000078067fe38 

Instructions: (pc=0x0000000134d940a1)
0x0000000134d93fa1:   00 00 00 00 00 00 00 00 00 00 00 00 00 00 00 00
0x0000000134d93fb1:   00 00 00 00 00 00 00 00 00 00 00 00 00 00 00 00
0x0000000134d93fc1:   00 00 00 00 00 00 00 00 00 00 00 00 00 00 00 00
0x0000000134d93fd1:   00 00 00 00 00 00 00 00 00 00 00 00 00 00 00 00
0x0000000134d93fe1:   00 00 00 00 00 00 00 00 00 00 00 00 00 00 00 00
0x0000000134d93ff1:   00 00 00 00 00 00 00 00 00 00 00 00 00 00 00 00
0x0000000134d94001:   00 00 00 01 00 00 00 00 00 00 00 01 00 00 00 e4
0x0000000134d94011:   00 00 00 39 00 00 00 4e 00 00 00 93 00 00 00 14
0x0000000134d94021:   00 00 00 00 00 00 00 01 7a 52 00 01 78 10 01 10
0x0000000134d94031:   0c 07 08 90 01 00 00 24 00 00 00 1c 00 00 00 20
0x0000000134d94041:   00 00 00 00 00 00 00 eb 00 00 00 00 00 00 00 00
0x0000000134d94051:   41 0e 10 86 02 43 0d 06 41 83 03 00 00 00 00 55
0x0000000134d94061:   48 89 e5 53 41 89 d0 48 8b 87 80 a2 00 00 4c 8b
0x0000000134d94071:   8f a0 a2 00 00 4c 8b 97 a8 a5 00 00 48 63 de 48
0x0000000134d94081:   01 db 48 03 9f 80 a5 00 00 66 0f ef c0 66 90 0f
0x0000000134d94091:   b7 13 44 01 c2 4d 8b 9a 58 04 00 00 48 6b ca 1c
0x0000000134d940a1:   f2 41 0f 10 0c 0b c7 45 f0 00 00 00 00 c7 45 f4
0x0000000134d940b1:   00 00 80 3f f2 0f 10 55 f0 f2 0f 11 08 f2 0f 11
0x0000000134d940c1:   50 08 49 8b b2 50 04 00 00 f2 0f 10 0c 0e c7 45
0x0000000134d940d1:   f0 00 00 00 00 c7 45 f4 00 00 80 3f f2 0f 10 55
0x0000000134d940e1:   f0 f2 0f 11 48 10 f2 0f 11 50 18 49 8b b2 48 04
0x0000000134d940f1:   00 00 f3 0f 10 0c 96 66 0f 60 c8 66 0f 61 c8 0f
0x0000000134d94101:   5b c9 0f 59 8f 70 01 00 00 0f 29 48 20 49 8b 92
0x0000000134d94111:   40 04 00 00 f2 0f 10 0c 0a f3 0f 10 54 0a 08 66
0x0000000134d94121:   0f 14 ca 66 0f 29 48 30 c7 40 3c 00 00 80 3f 48
0x0000000134d94131:   83 c0 40 48 83 c3 02 4c 39 c8 0f 85 4f ff ff ff
0x0000000134d94141:   48 89 87 80 a2 00 00 5b 5d c3 00 00 00 00 00 00
0x0000000134d94151:   00 00 00 00 00 00 00 00 00 00 00 00 00 00 00 00
0x0000000134d94161:   00 00 00 00 00 00 00 00 00 00 00 00 00 00 00 00
0x0000000134d94171:   00 00 00 00 00 00 00 00 00 00 00 00 00 00 00 00
0x0000000134d94181:   00 00 00 00 00 00 00 00 00 00 00 00 00 00 00 00
0x0000000134d94191:   00 00 00 00 00 00 00 00 00 00 00 00 00 00 00 00 


Stack slot to memory mapping:
stack at sp + 0 slots: 0x0 is NULL
stack at sp + 1 slots: 0x00007000069e6930 is pointing into the stack for thread: 0x00007fb4b1986000
stack at sp + 2 slots: 0x00007ffa22c432cf: glDrawElements_IMM_Exec+0x3b8 in /System/Library/Frameworks/OpenGL.framework/Versions/A/Resources/GLEngine.bundle/GLEngine at 0x00007ffa22b6a000
stack at sp + 3 slots: 0x000000013626fdf8 is pointing into metadata
stack at sp + 4 slots: 0x00007fb4b2b38440 points into unknown readable memory: 10 00 70 86 07 00 00 00
stack at sp + 5 slots: 0x0000000000000004 is an unknown value
stack at sp + 6 slots: 0x0000000000000006 is an unknown value
stack at sp + 7 slots: 0x0000000600000004 is an unknown value


---------------  P R O C E S S  ---------------

Threads class SMR info:
_java_thread_list=0x0000600002281320, length=23, elements={
0x00007fb4b2011000, 0x00007fb4b2809800, 0x00007fb4b0826800, 0x00007fb4b2812800,
0x00007fb4b180d800, 0x00007fb4b180e800, 0x00007fb4b1817800, 0x00007fb4b0815000,
0x00007fb4b182a000, 0x00007fb4b20b9000, 0x00007fb4b22bf800, 0x00007fb4b1986000,
0x00007fb4b1835000, 0x00007fb4b09ad000, 0x00007fb4b0aa1800, 0x00007fb4b19f5000,
0x00007fb4b1b79000, 0x00007fb4b0aa3000, 0x00007fb4b0aa4000, 0x00007fb4b1b79800,
0x00007fb4b1adb000, 0x00007fb4b2602000, 0x00007fb4b1be4000
}

Java Threads: ( => current thread )
  0x00007fb4b2011000 JavaThread "main" [_thread_blocked, id=6147, stack(0x00007000054ab000,0x00007000055ab000)]
  0x00007fb4b2809800 JavaThread "Reference Handler" daemon [_thread_blocked, id=13827, stack(0x0000700005bc0000,0x0000700005cc0000)]
  0x00007fb4b0826800 JavaThread "Finalizer" daemon [_thread_blocked, id=14339, stack(0x0000700005cc3000,0x0000700005dc3000)]
  0x00007fb4b2812800 JavaThread "Signal Dispatcher" daemon [_thread_blocked, id=22019, stack(0x0000700005ecc000,0x0000700005fcc000)]
  0x00007fb4b180d800 JavaThread "Service Thread" daemon [_thread_blocked, id=22531, stack(0x0000700005fcf000,0x00007000060cf000)]
  0x00007fb4b180e800 JavaThread "C2 CompilerThread0" daemon [_thread_blocked, id=42243, stack(0x00007000060d2000,0x00007000061d2000)]
  0x00007fb4b1817800 JavaThread "C1 CompilerThread0" daemon [_thread_blocked, id=41475, stack(0x00007000061d5000,0x00007000062d5000)]
  0x00007fb4b0815000 JavaThread "Sweeper thread" daemon [_thread_blocked, id=40707, stack(0x00007000062d8000,0x00007000063d8000)]
  0x00007fb4b182a000 JavaThread "Common-Cleaner" daemon [_thread_blocked, id=23043, stack(0x00007000063db000,0x00007000064db000)]
  0x00007fb4b20b9000 JavaThread "Monitor Ctrl-Break" daemon [_thread_in_native, id=39683, stack(0x00007000065e1000,0x00007000066e1000)]
  0x00007fb4b22bf800 JavaThread "Notification Thread" daemon [_thread_blocked, id=24323, stack(0x00007000066e4000,0x00007000067e4000)]
=>0x00007fb4b1986000 JavaThread "QuantumRenderer-0" daemon [_thread_in_native, id=38659, stack(0x00007000068ea000,0x00007000069ea000)]
  0x00007fb4b1835000 JavaThread "InvokeLaterDispatcher" daemon [_thread_blocked, id=34567, stack(0x00007000069ed000,0x0000700006aed000)]
  0x00007fb4b09ad000 JavaThread "JavaFX Application Thread" [_thread_blocked, id=259, stack(0x00007ff7b1d59000,0x00007ff7b2559000)]
  0x00007fb4b0aa1800 JavaThread "Thread-2" daemon [_thread_in_native, id=82951, stack(0x0000700006df9000,0x0000700006e79000)]
  0x00007fb4b19f5000 JavaThread "JavaFX-Launcher" [_thread_blocked, id=74499, stack(0x0000700006f82000,0x0000700007082000)]
  0x00007fb4b1b79000 JavaThread "Thread-4" [_thread_blocked, id=72203, stack(0x0000700007085000,0x0000700007185000)]
  0x00007fb4b0aa3000 JavaThread "Thread-5" [_thread_blocked, id=55555, stack(0x0000700007188000,0x0000700007288000)]
  0x00007fb4b0aa4000 JavaThread "Thread-6" [_thread_blocked, id=56323, stack(0x000070000728b000,0x000070000738b000)]
  0x00007fb4b1b79800 JavaThread "Thread-7" [_thread_blocked, id=56835, stack(0x000070000738e000,0x000070000748e000)]
  0x00007fb4b1adb000 JavaThread "Attach Listener" daemon [_thread_blocked, id=57347, stack(0x0000700007491000,0x0000700007591000)]
  0x00007fb4b2602000 JavaThread "Prism Font Disposer" daemon [_thread_blocked, id=70403, stack(0x0000700007594000,0x0000700007694000)]
  0x00007fb4b1be4000 JavaThread "Cleaner-0" daemon [_thread_blocked, id=87819, stack(0x00007000078a0000,0x00007000079a0000)]

Other Threads:
  0x00007fb4b180a800 VMThread "VM Thread" [stack: 0x0000700005abd000,0x0000700005bbd000] [id=13059]
  0x00007fb4b1840800 WatcherThread [stack: 0x00007000067e7000,0x00007000068e7000] [id=24579]
  0x00007fb4b2038000 GCTaskThread "GC Thread#0" [stack: 0x00007000055ae000,0x00007000056ae000] [id=19971]
  0x00007fb4b2aff000 GCTaskThread "GC Thread#1" [stack: 0x0000700006af0000,0x0000700006bf0000] [id=48135]
  0x00007fb4b0a95000 GCTaskThread "GC Thread#2" [stack: 0x0000700006bf3000,0x0000700006cf3000] [id=84227]
  0x00007fb4b0a95800 GCTaskThread "GC Thread#3" [stack: 0x0000700006cf6000,0x0000700006df6000] [id=48899]
  0x00007fb4b2049000 ConcurrentGCThread "G1 Main Marker" [stack: 0x00007000056b1000,0x00007000057b1000] [id=12547]
  0x00007fb4b204a000 ConcurrentGCThread "G1 Conc#0" [stack: 0x00007000057b4000,0x00007000058b4000] [id=18947]
  0x00007fb4b209a800 ConcurrentGCThread "G1 Refine#0" [stack: 0x00007000058b7000,0x00007000059b7000] [id=18435]
  0x00007fb4b1b9e800 ConcurrentGCThread "G1 Refine#1" [stack: 0x0000700007697000,0x0000700007797000] [id=69891]
  0x00007fb4b209b800 ConcurrentGCThread "G1 Young RemSet Sampling" [stack: 0x00007000059ba000,0x0000700005aba000] [id=17923]

Threads with active compile tasks:

VM state:not at safepoint (normal execution)

VM Mutex/Monitor currently owned by a thread: None

Heap address: 0x0000000780000000, size: 2048 MB, Compressed Oops mode: Zero based, Oop shift amount: 3
Narrow klass base: 0x0000000800000000, Narrow klass shift: 3
Compressed class space size: 1073741824 Address: 0x0000000800b05000

Heap:
 garbage-first heap   total 51200K, used 14554K [0x0000000780000000, 0x0000000800000000)
  region size 1024K, 1 young (1024K), 0 survivors (0K)
 Metaspace       used 19194K, capacity 20120K, committed 20352K, reserved 1067008K
  class space    used 2770K, capacity 3155K, committed 3200K, reserved 1048576K
Heap Regions: E=young(eden), S=young(survivor), O=old, HS=humongous(starts), HC=humongous(continues), CS=collection set, F=free, OA=open archive, CA=closed archive, TAMS=top-at-mark-start (previous, next)
|   0|0x0000000780000000, 0x0000000780100000, 0x0000000780100000|100%| O|  |TAMS 0x0000000780000000, 0x0000000780000000| Untracked 
|   1|0x0000000780100000, 0x00000007801ffff8, 0x0000000780200000| 99%| O|  |TAMS 0x0000000780100000, 0x0000000780100000| Untracked 
|   2|0x0000000780200000, 0x0000000780300000, 0x0000000780300000|100%| O|  |TAMS 0x0000000780200000, 0x0000000780200000| Untracked 
|   3|0x0000000780300000, 0x0000000780400000, 0x0000000780400000|100%|HS|  |TAMS 0x0000000780300000, 0x0000000780300000| Untracked 
|   4|0x0000000780400000, 0x0000000780500000, 0x0000000780500000|100%|HC|  |TAMS 0x0000000780400000, 0x0000000780400000| Untracked 
|   5|0x0000000780500000, 0x00000007805ffff8, 0x0000000780600000| 99%| O|  |TAMS 0x0000000780500000, 0x0000000780500000| Untracked 
|   6|0x0000000780600000, 0x00000007806ffff0, 0x0000000780700000| 99%| O|  |TAMS 0x0000000780600000, 0x0000000780600000| Untracked 
|   7|0x0000000780700000, 0x0000000780800000, 0x0000000780800000|100%| O|  |TAMS 0x0000000780700000, 0x0000000780700000| Untracked 
|   8|0x0000000780800000, 0x00000007808ffff0, 0x0000000780900000| 99%| O|  |TAMS 0x0000000780800000, 0x0000000780800000| Untracked 
|   9|0x0000000780900000, 0x00000007809ffff8, 0x0000000780a00000| 99%| O|  |TAMS 0x0000000780900000, 0x0000000780900000| Untracked 
|  10|0x0000000780a00000, 0x0000000780a59cb0, 0x0000000780b00000| 35%| O|  |TAMS 0x0000000780a00000, 0x0000000780a00000| Untracked 
|  11|0x0000000780b00000, 0x0000000780b00000, 0x0000000780c00000|  0%| F|  |TAMS 0x0000000780b00000, 0x0000000780b00000| Untracked 
|  12|0x0000000780c00000, 0x0000000780cfe0d0, 0x0000000780d00000| 99%| O|  |TAMS 0x0000000780c00000, 0x0000000780c00000| Untracked 
|  13|0x0000000780d00000, 0x0000000780d00000, 0x0000000780e00000|  0%| F|  |TAMS 0x0000000780d00000, 0x0000000780d00000| Untracked 
|  14|0x0000000780e00000, 0x0000000780e12c60, 0x0000000780f00000|  7%| O|  |TAMS 0x0000000780e00000, 0x0000000780e00000| Untracked 
|  15|0x0000000780f00000, 0x0000000781000000, 0x0000000781000000|100%|HS|  |TAMS 0x0000000780f00000, 0x0000000780f00000| Complete 
|  16|0x0000000781000000, 0x0000000781100000, 0x0000000781100000|100%|HC|  |TAMS 0x0000000781000000, 0x0000000781000000| Complete 
|  17|0x0000000781100000, 0x0000000781100000, 0x0000000781200000|  0%| F|  |TAMS 0x0000000781100000, 0x0000000781100000| Untracked 
|  18|0x0000000781200000, 0x0000000781200000, 0x0000000781300000|  0%| F|  |TAMS 0x0000000781200000, 0x0000000781200000| Untracked 
|  19|0x0000000781300000, 0x0000000781300000, 0x0000000781400000|  0%| F|  |TAMS 0x0000000781300000, 0x0000000781300000| Untracked 
|  20|0x0000000781400000, 0x0000000781400000, 0x0000000781500000|  0%| F|  |TAMS 0x0000000781400000, 0x0000000781400000| Untracked 
|  21|0x0000000781500000, 0x0000000781500000, 0x0000000781600000|  0%| F|  |TAMS 0x0000000781500000, 0x0000000781500000| Untracked 
|  22|0x0000000781600000, 0x0000000781600000, 0x0000000781700000|  0%| F|  |TAMS 0x0000000781600000, 0x0000000781600000| Untracked 
|  23|0x0000000781700000, 0x0000000781700000, 0x0000000781800000|  0%| F|  |TAMS 0x0000000781700000, 0x0000000781700000| Untracked 
|  24|0x0000000781800000, 0x0000000781800000, 0x0000000781900000|  0%| F|  |TAMS 0x0000000781800000, 0x0000000781800000| Untracked 
|  25|0x0000000781900000, 0x0000000781900000, 0x0000000781a00000|  0%| F|  |TAMS 0x0000000781900000, 0x0000000781900000| Untracked 
|  26|0x0000000781a00000, 0x0000000781a00000, 0x0000000781b00000|  0%| F|  |TAMS 0x0000000781a00000, 0x0000000781a00000| Untracked 
|  27|0x0000000781b00000, 0x0000000781b00000, 0x0000000781c00000|  0%| F|  |TAMS 0x0000000781b00000, 0x0000000781b00000| Untracked 
|  28|0x0000000781c00000, 0x0000000781c00000, 0x0000000781d00000|  0%| F|  |TAMS 0x0000000781c00000, 0x0000000781c00000| Untracked 
|  29|0x0000000781d00000, 0x0000000781d00000, 0x0000000781e00000|  0%| F|  |TAMS 0x0000000781d00000, 0x0000000781d00000| Untracked 
|  30|0x0000000781e00000, 0x0000000781e00000, 0x0000000781f00000|  0%| F|  |TAMS 0x0000000781e00000, 0x0000000781e00000| Untracked 
|  31|0x0000000781f00000, 0x0000000781f00000, 0x0000000782000000|  0%| F|  |TAMS 0x0000000781f00000, 0x0000000781f00000| Untracked 
|  32|0x0000000782000000, 0x0000000782000000, 0x0000000782100000|  0%| F|  |TAMS 0x0000000782000000, 0x0000000782000000| Untracked 
|  33|0x0000000782100000, 0x0000000782100000, 0x0000000782200000|  0%| F|  |TAMS 0x0000000782100000, 0x0000000782100000| Untracked 
|  34|0x0000000782200000, 0x0000000782200000, 0x0000000782300000|  0%| F|  |TAMS 0x0000000782200000, 0x0000000782200000| Untracked 
|  35|0x0000000782300000, 0x0000000782300000, 0x0000000782400000|  0%| F|  |TAMS 0x0000000782300000, 0x0000000782300000| Untracked 
|  36|0x0000000782400000, 0x0000000782400000, 0x0000000782500000|  0%| F|  |TAMS 0x0000000782400000, 0x0000000782400000| Untracked 
|  37|0x0000000782500000, 0x0000000782500000, 0x0000000782600000|  0%| F|  |TAMS 0x0000000782500000, 0x0000000782500000| Untracked 
|  38|0x0000000782600000, 0x0000000782600000, 0x0000000782700000|  0%| F|  |TAMS 0x0000000782600000, 0x0000000782600000| Untracked 
|  39|0x0000000782700000, 0x0000000782700000, 0x0000000782800000|  0%| F|  |TAMS 0x0000000782700000, 0x0000000782700000| Untracked 
|  40|0x0000000782800000, 0x0000000782800000, 0x0000000782900000|  0%| F|  |TAMS 0x0000000782800000, 0x0000000782800000| Untracked 
|  41|0x0000000782900000, 0x0000000782900000, 0x0000000782a00000|  0%| F|  |TAMS 0x0000000782900000, 0x0000000782900000| Untracked 
|  42|0x0000000782a00000, 0x0000000782a00000, 0x0000000782b00000|  0%| F|  |TAMS 0x0000000782a00000, 0x0000000782a00000| Untracked 
|  43|0x0000000782b00000, 0x0000000782b00000, 0x0000000782c00000|  0%| F|  |TAMS 0x0000000782b00000, 0x0000000782b00000| Untracked 
|  44|0x0000000782c00000, 0x0000000782c00000, 0x0000000782d00000|  0%| F|  |TAMS 0x0000000782c00000, 0x0000000782c00000| Untracked 
|  84|0x0000000785400000, 0x0000000785400000, 0x0000000785500000|  0%| F|  |TAMS 0x0000000785400000, 0x0000000785400000| Untracked 
|  87|0x0000000785700000, 0x0000000785700000, 0x0000000785800000|  0%| F|  |TAMS 0x0000000785700000, 0x0000000785700000| Untracked 
|  88|0x0000000785800000, 0x000000078588fb38, 0x0000000785900000| 56%| E|  |TAMS 0x0000000785800000, 0x0000000785800000| Complete 
|1022|0x00000007bfe00000, 0x00000007bfe51000, 0x00000007bff00000| 31%|OA|  |TAMS 0x00000007bfe00000, 0x00000007bfe00000| Untracked 
|1023|0x00000007bff00000, 0x00000007bff7b000, 0x00000007c0000000| 48%|CA|  |TAMS 0x00000007bff00000, 0x00000007bff00000| Untracked 

Card table byte_map: [0x000000010e17b000,0x000000010e57b000] _byte_map_base: 0x000000010a57b000

Marking Bits (Prev, Next): (CMBitMap*) 0x00007fb4b2038818, (CMBitMap*) 0x00007fb4b2038858
 Prev Bits: [0x000000011814c000, 0x000000011a14c000)
 Next Bits: [0x000000011a14c000, 0x000000011c14c000)

Polling page: 0x000000010dae1000

Metaspace:

Usage:
  Non-class:     16.57 MB capacity,    16.04 MB ( 97%) used,   437.47 KB (  3%) free+waste,   103.12 KB ( <1%) overhead. 
      Class:      3.08 MB capacity,     2.71 MB ( 88%) used,   332.26 KB ( 11%) free+waste,    52.44 KB (  2%) overhead. 
       Both:     19.65 MB capacity,    18.74 MB ( 95%) used,   769.73 KB (  4%) free+waste,   155.56 KB ( <1%) overhead. 

Virtual space:
  Non-class space:       18.00 MB reserved,      16.75 MB ( 93%) committed 
      Class space:        1.00 GB reserved,       3.12 MB ( <1%) committed 
             Both:        1.02 GB reserved,      19.88 MB (  2%) committed 

Chunk freelists:
   Non-Class:  59.00 KB
       Class:  25.00 KB
        Both:  84.00 KB

MaxMetaspaceSize: unlimited
CompressedClassSpaceSize: 1.00 GB

CodeHeap 'non-profiled nmethods': size=120032Kb used=1630Kb max_used=1630Kb free=118401Kb
 bounds [0x0000000124152000, 0x00000001243c2000, 0x000000012b68a000]
CodeHeap 'profiled nmethods': size=120028Kb used=6603Kb max_used=6603Kb free=113424Kb
 bounds [0x000000011cc1b000, 0x000000011d29b000, 0x0000000124152000]
CodeHeap 'non-nmethods': size=5700Kb used=1478Kb max_used=1541Kb free=4221Kb
 bounds [0x000000011c68a000, 0x000000011c8fa000, 0x000000011cc1b000]
 total_blobs=5049 nmethods=3552 adapters=725
 compilation: enabled
              stopped_count=0, restarted_count=0
 full_count=0

Compilation events (20 events):
Event: 9.905 Thread 0x00007fb4b1817800 3551       3       com.sun.javafx.geom.transform.Affine3D::scale (27 bytes)
Event: 9.905 Thread 0x00007fb4b1817800 nmethod 3551 0x000000011d289290 code [0x000000011d289460, 0x000000011d289650]
Event: 9.905 Thread 0x00007fb4b1817800 3553       3       com.sun.prism.es2.ES2RTTexture::getFboID (17 bytes)
Event: 9.905 Thread 0x00007fb4b1817800 nmethod 3553 0x000000011d289710 code [0x000000011d2898e0, 0x000000011d289e20]
Event: 9.905 Thread 0x00007fb4b1817800 3548       3       com.sun.prism.impl.ps.BaseShaderContext::isSuperShaderEnabled (48 bytes)
Event: 9.905 Thread 0x00007fb4b1817800 nmethod 3548 0x000000011d28a010 code [0x000000011d28a1c0, 0x000000011d28a450]
Event: 9.905 Thread 0x00007fb4b1817800 3549       3       com.sun.javafx.geom.Point2D::<init> (15 bytes)
Event: 9.906 Thread 0x00007fb4b1817800 nmethod 3549 0x000000011d28a590 code [0x000000011d28a720, 0x000000011d28a890]
Event: 9.907 Thread 0x00007fb4b180e800 nmethod 3538 0x00000001242e7e90 code [0x00000001242e80a0, 0x00000001242e87e8]
Event: 9.907 Thread 0x00007fb4b180e800 3542       4       java.util.ArrayList$Itr::next (66 bytes)
Event: 9.908 Thread 0x00007fb4b1817800 3555       3       com.sun.prism.impl.BaseGraphics::setClipRect (44 bytes)
Event: 9.910 Thread 0x00007fb4b1817800 nmethod 3555 0x000000011d28a990 code [0x000000011d28ab60, 0x000000011d28b0e0]
Event: 9.910 Thread 0x00007fb4b1817800 3557       1       com.sun.prism.BasicStroke::getType (5 bytes)
Event: 9.910 Thread 0x00007fb4b1817800 nmethod 3557 0x00000001242e8f10 code [0x00000001242e90a0, 0x00000001242e9170]
Event: 9.910 Thread 0x00007fb4b180e800 nmethod 3542 0x00000001242e9210 code [0x00000001242e93e0, 0x00000001242e9598]
Event: 9.912 Thread 0x00007fb4b1817800 3558       3       com.sun.javafx.scene.shape.ShapeHelper::updatePeerImpl (15 bytes)
Event: 9.912 Thread 0x00007fb4b1817800 nmethod 3558 0x000000011d28b310 code [0x000000011d28b500, 0x000000011d28ba90]
Event: 9.912 Thread 0x00007fb4b1817800 3559       3       javafx.scene.shape.Shape$1::doUpdatePeer (8 bytes)
Event: 9.912 Thread 0x00007fb4b1817800 nmethod 3559 0x000000011d28bd10 code [0x000000011d28bec0, 0x000000011d28c1e0]
Event: 9.912 Thread 0x00007fb4b1817800 3561       3       com.sun.javafx.sg.prism.NGNode::computeNodeRenderRoot (112 bytes)

GC Heap History (8 events):
Event: 0.608 GC heap before
{Heap before GC invocations=0 (full 0):
 garbage-first heap   total 133120K, used 14128K [0x0000000780000000, 0x0000000800000000)
  region size 1024K, 13 young (13312K), 0 survivors (0K)
 Metaspace       used 3192K, capacity 6109K, committed 6400K, reserved 1056768K
  class space    used 374K, capacity 680K, committed 768K, reserved 1048576K
}
Event: 0.610 GC heap after
{Heap after GC invocations=1 (full 0):
 garbage-first heap   total 133120K, used 2728K [0x0000000780000000, 0x0000000800000000)
  region size 1024K, 2 young (2048K), 2 survivors (2048K)
 Metaspace       used 3192K, capacity 6109K, committed 6400K, reserved 1056768K
  class space    used 374K, capacity 680K, committed 768K, reserved 1048576K
}
Event: 1.348 GC heap before
{Heap before GC invocations=1 (full 0):
 garbage-first heap   total 133120K, used 23208K [0x0000000780000000, 0x0000000800000000)
  region size 1024K, 23 young (23552K), 2 survivors (2048K)
 Metaspace       used 9688K, capacity 10827K, committed 11008K, reserved 1058816K
  class space    used 1291K, capacity 1448K, committed 1536K, reserved 1048576K
}
Event: 1.363 GC heap after
{Heap after GC invocations=2 (full 0):
 garbage-first heap   total 133120K, used 6719K [0x0000000780000000, 0x0000000800000000)
  region size 1024K, 3 young (3072K), 3 survivors (3072K)
 Metaspace       used 9688K, capacity 10827K, committed 11008K, reserved 1058816K
  class space    used 1291K, capacity 1448K, committed 1536K, reserved 1048576K
}
Event: 9.809 GC heap before
{Heap before GC invocations=2 (full 0):
 garbage-first heap   total 133120K, used 50751K [0x0000000780000000, 0x0000000800000000)
  region size 1024K, 46 young (47104K), 3 survivors (3072K)
 Metaspace       used 19139K, capacity 20053K, committed 20352K, reserved 1067008K
  class space    used 2768K, capacity 3154K, committed 3200K, reserved 1048576K
}
Event: 9.833 GC heap after
{Heap after GC invocations=3 (full 1):
 garbage-first heap   total 51200K, used 12513K [0x0000000780000000, 0x0000000800000000)
  region size 1024K, 0 young (0K), 0 survivors (0K)
 Metaspace       used 19139K, capacity 20053K, committed 20352K, reserved 1067008K
  class space    used 2768K, capacity 3154K, committed 3200K, reserved 1048576K
}
Event: 9.835 GC heap before
{Heap before GC invocations=3 (full 1):
 garbage-first heap   total 51200K, used 12513K [0x0000000780000000, 0x0000000800000000)
  region size 1024K, 1 young (1024K), 0 survivors (0K)
 Metaspace       used 19150K, capacity 20056K, committed 20352K, reserved 1067008K
  class space    used 2769K, capacity 3155K, committed 3200K, reserved 1048576K
}
Event: 9.854 GC heap after
{Heap after GC invocations=4 (full 2):
 garbage-first heap   total 51200K, used 12506K [0x0000000780000000, 0x0000000800000000)
  region size 1024K, 0 young (0K), 0 survivors (0K)
 Metaspace       used 19150K, capacity 20056K, committed 20352K, reserved 1067008K
  class space    used 2769K, capacity 3155K, committed 3200K, reserved 1048576K
}

Deoptimization events (20 events):
Event: 9.732 Thread 0x00007fb4b09ad000 DEOPT PACKING pc=0x00000001242d3530 sp=0x00007ff7b25524f0
Event: 9.732 Thread 0x00007fb4b09ad000 DEOPT UNPACKING pc=0x000000011c6d2e25 sp=0x00007ff7b2552480 mode 2
Event: 9.734 Thread 0x00007fb4b09ad000 Uncommon trap: trap_request=0xffffffbe fr.pc=0x00000001242d3530 relative=0x0000000000000390
Event: 9.734 Thread 0x00007fb4b09ad000 Uncommon trap: reason=profile_predicate action=maybe_recompile pc=0x00000001242d3530 method=javafx.css.CompoundSelector.applies(Ljavafx/css/Styleable;[Ljava/util/Set;I)Z @ 89 c2
Event: 9.734 Thread 0x00007fb4b09ad000 DEOPT PACKING pc=0x00000001242d3530 sp=0x00007ff7b2552870
Event: 9.734 Thread 0x00007fb4b09ad000 DEOPT UNPACKING pc=0x000000011c6d2e25 sp=0x00007ff7b2552800 mode 2
Event: 9.734 Thread 0x00007fb4b09ad000 DEOPT PACKING pc=0x000000011cee4276 sp=0x00007ff7b2552960
Event: 9.734 Thread 0x00007fb4b09ad000 DEOPT UNPACKING pc=0x000000011c6d333a sp=0x00007ff7b2551e58 mode 0
Event: 9.834 Thread 0x00007fb4b1986000 Uncommon trap: trap_request=0xfffffff4 fr.pc=0x0000000124242410 relative=0x00000000000002f0
Event: 9.834 Thread 0x00007fb4b1986000 Uncommon trap: reason=null_check action=make_not_entrant pc=0x0000000124242410 method=java.lang.invoke.MethodType.equals(Ljava/lang/Object;)Z @ 39 c2
Event: 9.834 Thread 0x00007fb4b1986000 DEOPT PACKING pc=0x0000000124242410 sp=0x00007000069e58b0
Event: 9.834 Thread 0x00007fb4b1986000 DEOPT UNPACKING pc=0x000000011c6d2e25 sp=0x00007000069e5868 mode 2
Event: 9.834 Thread 0x00007fb4b1986000 Uncommon trap: trap_request=0xffffff45 fr.pc=0x00000001241a861c relative=0x000000000000031c
Event: 9.834 Thread 0x00007fb4b1986000 Uncommon trap: reason=unstable_if action=reinterpret pc=0x00000001241a861c method=java.util.concurrent.ConcurrentHashMap.get(Ljava/lang/Object;)Ljava/lang/Object; @ 152 c2
Event: 9.834 Thread 0x00007fb4b1986000 DEOPT PACKING pc=0x00000001241a861c sp=0x00007000069e58f0
Event: 9.834 Thread 0x00007fb4b1986000 DEOPT UNPACKING pc=0x000000011c6d2e25 sp=0x00007000069e5878 mode 2
Event: 9.834 Thread 0x00007fb4b1986000 Uncommon trap: trap_request=0xffffffde fr.pc=0x00000001241d4380 relative=0x0000000000001260
Event: 9.834 Thread 0x00007fb4b1986000 Uncommon trap: reason=class_check action=maybe_recompile pc=0x00000001241d4380 method=java.util.concurrent.ConcurrentHashMap.putVal(Ljava/lang/Object;Ljava/lang/Object;Z)Ljava/lang/Object; @ 242 c2
Event: 9.834 Thread 0x00007fb4b1986000 DEOPT PACKING pc=0x00000001241d4380 sp=0x00007000069e57f0
Event: 9.834 Thread 0x00007fb4b1986000 DEOPT UNPACKING pc=0x000000011c6d2e25 sp=0x00007000069e5780 mode 2

Classes unloaded (0 events):
No events

Classes redefined (0 events):
No events

Internal exceptions (20 events):
Event: 1.322 Thread 0x00007fb4b09ad000 Exception <a 'java/lang/NoSuchMethodError'{0x0000000786930ec8}: 'void java.lang.invoke.DirectMethodHandle$Holder.invokeSpecial(java.lang.Object, java.lang.Object, java.lang.Object, java.lang.Object, java.lang.Object, java.lang.Object)'> (0x0000000786930ec8) 
thrown [/scratch/mesos/slaves/7cfa21b9-afde-4338-a459-d3e0a13ec793-S1362/frameworks/1735e8a2-a1db-478c-8104-60c8b0af87dd-0196/executors/3c93f104-edd0-4a9a-a0a9-138df67b87b9/runs/9e338568-69d2-408e-bf03-97bd2ff53447/workspace/open/src/hotspot/share/inte
Event: 1.402 Thread 0x00007fb4b09ad000 Implicit null exception at 0x00000001241b82c5 to 0x00000001241b86f8
Event: 1.404 Thread 0x00007fb4b09ad000 Implicit null exception at 0x000000012417262f to 0x00000001241726ad
Event: 1.528 Thread 0x00007fb4b09ad000 Exception <a 'java/lang/NoSuchMethodError'{0x0000000787819520}: 'java.lang.Object java.lang.invoke.DirectMethodHandle$Holder.invokeInterface(java.lang.Object, java.lang.Object, java.lang.Object)'> (0x0000000787819520) 
thrown [/scratch/mesos/slaves/7cfa21b9-afde-4338-a459-d3e0a13ec793-S1362/frameworks/1735e8a2-a1db-478c-8104-60c8b0af87dd-0196/executors/3c93f104-edd0-4a9a-a0a9-138df67b87b9/runs/9e338568-69d2-408e-bf03-97bd2ff53447/workspace/open/src/hotspot/share/interpreter/linkResolver.cpp, line 766]
Event: 1.530 Thread 0x00007fb4b09ad000 Exception <a 'java/lang/IncompatibleClassChangeError'{0x000000078781c3b0}: Found class java.lang.Object, but interface was expected> (0x000000078781c3b0) 
thrown [/scratch/mesos/slaves/7cfa21b9-afde-4338-a459-d3e0a13ec793-S1362/frameworks/1735e8a2-a1db-478c-8104-60c8b0af87dd-0196/executors/3c93f104-edd0-4a9a-a0a9-138df67b87b9/runs/9e338568-69d2-408e-bf03-97bd2ff53447/workspace/open/src/hotspot/share/interpreter/linkResolver.cpp, line 832]
Event: 1.727 Thread 0x00007fb4b1986000 Exception <a 'java/lang/NoSuchMethodError'{0x0000000787352360}: 'int java.lang.invoke.DirectMethodHandle$Holder.invokeStaticInit(java.lang.Object, java.lang.Object)'> (0x0000000787352360) 
thrown [/scratch/mesos/slaves/7cfa21b9-afde-4338-a459-d3e0a13ec793-S1362/frameworks/1735e8a2-a1db-478c-8104-60c8b0af87dd-0196/executors/3c93f104-edd0-4a9a-a0a9-138df67b87b9/runs/9e338568-69d2-408e-bf03-97bd2ff53447/workspace/open/src/hotspot/share/interpreter/linkResolver.cpp, line 766]
Event: 2.084 Thread 0x00007fb4b09ad000 Exception <a 'java/lang/NoSuchMethodError'{0x000000078747fa98}: 'java.lang.Object java.lang.invoke.DirectMethodHandle$Holder.invokeStatic(java.lang.Object, java.lang.Object, long, int, int, int)'> (0x000000078747fa98) 
thrown [/scratch/mesos/slaves/7cfa21b9-afde-4338-a459-d3e0a13ec793-S1362/frameworks/1735e8a2-a1db-478c-8104-60c8b0af87dd-0196/executors/3c93f104-edd0-4a9a-a0a9-138df67b87b9/runs/9e338568-69d2-408e-bf03-97bd2ff53447/workspace/open/src/hotspot/share/interpreter/linkResolver.cpp, line 766]
Event: 2.086 Thread 0x00007fb4b09ad000 Exception <a 'java/lang/NoSuchMethodError'{0x0000000787093aa8}: 'java.lang.Object java.lang.invoke.DirectMethodHandle$Holder.invokeStatic(java.lang.Object, java.lang.Object, int, java.lang.Object, long, int, int, int, int)'> (0x0000000787093aa8) 
thrown [/scratch/mesos/slaves/7cfa21b9-afde-4338-a459-d3e0a13ec793-S1362/frameworks/1735e8a2-a1db-478c-8104-60c8b0af87dd-0196/executors/3c93f104-edd0-4a9a-a0a9-138df67b87b9/runs/9e338568-69d2-408e-bf03-97bd2ff53447/workspace/open/src/hotspot/share/interpreter/link
Event: 2.686 Thread 0x00007fb4b09ad000 Exception <a 'java/lang/NoSuchMethodError'{0x0000000786f8e8d8}: 'java.lang.Object java.lang.invoke.DirectMethodHandle$Holder.invokeStatic(java.lang.Object, java.lang.Object, int, int, int, int, int, java.lang.Object)'> (0x0000000786f8e8d8) 
thrown [/scratch/mesos/slaves/7cfa21b9-afde-4338-a459-d3e0a13ec793-S1362/frameworks/1735e8a2-a1db-478c-8104-60c8b0af87dd-0196/executors/3c93f104-edd0-4a9a-a0a9-138df67b87b9/runs/9e338568-69d2-408e-bf03-97bd2ff53447/workspace/open/src/hotspot/share/interpreter/linkResolv
Event: 2.687 Thread 0x00007fb4b09ad000 Exception <a 'java/lang/NoSuchMethodError'{0x0000000786f9e090}: 'java.lang.Object java.lang.invoke.DirectMethodHandle$Holder.invokeStatic(java.lang.Object, java.lang.Object, java.lang.Object, int, int, int, int, int)'> (0x0000000786f9e090) 
thrown [/scratch/mesos/slaves/7cfa21b9-afde-4338-a459-d3e0a13ec793-S1362/frameworks/1735e8a2-a1db-478c-8104-60c8b0af87dd-0196/executors/3c93f104-edd0-4a9a-a0a9-138df67b87b9/runs/9e338568-69d2-408e-bf03-97bd2ff53447/workspace/open/src/hotspot/share/interpreter/linkResolv
Event: 2.687 Thread 0x00007fb4b09ad000 Exception <a 'java/lang/NoSuchMethodError'{0x0000000786fa41b0}: 'java.lang.Object java.lang.invoke.Invokers$Holder.linkToTargetMethod(java.lang.Object, java.lang.Object, int, int, int, int, int, java.lang.Object)'> (0x0000000786fa41b0) 
thrown [/scratch/mesos/slaves/7cfa21b9-afde-4338-a459-d3e0a13ec793-S1362/frameworks/1735e8a2-a1db-478c-8104-60c8b0af87dd-0196/executors/3c93f104-edd0-4a9a-a0a9-138df67b87b9/runs/9e338568-69d2-408e-bf03-97bd2ff53447/workspace/open/src/hotspot/share/interpreter/linkResolver.c
Event: 2.689 Thread 0x00007fb4b09ad000 Exception <a 'java/lang/NoSuchMethodError'{0x0000000786fbb470}: 'long java.lang.invoke.DirectMethodHandle$Holder.invokeStatic(java.lang.Object, java.lang.Object, java.lang.Object)'> (0x0000000786fbb470) 
thrown [/scratch/mesos/slaves/7cfa21b9-afde-4338-a459-d3e0a13ec793-S1362/frameworks/1735e8a2-a1db-478c-8104-60c8b0af87dd-0196/executors/3c93f104-edd0-4a9a-a0a9-138df67b87b9/runs/9e338568-69d2-408e-bf03-97bd2ff53447/workspace/open/src/hotspot/share/interpreter/linkResolver.cpp, line 766]
Event: 2.689 Thread 0x00007fb4b09ad000 Exception <a 'java/lang/NoSuchMethodError'{0x0000000786fbe3c0}: 'long java.lang.invoke.DirectMethodHandle$Holder.invokeStaticInit(java.lang.Object, java.lang.Object, java.lang.Object)'> (0x0000000786fbe3c0) 
thrown [/scratch/mesos/slaves/7cfa21b9-afde-4338-a459-d3e0a13ec793-S1362/frameworks/1735e8a2-a1db-478c-8104-60c8b0af87dd-0196/executors/3c93f104-edd0-4a9a-a0a9-138df67b87b9/runs/9e338568-69d2-408e-bf03-97bd2ff53447/workspace/open/src/hotspot/share/interpreter/linkResolver.cpp, line 766]
Event: 2.691 Thread 0x00007fb4b09ad000 Exception <a 'java/lang/NoSuchMethodError'{0x0000000786fd2938}: 'java.lang.Object java.lang.invoke.Invokers$Holder.linkToTargetMethod(java.lang.Object, long, java.lang.Object)'> (0x0000000786fd2938) 
thrown [/scratch/mesos/slaves/7cfa21b9-afde-4338-a459-d3e0a13ec793-S1362/frameworks/1735e8a2-a1db-478c-8104-60c8b0af87dd-0196/executors/3c93f104-edd0-4a9a-a0a9-138df67b87b9/runs/9e338568-69d2-408e-bf03-97bd2ff53447/workspace/open/src/hotspot/share/interpreter/linkResolver.cpp, line 766]
Event: 2.765 Thread 0x00007fb4b1986000 Exception <a 'java/lang/NoSuchMethodError'{0x00000007870621b0}: 'java.lang.Object java.lang.invoke.DirectMethodHandle$Holder.invokeStaticInit(java.lang.Object, int)'> (0x00000007870621b0) 
thrown [/scratch/mesos/slaves/7cfa21b9-afde-4338-a459-d3e0a13ec793-S1362/frameworks/1735e8a2-a1db-478c-8104-60c8b0af87dd-0196/executors/3c93f104-edd0-4a9a-a0a9-138df67b87b9/runs/9e338568-69d2-408e-bf03-97bd2ff53447/workspace/open/src/hotspot/share/interpreter/linkResolver.cpp, line 766]
Event: 4.144 Thread 0x00007fb4b09ad000 Exception <a 'java/lang/ClassNotFoundException'{0x0000000786312d90}: com/sun/javafx/scene/control/skin/resources/controls> (0x0000000786312d90) 
thrown [/scratch/mesos/slaves/7cfa21b9-afde-4338-a459-d3e0a13ec793-S1362/frameworks/1735e8a2-a1db-478c-8104-60c8b0af87dd-0196/executors/3c93f104-edd0-4a9a-a0a9-138df67b87b9/runs/9e338568-69d2-408e-bf03-97bd2ff53447/workspace/open/src/hotspot/share/prims/jni.cpp, line 620]
Event: 4.146 Thread 0x00007fb4b09ad000 Exception <a 'java/lang/ClassNotFoundException'{0x0000000786320888}: com/sun/javafx/scene/control/skin/resources/controls_en> (0x0000000786320888) 
thrown [/scratch/mesos/slaves/7cfa21b9-afde-4338-a459-d3e0a13ec793-S1362/frameworks/1735e8a2-a1db-478c-8104-60c8b0af87dd-0196/executors/3c93f104-edd0-4a9a-a0a9-138df67b87b9/runs/9e338568-69d2-408e-bf03-97bd2ff53447/workspace/open/src/hotspot/share/prims/jni.cpp, line 620]
Event: 4.146 Thread 0x00007fb4b09ad000 Exception <a 'java/lang/ClassNotFoundException'{0x00000007863228c0}: com/sun/javafx/scene/control/skin/resources/controls_en_PH> (0x00000007863228c0) 
thrown [/scratch/mesos/slaves/7cfa21b9-afde-4338-a459-d3e0a13ec793-S1362/frameworks/1735e8a2-a1db-478c-8104-60c8b0af87dd-0196/executors/3c93f104-edd0-4a9a-a0a9-138df67b87b9/runs/9e338568-69d2-408e-bf03-97bd2ff53447/workspace/open/src/hotspot/share/prims/jni.cpp, line 620]
Event: 4.168 Thread 0x00007fb4b09ad000 Exception <a 'java/lang/NoSuchMethodError'{0x000000078622f040}: 'void java.lang.invoke.DirectMethodHandle$Holder.invokeSpecialIFC(java.lang.Object, java.lang.Object, java.lang.Object, java.lang.Object)'> (0x000000078622f040) 
thrown [/scratch/mesos/slaves/7cfa21b9-afde-4338-a459-d3e0a13ec793-S1362/frameworks/1735e8a2-a1db-478c-8104-60c8b0af87dd-0196/executors/3c93f104-edd0-4a9a-a0a9-138df67b87b9/runs/9e338568-69d2-408e-bf03-97bd2ff53447/workspace/open/src/hotspot/share/interpreter/linkResolver.cpp, line 76
Event: 9.834 Thread 0x00007fb4b1986000 Implicit null exception at 0x0000000124242194 to 0x0000000124242400

Events (20 events):
Event: 4.922 Executing VM operation: HandshakeOneThread
Event: 4.922 Executing VM operation: HandshakeOneThread done
Event: 5.153 Loaded shared library /Users/gabminamedez/Documents/Developer/javafx-sdk-11.0.2/lib/libprism_es2.dylib
Event: 6.123 Loaded shared library /Users/gabminamedez/Documents/Developer/javafx-sdk-11.0.2/lib/libprism_es2.dylib
Event: 7.488 Loaded shared library /Users/gabminamedez/Documents/Developer/javafx-sdk-11.0.2/lib/libprism_es2.dylib
Event: 7.490 Executing VM operation: HandshakeOneThread
Event: 7.490 Executing VM operation: HandshakeOneThread done
Event: 8.498 Executing VM operation: HandshakeOneThread
Event: 8.498 Executing VM operation: HandshakeOneThread done
Event: 9.808 Executing VM operation: G1CollectFull
Event: 9.833 Executing VM operation: G1CollectFull done
Event: 9.834 Executing VM operation: G1CollectFull
Event: 9.854 Executing VM operation: G1CollectFull done
Event: 9.876 loading class java/lang/Throwable$WrappedPrintStream
Event: 9.876 loading class java/lang/Throwable$PrintStreamOrWriter
Event: 9.876 loading class java/lang/Throwable$PrintStreamOrWriter done
Event: 9.876 loading class java/lang/Throwable$WrappedPrintStream done
Event: 9.882 Executing VM operation: HandshakeOneThread
Event: 9.882 Executing VM operation: HandshakeOneThread done
Event: 9.907 Loaded shared library /Users/gabminamedez/Documents/Developer/javafx-sdk-11.0.2/lib/libprism_es2.dylib


Dynamic libraries:
0x000000010dac3000 	/Library/Java/JavaVirtualMachines/jdk-14.jdk/Contents/Home/lib/libjli.dylib
0x00007ff815c3c000 	/usr/lib/libz.1.dylib
0x00007ff815d1c000 	/usr/lib/libSystem.B.dylib
0x00007ff815d17000 	/usr/lib/system/libcache.dylib
0x00007ff815cd3000 	/usr/lib/system/libcommonCrypto.dylib
0x00007ff815cfc000 	/usr/lib/system/libcompiler_rt.dylib
0x00007ff815cf2000 	/usr/lib/system/libcopyfile.dylib
0x00007ff80ac90000 	/usr/lib/system/libcorecrypto.dylib
0x00007ff80ad4f000 	/usr/lib/system/libdispatch.dylib
0x00007ff80af0e000 	/usr/lib/system/libdyld.dylib
0x00007ff815d0e000 	/usr/lib/system/libkeymgr.dylib
0x00007ff815cb1000 	/usr/lib/system/libmacho.dylib
0x00007ff815348000 	/usr/lib/system/libquarantine.dylib
0x00007ff815d0c000 	/usr/lib/system/libremovefile.dylib
0x00007ff80fe66000 	/usr/lib/system/libsystem_asl.dylib
0x00007ff80ac3e000 	/usr/lib/system/libsystem_blocks.dylib
0x00007ff80add3000 	/usr/lib/system/libsystem_c.dylib
0x00007ff815d04000 	/usr/lib/system/libsystem_collections.dylib
0x00007ff81452f000 	/usr/lib/system/libsystem_configuration.dylib
0x00007ff8137f1000 	/usr/lib/system/libsystem_containermanager.dylib
0x00007ff8159f0000 	/usr/lib/system/libsystem_coreservices.dylib
0x00007ff80d534000 	/usr/lib/system/libsystem_darwin.dylib
0x00007ff815d0f000 	/usr/lib/system/libsystem_dnssd.dylib
0x00007ff80add0000 	/usr/lib/system/libsystem_featureflags.dylib
0x00007ff80af24000 	/usr/lib/system/libsystem_info.dylib
0x00007ff815c4f000 	/usr/lib/system/libsystem_m.dylib
0x00007ff80ad23000 	/usr/lib/system/libsystem_malloc.dylib
0x00007ff80fe03000 	/usr/lib/system/libsystem_networkextension.dylib
0x00007ff80d95c000 	/usr/lib/system/libsystem_notify.dylib
0x00007ff81be4d000 	/usr/lib/system/libsystem_product_info_filter.dylib
0x00007ff814533000 	/usr/lib/system/libsystem_sandbox.dylib
0x00007ff815d09000 	/usr/lib/system/libsystem_secinit.dylib
0x00007ff80aecb000 	/usr/lib/system/libsystem_kernel.dylib
0x00007ff80af1a000 	/usr/lib/system/libsystem_platform.dylib
0x00007ff80af02000 	/usr/lib/system/libsystem_pthread.dylib
0x00007ff8116b7000 	/usr/lib/system/libsystem_symptoms.dylib
0x00007ff80ac77000 	/usr/lib/system/libsystem_trace.dylib
0x00007ff815cdf000 	/usr/lib/system/libunwind.dylib
0x00007ff80ac40000 	/usr/lib/system/libxpc.dylib
0x00007ff80aeb5000 	/usr/lib/libc++abi.dylib
0x00007ff80ad96000 	/usr/lib/libobjc.A.dylib
0x00007ff815cea000 	/usr/lib/liboah.dylib
0x00007ff80ae5c000 	/usr/lib/libc++.1.dylib
0x00007ff821b7c000 	/System/Library/Frameworks/Cocoa.framework/Versions/A/Cocoa
0x00007ff80d9ba000 	/System/Library/Frameworks/AppKit.framework/Versions/C/AppKit
0x00007ff810ea7000 	/System/Library/Frameworks/CoreData.framework/Versions/A/CoreData
0x00007ff80bdd5000 	/System/Library/Frameworks/Foundation.framework/Versions/C/Foundation
0x00007ff80e847000 	/System/Library/PrivateFrameworks/UIFoundation.framework/Versions/A/UIFoundation
0x00007ff81bb54000 	/System/Library/PrivateFrameworks/RemoteViewServices.framework/Versions/A/RemoteViewServices
0x00007ff813ec8000 	/System/Library/PrivateFrameworks/XCTTargetBootstrap.framework/Versions/A/XCTTargetBootstrap
0x00007ff817b2b000 	/System/Library/PrivateFrameworks/InternationalSupport.framework/Versions/A/InternationalSupport
0x00007ff817bb5000 	/System/Library/PrivateFrameworks/UserActivity.framework/Versions/A/UserActivity
0x00007ff816f0b000 	/usr/lib/libspindump.dylib
0x00007ff80ead5000 	/System/Library/Frameworks/UniformTypeIdentifiers.framework/Versions/A/UniformTypeIdentifiers
0x00007ff812607000 	/usr/lib/libapp_launch_measurement.dylib
0x00007ff811871000 	/System/Library/PrivateFrameworks/CoreAnalytics.framework/Versions/A/CoreAnalytics
0x00007ff81260a000 	/System/Library/PrivateFrameworks/CoreAutoLayout.framework/Versions/A/CoreAutoLayout
0x00007ff813829000 	/System/Library/Frameworks/Metal.framework/Versions/A/Metal
0x00007ff81453e000 	/usr/lib/liblangid.dylib
0x00007ff813ecc000 	/System/Library/PrivateFrameworks/CoreSVG.framework/Versions/A/CoreSVG
0x00007ff80fe97000 	/System/Library/PrivateFrameworks/SkyLight.framework/Versions/A/SkyLight
0x00007ff810228000 	/System/Library/Frameworks/CoreGraphics.framework/Versions/A/CoreGraphics
0x00007ff81c1bf000 	/System/Library/Frameworks/Accelerate.framework/Versions/A/Accelerate
0x00007ff816986000 	/System/Library/PrivateFrameworks/IconServices.framework/Versions/A/IconServices
0x00007ff81380e000 	/System/Library/Frameworks/IOSurface.framework/Versions/A/IOSurface
0x00007ff81189f000 	/usr/lib/libDiagnosticMessagesClient.dylib
0x00007ff81f81e000 	/System/Library/Frameworks/ApplicationServices.framework/Versions/A/ApplicationServices
0x00007ff813eb4000 	/System/Library/PrivateFrameworks/DFRFoundation.framework/Versions/A/DFRFoundation
0x00007ff80d2ab000 	/usr/lib/libicucore.A.dylib
0x00007ff81884d000 	/System/Library/Frameworks/AudioToolbox.framework/Versions/A/AudioToolbox
0x00007ff817b37000 	/System/Library/PrivateFrameworks/DataDetectorsCore.framework/Versions/A/DataDetectorsCore
0x00007ff91337d000 	/System/Library/PrivateFrameworks/TextInput.framework/Versions/A/TextInput
0x00007ff80fe1a000 	/usr/lib/libMobileGestalt.dylib
0x00007ff813bbc000 	/System/Library/Frameworks/Carbon.framework/Versions/A/Frameworks/HIToolbox.framework/Versions/A/HIToolbox
0x00007ff812035000 	/System/Library/Frameworks/QuartzCore.framework/Versions/A/QuartzCore
0x00007ff80cf4c000 	/System/Library/Frameworks/Security.framework/Versions/A/Security
0x00007ff81bb8c000 	/System/Library/Frameworks/Carbon.framework/Versions/A/Frameworks/SpeechRecognition.framework/Versions/A/SpeechRecognition
0x00007ff812367000 	/System/Library/PrivateFrameworks/CoreUI.framework/Versions/A/CoreUI
0x00007ff80c826000 	/System/Library/Frameworks/CoreAudio.framework/Versions/A/CoreAudio
0x00007ff81198d000 	/System/Library/Frameworks/DiskArbitration.framework/Versions/A/DiskArbitration
0x00007ff8172f2000 	/System/Library/PrivateFrameworks/MultitouchSupport.framework/Versions/A/MultitouchSupport
0x00007ff80fe19000 	/usr/lib/libenergytrace.dylib
0x00007ff80d8a6000 	/System/Library/Frameworks/IOKit.framework/Versions/A/IOKit
0x00007ff81bf76000 	/System/Library/Frameworks/CoreServices.framework/Versions/A/CoreServices
0x00007ff8125a1000 	/System/Library/PrivateFrameworks/PerformanceAnalysis.framework/Versions/A/PerformanceAnalysis
0x00007ffa2293e000 	/System/Library/Frameworks/OpenGL.framework/Versions/A/OpenGL
0x00007ff815274000 	/System/Library/PrivateFrameworks/MobileKeyBag.framework/Versions/A/MobileKeyBag
0x00007ff8108f4000 	/System/Library/Frameworks/ColorSync.framework/Versions/A/ColorSync
0x00007ff80af4f000 	/System/Library/Frameworks/CoreFoundation.framework/Versions/A/CoreFoundation
0x00007ff814145000 	/System/Library/Frameworks/CoreImage.framework/Versions/A/CoreImage
0x00007ff80c63c000 	/System/Library/Frameworks/CoreText.framework/Versions/A/CoreText
0x00007ff813efb000 	/System/Library/Frameworks/ImageIO.framework/Versions/A/ImageIO
0x00007ff815d22000 	/System/Library/PrivateFrameworks/SoftLinking.framework/Versions/A/SoftLinking
0x00007ff812652000 	/usr/lib/libxml2.2.dylib
0x00007ff815fa5000 	/usr/lib/libcompression.dylib
0x00007ff817a61000 	/System/Library/PrivateFrameworks/TextureIO.framework/Versions/A/TextureIO
0x00007ff816698000 	/usr/lib/libate.dylib
0x00007ff816476000 	/usr/lib/liblzma.5.dylib
0x00007ff80bae6000 	/System/Library/Frameworks/SystemConfiguration.framework/Versions/A/SystemConfiguration
0x00007ff815d1e000 	/usr/lib/libfakelink.dylib
0x00007ff80f96d000 	/System/Library/Frameworks/CFNetwork.framework/Versions/A/CFNetwork
0x00007ff815e5d000 	/usr/lib/libarchive.2.dylib
0x00007ff81453a000 	/System/Library/PrivateFrameworks/AppleSystemInfo.framework/Versions/A/AppleSystemInfo
0x00007ff81536e000 	/usr/lib/libbsm.0.dylib
0x00007ff80efa4000 	/usr/lib/libnetwork.dylib
0x00007ff815cb7000 	/usr/lib/system/libkxld.dylib
0x00007ff814f9d000 	/System/Library/PrivateFrameworks/IOMobileFramebuffer.framework/Versions/A/IOMobileFramebuffer
0x00007ffb20427000 	/usr/lib/libCoreEntitlements.dylib
0x00007ff8159d2000 	/System/Library/PrivateFrameworks/AppleFSCompression.framework/Versions/A/AppleFSCompression
0x00007ff815357000 	/usr/lib/libcoretls.dylib
0x00007ff816490000 	/usr/lib/libcoretls_cfhelpers.dylib
0x00007ff815fa0000 	/usr/lib/libpam.2.dylib
0x00007ff8112d9000 	/usr/lib/libsqlite3.dylib
0x00007ff8164ff000 	/usr/lib/libxar.1.dylib
0x00007ff8159e2000 	/usr/lib/libbz2.1.0.dylib
0x00007ff815d23000 	/usr/lib/libpcap.A.dylib
0x00007ff8116ae000 	/usr/lib/libdns_services.dylib
0x00007ff815f6f000 	/usr/lib/libapple_nghttp2.dylib
0x00007ff815d5a000 	/usr/lib/libiconv.2.dylib
0x00007ff815cb0000 	/usr/lib/libcharset.1.dylib
0x00007ff8125d5000 	/System/Library/Frameworks/CoreServices.framework/Versions/A/Frameworks/FSEvents.framework/Versions/A/FSEvents
0x00007ff80d53e000 	/System/Library/Frameworks/CoreServices.framework/Versions/A/Frameworks/CarbonCore.framework/Versions/A/CarbonCore
0x00007ff8118f2000 	/System/Library/Frameworks/CoreServices.framework/Versions/A/Frameworks/Metadata.framework/Versions/A/Metadata
0x00007ff8159f5000 	/System/Library/Frameworks/CoreServices.framework/Versions/A/Frameworks/OSServices.framework/Versions/A/OSServices
0x00007ff815ee3000 	/System/Library/Frameworks/CoreServices.framework/Versions/A/Frameworks/SearchKit.framework/Versions/A/SearchKit
0x00007ff811640000 	/System/Library/Frameworks/CoreServices.framework/Versions/A/Frameworks/AE.framework/Versions/A/AE
0x00007ff80b452000 	/System/Library/Frameworks/CoreServices.framework/Versions/A/Frameworks/LaunchServices.framework/Versions/A/LaunchServices
0x00007ff816427000 	/System/Library/Frameworks/CoreServices.framework/Versions/A/Frameworks/DictionaryServices.framework/Versions/A/DictionaryServices
0x00007ff8125e2000 	/System/Library/Frameworks/CoreServices.framework/Versions/A/Frameworks/SharedFileList.framework/Versions/A/SharedFileList
0x00007ff81534b000 	/usr/lib/libCheckFix.dylib
0x00007ff80fe7d000 	/System/Library/PrivateFrameworks/TCC.framework/Versions/A/TCC
0x00007ff814540000 	/System/Library/PrivateFrameworks/CoreNLP.framework/Versions/A/CoreNLP
0x00007ff8118a2000 	/System/Library/PrivateFrameworks/MetadataUtilities.framework/Versions/A/MetadataUtilities
0x00007ff80bb96000 	/usr/lib/libmecabra.dylib
0x00007ff81537e000 	/usr/lib/libmecab.dylib
0x00007ff80bb61000 	/usr/lib/libCRFSuite.dylib
0x00007ff8153db000 	/usr/lib/libgermantok.dylib
0x00007ff815f4a000 	/usr/lib/libThaiTokenizer.dylib
0x00007ff811994000 	/System/Library/Frameworks/Accelerate.framework/Versions/A/Frameworks/vImage.framework/Versions/A/vImage
0x00007ff81bf4d000 	/System/Library/Frameworks/Accelerate.framework/Versions/A/Frameworks/vecLib.framework/Versions/A/vecLib
0x00007ff816540000 	/System/Library/Frameworks/Accelerate.framework/Versions/A/Frameworks/vecLib.framework/Versions/A/libvMisc.dylib
0x00007ff814dbb000 	/System/Library/Frameworks/Accelerate.framework/Versions/A/Frameworks/vecLib.framework/Versions/A/libvDSP.dylib
0x00007ff80b7ca000 	/System/Library/Frameworks/Accelerate.framework/Versions/A/Frameworks/vecLib.framework/Versions/A/libBLAS.dylib
0x00007ff816081000 	/System/Library/Frameworks/Accelerate.framework/Versions/A/Frameworks/vecLib.framework/Versions/A/libLAPACK.dylib
0x00007ff8153de000 	/System/Library/Frameworks/Accelerate.framework/Versions/A/Frameworks/vecLib.framework/Versions/A/libLinearAlgebra.dylib
0x00007ff815f88000 	/System/Library/Frameworks/Accelerate.framework/Versions/A/Frameworks/vecLib.framework/Versions/A/libSparseBLAS.dylib
0x00007ff81607b000 	/System/Library/Frameworks/Accelerate.framework/Versions/A/Frameworks/vecLib.framework/Versions/A/libQuadrature.dylib
0x00007ff81462a000 	/System/Library/Frameworks/Accelerate.framework/Versions/A/Frameworks/vecLib.framework/Versions/A/libBNNS.dylib
0x00007ff80ba77000 	/System/Library/Frameworks/Accelerate.framework/Versions/A/Frameworks/vecLib.framework/Versions/A/libSparse.dylib
0x00007ff814623000 	/System/Library/PrivateFrameworks/LinguisticData.framework/Versions/A/LinguisticData
0x00007ff80ba2c000 	/System/Library/PrivateFrameworks/Lexicon.framework/Versions/A/Lexicon
0x00007ff816539000 	/usr/lib/libChineseTokenizer.dylib
0x00007ff80c190000 	/System/Library/PrivateFrameworks/LanguageModeling.framework/Versions/A/LanguageModeling
0x00007ff815f4c000 	/System/Library/PrivateFrameworks/AppleSauce.framework/Versions/A/AppleSauce
0x00007ff814f8b000 	/System/Library/PrivateFrameworks/CoreEmoji.framework/Versions/A/CoreEmoji
0x00007ff815e4c000 	/usr/lib/libcmph.dylib
0x00007ff8125b9000 	/System/Library/Frameworks/OpenDirectory.framework/Versions/A/Frameworks/CFOpenDirectory.framework/Versions/A/CFOpenDirectory
0x00007ff8125ad000 	/System/Library/Frameworks/OpenDirectory.framework/Versions/A/OpenDirectory
0x00007ff816492000 	/System/Library/PrivateFrameworks/APFS.framework/Versions/A/APFS
0x00007ff8152ac000 	/System/Library/Frameworks/SecurityFoundation.framework/Versions/A/SecurityFoundation
0x00007ff81650d000 	/usr/lib/libutil.dylib
0x00007ff80d869000 	/System/Library/PrivateFrameworks/CoreServicesStore.framework/Versions/A/CoreServicesStore
0x00007ff816511000 	/usr/lib/libxslt.1.dylib
0x00007ff815339000 	/System/Library/PrivateFrameworks/BackgroundTaskManagement.framework/Versions/A/BackgroundTaskManagement
0x00007ff817981000 	/System/Library/Frameworks/ImageIO.framework/Versions/A/Resources/libRadiance.dylib
0x00007ff81798a000 	/System/Library/Frameworks/ImageIO.framework/Versions/A/Resources/libJPEG.dylib
0x00007ff8178da000 	/System/Library/Frameworks/ImageIO.framework/Versions/A/Resources/libPng.dylib
0x00007ff8178fb000 	/System/Library/Frameworks/ImageIO.framework/Versions/A/Resources/libTIFF.dylib
0x00007ff8179ea000 	/System/Library/Frameworks/ImageIO.framework/Versions/A/Resources/libGIF.dylib
0x00007ff81720b000 	/System/Library/Frameworks/ImageIO.framework/Versions/A/Resources/libJP2.dylib
0x00007ff81694d000 	/usr/lib/libexpat.1.dylib
0x00007ff8171c0000 	/System/Library/PrivateFrameworks/AppleJPEG.framework/Versions/A/AppleJPEG
0x00007ff813a83000 	/System/Library/PrivateFrameworks/FontServices.framework/libFontParser.dylib
0x00007ff8115ea000 	/System/Library/PrivateFrameworks/RunningBoardServices.framework/Versions/A/RunningBoardServices
0x00007ff8220ed000 	/System/Library/PrivateFrameworks/IOSurfaceAccelerator.framework/Versions/A/IOSurfaceAccelerator
0x00007ff8172ee000 	/System/Library/PrivateFrameworks/WatchdogClient.framework/Versions/A/WatchdogClient
0x00007ff80c27f000 	/System/Library/Frameworks/CoreDisplay.framework/Versions/A/CoreDisplay
0x00007ff813983000 	/System/Library/Frameworks/CoreMedia.framework/Versions/A/CoreMedia
0x00007ff813820000 	/System/Library/PrivateFrameworks/IOAccelerator.framework/Versions/A/IOAccelerator
0x00007ff812735000 	/System/Library/Frameworks/CoreVideo.framework/Versions/A/CoreVideo
0x00007ff815f9e000 	/System/Library/Frameworks/MetalPerformanceShaders.framework/Versions/A/MetalPerformanceShaders
0x00007ff817329000 	/System/Library/Frameworks/VideoToolbox.framework/Versions/A/VideoToolbox
0x00007ff811532000 	/System/Library/PrivateFrameworks/BaseBoard.framework/Versions/A/BaseBoard
0x00007ff8112bf000 	/System/Library/PrivateFrameworks/ProtocolBuffer.framework/Versions/A/ProtocolBuffer
0x00007ff81797a000 	/System/Library/PrivateFrameworks/GPUWrangler.framework/Versions/A/GPUWrangler
0x00007ff81795d000 	/System/Library/PrivateFrameworks/IOPresentment.framework/Versions/A/IOPresentment
0x00007ff817984000 	/System/Library/PrivateFrameworks/DSExternalDisplay.framework/Versions/A/DSExternalDisplay
0x00007ffa22932000 	/System/Library/Frameworks/OpenGL.framework/Versions/A/Libraries/libCoreFSCache.dylib
0x00007ffb0ea26000 	/System/Library/PrivateFrameworks/GPUCompiler.framework/Versions/31001/Libraries/libGPUCompilerUtils.dylib
0x00007ff8179ef000 	/System/Library/PrivateFrameworks/CMCaptureCore.framework/Versions/A/CMCaptureCore
0x00007ff816ef9000 	/System/Library/PrivateFrameworks/AppServerSupport.framework/Versions/A/AppServerSupport
0x00007ff8190ca000 	/System/Library/PrivateFrameworks/perfdata.framework/Versions/A/perfdata
0x00007ff80c3ab000 	/System/Library/PrivateFrameworks/AudioToolboxCore.framework/Versions/A/AudioToolboxCore
0x00007ff813960000 	/System/Library/PrivateFrameworks/caulk.framework/Versions/A/caulk
0x00007ff8189f7000 	/usr/lib/libAudioStatistics.dylib
0x00007ff90fc3c000 	/System/Library/PrivateFrameworks/SystemPolicy.framework/Versions/A/SystemPolicy
0x00007ff818c43000 	/usr/lib/libSMC.dylib
0x00007ff821a2f000 	/System/Library/Frameworks/CoreMIDI.framework/Versions/A/CoreMIDI
0x00007ff8178aa000 	/usr/lib/libAudioToolboxUtility.dylib
0x00007ff90c0c4000 	/System/Library/PrivateFrameworks/OSAServicesClient.framework/Versions/A/OSAServicesClient
0x00007ff8190d7000 	/usr/lib/libperfcheck.dylib
0x00007ff9106c8000 	/usr/lib/libmis.dylib
0x00007ffa2298e000 	/System/Library/Frameworks/OpenGL.framework/Versions/A/Libraries/libGLU.dylib
0x00007ffa22951000 	/System/Library/Frameworks/OpenGL.framework/Versions/A/Libraries/libGFXShared.dylib
0x00007ffa22b5f000 	/System/Library/Frameworks/OpenGL.framework/Versions/A/Libraries/libGL.dylib
0x00007ffa2295a000 	/System/Library/Frameworks/OpenGL.framework/Versions/A/Libraries/libGLImage.dylib
0x00007ffa2294e000 	/System/Library/Frameworks/OpenGL.framework/Versions/A/Libraries/libCVMSPluginSupport.dylib
0x00007ffa22939000 	/System/Library/Frameworks/OpenGL.framework/Versions/A/Libraries/libCoreVMClient.dylib
0x00007ff8144be000 	/System/Library/Frameworks/MetalPerformanceShaders.framework/Versions/A/Frameworks/MPSCore.framework/Versions/A/MPSCore
0x00007ff81593d000 	/System/Library/Frameworks/MetalPerformanceShaders.framework/Versions/A/Frameworks/MPSImage.framework/Versions/A/MPSImage
0x00007ff8153f4000 	/System/Library/Frameworks/MetalPerformanceShaders.framework/Versions/A/Frameworks/MPSNeuralNetwork.framework/Versions/A/MPSNeuralNetwork
0x00007ff815869000 	/System/Library/Frameworks/MetalPerformanceShaders.framework/Versions/A/Frameworks/MPSMatrix.framework/Versions/A/MPSMatrix
0x00007ff815625000 	/System/Library/Frameworks/MetalPerformanceShaders.framework/Versions/A/Frameworks/MPSRayIntersector.framework/Versions/A/MPSRayIntersector
0x00007ff8158a2000 	/System/Library/Frameworks/MetalPerformanceShaders.framework/Versions/A/Frameworks/MPSNDArray.framework/Versions/A/MPSNDArray
0x00007ffa27537000 	/System/Library/Frameworks/MetalPerformanceShaders.framework/Versions/A/Frameworks/MPSFunctions.framework/Versions/A/MPSFunctions
0x00007ff80b6ad000 	/System/Library/PrivateFrameworks/MetalTools.framework/Versions/A/MetalTools
0x00007ff814538000 	/System/Library/PrivateFrameworks/AggregateDictionary.framework/Versions/A/AggregateDictionary
0x00007ff81672f000 	/usr/lib/libIOReport.dylib
0x00007ffa23f6e000 	/System/Library/Frameworks/OpenCL.framework/Versions/A/OpenCL
0x00007ff816a93000 	/System/Library/PrivateFrameworks/FaceCore.framework/Versions/A/FaceCore
0x00007ff816a84000 	/System/Library/PrivateFrameworks/GraphVisualizer.framework/Versions/A/GraphVisualizer
0x00007ffb0e931000 	/System/Library/PrivateFrameworks/FontServices.framework/Versions/A/FontServices
0x00007ff816eb0000 	/System/Library/PrivateFrameworks/OTSVG.framework/Versions/A/OTSVG
0x00007ff81231d000 	/System/Library/Frameworks/ApplicationServices.framework/Versions/A/Frameworks/ATS.framework/Versions/A/Resources/libFontRegistry.dylib
0x00007ff816f01000 	/System/Library/PrivateFrameworks/FontServices.framework/libhvf.dylib
0x00007ffb0e932000 	/System/Library/PrivateFrameworks/FontServices.framework/libXTFontStaticRegistryData.dylib
0x00007ff8168fd000 	/System/Library/PrivateFrameworks/AppleVA.framework/Versions/A/AppleVA
0x00007ff818a17000 	/System/Library/Frameworks/ApplicationServices.framework/Versions/A/Frameworks/ATS.framework/Versions/A/ATS
0x00007ff8109f0000 	/System/Library/Frameworks/ApplicationServices.framework/Versions/A/Frameworks/HIServices.framework/Versions/A/HIServices
0x00007ff8179f9000 	/System/Library/Frameworks/ApplicationServices.framework/Versions/A/Frameworks/PrintCore.framework/Versions/A/PrintCore
0x00007ff818d96000 	/System/Library/Frameworks/ApplicationServices.framework/Versions/A/Frameworks/QD.framework/Versions/A/QD
0x00007ff818d8e000 	/System/Library/Frameworks/ApplicationServices.framework/Versions/A/Frameworks/ColorSyncLegacy.framework/Versions/A/ColorSyncLegacy
0x00007ff818a07000 	/System/Library/Frameworks/ApplicationServices.framework/Versions/A/Frameworks/SpeechSynthesis.framework/Versions/A/SpeechSynthesis
0x00007ff8179ba000 	/System/Library/Frameworks/ApplicationServices.framework/Versions/A/Frameworks/ATSUI.framework/Versions/A/ATSUI
0x00007ff818d23000 	/usr/lib/libcups.2.dylib
0x00007ff8190e6000 	/System/Library/Frameworks/Kerberos.framework/Versions/A/Kerberos
0x00007ff8190f5000 	/System/Library/Frameworks/GSS.framework/Versions/A/GSS
0x00007ff818a83000 	/usr/lib/libresolv.9.dylib
0x00007ff816f10000 	/System/Library/PrivateFrameworks/Heimdal.framework/Versions/A/Heimdal
0x00007ff81fb99000 	/System/Library/Frameworks/Kerberos.framework/Versions/A/Libraries/libHeimdalProxy.dylib
0x00007ff8116bf000 	/System/Library/Frameworks/Network.framework/Versions/A/Network
0x00007ff816967000 	/usr/lib/libheimdal-asn1.dylib
0x00007ff819140000 	/System/Library/PrivateFrameworks/CommonAuth.framework/Versions/A/CommonAuth
0x00007ff818988000 	/System/Library/PrivateFrameworks/AudioSession.framework/Versions/A/AudioSession
0x00007ff8169f7000 	/System/Library/PrivateFrameworks/MediaExperience.framework/Versions/A/MediaExperience
0x00007ff81881c000 	/System/Library/PrivateFrameworks/AudioSession.framework/libSessionUtility.dylib
0x00007ff818da2000 	/System/Library/PrivateFrameworks/AudioResourceArbitration.framework/Versions/A/AudioResourceArbitration
0x00007ff816970000 	/System/Library/PrivateFrameworks/IconFoundation.framework/Versions/A/IconFoundation
0x00007ff81bb7c000 	/System/Library/PrivateFrameworks/SpeechRecognitionCore.framework/Versions/A/SpeechRecognitionCore
0x000000010e80a000 	/Library/Java/JavaVirtualMachines/jdk-14.jdk/Contents/Home/lib/server/libjvm.dylib
0x000000010daec000 	/Library/Java/JavaVirtualMachines/jdk-14.jdk/Contents/Home/lib/libjimage.dylib
0x000000010db06000 	/Library/Java/JavaVirtualMachines/jdk-14.jdk/Contents/Home/lib/libinstrument.dylib
0x000000010db3d000 	/Library/Java/JavaVirtualMachines/jdk-14.jdk/Contents/Home/lib/libjava.dylib
0x000000010db15000 	/Library/Java/JavaVirtualMachines/jdk-14.jdk/Contents/Home/lib/libzip.dylib
0x000000010e5d3000 	/Library/Java/JavaVirtualMachines/jdk-14.jdk/Contents/Home/lib/libnio.dylib
0x000000010e5fe000 	/Library/Java/JavaVirtualMachines/jdk-14.jdk/Contents/Home/lib/libnet.dylib
0x000000010e5c0000 	/Library/Java/JavaVirtualMachines/jdk-14.jdk/Contents/Home/lib/libextnet.dylib
0x000000010e5e6000 	/Users/gabminamedez/Documents/Developer/javafx-sdk-11.0.2/lib/libprism_es2.dylib
0x00007ff80d82a000 	/System/Library/PrivateFrameworks/CoreServicesInternal.framework/Versions/A/CoreServicesInternal
0x00007ffa22b6a000 	/System/Library/Frameworks/OpenGL.framework/Versions/A/Resources/GLEngine.bundle/GLEngine
0x00007ffa229cc000 	/System/Library/Frameworks/OpenGL.framework/Versions/A/Libraries/libGLProgrammability.dylib
0x00007ffa16d95000 	/System/Library/Extensions/AppleIntelKBLGraphicsGLDriver.bundle/Contents/MacOS/AppleIntelKBLGraphicsGLDriver
0x00007ff91a4b1000 	/System/Library/PrivateFrameworks/GPUSupport.framework/Versions/A/Libraries/libGPUSupportMercury.dylib
0x00007ffa22cf9000 	/System/Library/Frameworks/OpenGL.framework/Versions/A/Resources/GLRendererFloat.bundle/GLRendererFloat
0x000000011c466000 	/Users/gabminamedez/Documents/Developer/javafx-sdk-11.0.2/lib/libglass.dylib
0x00007ff81d34d000 	/System/Library/Frameworks/FileProvider.framework/Versions/A/FileProvider
0x00007ff81149e000 	/System/Library/Frameworks/Accounts.framework/Versions/A/Accounts
0x00007ff81d4c5000 	/System/Library/PrivateFrameworks/GenerationalStorage.framework/Versions/A/GenerationalStorage
0x00007ff81dfd2000 	/System/Library/PrivateFrameworks/CoreSymbolication.framework/Versions/A/CoreSymbolication
0x00007ff81cd51000 	/System/Library/PrivateFrameworks/SymptomDiagnosticReporter.framework/Versions/A/SymptomDiagnosticReporter
0x00007ff80eae9000 	/System/Library/PrivateFrameworks/DesktopServicesPriv.framework/Versions/A/DesktopServicesPriv
0x00007ff80d96b000 	/usr/lib/libsandbox.1.dylib
0x00007ff8127b3000 	/System/Library/PrivateFrameworks/UserManagement.framework/Versions/A/UserManagement
0x00007ff81df97000 	/System/Library/PrivateFrameworks/DebugSymbols.framework/Versions/A/DebugSymbols
0x00007ff818d83000 	/System/Library/PrivateFrameworks/NetAuth.framework/Versions/A/NetAuth
0x00007ff819c6f000 	/System/Library/PrivateFrameworks/Sharing.framework/Versions/A/Sharing
0x00007ff812786000 	/System/Library/PrivateFrameworks/login.framework/Versions/A/Frameworks/loginsupport.framework/Versions/A/loginsupport
0x00007ff81f0cf000 	/System/Library/PrivateFrameworks/Apple80211.framework/Versions/A/Apple80211
0x00007ff815a22000 	/System/Library/PrivateFrameworks/AuthKit.framework/Versions/A/AuthKit
0x00007ff815081000 	/System/Library/PrivateFrameworks/CoreUtils.framework/Versions/A/CoreUtils
0x00007ff814fa8000 	/System/Library/Frameworks/CoreWLAN.framework/Versions/A/CoreWLAN
0x00007ff819dca000 	/System/Library/Frameworks/IOBluetooth.framework/Versions/A/IOBluetooth
0x00007ff81f137000 	/System/Library/PrivateFrameworks/CoreWiFi.framework/Versions/A/CoreWiFi
0x00007ff81db6c000 	/System/Library/PrivateFrameworks/FrontBoardServices.framework/Versions/A/FrontBoardServices
0x00007ff81dbfe000 	/System/Library/PrivateFrameworks/BoardServices.framework/Versions/A/BoardServices
0x00007ff81529b000 	/System/Library/PrivateFrameworks/AssertionServices.framework/Versions/A/AssertionServices
0x00007ff81f2bb000 	/System/Library/PrivateFrameworks/BackBoardServices.framework/Versions/A/BackBoardServices
0x00007ff8191cf000 	/System/Library/PrivateFrameworks/CorePhoneNumbers.framework/Versions/A/CorePhoneNumbers
0x00007ff81ce6e000 	/System/Library/PrivateFrameworks/DiskManagement.framework/Versions/A/DiskManagement
0x00007ff81cd82000 	/System/Library/PrivateFrameworks/AppleIDAuthSupport.framework/Versions/A/AppleIDAuthSupport
0x00007ffa2949d000 	/System/Library/PrivateFrameworks/AAAFoundation.framework/Versions/A/AAAFoundation
0x00007ff8191b0000 	/System/Library/PrivateFrameworks/KeychainCircle.framework/Versions/A/KeychainCircle
0x00007ff81ce3a000 	/System/Library/PrivateFrameworks/MediaKit.framework/Versions/A/MediaKit
0x00007ff81cd8e000 	/System/Library/Frameworks/DiscRecording.framework/Versions/A/DiscRecording
0x00007ff816875000 	/usr/lib/libCoreStorage.dylib
0x00007ff81f5a8000 	/usr/lib/libcsfde.dylib
0x00007ff819e97000 	/System/Library/PrivateFrameworks/ProtectedCloudStorage.framework/Versions/A/ProtectedCloudStorage
0x00007ff81f5a4000 	/System/Library/PrivateFrameworks/EFILogin.framework/Versions/A/EFILogin
0x00007ff81d4eb000 	/System/Library/PrivateFrameworks/OctagonTrust.framework/Versions/A/OctagonTrust
0x00007ffb0dc6b000 	/System/Library/PrivateFrameworks/CoreUtilsExtras.framework/Versions/A/CoreUtilsExtras
0x00007ff81ccc1000 	/System/Library/Frameworks/CoreBluetooth.framework/Versions/A/CoreBluetooth
0x00007ff81fc1e000 	/System/Library/Frameworks/AudioUnit.framework/Versions/A/AudioUnit
0x00007ff81686d000 	/usr/lib/libMatch.1.dylib
0x00007ff914a9b000 	/System/Library/Frameworks/Accelerate.framework/Versions/A/Frameworks/vImage.framework/Versions/A/Libraries/libCGInterfaces.dylib
0x000000011c5b7000 	/usr/lib/libobjc-trampolines.dylib
0x00007ff8124ad000 	/System/Library/PrivateFrameworks/ViewBridge.framework/Versions/A/ViewBridge
0x000000013379f000 	/Users/gabminamedez/Documents/Developer/javafx-sdk-11.0.2/lib/libjavafx_font.dylib
0x00007ffb20535000 	/usr/lib/libRosetta.dylib
0x00007ff816fca000 	/System/Library/PrivateFrameworks/login.framework/Versions/A/login


VM Arguments:
jvm_args: --module-path=/Users/gabminamedez/Documents/Developer/javafx-sdk-11.0.2/lib --add-modules=javafx.controls,javafx.fxml -Djava.library.path=/Users/gabminamedez/Documents/Developer/javafx-sdk-11.0.2/lib -javaagent:/Applications/IntelliJ IDEA.app/Contents/lib/idea_rt.jar=52595:/Applications/IntelliJ IDEA.app/Contents/bin -Dfile.encoding=UTF-8 
java_command: com.socialsim.controller.Main
java_class_path (initial): /Users/gabminamedez/Desktop/social-sim/SocialSim/out/production/SocialSim:/Users/gabminamedez/Documents/Developer/javafx-sdk-11.0.2/lib/src.zip:/Users/gabminamedez/Documents/Developer/javafx-sdk-11.0.2/lib/javafx-swt.jar:/Users/gabminamedez/Documents/Developer/javafx-sdk-11.0.2/lib/javafx.web.jar:/Users/gabminamedez/Documents/Developer/javafx-sdk-11.0.2/lib/javafx.base.jar:/Users/gabminamedez/Documents/Developer/javafx-sdk-11.0.2/lib/javafx.fxml.jar:/Users/gabminamedez/Documents/Developer/javafx-sdk-11.0.2/lib/javafx.media.jar:/Users/gabminamedez/Documents/Developer/javafx-sdk-11.0.2/lib/javafx.swing.jar:/Users/gabminamedez/Documents/Developer/javafx-sdk-11.0.2/lib/javafx.controls.jar:/Users/gabminamedez/Documents/Developer/javafx-sdk-11.0.2/lib/javafx.graphics.jar
Launcher Type: SUN_STANDARD

[Global flags]
     intx CICompilerCount                          = 3                                         {product} {ergonomic}
     uint ConcGCThreads                            = 1                                         {product} {ergonomic}
     uint G1ConcRefinementThreads                  = 4                                         {product} {ergonomic}
   size_t G1HeapRegionSize                         = 1048576                                   {product} {ergonomic}
    uintx GCDrainStackTargetSize                   = 64                                        {product} {ergonomic}
   size_t InitialHeapSize                          = 134217728                                 {product} {ergonomic}
   size_t MarkStackSize                            = 4194304                                   {product} {ergonomic}
   size_t MaxHeapSize                              = 2147483648                                {product} {ergonomic}
   size_t MaxNewSize                               = 1287651328                                {product} {ergonomic}
   size_t MinHeapDeltaBytes                        = 1048576                                   {product} {ergonomic}
   size_t MinHeapSize                              = 8388608                                   {product} {ergonomic}
    uintx NonNMethodCodeHeapSize                   = 5832780                                {pd product} {ergonomic}
    uintx NonProfiledCodeHeapSize                  = 122912730                              {pd product} {ergonomic}
    uintx ProfiledCodeHeapSize                     = 122912730                              {pd product} {ergonomic}
    uintx ReservedCodeCacheSize                    = 251658240                              {pd product} {ergonomic}
     bool SegmentedCodeCache                       = true                                      {product} {ergonomic}
   size_t SoftMaxHeapSize                          = 2147483648                             {manageable} {ergonomic}
     bool UseCompressedClassPointers               = true                                 {lp64_product} {ergonomic}
     bool UseCompressedOops                        = true                                 {lp64_product} {ergonomic}
     bool UseG1GC                                  = true                                      {product} {ergonomic}

Logging:
Log output configuration:
 #0: stdout all=warning uptime,level,tags
 #1: stderr all=off uptime,level,tags

Environment Variables:
PATH=/opt/anaconda3/bin:/opt/anaconda3/condabin:/usr/local/bin:/usr/bin:/bin:/usr/sbin:/sbin:/Library/Apple/usr/bin
SHELL=/bin/zsh

Signal Handlers:
SIGSEGV: [libjvm.dylib+0x740840], sa_mask[0]=11111111011111110111111111111111, sa_flags=SA_ONSTACK|SA_RESTART|SA_SIGINFO
SIGBUS: [libjvm.dylib+0x740840], sa_mask[0]=11111111011111110111111111111111, sa_flags=SA_RESTART|SA_SIGINFO
SIGFPE: [libjvm.dylib+0x740840], sa_mask[0]=11111111011111110111111111111111, sa_flags=SA_RESTART|SA_SIGINFO
SIGPIPE: [libjvm.dylib+0x5ea66f], sa_mask[0]=11111111011111110111111111111111, sa_flags=SA_RESTART|SA_SIGINFO
SIGXFSZ: [libjvm.dylib+0x5ea66f], sa_mask[0]=11111111011111110111111111111111, sa_flags=SA_RESTART|SA_SIGINFO
SIGILL: [libjvm.dylib+0x740840], sa_mask[0]=11111111011111110111111111111111, sa_flags=SA_RESTART|SA_SIGINFO
SIGUSR2: [libjvm.dylib+0x5eac41], sa_mask[0]=00100000000000000000000000000000, sa_flags=SA_RESTART|SA_SIGINFO
SIGHUP: [libjvm.dylib+0x5e9ca3], sa_mask[0]=11111111011111110111111111111111, sa_flags=SA_RESTART|SA_SIGINFO
SIGINT: [libjvm.dylib+0x5e9ca3], sa_mask[0]=11111111011111110111111111111111, sa_flags=SA_RESTART|SA_SIGINFO
SIGTERM: [libjvm.dylib+0x5e9ca3], sa_mask[0]=11111111011111110111111111111111, sa_flags=SA_RESTART|SA_SIGINFO
SIGQUIT: [libjvm.dylib+0x5e9ca3], sa_mask[0]=11111111011111110111111111111111, sa_flags=SA_RESTART|SA_SIGINFO


---------------  S Y S T E M  ---------------

OS:uname:Darwin 21.1.0 Darwin Kernel Version 21.1.0: Wed Oct 13 17:33:23 PDT 2021; root:xnu-8019.41.5~1/RELEASE_X86_64 x86_64
OS uptime: 0 days 15:29 hours
rlimit: STACK 8192k, CORE 0k, NPROC 1392, NOFILE 10240, AS infinity, DATA infinity, FSIZE infinity
load average:4.89 2.88 2.71

CPU:total 4 (initial active 4) (2 cores per cpu, 2 threads per core) family 6 model 142 stepping 9, cmov, cx8, fxsr, mmx, sse, sse2, sse3, ssse3, sse4.1, sse4.2, popcnt, avx, avx2, aes, clmul, erms, rtm, 3dnowpref, lzcnt, ht, tsc, tscinvbit, bmi1, bmi2, adx, fma

Memory: 4k page, physical 8388608k(46160k free), swap 5242880k(1630976k free)

vm_info: Java HotSpot(TM) 64-Bit Server VM (14+36-1461) for bsd-amd64 JRE (14+36-1461), built on Feb  6 2020 19:14:40 by "mach5one" with clang 4.2.1 Compatible Apple LLVM 10.0.0 (clang-1000.11.45.5)

END.
