#
# A fatal error has been detected by the Java Runtime Environment:
#
#  SIGSEGV (0xb) at pc=0x000000010a94fa05, pid=2581, tid=24587
#
# JRE version: Java(TM) SE Runtime Environment (14.0+36) (build 14+36-1461)
# Java VM: Java HotSpot(TM) 64-Bit Server VM (14+36-1461, mixed mode, sharing, tiered, compressed oops, g1 gc, bsd-amd64)
# Problematic frame:
# V  [libjvm.dylib+0x385a05]  jni_DeleteGlobalRef+0xd5
#
# No core dump will be written. Core dumps have been disabled. To enable core dumping, try "ulimit -c unlimited" before starting Java again
#
# If you would like to submit a bug report, please visit:
#   https://bugreport.java.com/bugreport/crash.jsp
# The crash happened outside the Java Virtual Machine in native code.
# See problematic frame for where to report the bug.
#

---------------  S U M M A R Y ------------

Command Line: --module-path=/Users/gabminamedez/Documents/Developer/javafx-sdk-11.0.2/lib --add-modules=javafx.controls,javafx.fxml -Djava.library.path=/Users/gabminamedez/Documents/Developer/javafx-sdk-11.0.2/lib -javaagent:/Applications/IntelliJ IDEA.app/Contents/lib/idea_rt.jar=50828:/Applications/IntelliJ IDEA.app/Contents/bin -Dfile.encoding=UTF-8 com.socialsim.controller.Main

Host: MacBookPro14,1 x86_64 2300 MHz, 4 cores, 8G, Darwin 21.1.0
Time: Wed Jan  5 17:15:18 2022 PST elapsed time: 74 seconds (0d 0h 1m 14s)

---------------  T H R E A D  ---------------

Current thread (0x00007fc6c5209800):  JavaThread "InvokeLaterDispatcher" daemon [_thread_in_native, id=24587, stack(0x000070000209f000,0x000070000219f000)]

Stack: [0x000070000209f000,0x000070000219f000],  sp=0x000070000219e920,  free space=1022k
Native frames: (J=compiled Java code, A=aot compiled Java code, j=interpreted, Vv=VM code, C=native code)
V  [libjvm.dylib+0x385a05]  jni_DeleteGlobalRef+0xd5
C  [libglass.dylib+0x8851]  -[GlassRunnable dealloc]+0x31
C  [Foundation+0x8210b]  -[_NSThreadPerformInfo dealloc]+0x2a
C  [Foundation+0x4edc7]  -[NSObject(NSThreadPerformAdditions) performSelectorOnMainThread:withObject:waitUntilDone:]+0x7c
J 3947  com.sun.glass.ui.mac.MacApplication._submitForLaterInvocation(Ljava/lang/Runnable;)V javafx.graphics (0 bytes) @ 0x00000001226e08ef [0x00000001226e0820+0x00000000000000cf]
J 3946 c1 com.sun.glass.ui.mac.MacApplication.submitForLaterInvocation(Ljava/lang/Runnable;)V javafx.graphics (6 bytes) @ 0x000000011b76f434 [0x000000011b76f3a0+0x0000000000000094]
j  com.sun.glass.ui.InvokeLaterDispatcher.run()V+82 javafx.graphics
v  ~StubRoutines::call_stub
V  [libjvm.dylib+0x34aea2]  _ZN9JavaCalls11call_helperEP9JavaValueRK12methodHandleP17JavaCallArgumentsP6Thread+0x256
V  [libjvm.dylib+0x34a2bc]  _ZN9JavaCalls12call_virtualEP9JavaValueP5KlassP6SymbolS5_P17JavaCallArgumentsP6Thread+0xfe
V  [libjvm.dylib+0x34a378]  _ZN9JavaCalls12call_virtualEP9JavaValue6HandleP5KlassP6SymbolS6_P6Thread+0x62
V  [libjvm.dylib+0x3d07d8]  _ZL12thread_entryP10JavaThreadP6Thread+0x78
V  [libjvm.dylib+0x6ec426]  _ZN10JavaThread17thread_main_innerEv+0x86
V  [libjvm.dylib+0x6ec264]  _ZN10JavaThread3runEv+0x118
V  [libjvm.dylib+0x6ea0ab]  _ZN6Thread8call_runEv+0x71
V  [libjvm.dylib+0x5e8a7c]  _ZL19thread_native_entryP6Thread+0x129
C  [libsystem_pthread.dylib+0x6514]  _pthread_start+0x7d
C  [libsystem_pthread.dylib+0x202f]  thread_start+0xf

Java frames: (J=compiled Java code, j=interpreted, Vv=VM code)
J 3947  com.sun.glass.ui.mac.MacApplication._submitForLaterInvocation(Ljava/lang/Runnable;)V javafx.graphics (0 bytes) @ 0x00000001226e087c [0x00000001226e0820+0x000000000000005c]
J 3946 c1 com.sun.glass.ui.mac.MacApplication.submitForLaterInvocation(Ljava/lang/Runnable;)V javafx.graphics (6 bytes) @ 0x000000011b76f434 [0x000000011b76f3a0+0x0000000000000094]
j  com.sun.glass.ui.InvokeLaterDispatcher.run()V+82 javafx.graphics
v  ~StubRoutines::call_stub

siginfo: si_signo: 11 (SIGSEGV), si_code: 1 (SEGV_MAPERR), si_addr: 0x0000000000000018

Register to memory mapping:

RAX=0x0 is NULL
RBX=0x00007ff7b6789130 is pointing into the stack for thread: 0x00007fc6c28a3800
RCX=0x00007fc6c28a3800 is a thread
RDX=0x000577fff7ffffff is an unknown value
RSP=0x000070000219e920 is pointing into the stack for thread: 0x00007fc6c5209800
RBP=0x000070000219e940 is pointing into the stack for thread: 0x00007fc6c5209800
RSI=0x0000000008000000 is an unknown value
RDI=0x00007fc6c270a100 is a global jni handle
R8 =0x00000000000130a8 is an unknown value
R9 =0x0 is NULL
R10=0x000000012b791098: OBJC_CLASS_$_GlassRunnable+0 in /Users/gabminamedez/Documents/Developer/javafx-sdk-11.0.2/lib/libglass.dylib at 0x000000012b74e000
R11=0x000000012b756820: -[GlassRunnable dealloc]+0 in /Users/gabminamedez/Documents/Developer/javafx-sdk-11.0.2/lib/libglass.dylib at 0x000000012b74e000
R12=0x00007fc6c28a3800 is a thread
R13=0x000060000313af30 points into unknown readable memory: 99 10 79 2b 01 80 1d 00
R14=0x00007fc6c270a1d8 points into unknown readable memory: 00 00 00 00 00 00 00 00
R15=0x00007fc6c28a3b10 points into unknown readable memory: 60 2c ee 0a 01 00 00 00


Registers:
RAX=0x0000000000000000, RBX=0x00007ff7b6789130, RCX=0x00007fc6c28a3800, RDX=0x000577fff7ffffff
RSP=0x000070000219e920, RBP=0x000070000219e940, RSI=0x0000000008000000, RDI=0x00007fc6c270a100
R8 =0x00000000000130a8, R9 =0x0000000000000000, R10=0x000000012b791098, R11=0x000000012b756820
R12=0x00007fc6c28a3800, R13=0x000060000313af30, R14=0x00007fc6c270a1d8, R15=0x00007fc6c28a3b10
RIP=0x000000010a94fa05, EFLAGS=0x0000000000010246, ERR=0x0000000000000006
  TRAPNO=0x000000000000000e

Top of Stack: (sp=0x000070000219e920)
0x000070000219e920:   000060000313af30 00007ff82489c2b9
0x000070000219e930:   0000000000000008 0000000000000000
0x000070000219e940:   000070000219e970 000000012b756851
0x000070000219e950:   0000000000000000 000060000313ae50
0x000070000219e960:   000060000281a280 00007ff809fdbc30
0x000070000219e970:   000070000219e9b0 00007ff80b09410b
0x000070000219e980:   000060000313af30 000060000313ae50
0x000070000219e990:   00007ff82489c2b9 4890683e811f0049
0x000070000219e9a0:   000060000313ae50 00007ff809fd9040
0x000070000219e9b0:   000070000219ea00 00007ff80b060dc7
0x000070000219e9c0:   000060000313ae50 000060000313af30
0x000070000219e9d0:   000000000219ea00 0000000152a4fe68
0x000070000219e9e0:   0000000000000000 000070000219eaa8
0x000070000219e9f0:   0000000800ba3ec0 00007fc6c5209800
0x000070000219ea00:   000070000219ea50 00000001226e08ef
0x000070000219ea10:   0000000780004280 0000000784e00000
0x000070000219ea20:   0000000000000000 0000000111cb3f71
0x000070000219ea30:   0000000780212d68 0000000780003e18
0x000070000219ea40:   0000000780001c88 0000000111cb3f71
0x000070000219ea50:   000070000219eb10 000000011b76f434
0x000070000219ea60:   000070000219ea90 000000010a90fdf5
0x000070000219ea70:   00007fc6f00425b2 00000000000000c3
0x000070000219ea80:   000070000219eb10 000000011aa52ef3
0x000070000219ea90:   000070000219eb10 000000011aa52f38
0x000070000219eaa0:   000000011aa52f38 00000007897809f8
0x000070000219eab0:   0000000780004280 0000000000000003
0x000070000219eac0:   0000000000000000 000070000219eab8
0x000070000219ead0:   0000000111cb3f3a 000070000219eb48
0x000070000219eae0:   0000000111cb45b8 0000000000000000
0x000070000219eaf0:   0000000780003e30 0000000111cb3fd8
0x000070000219eb00:   000070000219eaa8 000070000219eb48
0x000070000219eb10:   000070000219ebb0 000000011aa49949 

Instructions: (pc=0x000000010a94fa05)
0x000000010a94f905:   01 00 00 a8 08 74 08 4c 89 e7 e8 8a b8 2c 00 41
0x000000010a94f915:   c7 84 24 80 03 00 00 04 00 00 00 4c 89 f0 48 83
0x000000010a94f925:   c4 20 5b 41 5c 41 5e 41 5f 5d c3 55 48 89 e5 41
0x000000010a94f935:   57 41 56 41 54 53 49 89 f6 49 89 ff 4d 8d a7 f0
0x000000010a94f945:   fc ff ff b8 55 21 ff ff 41 03 87 88 00 00 00 83
0x000000010a94f955:   f8 02 72 0b 4c 89 e7 e8 37 65 36 00 45 31 e4 41
0x000000010a94f965:   c7 84 24 80 03 00 00 05 00 00 00 f0 83 04 24 00
0x000000010a94f975:   49 8b 04 24 4c 89 e7 ff 50 40 84 c0 74 0e 49 8b
0x000000010a94f985:   84 24 10 01 00 00 a8 08 74 0e eb 1a 48 8d 05 f8
0x000000010a94f995:   fe 5f 00 83 38 00 75 0e 41 f7 84 24 e0 00 00 00
0x000000010a94f9a5:   04 00 00 20 74 08 4c 89 e7 e8 25 7f 36 00 41 c7
0x000000010a94f9b5:   84 24 80 03 00 00 06 00 00 00 4c 89 ff 4c 89 f6
0x000000010a94f9c5:   90 0f 1f 40 00 4c 89 f7 e8 48 9d 03 00 90 0f 1f
0x000000010a94f9d5:   40 00 49 8b 9c 24 f8 00 00 00 48 8b 43 10 48 83
0x000000010a94f9e5:   38 00 74 0c 48 89 df e8 87 7b f8 ff 48 8b 43 10
0x000000010a94f9f5:   48 8b 4b 08 48 89 41 10 48 8b 43 08 48 8b 4b 18
0x000000010a94fa05:   48 89 48 18 48 8b 43 08 48 8b 4b 20 48 89 48 20
0x000000010a94fa15:   41 c7 84 24 80 03 00 00 07 00 00 00 f0 83 04 24
0x000000010a94fa25:   00 49 8b 84 24 10 01 00 00 a8 08 74 08 4c 89 e7
0x000000010a94fa35:   e8 64 b7 2c 00 41 c7 84 24 80 03 00 00 04 00 00
0x000000010a94fa45:   00 5b 41 5c 41 5e 41 5f 5d c3 55 48 89 e5 41 57
0x000000010a94fa55:   41 56 41 54 53 49 89 f6 49 89 ff 4d 8d a7 f0 fc
0x000000010a94fa65:   ff ff b8 55 21 ff ff 41 03 87 88 00 00 00 83 f8
0x000000010a94fa75:   02 72 0b 4c 89 e7 e8 18 64 36 00 45 31 e4 41 c7
0x000000010a94fa85:   84 24 80 03 00 00 05 00 00 00 f0 83 04 24 00 49
0x000000010a94fa95:   8b 04 24 4c 89 e7 ff 50 40 84 c0 74 0e 49 8b 84
0x000000010a94faa5:   24 10 01 00 00 a8 08 74 0e eb 1a 48 8d 05 d9 fd
0x000000010a94fab5:   5f 00 83 38 00 75 0e 41 f7 84 24 e0 00 00 00 04
0x000000010a94fac5:   00 00 20 74 08 4c 89 e7 e8 06 7e 36 00 41 c7 84
0x000000010a94fad5:   24 80 03 00 00 06 00 00 00 4c 89 ff 4c 89 f6 90
0x000000010a94fae5:   0f 1f 40 00 4d 85 f6 74 0b 31 f6 4c 89 f7 ff 15
0x000000010a94faf5:   b7 2a 59 00 90 0f 1f 40 00 49 8b 9c 24 f8 00 00 


Stack slot to memory mapping:
stack at sp + 0 slots: 0x000060000313af30 points into unknown readable memory: 99 10 79 2b 01 80 1d 00
stack at sp + 1 slots: 0x00007ff82489c2b9: <offset 0x1a8c92b9> in /usr/lib/libobjc.A.dylib at 0x00007ff809fd3000
stack at sp + 2 slots: 0x0000000000000008 is an unknown value
stack at sp + 3 slots: 0x0 is NULL
stack at sp + 4 slots: 0x000070000219e970 is pointing into the stack for thread: 0x00007fc6c5209800
stack at sp + 5 slots: 0x000000012b756851: -[GlassRunnable dealloc]+0x31 in /Users/gabminamedez/Documents/Developer/javafx-sdk-11.0.2/lib/libglass.dylib at 0x000000012b74e000
stack at sp + 6 slots: 0x0 is NULL
stack at sp + 7 slots: 0x000060000313ae50 points into unknown readable memory: 61 85 7b 4b f8 ff 1d 01


---------------  P R O C E S S  ---------------

Threads class SMR info:
_java_thread_list=0x000060000330b080, length=23, elements={
0x00007fc6c3009800, 0x00007fc6c2826000, 0x00007fc6c281c000, 0x00007fc6c301e000,
0x00007fc6c500b800, 0x00007fc6c3021000, 0x00007fc6c5077000, 0x00007fc6c3022000,
0x00007fc6c301f000, 0x00007fc6c282d000, 0x00007fc6c302a800, 0x00007fc6c40f8000,
0x00007fc6c5209800, 0x00007fc6c28a3800, 0x00007fc6c28b5800, 0x00007fc6c28b6800,
0x00007fc6c5288000, 0x00007fc6c28b4000, 0x00007fc6c41be800, 0x00007fc6c41bf800,
0x00007fc6c5283000, 0x00007fc6c41c2000, 0x00007fc6c323e800
}

Java Threads: ( => current thread )
  0x00007fc6c3009800 JavaThread "main" [_thread_blocked, id=6403, stack(0x000070000106c000,0x000070000116c000)]
  0x00007fc6c2826000 JavaThread "Reference Handler" daemon [_thread_blocked, id=18435, stack(0x0000700001781000,0x0000700001881000)]
  0x00007fc6c281c000 JavaThread "Finalizer" daemon [_thread_blocked, id=18179, stack(0x0000700001884000,0x0000700001984000)]
  0x00007fc6c301e000 JavaThread "Signal Dispatcher" daemon [_thread_blocked, id=43011, stack(0x0000700001a8d000,0x0000700001b8d000)]
  0x00007fc6c500b800 JavaThread "Service Thread" daemon [_thread_blocked, id=22275, stack(0x0000700001b90000,0x0000700001c90000)]
  0x00007fc6c3021000 JavaThread "C2 CompilerThread0" daemon [_thread_blocked, id=42243, stack(0x0000700001c93000,0x0000700001d93000)]
  0x00007fc6c5077000 JavaThread "C1 CompilerThread0" daemon [_thread_blocked, id=41987, stack(0x0000700001d96000,0x0000700001e96000)]
  0x00007fc6c3022000 JavaThread "Sweeper thread" daemon [_thread_blocked, id=23811, stack(0x0000700001e99000,0x0000700001f99000)]
  0x00007fc6c301f000 JavaThread "Common-Cleaner" daemon [_thread_blocked, id=24067, stack(0x0000700001f9c000,0x000070000209c000)]
  0x00007fc6c282d000 JavaThread "Monitor Ctrl-Break" daemon [_thread_in_native, id=40451, stack(0x00007000021a2000,0x00007000022a2000)]
  0x00007fc6c302a800 JavaThread "Notification Thread" daemon [_thread_blocked, id=39683, stack(0x00007000022a5000,0x00007000023a5000)]
  0x00007fc6c40f8000 JavaThread "QuantumRenderer-0" daemon [_thread_blocked, id=25859, stack(0x00007000024ab000,0x00007000025ab000)]
=>0x00007fc6c5209800 JavaThread "InvokeLaterDispatcher" daemon [_thread_in_native, id=24587, stack(0x000070000209f000,0x000070000219f000)]
  0x00007fc6c28a3800 JavaThread "JavaFX Application Thread" [_thread_in_native, id=259, stack(0x00007ff7b5f99000,0x00007ff7b6799000)]
  0x00007fc6c28b5800 JavaThread "Thread-2" daemon [_thread_in_native, id=47367, stack(0x00007000028b7000,0x0000700002937000)]
  0x00007fc6c28b6800 JavaThread "JavaFX-Launcher" [_thread_blocked, id=54275, stack(0x0000700002ac3000,0x0000700002bc3000)]
  0x00007fc6c5288000 JavaThread "Thread-4" [_thread_blocked, id=57611, stack(0x0000700002bc6000,0x0000700002cc6000)]
  0x00007fc6c28b4000 JavaThread "Thread-5" [_thread_blocked, id=58115, stack(0x0000700002cc9000,0x0000700002dc9000)]
  0x00007fc6c41be800 JavaThread "Thread-6" [_thread_in_Java, id=58371, stack(0x0000700002dcc000,0x0000700002ecc000)]
  0x00007fc6c41bf800 JavaThread "Thread-7" [_thread_blocked, id=74243, stack(0x0000700002ecf000,0x0000700002fcf000)]
  0x00007fc6c5283000 JavaThread "Attach Listener" daemon [_thread_blocked, id=59907, stack(0x0000700002fd2000,0x00007000030d2000)]
  0x00007fc6c41c2000 JavaThread "Prism Font Disposer" daemon [_thread_blocked, id=73731, stack(0x00007000030d5000,0x00007000031d5000)]
  0x00007fc6c323e800 JavaThread "Cleaner-0" daemon [_thread_blocked, id=88067, stack(0x00007000032db000,0x00007000033db000)]

Other Threads:
  0x00007fc6c280e000 VMThread "VM Thread" [stack: 0x000070000167e000,0x000070000177e000] [id=18947]
  0x00007fc6c40f7000 WatcherThread [stack: 0x00007000023a8000,0x00007000024a8000] [id=25091]
  0x00007fc6c402a800 GCTaskThread "GC Thread#0" [stack: 0x000070000116f000,0x000070000126f000] [id=12291]
  0x00007fc6c3064800 GCTaskThread "GC Thread#1" [stack: 0x00007000025ae000,0x00007000026ae000] [id=83719]
  0x00007fc6c302b800 GCTaskThread "GC Thread#2" [stack: 0x00007000026b1000,0x00007000027b1000] [id=46851]
  0x00007fc6c28c4000 GCTaskThread "GC Thread#3" [stack: 0x00007000027b4000,0x00007000028b4000] [id=82947]
  0x00007fc6c403b800 ConcurrentGCThread "G1 Main Marker" [stack: 0x0000700001272000,0x0000700001372000] [id=19459]
  0x00007fc6c403c800 ConcurrentGCThread "G1 Conc#0" [stack: 0x0000700001375000,0x0000700001475000] [id=13315]
  0x00007fc6c408d000 ConcurrentGCThread "G1 Refine#0" [stack: 0x0000700001478000,0x0000700001578000] [id=13827]
  0x00007fc6c2a8d800 ConcurrentGCThread "G1 Refine#1" [stack: 0x00007000033de000,0x00007000034de000] [id=63115]
  0x00007fc6c53f6000 ConcurrentGCThread "G1 Refine#2" [stack: 0x0000700003564000,0x0000700003664000] [id=130383]
  0x00007fc6c313a000 ConcurrentGCThread "G1 Refine#3" [stack: 0x0000700003667000,0x0000700003767000] [id=87967]
  0x00007fc6c300a800 ConcurrentGCThread "G1 Young RemSet Sampling" [stack: 0x000070000157b000,0x000070000167b000] [id=19203]

Threads with active compile tasks:

VM state:not at safepoint (normal execution)

VM Mutex/Monitor currently owned by a thread: None

Heap address: 0x0000000780000000, size: 2048 MB, Compressed Oops mode: Zero based, Oop shift amount: 3
Narrow klass base: 0x0000000800000000, Narrow klass shift: 3
Compressed class space size: 1073741824 Address: 0x0000000800b05000

Heap:
 garbage-first heap   total 162816K, used 65115K [0x0000000780000000, 0x0000000800000000)
  region size 1024K, 3 young (3072K), 1 survivors (1024K)
 Metaspace       used 19620K, capacity 20442K, committed 20608K, reserved 1067008K
  class space    used 2569K, capacity 2897K, committed 2944K, reserved 1048576K
Heap Regions: E=young(eden), S=young(survivor), O=old, HS=humongous(starts), HC=humongous(continues), CS=collection set, F=free, OA=open archive, CA=closed archive, TAMS=top-at-mark-start (previous, next)
|   0|0x0000000780000000, 0x0000000780100000, 0x0000000780100000|100%| O|  |TAMS 0x0000000780100000, 0x0000000780000000| Untracked 
|   1|0x0000000780100000, 0x0000000780200000, 0x0000000780200000|100%| O|  |TAMS 0x0000000780200000, 0x0000000780100000| Untracked 
|   2|0x0000000780200000, 0x0000000780300000, 0x0000000780300000|100%| O|  |TAMS 0x0000000780300000, 0x0000000780200000| Untracked 
|   3|0x0000000780300000, 0x0000000780400000, 0x0000000780400000|100%| O|  |TAMS 0x0000000780400000, 0x0000000780300000| Untracked 
|   4|0x0000000780400000, 0x0000000780500000, 0x0000000780500000|100%| O|  |TAMS 0x0000000780500000, 0x0000000780400000| Untracked 
|   5|0x0000000780500000, 0x0000000780600000, 0x0000000780600000|100%|HS|  |TAMS 0x0000000780600000, 0x0000000780500000| Complete 
|   6|0x0000000780600000, 0x0000000780700000, 0x0000000780700000|100%|HC|  |TAMS 0x0000000780700000, 0x0000000780600000| Complete 
|   7|0x0000000780700000, 0x0000000780800000, 0x0000000780800000|100%|HC|  |TAMS 0x0000000780800000, 0x0000000780700000| Complete 
|   8|0x0000000780800000, 0x0000000780900000, 0x0000000780900000|100%|HC|  |TAMS 0x0000000780900000, 0x0000000780800000| Complete 
|   9|0x0000000780900000, 0x0000000780a00000, 0x0000000780a00000|100%|HC|  |TAMS 0x0000000780a00000, 0x0000000780900000| Complete 
|  10|0x0000000780a00000, 0x0000000780b00000, 0x0000000780b00000|100%|HC|  |TAMS 0x0000000780b00000, 0x0000000780a00000| Complete 
|  11|0x0000000780b00000, 0x0000000780c00000, 0x0000000780c00000|100%|HC|  |TAMS 0x0000000780c00000, 0x0000000780b00000| Complete 
|  12|0x0000000780c00000, 0x0000000780d00000, 0x0000000780d00000|100%|HC|  |TAMS 0x0000000780d00000, 0x0000000780c00000| Complete 
|  13|0x0000000780d00000, 0x0000000780e00000, 0x0000000780e00000|100%|HC|  |TAMS 0x0000000780e00000, 0x0000000780d00000| Complete 
|  14|0x0000000780e00000, 0x0000000780f00000, 0x0000000780f00000|100%|HS|  |TAMS 0x0000000780f00000, 0x0000000780e00000| Complete 
|  15|0x0000000780f00000, 0x0000000781000000, 0x0000000781000000|100%|HC|  |TAMS 0x0000000781000000, 0x0000000780f00000| Complete 
|  16|0x0000000781000000, 0x0000000781100000, 0x0000000781100000|100%|HC|  |TAMS 0x0000000781100000, 0x0000000781000000| Complete 
|  17|0x0000000781100000, 0x0000000781200000, 0x0000000781200000|100%|HC|  |TAMS 0x0000000781200000, 0x0000000781100000| Complete 
|  18|0x0000000781200000, 0x0000000781300000, 0x0000000781300000|100%|HC|  |TAMS 0x0000000781300000, 0x0000000781200000| Complete 
|  19|0x0000000781300000, 0x0000000781400000, 0x0000000781400000|100%|HC|  |TAMS 0x0000000781400000, 0x0000000781300000| Complete 
|  20|0x0000000781400000, 0x0000000781500000, 0x0000000781500000|100%|HC|  |TAMS 0x0000000781500000, 0x0000000781400000| Complete 
|  21|0x0000000781500000, 0x0000000781600000, 0x0000000781600000|100%|HC|  |TAMS 0x0000000781600000, 0x0000000781500000| Complete 
|  22|0x0000000781600000, 0x0000000781700000, 0x0000000781700000|100%|HC|  |TAMS 0x0000000781700000, 0x0000000781600000| Complete 
|  23|0x0000000781700000, 0x0000000781800000, 0x0000000781800000|100%|HC|  |TAMS 0x0000000781800000, 0x0000000781700000| Complete 
|  24|0x0000000781800000, 0x0000000781900000, 0x0000000781900000|100%|HC|  |TAMS 0x0000000781900000, 0x0000000781800000| Complete 
|  25|0x0000000781900000, 0x0000000781a00000, 0x0000000781a00000|100%|HS|  |TAMS 0x0000000781a00000, 0x0000000781900000| Complete 
|  26|0x0000000781a00000, 0x0000000781b00000, 0x0000000781b00000|100%|HC|  |TAMS 0x0000000781b00000, 0x0000000781a00000| Complete 
|  27|0x0000000781b00000, 0x0000000781c00000, 0x0000000781c00000|100%|HC|  |TAMS 0x0000000781c00000, 0x0000000781b00000| Complete 
|  28|0x0000000781c00000, 0x0000000781d00000, 0x0000000781d00000|100%|HC|  |TAMS 0x0000000781d00000, 0x0000000781c00000| Complete 
|  29|0x0000000781d00000, 0x0000000781e00000, 0x0000000781e00000|100%|HC|  |TAMS 0x0000000781e00000, 0x0000000781d00000| Complete 
|  30|0x0000000781e00000, 0x0000000781f00000, 0x0000000781f00000|100%|HS|  |TAMS 0x0000000781f00000, 0x0000000781e00000| Complete 
|  31|0x0000000781f00000, 0x0000000782000000, 0x0000000782000000|100%|HC|  |TAMS 0x0000000782000000, 0x0000000781f00000| Complete 
|  32|0x0000000782000000, 0x0000000782100000, 0x0000000782100000|100%|HC|  |TAMS 0x0000000782100000, 0x0000000782000000| Complete 
|  33|0x0000000782100000, 0x0000000782200000, 0x0000000782200000|100%|HC|  |TAMS 0x0000000782200000, 0x0000000782100000| Complete 
|  34|0x0000000782200000, 0x0000000782300000, 0x0000000782300000|100%|HC|  |TAMS 0x0000000782300000, 0x0000000782200000| Complete 
|  35|0x0000000782300000, 0x0000000782400000, 0x0000000782400000|100%|HS|  |TAMS 0x0000000782400000, 0x0000000782300000| Complete 
|  36|0x0000000782400000, 0x0000000782500000, 0x0000000782500000|100%|HC|  |TAMS 0x0000000782500000, 0x0000000782400000| Complete 
|  37|0x0000000782500000, 0x0000000782600000, 0x0000000782600000|100%|HC|  |TAMS 0x0000000782600000, 0x0000000782500000| Complete 
|  38|0x0000000782600000, 0x0000000782700000, 0x0000000782700000|100%|HC|  |TAMS 0x0000000782700000, 0x0000000782600000| Complete 
|  39|0x0000000782700000, 0x0000000782800000, 0x0000000782800000|100%|HC|  |TAMS 0x0000000782800000, 0x0000000782700000| Complete 
|  40|0x0000000782800000, 0x0000000782900000, 0x0000000782900000|100%|HS|  |TAMS 0x0000000782900000, 0x0000000782800000| Complete 
|  41|0x0000000782900000, 0x0000000782a00000, 0x0000000782a00000|100%|HC|  |TAMS 0x0000000782a00000, 0x0000000782900000| Complete 
|  42|0x0000000782a00000, 0x0000000782b00000, 0x0000000782b00000|100%|HS|  |TAMS 0x0000000782b00000, 0x0000000782a00000| Complete 
|  43|0x0000000782b00000, 0x0000000782c00000, 0x0000000782c00000|100%|HC|  |TAMS 0x0000000782c00000, 0x0000000782b00000| Complete 
|  44|0x0000000782c00000, 0x0000000782d00000, 0x0000000782d00000|100%| O|  |TAMS 0x0000000782d00000, 0x0000000782c00000| Untracked 
|  45|0x0000000782d00000, 0x0000000782e00000, 0x0000000782e00000|100%| O|  |TAMS 0x0000000782e00000, 0x0000000782d00000| Untracked 
|  46|0x0000000782e00000, 0x0000000782f00000, 0x0000000782f00000|100%| O|  |TAMS 0x0000000782f00000, 0x0000000782e00000| Untracked 
|  47|0x0000000782f00000, 0x0000000783000000, 0x0000000783000000|100%| O|  |TAMS 0x0000000783000000, 0x0000000782f00000| Untracked 
|  48|0x0000000783000000, 0x0000000783100000, 0x0000000783100000|100%| O|  |TAMS 0x0000000783100000, 0x0000000783000000| Untracked 
|  49|0x0000000783100000, 0x0000000783200000, 0x0000000783200000|100%| O|  |TAMS 0x0000000783200000, 0x0000000783100000| Untracked 
|  50|0x0000000783200000, 0x00000007832df600, 0x0000000783300000| 87%| O|  |TAMS 0x0000000783200000, 0x0000000783200000| Untracked 
|  51|0x0000000783300000, 0x0000000783300000, 0x0000000783400000|  0%| F|  |TAMS 0x0000000783300000, 0x0000000783300000| Untracked 
|  52|0x0000000783400000, 0x0000000783400000, 0x0000000783500000|  0%| F|  |TAMS 0x0000000783400000, 0x0000000783400000| Untracked 
|  53|0x0000000783500000, 0x0000000783500000, 0x0000000783600000|  0%| F|  |TAMS 0x0000000783500000, 0x0000000783500000| Untracked 
|  54|0x0000000783600000, 0x0000000783600000, 0x0000000783700000|  0%| F|  |TAMS 0x0000000783600000, 0x0000000783600000| Untracked 
|  55|0x0000000783700000, 0x0000000783700000, 0x0000000783800000|  0%| F|  |TAMS 0x0000000783700000, 0x0000000783700000| Untracked 
|  56|0x0000000783800000, 0x0000000783800000, 0x0000000783900000|  0%| F|  |TAMS 0x0000000783800000, 0x0000000783800000| Untracked 
|  57|0x0000000783900000, 0x0000000783900000, 0x0000000783a00000|  0%| F|  |TAMS 0x0000000783900000, 0x0000000783900000| Untracked 
|  58|0x0000000783a00000, 0x0000000783a00000, 0x0000000783b00000|  0%| F|  |TAMS 0x0000000783a00000, 0x0000000783a00000| Untracked 
|  59|0x0000000783b00000, 0x0000000783c00000, 0x0000000783c00000|100%| O|  |TAMS 0x0000000783c00000, 0x0000000783b00000| Untracked 
|  60|0x0000000783c00000, 0x0000000783d00000, 0x0000000783d00000|100%| O|  |TAMS 0x0000000783d00000, 0x0000000783c00000| Untracked 
|  61|0x0000000783d00000, 0x0000000783e00000, 0x0000000783e00000|100%| O|  |TAMS 0x0000000783e00000, 0x0000000783d00000| Untracked 
|  62|0x0000000783e00000, 0x0000000783f00000, 0x0000000783f00000|100%| O|  |TAMS 0x0000000783f00000, 0x0000000783e00000| Untracked 
|  63|0x0000000783f00000, 0x0000000784000000, 0x0000000784000000|100%| O|  |TAMS 0x0000000784000000, 0x0000000783f00000| Untracked 
|  64|0x0000000784000000, 0x0000000784100000, 0x0000000784100000|100%| O|  |TAMS 0x0000000784100000, 0x0000000784000000| Untracked 
|  65|0x0000000784100000, 0x0000000784200000, 0x0000000784200000|100%| O|  |TAMS 0x0000000784200000, 0x0000000784100000| Untracked 
|  66|0x0000000784200000, 0x0000000784300000, 0x0000000784300000|100%| O|  |TAMS 0x000000078429b400, 0x0000000784200000| Untracked 
|  67|0x0000000784300000, 0x0000000784300000, 0x0000000784400000|  0%| F|  |TAMS 0x0000000784300000, 0x0000000784300000| Untracked 
|  68|0x0000000784400000, 0x0000000784400000, 0x0000000784500000|  0%| F|  |TAMS 0x0000000784400000, 0x0000000784400000| Untracked 
|  69|0x0000000784500000, 0x0000000784500000, 0x0000000784600000|  0%| F|  |TAMS 0x0000000784500000, 0x0000000784500000| Untracked 
|  70|0x0000000784600000, 0x0000000784600000, 0x0000000784700000|  0%| F|  |TAMS 0x0000000784600000, 0x0000000784600000| Untracked 
|  71|0x0000000784700000, 0x0000000784700000, 0x0000000784800000|  0%| F|  |TAMS 0x0000000784700000, 0x0000000784700000| Untracked 
|  72|0x0000000784800000, 0x0000000784800000, 0x0000000784900000|  0%| F|  |TAMS 0x0000000784800000, 0x0000000784800000| Untracked 
|  73|0x0000000784900000, 0x0000000784900000, 0x0000000784a00000|  0%| F|  |TAMS 0x0000000784900000, 0x0000000784900000| Untracked 
|  74|0x0000000784a00000, 0x0000000784a00000, 0x0000000784b00000|  0%| F|  |TAMS 0x0000000784a00000, 0x0000000784a00000| Untracked 
|  75|0x0000000784b00000, 0x0000000784b00000, 0x0000000784c00000|  0%| F|  |TAMS 0x0000000784b00000, 0x0000000784b00000| Untracked 
|  76|0x0000000784c00000, 0x0000000784c00000, 0x0000000784d00000|  0%| F|  |TAMS 0x0000000784c00000, 0x0000000784c00000| Untracked 
|  77|0x0000000784d00000, 0x0000000784d00000, 0x0000000784e00000|  0%| F|  |TAMS 0x0000000784d00000, 0x0000000784d00000| Untracked 
|  78|0x0000000784e00000, 0x0000000784eeb7d0, 0x0000000784f00000| 91%| S|CS|TAMS 0x0000000784e00000, 0x0000000784e00000| Complete 
|  79|0x0000000784f00000, 0x0000000784f00000, 0x0000000785000000|  0%| F|  |TAMS 0x0000000784f00000, 0x0000000784f00000| Untracked 
|  80|0x0000000785000000, 0x0000000785000000, 0x0000000785100000|  0%| F|  |TAMS 0x0000000785000000, 0x0000000785000000| Untracked 
|  81|0x0000000785100000, 0x0000000785100000, 0x0000000785200000|  0%| F|  |TAMS 0x0000000785100000, 0x0000000785100000| Untracked 
|  82|0x0000000785200000, 0x0000000785200000, 0x0000000785300000|  0%| F|  |TAMS 0x0000000785200000, 0x0000000785200000| Untracked 
|  83|0x0000000785300000, 0x0000000785300000, 0x0000000785400000|  0%| F|  |TAMS 0x0000000785300000, 0x0000000785300000| Untracked 
|  84|0x0000000785400000, 0x0000000785400000, 0x0000000785500000|  0%| F|  |TAMS 0x0000000785400000, 0x0000000785400000| Untracked 
|  85|0x0000000785500000, 0x0000000785500000, 0x0000000785600000|  0%| F|  |TAMS 0x0000000785500000, 0x0000000785500000| Untracked 
|  86|0x0000000785600000, 0x0000000785600000, 0x0000000785700000|  0%| F|  |TAMS 0x0000000785600000, 0x0000000785600000| Untracked 
|  87|0x0000000785700000, 0x0000000785700000, 0x0000000785800000|  0%| F|  |TAMS 0x0000000785700000, 0x0000000785700000| Untracked 
|  88|0x0000000785800000, 0x0000000785800000, 0x0000000785900000|  0%| F|  |TAMS 0x0000000785800000, 0x0000000785800000| Untracked 
|  89|0x0000000785900000, 0x0000000785900000, 0x0000000785a00000|  0%| F|  |TAMS 0x0000000785900000, 0x0000000785900000| Untracked 
|  90|0x0000000785a00000, 0x0000000785a00000, 0x0000000785b00000|  0%| F|  |TAMS 0x0000000785a00000, 0x0000000785a00000| Untracked 
|  91|0x0000000785b00000, 0x0000000785b00000, 0x0000000785c00000|  0%| F|  |TAMS 0x0000000785b00000, 0x0000000785b00000| Untracked 
|  92|0x0000000785c00000, 0x0000000785c00000, 0x0000000785d00000|  0%| F|  |TAMS 0x0000000785c00000, 0x0000000785c00000| Untracked 
|  93|0x0000000785d00000, 0x0000000785d00000, 0x0000000785e00000|  0%| F|  |TAMS 0x0000000785d00000, 0x0000000785d00000| Untracked 
|  94|0x0000000785e00000, 0x0000000785e00000, 0x0000000785f00000|  0%| F|  |TAMS 0x0000000785e00000, 0x0000000785e00000| Untracked 
|  95|0x0000000785f00000, 0x0000000785f00000, 0x0000000786000000|  0%| F|  |TAMS 0x0000000785f00000, 0x0000000785f00000| Untracked 
|  96|0x0000000786000000, 0x0000000786000000, 0x0000000786100000|  0%| F|  |TAMS 0x0000000786000000, 0x0000000786000000| Untracked 
|  97|0x0000000786100000, 0x0000000786100000, 0x0000000786200000|  0%| F|  |TAMS 0x0000000786100000, 0x0000000786100000| Untracked 
|  98|0x0000000786200000, 0x0000000786200000, 0x0000000786300000|  0%| F|  |TAMS 0x0000000786200000, 0x0000000786200000| Untracked 
|  99|0x0000000786300000, 0x0000000786300000, 0x0000000786400000|  0%| F|  |TAMS 0x0000000786300000, 0x0000000786300000| Untracked 
| 100|0x0000000786400000, 0x0000000786400000, 0x0000000786500000|  0%| F|  |TAMS 0x0000000786400000, 0x0000000786400000| Untracked 
| 101|0x0000000786500000, 0x0000000786500000, 0x0000000786600000|  0%| F|  |TAMS 0x0000000786500000, 0x0000000786500000| Untracked 
| 102|0x0000000786600000, 0x0000000786600000, 0x0000000786700000|  0%| F|  |TAMS 0x0000000786600000, 0x0000000786600000| Untracked 
| 103|0x0000000786700000, 0x0000000786700000, 0x0000000786800000|  0%| F|  |TAMS 0x0000000786700000, 0x0000000786700000| Untracked 
| 104|0x0000000786800000, 0x0000000786800000, 0x0000000786900000|  0%| F|  |TAMS 0x0000000786800000, 0x0000000786800000| Untracked 
| 105|0x0000000786900000, 0x0000000786900000, 0x0000000786a00000|  0%| F|  |TAMS 0x0000000786900000, 0x0000000786900000| Untracked 
| 106|0x0000000786a00000, 0x0000000786a00000, 0x0000000786b00000|  0%| F|  |TAMS 0x0000000786a00000, 0x0000000786a00000| Untracked 
| 107|0x0000000786b00000, 0x0000000786b00000, 0x0000000786c00000|  0%| F|  |TAMS 0x0000000786b00000, 0x0000000786b00000| Untracked 
| 108|0x0000000786c00000, 0x0000000786c00000, 0x0000000786d00000|  0%| F|  |TAMS 0x0000000786c00000, 0x0000000786c00000| Untracked 
| 109|0x0000000786d00000, 0x0000000786d00000, 0x0000000786e00000|  0%| F|  |TAMS 0x0000000786d00000, 0x0000000786d00000| Untracked 
| 110|0x0000000786e00000, 0x0000000786e00000, 0x0000000786f00000|  0%| F|  |TAMS 0x0000000786e00000, 0x0000000786e00000| Untracked 
| 111|0x0000000786f00000, 0x0000000786f00000, 0x0000000787000000|  0%| F|  |TAMS 0x0000000786f00000, 0x0000000786f00000| Untracked 
| 112|0x0000000787000000, 0x0000000787000000, 0x0000000787100000|  0%| F|  |TAMS 0x0000000787000000, 0x0000000787000000| Untracked 
| 113|0x0000000787100000, 0x0000000787100000, 0x0000000787200000|  0%| F|  |TAMS 0x0000000787100000, 0x0000000787100000| Untracked 
| 114|0x0000000787200000, 0x0000000787200000, 0x0000000787300000|  0%| F|  |TAMS 0x0000000787200000, 0x0000000787200000| Untracked 
| 115|0x0000000787300000, 0x0000000787300000, 0x0000000787400000|  0%| F|  |TAMS 0x0000000787300000, 0x0000000787300000| Untracked 
| 116|0x0000000787400000, 0x0000000787400000, 0x0000000787500000|  0%| F|  |TAMS 0x0000000787400000, 0x0000000787400000| Untracked 
| 117|0x0000000787500000, 0x0000000787500000, 0x0000000787600000|  0%| F|  |TAMS 0x0000000787500000, 0x0000000787500000| Untracked 
| 118|0x0000000787600000, 0x0000000787600000, 0x0000000787700000|  0%| F|  |TAMS 0x0000000787600000, 0x0000000787600000| Untracked 
| 119|0x0000000787700000, 0x0000000787700000, 0x0000000787800000|  0%| F|  |TAMS 0x0000000787700000, 0x0000000787700000| Untracked 
| 120|0x0000000787800000, 0x0000000787800000, 0x0000000787900000|  0%| F|  |TAMS 0x0000000787800000, 0x0000000787800000| Untracked 
| 121|0x0000000787900000, 0x0000000787900000, 0x0000000787a00000|  0%| F|  |TAMS 0x0000000787900000, 0x0000000787900000| Untracked 
| 122|0x0000000787a00000, 0x0000000787a00000, 0x0000000787b00000|  0%| F|  |TAMS 0x0000000787a00000, 0x0000000787a00000| Untracked 
| 123|0x0000000787b00000, 0x0000000787b00000, 0x0000000787c00000|  0%| F|  |TAMS 0x0000000787b00000, 0x0000000787b00000| Untracked 
| 124|0x0000000787c00000, 0x0000000787c00000, 0x0000000787d00000|  0%| F|  |TAMS 0x0000000787c00000, 0x0000000787c00000| Untracked 
| 125|0x0000000787d00000, 0x0000000787d00000, 0x0000000787e00000|  0%| F|  |TAMS 0x0000000787d00000, 0x0000000787d00000| Untracked 
| 126|0x0000000787e00000, 0x0000000787e00000, 0x0000000787f00000|  0%| F|  |TAMS 0x0000000787e00000, 0x0000000787e00000| Untracked 
| 127|0x0000000787f00000, 0x0000000787f00000, 0x0000000788000000|  0%| F|  |TAMS 0x0000000787f00000, 0x0000000787f00000| Untracked 
| 128|0x0000000788000000, 0x0000000788000000, 0x0000000788100000|  0%| F|  |TAMS 0x0000000788000000, 0x0000000788000000| Untracked 
| 129|0x0000000788100000, 0x0000000788100000, 0x0000000788200000|  0%| F|  |TAMS 0x0000000788100000, 0x0000000788100000| Untracked 
| 130|0x0000000788200000, 0x0000000788200000, 0x0000000788300000|  0%| F|  |TAMS 0x0000000788200000, 0x0000000788200000| Untracked 
| 131|0x0000000788300000, 0x0000000788300000, 0x0000000788400000|  0%| F|  |TAMS 0x0000000788300000, 0x0000000788300000| Untracked 
| 132|0x0000000788400000, 0x0000000788400000, 0x0000000788500000|  0%| F|  |TAMS 0x0000000788400000, 0x0000000788400000| Untracked 
| 133|0x0000000788500000, 0x0000000788500000, 0x0000000788600000|  0%| F|  |TAMS 0x0000000788500000, 0x0000000788500000| Untracked 
| 134|0x0000000788600000, 0x0000000788600000, 0x0000000788700000|  0%| F|  |TAMS 0x0000000788600000, 0x0000000788600000| Untracked 
| 135|0x0000000788700000, 0x0000000788700000, 0x0000000788800000|  0%| F|  |TAMS 0x0000000788700000, 0x0000000788700000| Untracked 
| 136|0x0000000788800000, 0x0000000788800000, 0x0000000788900000|  0%| F|  |TAMS 0x0000000788800000, 0x0000000788800000| Untracked 
| 137|0x0000000788900000, 0x0000000788900000, 0x0000000788a00000|  0%| F|  |TAMS 0x0000000788900000, 0x0000000788900000| Untracked 
| 138|0x0000000788a00000, 0x0000000788a00000, 0x0000000788b00000|  0%| F|  |TAMS 0x0000000788a00000, 0x0000000788a00000| Untracked 
| 139|0x0000000788b00000, 0x0000000788b00000, 0x0000000788c00000|  0%| F|  |TAMS 0x0000000788b00000, 0x0000000788b00000| Untracked 
| 140|0x0000000788c00000, 0x0000000788c00000, 0x0000000788d00000|  0%| F|  |TAMS 0x0000000788c00000, 0x0000000788c00000| Untracked 
| 141|0x0000000788d00000, 0x0000000788d00000, 0x0000000788e00000|  0%| F|  |TAMS 0x0000000788d00000, 0x0000000788d00000| Untracked 
| 142|0x0000000788e00000, 0x0000000788e00000, 0x0000000788f00000|  0%| F|  |TAMS 0x0000000788e00000, 0x0000000788e00000| Untracked 
| 143|0x0000000788f00000, 0x0000000788f00000, 0x0000000789000000|  0%| F|  |TAMS 0x0000000788f00000, 0x0000000788f00000| Untracked 
| 144|0x0000000789000000, 0x0000000789000000, 0x0000000789100000|  0%| F|  |TAMS 0x0000000789000000, 0x0000000789000000| Untracked 
| 145|0x0000000789100000, 0x0000000789100000, 0x0000000789200000|  0%| F|  |TAMS 0x0000000789100000, 0x0000000789100000| Untracked 
| 146|0x0000000789200000, 0x0000000789200000, 0x0000000789300000|  0%| F|  |TAMS 0x0000000789200000, 0x0000000789200000| Untracked 
| 147|0x0000000789300000, 0x0000000789300000, 0x0000000789400000|  0%| F|  |TAMS 0x0000000789300000, 0x0000000789300000| Untracked 
| 148|0x0000000789400000, 0x0000000789400000, 0x0000000789500000|  0%| F|  |TAMS 0x0000000789400000, 0x0000000789400000| Untracked 
| 149|0x0000000789500000, 0x0000000789500000, 0x0000000789600000|  0%| F|  |TAMS 0x0000000789500000, 0x0000000789500000| Untracked 
| 150|0x0000000789600000, 0x0000000789600000, 0x0000000789700000|  0%| F|  |TAMS 0x0000000789600000, 0x0000000789600000| Untracked 
| 151|0x0000000789700000, 0x0000000789700000, 0x0000000789800000|  0%| F|  |TAMS 0x0000000789700000, 0x0000000789700000| Untracked 
| 152|0x0000000789800000, 0x0000000789800000, 0x0000000789900000|  0%| F|  |TAMS 0x0000000789800000, 0x0000000789800000| Untracked 
| 153|0x0000000789900000, 0x0000000789903698, 0x0000000789a00000|  1%| E|  |TAMS 0x0000000789900000, 0x0000000789900000| Complete 
| 154|0x0000000789a00000, 0x0000000789b00000, 0x0000000789b00000|100%| E|CS|TAMS 0x0000000789a00000, 0x0000000789a00000| Complete 
|1022|0x00000007bfe00000, 0x00000007bfe51000, 0x00000007bff00000| 31%|OA|  |TAMS 0x00000007bfe51000, 0x00000007bfe00000| Untracked 
|1023|0x00000007bff00000, 0x00000007bff7b000, 0x00000007c0000000| 48%|CA|  |TAMS 0x00000007bff7b000, 0x00000007bff00000| Untracked 
|2046|0x00000007ffe00000, 0x00000007fff00000, 0x00000007fff00000|100%| O|  |TAMS 0x00000007fff00000, 0x00000007ffe00000| Untracked 
|2047|0x00000007fff00000, 0x0000000800000000, 0x0000000800000000|100%| O|  |TAMS 0x0000000800000000, 0x00000007fff00000| Untracked 

Card table byte_map: [0x0000000109f3b000,0x000000010a33b000] _byte_map_base: 0x000000010633b000

Marking Bits (Prev, Next): (CMBitMap*) 0x00007fc6c402b058, (CMBitMap*) 0x00007fc6c402b018
 Prev Bits: [0x000000010d76b000, 0x000000010f76b000)
 Next Bits: [0x000000010b76b000, 0x000000010d76b000)

Polling page: 0x00000001098a1000

Metaspace:

Usage:
  Non-class:     17.13 MB capacity,    16.65 MB ( 97%) used,   401.91 KB (  2%) free+waste,    92.12 KB ( <1%) overhead. 
      Class:      2.83 MB capacity,     2.51 MB ( 89%) used,   281.94 KB ( 10%) free+waste,    46.00 KB (  2%) overhead. 
       Both:     19.96 MB capacity,    19.16 MB ( 96%) used,   683.84 KB (  3%) free+waste,   138.12 KB ( <1%) overhead. 

Virtual space:
  Non-class space:       18.00 MB reserved,      17.25 MB ( 96%) committed 
      Class space:        1.00 GB reserved,       2.88 MB ( <1%) committed 
             Both:        1.02 GB reserved,      20.12 MB (  2%) committed 

Chunk freelists:
   Non-Class:  103.00 KB
       Class:  0 bytes
        Both:  103.00 KB

MaxMetaspaceSize: unlimited
CompressedClassSpaceSize: 1.00 GB

CodeHeap 'non-profiled nmethods': size=120032Kb used=3606Kb max_used=3606Kb free=116425Kb
 bounds [0x0000000122511000, 0x00000001228a1000, 0x0000000129a49000]
CodeHeap 'profiled nmethods': size=120028Kb used=9724Kb max_used=10782Kb free=110303Kb
 bounds [0x000000011afda000, 0x000000011baca000, 0x0000000122511000]
CodeHeap 'non-nmethods': size=5700Kb used=1483Kb max_used=1539Kb free=4216Kb
 bounds [0x000000011aa49000, 0x000000011acb9000, 0x000000011afda000]
 total_blobs=7792 nmethods=4538 adapters=737
 compilation: enabled
              stopped_count=0, restarted_count=0
 full_count=0

Compilation events (20 events):
Event: 74.770 Thread 0x00007fc6c3021000 5333       4       java.util.stream.ReduceOps$3ReducingSink::accept (15 bytes)
Event: 74.771 Thread 0x00007fc6c5077000 5334       3       java.util.LinkedList$ListItr::next (56 bytes)
Event: 74.771 Thread 0x00007fc6c3021000 nmethod 5333 0x0000000122892410 code [0x0000000122892580, 0x0000000122892638]
Event: 74.771 Thread 0x00007fc6c5077000 nmethod 5334 0x000000011b97f790 code [0x000000011b97f980, 0x000000011b97fef0]
Event: 74.785 Thread 0x00007fc6c3021000 5335       4       java.util.HashMap::remove (26 bytes)
Event: 74.793 Thread 0x00007fc6c3021000 nmethod 5335 0x0000000122892710 code [0x00000001228929a0, 0x0000000122893348]
Event: 74.793 Thread 0x00007fc6c3021000 5336       4       java.util.HashMap::removeNode (291 bytes)
Event: 74.801 Thread 0x00007fc6c3021000 nmethod 5336 0x0000000122893910 code [0x0000000122893ba0, 0x0000000122894588]
Event: 74.809 Thread 0x00007fc6c5077000 5337       3       javafx.scene.Scene$ScenePeerListener::touchEventBegin (88 bytes)
Event: 74.809 Thread 0x00007fc6c5077000 nmethod 5337 0x000000011b185110 code [0x000000011b185300, 0x000000011b185a60]
Event: 74.809 Thread 0x00007fc6c5077000 5338   !   3       com.sun.javafx.tk.quantum.GlassViewEventHandler::handleNextTouchEvent (125 bytes)
Event: 74.810 Thread 0x00007fc6c5077000 nmethod 5338 0x000000011b1c0410 code [0x000000011b1c0640, 0x000000011b1c1060]
Event: 74.813 Thread 0x00007fc6c3021000 5339       4       java.util.concurrent.CopyOnWriteArrayList::remove (34 bytes)
Event: 74.824 Thread 0x00007fc6c3021000 nmethod 5339 0x0000000122894b90 code [0x0000000122894dc0, 0x00000001228957d8]
Event: 74.825 Thread 0x00007fc6c3021000 5340       4       java.util.concurrent.CopyOnWriteArrayList::indexOfRange (63 bytes)
Event: 74.829 Thread 0x00007fc6c3021000 nmethod 5340 0x0000000122895c10 code [0x0000000122895dc0, 0x0000000122895fb8]
Event: 74.926 Thread 0x00007fc6c3021000 5341       4       com.sun.javafx.scene.NodeHelper::pickNodeLocal (11 bytes)
Event: 74.927 Thread 0x00007fc6c3021000 nmethod 5341 0x0000000122896190 code [0x0000000122896340, 0x0000000122896478]
Event: 74.968 Thread 0x00007fc6c5077000 5342       1       com.sun.scenario.effect.impl.state.BoxShadowState::getSpread (5 bytes)
Event: 74.968 Thread 0x00007fc6c5077000 nmethod 5342 0x0000000122896610 code [0x00000001228967a0, 0x0000000122896870]

GC Heap History (20 events):
Event: 70.931 GC heap before
{Heap before GC invocations=277 (full 0):
 garbage-first heap   total 162816K, used 141794K [0x0000000780000000, 0x0000000800000000)
  region size 1024K, 77 young (78848K), 1 survivors (1024K)
 Metaspace       used 19526K, capacity 20372K, committed 20608K, reserved 1067008K
  class space    used 2565K, capacity 2897K, committed 2944K, reserved 1048576K
}
Event: 70.932 GC heap after
{Heap after GC invocations=278 (full 0):
 garbage-first heap   total 162816K, used 64001K [0x0000000780000000, 0x0000000800000000)
  region size 1024K, 1 young (1024K), 1 survivors (1024K)
 Metaspace       used 19526K, capacity 20372K, committed 20608K, reserved 1067008K
  class space    used 2565K, capacity 2897K, committed 2944K, reserved 1048576K
}
Event: 71.182 GC heap before
{Heap before GC invocations=278 (full 0):
 garbage-first heap   total 162816K, used 141825K [0x0000000780000000, 0x0000000800000000)
  region size 1024K, 77 young (78848K), 1 survivors (1024K)
 Metaspace       used 19528K, capacity 20372K, committed 20608K, reserved 1067008K
  class space    used 2565K, capacity 2897K, committed 2944K, reserved 1048576K
}
Event: 71.183 GC heap after
{Heap after GC invocations=279 (full 0):
 garbage-first heap   total 162816K, used 63972K [0x0000000780000000, 0x0000000800000000)
  region size 1024K, 1 young (1024K), 1 survivors (1024K)
 Metaspace       used 19528K, capacity 20372K, committed 20608K, reserved 1067008K
  class space    used 2565K, capacity 2897K, committed 2944K, reserved 1048576K
}
Event: 71.424 GC heap before
{Heap before GC invocations=279 (full 0):
 garbage-first heap   total 162816K, used 141796K [0x0000000780000000, 0x0000000800000000)
  region size 1024K, 77 young (78848K), 1 survivors (1024K)
 Metaspace       used 19536K, capacity 20372K, committed 20608K, reserved 1067008K
  class space    used 2565K, capacity 2897K, committed 2944K, reserved 1048576K
}
Event: 71.426 GC heap after
{Heap after GC invocations=280 (full 0):
 garbage-first heap   total 162816K, used 63984K [0x0000000780000000, 0x0000000800000000)
  region size 1024K, 1 young (1024K), 1 survivors (1024K)
 Metaspace       used 19536K, capacity 20372K, committed 20608K, reserved 1067008K
  class space    used 2565K, capacity 2897K, committed 2944K, reserved 1048576K
}
Event: 71.665 GC heap before
{Heap before GC invocations=280 (full 0):
 garbage-first heap   total 162816K, used 141808K [0x0000000780000000, 0x0000000800000000)
  region size 1024K, 77 young (78848K), 1 survivors (1024K)
 Metaspace       used 19536K, capacity 20372K, committed 20608K, reserved 1067008K
  class space    used 2565K, capacity 2897K, committed 2944K, reserved 1048576K
}
Event: 71.666 GC heap after
{Heap after GC invocations=281 (full 0):
 garbage-first heap   total 162816K, used 63985K [0x0000000780000000, 0x0000000800000000)
  region size 1024K, 1 young (1024K), 1 survivors (1024K)
 Metaspace       used 19536K, capacity 20372K, committed 20608K, reserved 1067008K
  class space    used 2565K, capacity 2897K, committed 2944K, reserved 1048576K
}
Event: 71.938 GC heap before
{Heap before GC invocations=281 (full 0):
 garbage-first heap   total 162816K, used 141809K [0x0000000780000000, 0x0000000800000000)
  region size 1024K, 77 young (78848K), 1 survivors (1024K)
 Metaspace       used 19548K, capacity 20372K, committed 20608K, reserved 1067008K
  class space    used 2565K, capacity 2897K, committed 2944K, reserved 1048576K
}
Event: 71.941 GC heap after
{Heap after GC invocations=282 (full 0):
 garbage-first heap   total 162816K, used 63957K [0x0000000780000000, 0x0000000800000000)
  region size 1024K, 1 young (1024K), 1 survivors (1024K)
 Metaspace       used 19548K, capacity 20372K, committed 20608K, reserved 1067008K
  class space    used 2565K, capacity 2897K, committed 2944K, reserved 1048576K
}
Event: 72.285 GC heap before
{Heap before GC invocations=282 (full 0):
 garbage-first heap   total 162816K, used 141781K [0x0000000780000000, 0x0000000800000000)
  region size 1024K, 77 young (78848K), 1 survivors (1024K)
 Metaspace       used 19560K, capacity 20372K, committed 20608K, reserved 1067008K
  class space    used 2566K, capacity 2897K, committed 2944K, reserved 1048576K
}
Event: 72.286 GC heap after
{Heap after GC invocations=283 (full 0):
 garbage-first heap   total 162816K, used 63554K [0x0000000780000000, 0x0000000800000000)
  region size 1024K, 1 young (1024K), 1 survivors (1024K)
 Metaspace       used 19560K, capacity 20372K, committed 20608K, reserved 1067008K
  class space    used 2566K, capacity 2897K, committed 2944K, reserved 1048576K
}
Event: 72.445 GC heap before
{Heap before GC invocations=283 (full 0):
 garbage-first heap   total 162816K, used 141378K [0x0000000780000000, 0x0000000800000000)
  region size 1024K, 77 young (78848K), 1 survivors (1024K)
 Metaspace       used 19560K, capacity 20372K, committed 20608K, reserved 1067008K
  class space    used 2566K, capacity 2897K, committed 2944K, reserved 1048576K
}
Event: 72.447 GC heap after
{Heap after GC invocations=284 (full 0):
 garbage-first heap   total 162816K, used 63556K [0x0000000780000000, 0x0000000800000000)
  region size 1024K, 1 young (1024K), 1 survivors (1024K)
 Metaspace       used 19560K, capacity 20372K, committed 20608K, reserved 1067008K
  class space    used 2566K, capacity 2897K, committed 2944K, reserved 1048576K
}
Event: 73.936 GC heap before
{Heap before GC invocations=284 (full 0):
 garbage-first heap   total 162816K, used 142404K [0x0000000780000000, 0x0000000800000000)
  region size 1024K, 78 young (79872K), 1 survivors (1024K)
 Metaspace       used 19576K, capacity 20373K, committed 20608K, reserved 1067008K
  class space    used 2566K, capacity 2897K, committed 2944K, reserved 1048576K
}
Event: 73.939 GC heap after
{Heap after GC invocations=285 (full 0):
 garbage-first heap   total 162816K, used 63955K [0x0000000780000000, 0x0000000800000000)
  region size 1024K, 1 young (1024K), 1 survivors (1024K)
 Metaspace       used 19576K, capacity 20373K, committed 20608K, reserved 1067008K
  class space    used 2566K, capacity 2897K, committed 2944K, reserved 1048576K
}
Event: 74.336 GC heap before
{Heap before GC invocations=285 (full 0):
 garbage-first heap   total 162816K, used 141779K [0x0000000780000000, 0x0000000800000000)
  region size 1024K, 77 young (78848K), 1 survivors (1024K)
 Metaspace       used 19580K, capacity 20373K, committed 20608K, reserved 1067008K
  class space    used 2566K, capacity 2897K, committed 2944K, reserved 1048576K
}
Event: 74.337 GC heap after
{Heap after GC invocations=286 (full 0):
 garbage-first heap   total 162816K, used 64052K [0x0000000780000000, 0x0000000800000000)
  region size 1024K, 1 young (1024K), 1 survivors (1024K)
 Metaspace       used 19580K, capacity 20373K, committed 20608K, reserved 1067008K
  class space    used 2566K, capacity 2897K, committed 2944K, reserved 1048576K
}
Event: 74.697 GC heap before
{Heap before GC invocations=286 (full 0):
 garbage-first heap   total 162816K, used 141876K [0x0000000780000000, 0x0000000800000000)
  region size 1024K, 77 young (78848K), 1 survivors (1024K)
 Metaspace       used 19619K, capacity 20442K, committed 20608K, reserved 1067008K
  class space    used 2569K, capacity 2897K, committed 2944K, reserved 1048576K
}
Event: 74.699 GC heap after
{Heap after GC invocations=287 (full 0):
 garbage-first heap   total 162816K, used 64046K [0x0000000780000000, 0x0000000800000000)
  region size 1024K, 1 young (1024K), 1 survivors (1024K)
 Metaspace       used 19619K, capacity 20442K, committed 20608K, reserved 1067008K
  class space    used 2569K, capacity 2897K, committed 2944K, reserved 1048576K
}

Deoptimization events (20 events):
Event: 73.651 Thread 0x00007fc6c40f8000 DEOPT PACKING pc=0x000000011b5e4f8a sp=0x00007000025a8f80
Event: 73.651 Thread 0x00007fc6c40f8000 DEOPT UNPACKING pc=0x000000011aa9233a sp=0x00007000025a8750 mode 0
Event: 73.719 Thread 0x00007fc6c40f8000 DEOPT PACKING pc=0x000000011b1acb5f sp=0x00007000025a91e0
Event: 73.719 Thread 0x00007fc6c40f8000 DEOPT UNPACKING pc=0x000000011aa9233a sp=0x00007000025a86b0 mode 0
Event: 73.968 Thread 0x00007fc6c40f8000 DEOPT PACKING pc=0x000000011b5e4f8a sp=0x00007000025a8f80
Event: 73.968 Thread 0x00007fc6c40f8000 DEOPT UNPACKING pc=0x000000011aa9233a sp=0x00007000025a8750 mode 0
Event: 74.085 Thread 0x00007fc6c40f8000 DEOPT PACKING pc=0x000000011b1acb5f sp=0x00007000025a91e0
Event: 74.085 Thread 0x00007fc6c40f8000 DEOPT UNPACKING pc=0x000000011aa9233a sp=0x00007000025a86b0 mode 0
Event: 74.501 Thread 0x00007fc6c41be800 Uncommon trap: trap_request=0xffffff45 fr.pc=0x00000001226ed4d0 relative=0x0000000000005670
Event: 74.501 Thread 0x00007fc6c41be800 Uncommon trap: reason=unstable_if action=reinterpret pc=0x00000001226ed4d0 method=com.socialsim.model.core.agent.office.OfficeAgentMovement.moveSocialForce()V @ 442 c2
Event: 74.501 Thread 0x00007fc6c41be800 DEOPT PACKING pc=0x00000001226ed4d0 sp=0x0000700002ecb620
Event: 74.501 Thread 0x00007fc6c41be800 DEOPT UNPACKING pc=0x000000011aa91e25 sp=0x0000700002ecb4f0 mode 2
Event: 74.551 Thread 0x00007fc6c40f8000 DEOPT PACKING pc=0x000000011b61b4f7 sp=0x00007000025a87d0
Event: 74.551 Thread 0x00007fc6c40f8000 DEOPT UNPACKING pc=0x000000011aa9233a sp=0x00007000025a7d00 mode 0
Event: 74.651 Thread 0x00007fc6c40f8000 DEOPT PACKING pc=0x000000011b1acb5f sp=0x00007000025a91e0
Event: 74.651 Thread 0x00007fc6c40f8000 DEOPT UNPACKING pc=0x000000011aa9233a sp=0x00007000025a86b0 mode 0
Event: 74.705 Thread 0x00007fc6c41be800 Uncommon trap: trap_request=0xffffff45 fr.pc=0x000000012287ee20 relative=0x0000000000001ea0
Event: 74.705 Thread 0x00007fc6c41be800 Uncommon trap: reason=unstable_if action=reinterpret pc=0x000000012287ee20 method=com.socialsim.model.simulator.office.OfficeSimulator.moveOne(Lcom/socialsim/model/core/agent/office/OfficeAgent;J)V @ 1770 c2
Event: 74.705 Thread 0x00007fc6c41be800 DEOPT PACKING pc=0x000000012287ee20 sp=0x0000700002ecb8d0
Event: 74.705 Thread 0x00007fc6c41be800 DEOPT UNPACKING pc=0x000000011aa91e25 sp=0x0000700002ecb890 mode 2

Classes unloaded (0 events):
No events

Classes redefined (0 events):
No events

Internal exceptions (20 events):
Event: 74.133 Thread 0x00007fc6c41be800 Implicit null exception at 0x000000011b79d5ab to 0x000000011b79ff20
Event: 74.133 Thread 0x00007fc6c41be800 Exception <a 'java/lang/NullPointerException'{0x00000007871a8ef0}> (0x00000007871a8ef0) 
thrown [/scratch/mesos/slaves/7cfa21b9-afde-4338-a459-d3e0a13ec793-S1362/frameworks/1735e8a2-a1db-478c-8104-60c8b0af87dd-0196/executors/3c93f104-edd0-4a9a-a0a9-138df67b87b9/runs/9e338568-69d2-408e-bf03-97bd2ff53447/workspace/open/src/hotspot/share/runtime/sharedRuntime.cpp, line 584]
Event: 74.191 Thread 0x00007fc6c41be800 Implicit null exception at 0x000000011b79d5ab to 0x000000011b79ff20
Event: 74.191 Thread 0x00007fc6c41be800 Exception <a 'java/lang/NullPointerException'{0x00000007867ffa30}> (0x00000007867ffa30) 
thrown [/scratch/mesos/slaves/7cfa21b9-afde-4338-a459-d3e0a13ec793-S1362/frameworks/1735e8a2-a1db-478c-8104-60c8b0af87dd-0196/executors/3c93f104-edd0-4a9a-a0a9-138df67b87b9/runs/9e338568-69d2-408e-bf03-97bd2ff53447/workspace/open/src/hotspot/share/runtime/sharedRuntime.cpp, line 584]
Event: 74.249 Thread 0x00007fc6c41be800 Implicit null exception at 0x000000011b79d5ab to 0x000000011b79ff20
Event: 74.249 Thread 0x00007fc6c41be800 Exception <a 'java/lang/NullPointerException'{0x0000000785bd3400}> (0x0000000785bd3400) 
thrown [/scratch/mesos/slaves/7cfa21b9-afde-4338-a459-d3e0a13ec793-S1362/frameworks/1735e8a2-a1db-478c-8104-60c8b0af87dd-0196/executors/3c93f104-edd0-4a9a-a0a9-138df67b87b9/runs/9e338568-69d2-408e-bf03-97bd2ff53447/workspace/open/src/hotspot/share/runtime/sharedRuntime.cpp, line 584]
Event: 74.338 Thread 0x00007fc6c41be800 Implicit null exception at 0x000000011b79d5ab to 0x000000011b79ff20
Event: 74.338 Thread 0x00007fc6c41be800 Exception <a 'java/lang/NullPointerException'{0x0000000789a5c8e8}> (0x0000000789a5c8e8) 
thrown [/scratch/mesos/slaves/7cfa21b9-afde-4338-a459-d3e0a13ec793-S1362/frameworks/1735e8a2-a1db-478c-8104-60c8b0af87dd-0196/executors/3c93f104-edd0-4a9a-a0a9-138df67b87b9/runs/9e338568-69d2-408e-bf03-97bd2ff53447/workspace/open/src/hotspot/share/runtime/sharedRuntime.cpp, line 584]
Event: 74.447 Thread 0x00007fc6c41be800 Implicit null exception at 0x000000011b79d5ab to 0x000000011b79ff20
Event: 74.447 Thread 0x00007fc6c41be800 Exception <a 'java/lang/NullPointerException'{0x00000007880785b8}> (0x00000007880785b8) 
thrown [/scratch/mesos/slaves/7cfa21b9-afde-4338-a459-d3e0a13ec793-S1362/frameworks/1735e8a2-a1db-478c-8104-60c8b0af87dd-0196/executors/3c93f104-edd0-4a9a-a0a9-138df67b87b9/runs/9e338568-69d2-408e-bf03-97bd2ff53447/workspace/open/src/hotspot/share/runtime/sharedRuntime.cpp, line 584]
Event: 74.499 Thread 0x00007fc6c41be800 Implicit null exception at 0x000000011b79d5ab to 0x000000011b79ff20
Event: 74.499 Thread 0x00007fc6c41be800 Exception <a 'java/lang/NullPointerException'{0x00000007875ee940}> (0x00000007875ee940) 
thrown [/scratch/mesos/slaves/7cfa21b9-afde-4338-a459-d3e0a13ec793-S1362/frameworks/1735e8a2-a1db-478c-8104-60c8b0af87dd-0196/executors/3c93f104-edd0-4a9a-a0a9-138df67b87b9/runs/9e338568-69d2-408e-bf03-97bd2ff53447/workspace/open/src/hotspot/share/runtime/sharedRuntime.cpp, line 584]
Event: 74.572 Thread 0x00007fc6c41be800 Implicit null exception at 0x000000011b79d5ab to 0x000000011b79ff20
Event: 74.573 Thread 0x00007fc6c41be800 Exception <a 'java/lang/NullPointerException'{0x0000000786878da0}> (0x0000000786878da0) 
thrown [/scratch/mesos/slaves/7cfa21b9-afde-4338-a459-d3e0a13ec793-S1362/frameworks/1735e8a2-a1db-478c-8104-60c8b0af87dd-0196/executors/3c93f104-edd0-4a9a-a0a9-138df67b87b9/runs/9e338568-69d2-408e-bf03-97bd2ff53447/workspace/open/src/hotspot/share/runtime/sharedRuntime.cpp, line 584]
Event: 74.704 Thread 0x00007fc6c41be800 Implicit null exception at 0x000000011b79d5ab to 0x000000011b79ff20
Event: 74.704 Thread 0x00007fc6c41be800 Exception <a 'java/lang/NullPointerException'{0x00000007898277c8}> (0x00000007898277c8) 
thrown [/scratch/mesos/slaves/7cfa21b9-afde-4338-a459-d3e0a13ec793-S1362/frameworks/1735e8a2-a1db-478c-8104-60c8b0af87dd-0196/executors/3c93f104-edd0-4a9a-a0a9-138df67b87b9/runs/9e338568-69d2-408e-bf03-97bd2ff53447/workspace/open/src/hotspot/share/runtime/sharedRuntime.cpp, line 584]
Event: 74.769 Thread 0x00007fc6c41be800 Implicit null exception at 0x000000011b79d5ab to 0x000000011b79ff20
Event: 74.769 Thread 0x00007fc6c41be800 Exception <a 'java/lang/NullPointerException'{0x0000000788cb3f08}> (0x0000000788cb3f08) 
thrown [/scratch/mesos/slaves/7cfa21b9-afde-4338-a459-d3e0a13ec793-S1362/frameworks/1735e8a2-a1db-478c-8104-60c8b0af87dd-0196/executors/3c93f104-edd0-4a9a-a0a9-138df67b87b9/runs/9e338568-69d2-408e-bf03-97bd2ff53447/workspace/open/src/hotspot/share/runtime/sharedRuntime.cpp, line 584]
Event: 74.873 Thread 0x00007fc6c41be800 Implicit null exception at 0x000000011b79d5ab to 0x000000011b79ff20
Event: 74.873 Thread 0x00007fc6c41be800 Exception <a 'java/lang/NullPointerException'{0x0000000786e2d5f8}> (0x0000000786e2d5f8) 
thrown [/scratch/mesos/slaves/7cfa21b9-afde-4338-a459-d3e0a13ec793-S1362/frameworks/1735e8a2-a1db-478c-8104-60c8b0af87dd-0196/executors/3c93f104-edd0-4a9a-a0a9-138df67b87b9/runs/9e338568-69d2-408e-bf03-97bd2ff53447/workspace/open/src/hotspot/share/runtime/sharedRuntime.cpp, line 584]

Events (20 events):
Event: 72.284 Executing VM operation: G1CollectForAllocation
Event: 72.286 Executing VM operation: G1CollectForAllocation done
Event: 72.445 Executing VM operation: G1CollectForAllocation
Event: 72.447 Executing VM operation: G1CollectForAllocation done
Event: 73.935 Executing VM operation: G1CollectForAllocation
Event: 73.939 Executing VM operation: G1CollectForAllocation done
Event: 74.335 Executing VM operation: G1CollectForAllocation
Event: 74.337 Executing VM operation: G1CollectForAllocation done
Event: 74.339 loading class java/util/stream/Streams$ConcatSpliterator$OfRef
Event: 74.340 loading class java/util/stream/Streams$ConcatSpliterator
Event: 74.340 loading class java/util/stream/Streams$ConcatSpliterator done
Event: 74.340 loading class java/util/stream/Streams$ConcatSpliterator$OfRef done
Event: 74.340 loading class java/util/stream/Streams$2
Event: 74.340 loading class java/util/stream/Streams$2 done
Event: 74.340 Executing VM operation: HandshakeOneThread
Event: 74.340 Executing VM operation: HandshakeOneThread done
Event: 74.573 Executing VM operation: BulkRevokeBias
Event: 74.573 Executing VM operation: BulkRevokeBias done
Event: 74.697 Executing VM operation: G1CollectForAllocation
Event: 74.699 Executing VM operation: G1CollectForAllocation done


Dynamic libraries:
0x0000000109883000 	/Library/Java/JavaVirtualMachines/jdk-14.jdk/Contents/Home/lib/libjli.dylib
0x00007ff814e79000 	/usr/lib/libz.1.dylib
0x00007ff814f59000 	/usr/lib/libSystem.B.dylib
0x00007ff814f54000 	/usr/lib/system/libcache.dylib
0x00007ff814f10000 	/usr/lib/system/libcommonCrypto.dylib
0x00007ff814f39000 	/usr/lib/system/libcompiler_rt.dylib
0x00007ff814f2f000 	/usr/lib/system/libcopyfile.dylib
0x00007ff809ecd000 	/usr/lib/system/libcorecrypto.dylib
0x00007ff809f8c000 	/usr/lib/system/libdispatch.dylib
0x00007ff80a14b000 	/usr/lib/system/libdyld.dylib
0x00007ff814f4b000 	/usr/lib/system/libkeymgr.dylib
0x00007ff814eee000 	/usr/lib/system/libmacho.dylib
0x00007ff814585000 	/usr/lib/system/libquarantine.dylib
0x00007ff814f49000 	/usr/lib/system/libremovefile.dylib
0x00007ff80f0a3000 	/usr/lib/system/libsystem_asl.dylib
0x00007ff809e7b000 	/usr/lib/system/libsystem_blocks.dylib
0x00007ff80a010000 	/usr/lib/system/libsystem_c.dylib
0x00007ff814f41000 	/usr/lib/system/libsystem_collections.dylib
0x00007ff81376c000 	/usr/lib/system/libsystem_configuration.dylib
0x00007ff812a2e000 	/usr/lib/system/libsystem_containermanager.dylib
0x00007ff814c2d000 	/usr/lib/system/libsystem_coreservices.dylib
0x00007ff80c771000 	/usr/lib/system/libsystem_darwin.dylib
0x00007ff814f4c000 	/usr/lib/system/libsystem_dnssd.dylib
0x00007ff80a00d000 	/usr/lib/system/libsystem_featureflags.dylib
0x00007ff80a161000 	/usr/lib/system/libsystem_info.dylib
0x00007ff814e8c000 	/usr/lib/system/libsystem_m.dylib
0x00007ff809f60000 	/usr/lib/system/libsystem_malloc.dylib
0x00007ff80f040000 	/usr/lib/system/libsystem_networkextension.dylib
0x00007ff80cb99000 	/usr/lib/system/libsystem_notify.dylib
0x00007ff81b08a000 	/usr/lib/system/libsystem_product_info_filter.dylib
0x00007ff813770000 	/usr/lib/system/libsystem_sandbox.dylib
0x00007ff814f46000 	/usr/lib/system/libsystem_secinit.dylib
0x00007ff80a108000 	/usr/lib/system/libsystem_kernel.dylib
0x00007ff80a157000 	/usr/lib/system/libsystem_platform.dylib
0x00007ff80a13f000 	/usr/lib/system/libsystem_pthread.dylib
0x00007ff8108f4000 	/usr/lib/system/libsystem_symptoms.dylib
0x00007ff809eb4000 	/usr/lib/system/libsystem_trace.dylib
0x00007ff814f1c000 	/usr/lib/system/libunwind.dylib
0x00007ff809e7d000 	/usr/lib/system/libxpc.dylib
0x00007ff80a0f2000 	/usr/lib/libc++abi.dylib
0x00007ff809fd3000 	/usr/lib/libobjc.A.dylib
0x00007ff814f27000 	/usr/lib/liboah.dylib
0x00007ff80a099000 	/usr/lib/libc++.1.dylib
0x00007ff820db9000 	/System/Library/Frameworks/Cocoa.framework/Versions/A/Cocoa
0x00007ff80cbf7000 	/System/Library/Frameworks/AppKit.framework/Versions/C/AppKit
0x00007ff8100e4000 	/System/Library/Frameworks/CoreData.framework/Versions/A/CoreData
0x00007ff80b012000 	/System/Library/Frameworks/Foundation.framework/Versions/C/Foundation
0x00007ff80da84000 	/System/Library/PrivateFrameworks/UIFoundation.framework/Versions/A/UIFoundation
0x00007ff81ad91000 	/System/Library/PrivateFrameworks/RemoteViewServices.framework/Versions/A/RemoteViewServices
0x00007ff813105000 	/System/Library/PrivateFrameworks/XCTTargetBootstrap.framework/Versions/A/XCTTargetBootstrap
0x00007ff816d68000 	/System/Library/PrivateFrameworks/InternationalSupport.framework/Versions/A/InternationalSupport
0x00007ff816df2000 	/System/Library/PrivateFrameworks/UserActivity.framework/Versions/A/UserActivity
0x00007ff816148000 	/usr/lib/libspindump.dylib
0x00007ff80dd12000 	/System/Library/Frameworks/UniformTypeIdentifiers.framework/Versions/A/UniformTypeIdentifiers
0x00007ff811844000 	/usr/lib/libapp_launch_measurement.dylib
0x00007ff810aae000 	/System/Library/PrivateFrameworks/CoreAnalytics.framework/Versions/A/CoreAnalytics
0x00007ff811847000 	/System/Library/PrivateFrameworks/CoreAutoLayout.framework/Versions/A/CoreAutoLayout
0x00007ff812a66000 	/System/Library/Frameworks/Metal.framework/Versions/A/Metal
0x00007ff81377b000 	/usr/lib/liblangid.dylib
0x00007ff813109000 	/System/Library/PrivateFrameworks/CoreSVG.framework/Versions/A/CoreSVG
0x00007ff80f0d4000 	/System/Library/PrivateFrameworks/SkyLight.framework/Versions/A/SkyLight
0x00007ff80f465000 	/System/Library/Frameworks/CoreGraphics.framework/Versions/A/CoreGraphics
0x00007ff81b3fc000 	/System/Library/Frameworks/Accelerate.framework/Versions/A/Accelerate
0x00007ff815bc3000 	/System/Library/PrivateFrameworks/IconServices.framework/Versions/A/IconServices
0x00007ff812a4b000 	/System/Library/Frameworks/IOSurface.framework/Versions/A/IOSurface
0x00007ff810adc000 	/usr/lib/libDiagnosticMessagesClient.dylib
0x00007ff81ea5b000 	/System/Library/Frameworks/ApplicationServices.framework/Versions/A/ApplicationServices
0x00007ff8130f1000 	/System/Library/PrivateFrameworks/DFRFoundation.framework/Versions/A/DFRFoundation
0x00007ff80c4e8000 	/usr/lib/libicucore.A.dylib
0x00007ff817a8a000 	/System/Library/Frameworks/AudioToolbox.framework/Versions/A/AudioToolbox
0x00007ff816d74000 	/System/Library/PrivateFrameworks/DataDetectorsCore.framework/Versions/A/DataDetectorsCore
0x00007ff9125ba000 	/System/Library/PrivateFrameworks/TextInput.framework/Versions/A/TextInput
0x00007ff80f057000 	/usr/lib/libMobileGestalt.dylib
0x00007ff812df9000 	/System/Library/Frameworks/Carbon.framework/Versions/A/Frameworks/HIToolbox.framework/Versions/A/HIToolbox
0x00007ff811272000 	/System/Library/Frameworks/QuartzCore.framework/Versions/A/QuartzCore
0x00007ff80c189000 	/System/Library/Frameworks/Security.framework/Versions/A/Security
0x00007ff81adc9000 	/System/Library/Frameworks/Carbon.framework/Versions/A/Frameworks/SpeechRecognition.framework/Versions/A/SpeechRecognition
0x00007ff8115a4000 	/System/Library/PrivateFrameworks/CoreUI.framework/Versions/A/CoreUI
0x00007ff80ba63000 	/System/Library/Frameworks/CoreAudio.framework/Versions/A/CoreAudio
0x00007ff810bca000 	/System/Library/Frameworks/DiskArbitration.framework/Versions/A/DiskArbitration
0x00007ff81652f000 	/System/Library/PrivateFrameworks/MultitouchSupport.framework/Versions/A/MultitouchSupport
0x00007ff80f056000 	/usr/lib/libenergytrace.dylib
0x00007ff80cae3000 	/System/Library/Frameworks/IOKit.framework/Versions/A/IOKit
0x00007ff81b1b3000 	/System/Library/Frameworks/CoreServices.framework/Versions/A/CoreServices
0x00007ff8117de000 	/System/Library/PrivateFrameworks/PerformanceAnalysis.framework/Versions/A/PerformanceAnalysis
0x00007ffa21b7b000 	/System/Library/Frameworks/OpenGL.framework/Versions/A/OpenGL
0x00007ff8144b1000 	/System/Library/PrivateFrameworks/MobileKeyBag.framework/Versions/A/MobileKeyBag
0x00007ff80fb31000 	/System/Library/Frameworks/ColorSync.framework/Versions/A/ColorSync
0x00007ff80a18c000 	/System/Library/Frameworks/CoreFoundation.framework/Versions/A/CoreFoundation
0x00007ff813382000 	/System/Library/Frameworks/CoreImage.framework/Versions/A/CoreImage
0x00007ff80b879000 	/System/Library/Frameworks/CoreText.framework/Versions/A/CoreText
0x00007ff813138000 	/System/Library/Frameworks/ImageIO.framework/Versions/A/ImageIO
0x00007ff814f5f000 	/System/Library/PrivateFrameworks/SoftLinking.framework/Versions/A/SoftLinking
0x00007ff81188f000 	/usr/lib/libxml2.2.dylib
0x00007ff8151e2000 	/usr/lib/libcompression.dylib
0x00007ff816c9e000 	/System/Library/PrivateFrameworks/TextureIO.framework/Versions/A/TextureIO
0x00007ff8158d5000 	/usr/lib/libate.dylib
0x00007ff8156b3000 	/usr/lib/liblzma.5.dylib
0x00007ff80ad23000 	/System/Library/Frameworks/SystemConfiguration.framework/Versions/A/SystemConfiguration
0x00007ff814f5b000 	/usr/lib/libfakelink.dylib
0x00007ff80ebaa000 	/System/Library/Frameworks/CFNetwork.framework/Versions/A/CFNetwork
0x00007ff81509a000 	/usr/lib/libarchive.2.dylib
0x00007ff813777000 	/System/Library/PrivateFrameworks/AppleSystemInfo.framework/Versions/A/AppleSystemInfo
0x00007ff8145ab000 	/usr/lib/libbsm.0.dylib
0x00007ff80e1e1000 	/usr/lib/libnetwork.dylib
0x00007ff814ef4000 	/usr/lib/system/libkxld.dylib
0x00007ff8141da000 	/System/Library/PrivateFrameworks/IOMobileFramebuffer.framework/Versions/A/IOMobileFramebuffer
0x00007ffb1f664000 	/usr/lib/libCoreEntitlements.dylib
0x00007ff814c0f000 	/System/Library/PrivateFrameworks/AppleFSCompression.framework/Versions/A/AppleFSCompression
0x00007ff814594000 	/usr/lib/libcoretls.dylib
0x00007ff8156cd000 	/usr/lib/libcoretls_cfhelpers.dylib
0x00007ff8151dd000 	/usr/lib/libpam.2.dylib
0x00007ff810516000 	/usr/lib/libsqlite3.dylib
0x00007ff81573c000 	/usr/lib/libxar.1.dylib
0x00007ff814c1f000 	/usr/lib/libbz2.1.0.dylib
0x00007ff814f60000 	/usr/lib/libpcap.A.dylib
0x00007ff8108eb000 	/usr/lib/libdns_services.dylib
0x00007ff8151ac000 	/usr/lib/libapple_nghttp2.dylib
0x00007ff814f97000 	/usr/lib/libiconv.2.dylib
0x00007ff814eed000 	/usr/lib/libcharset.1.dylib
0x00007ff811812000 	/System/Library/Frameworks/CoreServices.framework/Versions/A/Frameworks/FSEvents.framework/Versions/A/FSEvents
0x00007ff80c77b000 	/System/Library/Frameworks/CoreServices.framework/Versions/A/Frameworks/CarbonCore.framework/Versions/A/CarbonCore
0x00007ff810b2f000 	/System/Library/Frameworks/CoreServices.framework/Versions/A/Frameworks/Metadata.framework/Versions/A/Metadata
0x00007ff814c32000 	/System/Library/Frameworks/CoreServices.framework/Versions/A/Frameworks/OSServices.framework/Versions/A/OSServices
0x00007ff815120000 	/System/Library/Frameworks/CoreServices.framework/Versions/A/Frameworks/SearchKit.framework/Versions/A/SearchKit
0x00007ff81087d000 	/System/Library/Frameworks/CoreServices.framework/Versions/A/Frameworks/AE.framework/Versions/A/AE
0x00007ff80a68f000 	/System/Library/Frameworks/CoreServices.framework/Versions/A/Frameworks/LaunchServices.framework/Versions/A/LaunchServices
0x00007ff815664000 	/System/Library/Frameworks/CoreServices.framework/Versions/A/Frameworks/DictionaryServices.framework/Versions/A/DictionaryServices
0x00007ff81181f000 	/System/Library/Frameworks/CoreServices.framework/Versions/A/Frameworks/SharedFileList.framework/Versions/A/SharedFileList
0x00007ff814588000 	/usr/lib/libCheckFix.dylib
0x00007ff80f0ba000 	/System/Library/PrivateFrameworks/TCC.framework/Versions/A/TCC
0x00007ff81377d000 	/System/Library/PrivateFrameworks/CoreNLP.framework/Versions/A/CoreNLP
0x00007ff810adf000 	/System/Library/PrivateFrameworks/MetadataUtilities.framework/Versions/A/MetadataUtilities
0x00007ff80add3000 	/usr/lib/libmecabra.dylib
0x00007ff8145bb000 	/usr/lib/libmecab.dylib
0x00007ff80ad9e000 	/usr/lib/libCRFSuite.dylib
0x00007ff814618000 	/usr/lib/libgermantok.dylib
0x00007ff815187000 	/usr/lib/libThaiTokenizer.dylib
0x00007ff810bd1000 	/System/Library/Frameworks/Accelerate.framework/Versions/A/Frameworks/vImage.framework/Versions/A/vImage
0x00007ff81b18a000 	/System/Library/Frameworks/Accelerate.framework/Versions/A/Frameworks/vecLib.framework/Versions/A/vecLib
0x00007ff81577d000 	/System/Library/Frameworks/Accelerate.framework/Versions/A/Frameworks/vecLib.framework/Versions/A/libvMisc.dylib
0x00007ff813ff8000 	/System/Library/Frameworks/Accelerate.framework/Versions/A/Frameworks/vecLib.framework/Versions/A/libvDSP.dylib
0x00007ff80aa07000 	/System/Library/Frameworks/Accelerate.framework/Versions/A/Frameworks/vecLib.framework/Versions/A/libBLAS.dylib
0x00007ff8152be000 	/System/Library/Frameworks/Accelerate.framework/Versions/A/Frameworks/vecLib.framework/Versions/A/libLAPACK.dylib
0x00007ff81461b000 	/System/Library/Frameworks/Accelerate.framework/Versions/A/Frameworks/vecLib.framework/Versions/A/libLinearAlgebra.dylib
0x00007ff8151c5000 	/System/Library/Frameworks/Accelerate.framework/Versions/A/Frameworks/vecLib.framework/Versions/A/libSparseBLAS.dylib
0x00007ff8152b8000 	/System/Library/Frameworks/Accelerate.framework/Versions/A/Frameworks/vecLib.framework/Versions/A/libQuadrature.dylib
0x00007ff813867000 	/System/Library/Frameworks/Accelerate.framework/Versions/A/Frameworks/vecLib.framework/Versions/A/libBNNS.dylib
0x00007ff80acb4000 	/System/Library/Frameworks/Accelerate.framework/Versions/A/Frameworks/vecLib.framework/Versions/A/libSparse.dylib
0x00007ff813860000 	/System/Library/PrivateFrameworks/LinguisticData.framework/Versions/A/LinguisticData
0x00007ff80ac69000 	/System/Library/PrivateFrameworks/Lexicon.framework/Versions/A/Lexicon
0x00007ff815776000 	/usr/lib/libChineseTokenizer.dylib
0x00007ff80b3cd000 	/System/Library/PrivateFrameworks/LanguageModeling.framework/Versions/A/LanguageModeling
0x00007ff815189000 	/System/Library/PrivateFrameworks/AppleSauce.framework/Versions/A/AppleSauce
0x00007ff8141c8000 	/System/Library/PrivateFrameworks/CoreEmoji.framework/Versions/A/CoreEmoji
0x00007ff815089000 	/usr/lib/libcmph.dylib
0x00007ff8117f6000 	/System/Library/Frameworks/OpenDirectory.framework/Versions/A/Frameworks/CFOpenDirectory.framework/Versions/A/CFOpenDirectory
0x00007ff8117ea000 	/System/Library/Frameworks/OpenDirectory.framework/Versions/A/OpenDirectory
0x00007ff8156cf000 	/System/Library/PrivateFrameworks/APFS.framework/Versions/A/APFS
0x00007ff8144e9000 	/System/Library/Frameworks/SecurityFoundation.framework/Versions/A/SecurityFoundation
0x00007ff81574a000 	/usr/lib/libutil.dylib
0x00007ff80caa6000 	/System/Library/PrivateFrameworks/CoreServicesStore.framework/Versions/A/CoreServicesStore
0x00007ff81574e000 	/usr/lib/libxslt.1.dylib
0x00007ff814576000 	/System/Library/PrivateFrameworks/BackgroundTaskManagement.framework/Versions/A/BackgroundTaskManagement
0x00007ff816bbe000 	/System/Library/Frameworks/ImageIO.framework/Versions/A/Resources/libRadiance.dylib
0x00007ff816bc7000 	/System/Library/Frameworks/ImageIO.framework/Versions/A/Resources/libJPEG.dylib
0x00007ff816b17000 	/System/Library/Frameworks/ImageIO.framework/Versions/A/Resources/libPng.dylib
0x00007ff816b38000 	/System/Library/Frameworks/ImageIO.framework/Versions/A/Resources/libTIFF.dylib
0x00007ff816c27000 	/System/Library/Frameworks/ImageIO.framework/Versions/A/Resources/libGIF.dylib
0x00007ff816448000 	/System/Library/Frameworks/ImageIO.framework/Versions/A/Resources/libJP2.dylib
0x00007ff815b8a000 	/usr/lib/libexpat.1.dylib
0x00007ff8163fd000 	/System/Library/PrivateFrameworks/AppleJPEG.framework/Versions/A/AppleJPEG
0x00007ff812cc0000 	/System/Library/PrivateFrameworks/FontServices.framework/libFontParser.dylib
0x00007ff810827000 	/System/Library/PrivateFrameworks/RunningBoardServices.framework/Versions/A/RunningBoardServices
0x00007ff82132a000 	/System/Library/PrivateFrameworks/IOSurfaceAccelerator.framework/Versions/A/IOSurfaceAccelerator
0x00007ff81652b000 	/System/Library/PrivateFrameworks/WatchdogClient.framework/Versions/A/WatchdogClient
0x00007ff80b4bc000 	/System/Library/Frameworks/CoreDisplay.framework/Versions/A/CoreDisplay
0x00007ff812bc0000 	/System/Library/Frameworks/CoreMedia.framework/Versions/A/CoreMedia
0x00007ff812a5d000 	/System/Library/PrivateFrameworks/IOAccelerator.framework/Versions/A/IOAccelerator
0x00007ff811972000 	/System/Library/Frameworks/CoreVideo.framework/Versions/A/CoreVideo
0x00007ff8151db000 	/System/Library/Frameworks/MetalPerformanceShaders.framework/Versions/A/MetalPerformanceShaders
0x00007ff816566000 	/System/Library/Frameworks/VideoToolbox.framework/Versions/A/VideoToolbox
0x00007ff81076f000 	/System/Library/PrivateFrameworks/BaseBoard.framework/Versions/A/BaseBoard
0x00007ff8104fc000 	/System/Library/PrivateFrameworks/ProtocolBuffer.framework/Versions/A/ProtocolBuffer
0x00007ff816bb7000 	/System/Library/PrivateFrameworks/GPUWrangler.framework/Versions/A/GPUWrangler
0x00007ff816b9a000 	/System/Library/PrivateFrameworks/IOPresentment.framework/Versions/A/IOPresentment
0x00007ff816bc1000 	/System/Library/PrivateFrameworks/DSExternalDisplay.framework/Versions/A/DSExternalDisplay
0x00007ffa21b6f000 	/System/Library/Frameworks/OpenGL.framework/Versions/A/Libraries/libCoreFSCache.dylib
0x00007ffb0dc63000 	/System/Library/PrivateFrameworks/GPUCompiler.framework/Versions/31001/Libraries/libGPUCompilerUtils.dylib
0x00007ff816c2c000 	/System/Library/PrivateFrameworks/CMCaptureCore.framework/Versions/A/CMCaptureCore
0x00007ff816136000 	/System/Library/PrivateFrameworks/AppServerSupport.framework/Versions/A/AppServerSupport
0x00007ff818307000 	/System/Library/PrivateFrameworks/perfdata.framework/Versions/A/perfdata
0x00007ff80b5e8000 	/System/Library/PrivateFrameworks/AudioToolboxCore.framework/Versions/A/AudioToolboxCore
0x00007ff812b9d000 	/System/Library/PrivateFrameworks/caulk.framework/Versions/A/caulk
0x00007ff817c34000 	/usr/lib/libAudioStatistics.dylib
0x00007ff90ee79000 	/System/Library/PrivateFrameworks/SystemPolicy.framework/Versions/A/SystemPolicy
0x00007ff817e80000 	/usr/lib/libSMC.dylib
0x00007ff820c6c000 	/System/Library/Frameworks/CoreMIDI.framework/Versions/A/CoreMIDI
0x00007ff816ae7000 	/usr/lib/libAudioToolboxUtility.dylib
0x00007ff90b301000 	/System/Library/PrivateFrameworks/OSAServicesClient.framework/Versions/A/OSAServicesClient
0x00007ff818314000 	/usr/lib/libperfcheck.dylib
0x00007ff90f905000 	/usr/lib/libmis.dylib
0x00007ffa21bcb000 	/System/Library/Frameworks/OpenGL.framework/Versions/A/Libraries/libGLU.dylib
0x00007ffa21b8e000 	/System/Library/Frameworks/OpenGL.framework/Versions/A/Libraries/libGFXShared.dylib
0x00007ffa21d9c000 	/System/Library/Frameworks/OpenGL.framework/Versions/A/Libraries/libGL.dylib
0x00007ffa21b97000 	/System/Library/Frameworks/OpenGL.framework/Versions/A/Libraries/libGLImage.dylib
0x00007ffa21b8b000 	/System/Library/Frameworks/OpenGL.framework/Versions/A/Libraries/libCVMSPluginSupport.dylib
0x00007ffa21b76000 	/System/Library/Frameworks/OpenGL.framework/Versions/A/Libraries/libCoreVMClient.dylib
0x00007ff8136fb000 	/System/Library/Frameworks/MetalPerformanceShaders.framework/Versions/A/Frameworks/MPSCore.framework/Versions/A/MPSCore
0x00007ff814b7a000 	/System/Library/Frameworks/MetalPerformanceShaders.framework/Versions/A/Frameworks/MPSImage.framework/Versions/A/MPSImage
0x00007ff814631000 	/System/Library/Frameworks/MetalPerformanceShaders.framework/Versions/A/Frameworks/MPSNeuralNetwork.framework/Versions/A/MPSNeuralNetwork
0x00007ff814aa6000 	/System/Library/Frameworks/MetalPerformanceShaders.framework/Versions/A/Frameworks/MPSMatrix.framework/Versions/A/MPSMatrix
0x00007ff814862000 	/System/Library/Frameworks/MetalPerformanceShaders.framework/Versions/A/Frameworks/MPSRayIntersector.framework/Versions/A/MPSRayIntersector
0x00007ff814adf000 	/System/Library/Frameworks/MetalPerformanceShaders.framework/Versions/A/Frameworks/MPSNDArray.framework/Versions/A/MPSNDArray
0x00007ffa26774000 	/System/Library/Frameworks/MetalPerformanceShaders.framework/Versions/A/Frameworks/MPSFunctions.framework/Versions/A/MPSFunctions
0x00007ff80a8ea000 	/System/Library/PrivateFrameworks/MetalTools.framework/Versions/A/MetalTools
0x00007ff813775000 	/System/Library/PrivateFrameworks/AggregateDictionary.framework/Versions/A/AggregateDictionary
0x00007ff81596c000 	/usr/lib/libIOReport.dylib
0x00007ffa231ab000 	/System/Library/Frameworks/OpenCL.framework/Versions/A/OpenCL
0x00007ff815cd0000 	/System/Library/PrivateFrameworks/FaceCore.framework/Versions/A/FaceCore
0x00007ff815cc1000 	/System/Library/PrivateFrameworks/GraphVisualizer.framework/Versions/A/GraphVisualizer
0x00007ffb0db6e000 	/System/Library/PrivateFrameworks/FontServices.framework/Versions/A/FontServices
0x00007ff8160ed000 	/System/Library/PrivateFrameworks/OTSVG.framework/Versions/A/OTSVG
0x00007ff81155a000 	/System/Library/Frameworks/ApplicationServices.framework/Versions/A/Frameworks/ATS.framework/Versions/A/Resources/libFontRegistry.dylib
0x00007ff81613e000 	/System/Library/PrivateFrameworks/FontServices.framework/libhvf.dylib
0x00007ffb0db6f000 	/System/Library/PrivateFrameworks/FontServices.framework/libXTFontStaticRegistryData.dylib
0x00007ff815b3a000 	/System/Library/PrivateFrameworks/AppleVA.framework/Versions/A/AppleVA
0x00007ff817c54000 	/System/Library/Frameworks/ApplicationServices.framework/Versions/A/Frameworks/ATS.framework/Versions/A/ATS
0x00007ff80fc2d000 	/System/Library/Frameworks/ApplicationServices.framework/Versions/A/Frameworks/HIServices.framework/Versions/A/HIServices
0x00007ff816c36000 	/System/Library/Frameworks/ApplicationServices.framework/Versions/A/Frameworks/PrintCore.framework/Versions/A/PrintCore
0x00007ff817fd3000 	/System/Library/Frameworks/ApplicationServices.framework/Versions/A/Frameworks/QD.framework/Versions/A/QD
0x00007ff817fcb000 	/System/Library/Frameworks/ApplicationServices.framework/Versions/A/Frameworks/ColorSyncLegacy.framework/Versions/A/ColorSyncLegacy
0x00007ff817c44000 	/System/Library/Frameworks/ApplicationServices.framework/Versions/A/Frameworks/SpeechSynthesis.framework/Versions/A/SpeechSynthesis
0x00007ff816bf7000 	/System/Library/Frameworks/ApplicationServices.framework/Versions/A/Frameworks/ATSUI.framework/Versions/A/ATSUI
0x00007ff817f60000 	/usr/lib/libcups.2.dylib
0x00007ff818323000 	/System/Library/Frameworks/Kerberos.framework/Versions/A/Kerberos
0x00007ff818332000 	/System/Library/Frameworks/GSS.framework/Versions/A/GSS
0x00007ff817cc0000 	/usr/lib/libresolv.9.dylib
0x00007ff81614d000 	/System/Library/PrivateFrameworks/Heimdal.framework/Versions/A/Heimdal
0x00007ff81edd6000 	/System/Library/Frameworks/Kerberos.framework/Versions/A/Libraries/libHeimdalProxy.dylib
0x00007ff8108fc000 	/System/Library/Frameworks/Network.framework/Versions/A/Network
0x00007ff815ba4000 	/usr/lib/libheimdal-asn1.dylib
0x00007ff81837d000 	/System/Library/PrivateFrameworks/CommonAuth.framework/Versions/A/CommonAuth
0x00007ff817bc5000 	/System/Library/PrivateFrameworks/AudioSession.framework/Versions/A/AudioSession
0x00007ff815c34000 	/System/Library/PrivateFrameworks/MediaExperience.framework/Versions/A/MediaExperience
0x00007ff817a59000 	/System/Library/PrivateFrameworks/AudioSession.framework/libSessionUtility.dylib
0x00007ff817fdf000 	/System/Library/PrivateFrameworks/AudioResourceArbitration.framework/Versions/A/AudioResourceArbitration
0x00007ff815bad000 	/System/Library/PrivateFrameworks/IconFoundation.framework/Versions/A/IconFoundation
0x00007ff81adb9000 	/System/Library/PrivateFrameworks/SpeechRecognitionCore.framework/Versions/A/SpeechRecognitionCore
0x000000010a5ca000 	/Library/Java/JavaVirtualMachines/jdk-14.jdk/Contents/Home/lib/server/libjvm.dylib
0x00000001098ac000 	/Library/Java/JavaVirtualMachines/jdk-14.jdk/Contents/Home/lib/libjimage.dylib
0x00000001098c6000 	/Library/Java/JavaVirtualMachines/jdk-14.jdk/Contents/Home/lib/libinstrument.dylib
0x00000001098fd000 	/Library/Java/JavaVirtualMachines/jdk-14.jdk/Contents/Home/lib/libjava.dylib
0x00000001098d5000 	/Library/Java/JavaVirtualMachines/jdk-14.jdk/Contents/Home/lib/libzip.dylib
0x000000010a393000 	/Library/Java/JavaVirtualMachines/jdk-14.jdk/Contents/Home/lib/libnio.dylib
0x000000010a3be000 	/Library/Java/JavaVirtualMachines/jdk-14.jdk/Contents/Home/lib/libnet.dylib
0x000000010a380000 	/Library/Java/JavaVirtualMachines/jdk-14.jdk/Contents/Home/lib/libextnet.dylib
0x000000010a3a6000 	/Users/gabminamedez/Documents/Developer/javafx-sdk-11.0.2/lib/libprism_es2.dylib
0x00007ff80ca67000 	/System/Library/PrivateFrameworks/CoreServicesInternal.framework/Versions/A/CoreServicesInternal
0x00007ffa21da7000 	/System/Library/Frameworks/OpenGL.framework/Versions/A/Resources/GLEngine.bundle/GLEngine
0x00007ffa21c09000 	/System/Library/Frameworks/OpenGL.framework/Versions/A/Libraries/libGLProgrammability.dylib
0x00007ffa15fd2000 	/System/Library/Extensions/AppleIntelKBLGraphicsGLDriver.bundle/Contents/MacOS/AppleIntelKBLGraphicsGLDriver
0x00007ff9196ee000 	/System/Library/PrivateFrameworks/GPUSupport.framework/Versions/A/Libraries/libGPUSupportMercury.dylib
0x00007ffa21f36000 	/System/Library/Frameworks/OpenGL.framework/Versions/A/Resources/GLRendererFloat.bundle/GLRendererFloat
0x000000012b74e000 	/Users/gabminamedez/Documents/Developer/javafx-sdk-11.0.2/lib/libglass.dylib
0x00007ff81c58a000 	/System/Library/Frameworks/FileProvider.framework/Versions/A/FileProvider
0x00007ff8106db000 	/System/Library/Frameworks/Accounts.framework/Versions/A/Accounts
0x00007ff81c702000 	/System/Library/PrivateFrameworks/GenerationalStorage.framework/Versions/A/GenerationalStorage
0x00007ff81d20f000 	/System/Library/PrivateFrameworks/CoreSymbolication.framework/Versions/A/CoreSymbolication
0x00007ff81bf8e000 	/System/Library/PrivateFrameworks/SymptomDiagnosticReporter.framework/Versions/A/SymptomDiagnosticReporter
0x00007ff80dd26000 	/System/Library/PrivateFrameworks/DesktopServicesPriv.framework/Versions/A/DesktopServicesPriv
0x00007ff80cba8000 	/usr/lib/libsandbox.1.dylib
0x00007ff8119f0000 	/System/Library/PrivateFrameworks/UserManagement.framework/Versions/A/UserManagement
0x00007ff81d1d4000 	/System/Library/PrivateFrameworks/DebugSymbols.framework/Versions/A/DebugSymbols
0x00007ff817fc0000 	/System/Library/PrivateFrameworks/NetAuth.framework/Versions/A/NetAuth
0x00007ff818eac000 	/System/Library/PrivateFrameworks/Sharing.framework/Versions/A/Sharing
0x00007ff8119c3000 	/System/Library/PrivateFrameworks/login.framework/Versions/A/Frameworks/loginsupport.framework/Versions/A/loginsupport
0x00007ff81e30c000 	/System/Library/PrivateFrameworks/Apple80211.framework/Versions/A/Apple80211
0x00007ff814c5f000 	/System/Library/PrivateFrameworks/AuthKit.framework/Versions/A/AuthKit
0x00007ff8142be000 	/System/Library/PrivateFrameworks/CoreUtils.framework/Versions/A/CoreUtils
0x00007ff8141e5000 	/System/Library/Frameworks/CoreWLAN.framework/Versions/A/CoreWLAN
0x00007ff819007000 	/System/Library/Frameworks/IOBluetooth.framework/Versions/A/IOBluetooth
0x00007ff81e374000 	/System/Library/PrivateFrameworks/CoreWiFi.framework/Versions/A/CoreWiFi
0x00007ff81cda9000 	/System/Library/PrivateFrameworks/FrontBoardServices.framework/Versions/A/FrontBoardServices
0x00007ff81ce3b000 	/System/Library/PrivateFrameworks/BoardServices.framework/Versions/A/BoardServices
0x00007ff8144d8000 	/System/Library/PrivateFrameworks/AssertionServices.framework/Versions/A/AssertionServices
0x00007ff81e4f8000 	/System/Library/PrivateFrameworks/BackBoardServices.framework/Versions/A/BackBoardServices
0x00007ff81840c000 	/System/Library/PrivateFrameworks/CorePhoneNumbers.framework/Versions/A/CorePhoneNumbers
0x00007ff81c0ab000 	/System/Library/PrivateFrameworks/DiskManagement.framework/Versions/A/DiskManagement
0x00007ff81bfbf000 	/System/Library/PrivateFrameworks/AppleIDAuthSupport.framework/Versions/A/AppleIDAuthSupport
0x00007ffa286da000 	/System/Library/PrivateFrameworks/AAAFoundation.framework/Versions/A/AAAFoundation
0x00007ff8183ed000 	/System/Library/PrivateFrameworks/KeychainCircle.framework/Versions/A/KeychainCircle
0x00007ff81c077000 	/System/Library/PrivateFrameworks/MediaKit.framework/Versions/A/MediaKit
0x00007ff81bfcb000 	/System/Library/Frameworks/DiscRecording.framework/Versions/A/DiscRecording
0x00007ff815ab2000 	/usr/lib/libCoreStorage.dylib
0x00007ff81e7e5000 	/usr/lib/libcsfde.dylib
0x00007ff8190d4000 	/System/Library/PrivateFrameworks/ProtectedCloudStorage.framework/Versions/A/ProtectedCloudStorage
0x00007ff81e7e1000 	/System/Library/PrivateFrameworks/EFILogin.framework/Versions/A/EFILogin
0x00007ff81c728000 	/System/Library/PrivateFrameworks/OctagonTrust.framework/Versions/A/OctagonTrust
0x00007ffb0cea8000 	/System/Library/PrivateFrameworks/CoreUtilsExtras.framework/Versions/A/CoreUtilsExtras
0x00007ff81befe000 	/System/Library/Frameworks/CoreBluetooth.framework/Versions/A/CoreBluetooth
0x00007ff81ee5b000 	/System/Library/Frameworks/AudioUnit.framework/Versions/A/AudioUnit
0x00007ff815aaa000 	/usr/lib/libMatch.1.dylib
0x00007ff913cd8000 	/System/Library/Frameworks/Accelerate.framework/Versions/A/Frameworks/vImage.framework/Versions/A/Libraries/libCGInterfaces.dylib
0x000000012d111000 	/usr/lib/libobjc-trampolines.dylib
0x00007ff8116ea000 	/System/Library/PrivateFrameworks/ViewBridge.framework/Versions/A/ViewBridge
0x000000012f54e000 	/Users/gabminamedez/Documents/Developer/javafx-sdk-11.0.2/lib/libjavafx_font.dylib
0x00007ff816207000 	/System/Library/PrivateFrameworks/login.framework/Versions/A/login
0x00007ffb1f772000 	/usr/lib/libRosetta.dylib


VM Arguments:
jvm_args: --module-path=/Users/gabminamedez/Documents/Developer/javafx-sdk-11.0.2/lib --add-modules=javafx.controls,javafx.fxml -Djava.library.path=/Users/gabminamedez/Documents/Developer/javafx-sdk-11.0.2/lib -javaagent:/Applications/IntelliJ IDEA.app/Contents/lib/idea_rt.jar=50828:/Applications/IntelliJ IDEA.app/Contents/bin -Dfile.encoding=UTF-8 
java_command: com.socialsim.controller.Main
java_class_path (initial): /Users/gabminamedez/Desktop/social-sim/SocialSim/out/production/SocialSim:/Users/gabminamedez/Documents/Developer/javafx-sdk-11.0.2/lib/src.zip:/Users/gabminamedez/Documents/Developer/javafx-sdk-11.0.2/lib/javafx-swt.jar:/Users/gabminamedez/Documents/Developer/javafx-sdk-11.0.2/lib/javafx.web.jar:/Users/gabminamedez/Documents/Developer/javafx-sdk-11.0.2/lib/javafx.base.jar:/Users/gabminamedez/Documents/Developer/javafx-sdk-11.0.2/lib/javafx.fxml.jar:/Users/gabminamedez/Documents/Developer/javafx-sdk-11.0.2/lib/javafx.media.jar:/Users/gabminamedez/Documents/Developer/javafx-sdk-11.0.2/lib/javafx.swing.jar:/Users/gabminamedez/Documents/Developer/javafx-sdk-11.0.2/lib/javafx.controls.jar:/Users/gabminamedez/Documents/Developer/javafx-sdk-11.0.2/lib/javafx.graphics.jar
Launcher Type: SUN_STANDARD

[Global flags]
     intx CICompilerCount                          = 3                                         {product} {ergonomic}
     uint ConcGCThreads                            = 1                                         {product} {ergonomic}
     uint G1ConcRefinementThreads                  = 4                                         {product} {ergonomic}
   size_t G1HeapRegionSize                         = 1048576                                   {product} {ergonomic}
    uintx GCDrainStackTargetSize                   = 64                                        {product} {ergonomic}
   size_t InitialHeapSize                          = 134217728                                 {product} {ergonomic}
   size_t MarkStackSize                            = 4194304                                   {product} {ergonomic}
   size_t MaxHeapSize                              = 2147483648                                {product} {ergonomic}
   size_t MaxNewSize                               = 1287651328                                {product} {ergonomic}
   size_t MinHeapDeltaBytes                        = 1048576                                   {product} {ergonomic}
   size_t MinHeapSize                              = 8388608                                   {product} {ergonomic}
    uintx NonNMethodCodeHeapSize                   = 5832780                                {pd product} {ergonomic}
    uintx NonProfiledCodeHeapSize                  = 122912730                              {pd product} {ergonomic}
    uintx ProfiledCodeHeapSize                     = 122912730                              {pd product} {ergonomic}
    uintx ReservedCodeCacheSize                    = 251658240                              {pd product} {ergonomic}
     bool SegmentedCodeCache                       = true                                      {product} {ergonomic}
   size_t SoftMaxHeapSize                          = 2147483648                             {manageable} {ergonomic}
     bool UseCompressedClassPointers               = true                                 {lp64_product} {ergonomic}
     bool UseCompressedOops                        = true                                 {lp64_product} {ergonomic}
     bool UseG1GC                                  = true                                      {product} {ergonomic}

Logging:
Log output configuration:
 #0: stdout all=warning uptime,level,tags
 #1: stderr all=off uptime,level,tags

Environment Variables:
PATH=/opt/anaconda3/bin:/opt/anaconda3/condabin:/usr/local/bin:/usr/bin:/bin:/usr/sbin:/sbin:/Library/Apple/usr/bin
SHELL=/bin/zsh

Signal Handlers:
SIGSEGV: [libjvm.dylib+0x740840], sa_mask[0]=11111111011111110111111111111111, sa_flags=SA_ONSTACK|SA_RESTART|SA_SIGINFO
SIGBUS: [libjvm.dylib+0x740840], sa_mask[0]=11111111011111110111111111111111, sa_flags=SA_RESTART|SA_SIGINFO
SIGFPE: [libjvm.dylib+0x740840], sa_mask[0]=11111111011111110111111111111111, sa_flags=SA_RESTART|SA_SIGINFO
SIGPIPE: [libjvm.dylib+0x5ea66f], sa_mask[0]=11111111011111110111111111111111, sa_flags=SA_RESTART|SA_SIGINFO
SIGXFSZ: [libjvm.dylib+0x5ea66f], sa_mask[0]=11111111011111110111111111111111, sa_flags=SA_RESTART|SA_SIGINFO
SIGILL: [libjvm.dylib+0x740840], sa_mask[0]=11111111011111110111111111111111, sa_flags=SA_RESTART|SA_SIGINFO
SIGUSR2: [libjvm.dylib+0x5eac41], sa_mask[0]=00100000000000000000000000000000, sa_flags=SA_RESTART|SA_SIGINFO
SIGHUP: [libjvm.dylib+0x5e9ca3], sa_mask[0]=11111111011111110111111111111111, sa_flags=SA_RESTART|SA_SIGINFO
SIGINT: [libjvm.dylib+0x5e9ca3], sa_mask[0]=11111111011111110111111111111111, sa_flags=SA_RESTART|SA_SIGINFO
SIGTERM: [libjvm.dylib+0x5e9ca3], sa_mask[0]=11111111011111110111111111111111, sa_flags=SA_RESTART|SA_SIGINFO
SIGQUIT: [libjvm.dylib+0x5e9ca3], sa_mask[0]=11111111011111110111111111111111, sa_flags=SA_RESTART|SA_SIGINFO


---------------  S Y S T E M  ---------------

OS:uname:Darwin 21.1.0 Darwin Kernel Version 21.1.0: Wed Oct 13 17:33:23 PDT 2021; root:xnu-8019.41.5~1/RELEASE_X86_64 x86_64
OS uptime: 0 days 7:18 hours
rlimit: STACK 8192k, CORE 0k, NPROC 1392, NOFILE 10240, AS infinity, DATA infinity, FSIZE infinity
load average:3.20 3.05 2.77

CPU:total 4 (initial active 4) (2 cores per cpu, 2 threads per core) family 6 model 142 stepping 9, cmov, cx8, fxsr, mmx, sse, sse2, sse3, ssse3, sse4.1, sse4.2, popcnt, avx, avx2, aes, clmul, erms, rtm, 3dnowpref, lzcnt, ht, tsc, tscinvbit, bmi1, bmi2, adx, fma

Memory: 4k page, physical 8388608k(20308k free), swap 3145728k(1656576k free)

vm_info: Java HotSpot(TM) 64-Bit Server VM (14+36-1461) for bsd-amd64 JRE (14+36-1461), built on Feb  6 2020 19:14:40 by "mach5one" with clang 4.2.1 Compatible Apple LLVM 10.0.0 (clang-1000.11.45.5)

END.
