#
# A fatal error has been detected by the Java Runtime Environment:
#
#  SIGSEGV (0xb) at pc=0x0000000103e4e9f9, pid=3657, tid=28675
#
# JRE version: Java(TM) SE Runtime Environment (14.0+36) (build 14+36-1461)
# Java VM: Java HotSpot(TM) 64-Bit Server VM (14+36-1461, mixed mode, sharing, tiered, compressed oops, g1 gc, bsd-amd64)
# Problematic frame:
# V  [libjvm.dylib+0x3859f9]  jni_DeleteGlobalRef+0xc9
#
# No core dump will be written. Core dumps have been disabled. To enable core dumping, try "ulimit -c unlimited" before starting Java again
#
# If you would like to submit a bug report, please visit:
#   https://bugreport.java.com/bugreport/crash.jsp
# The crash happened outside the Java Virtual Machine in native code.
# See problematic frame for where to report the bug.
#

---------------  S U M M A R Y ------------

Command Line: --module-path=/Users/gabminamedez/Documents/Developer/javafx-sdk-11.0.2/lib --add-modules=javafx.controls,javafx.fxml -Djava.library.path=/Users/gabminamedez/Documents/Developer/javafx-sdk-11.0.2/lib -javaagent:/Applications/IntelliJ IDEA.app/Contents/lib/idea_rt.jar=51521:/Applications/IntelliJ IDEA.app/Contents/bin -Dfile.encoding=UTF-8 com.socialsim.controller.Main

Host: MacBookPro14,1 x86_64 2300 MHz, 4 cores, 8G, Darwin 21.1.0
Time: Wed Jan  5 22:25:20 2022 PST elapsed time: 43 seconds (0d 0h 0m 43s)

---------------  T H R E A D  ---------------

Current thread (0x00007fa695b2b800):  JavaThread "InvokeLaterDispatcher" daemon [_thread_in_native, id=28675, stack(0x000070000c0a7000,0x000070000c1a7000)]

Stack: [0x000070000c0a7000,0x000070000c1a7000],  sp=0x000070000c1a6920,  free space=1022k
Native frames: (J=compiled Java code, A=aot compiled Java code, j=interpreted, Vv=VM code, C=native code)
V  [libjvm.dylib+0x3859f9]  jni_DeleteGlobalRef+0xc9
C  [libglass.dylib+0x8851]  -[GlassRunnable dealloc]+0x31
C  [Foundation+0x8210b]  -[_NSThreadPerformInfo dealloc]+0x2a
C  [Foundation+0x4edc7]  -[NSObject(NSThreadPerformAdditions) performSelectorOnMainThread:withObject:waitUntilDone:]+0x7c
J 4061  com.sun.glass.ui.mac.MacApplication._submitForLaterInvocation(Ljava/lang/Runnable;)V javafx.graphics (0 bytes) @ 0x000000011bfc236f [0x000000011bfc22a0+0x00000000000000cf]
J 4060 c1 com.sun.glass.ui.mac.MacApplication.submitForLaterInvocation(Ljava/lang/Runnable;)V javafx.graphics (6 bytes) @ 0x0000000115096b34 [0x0000000115096aa0+0x0000000000000094]
j  com.sun.glass.ui.InvokeLaterDispatcher.run()V+82 javafx.graphics
v  ~StubRoutines::call_stub
V  [libjvm.dylib+0x34aea2]  _ZN9JavaCalls11call_helperEP9JavaValueRK12methodHandleP17JavaCallArgumentsP6Thread+0x256
V  [libjvm.dylib+0x34a2bc]  _ZN9JavaCalls12call_virtualEP9JavaValueP5KlassP6SymbolS5_P17JavaCallArgumentsP6Thread+0xfe
V  [libjvm.dylib+0x34a378]  _ZN9JavaCalls12call_virtualEP9JavaValue6HandleP5KlassP6SymbolS6_P6Thread+0x62
V  [libjvm.dylib+0x3d07d8]  _ZL12thread_entryP10JavaThreadP6Thread+0x78
V  [libjvm.dylib+0x6ec426]  _ZN10JavaThread17thread_main_innerEv+0x86
V  [libjvm.dylib+0x6ec264]  _ZN10JavaThread3runEv+0x118
V  [libjvm.dylib+0x6ea0ab]  _ZN6Thread8call_runEv+0x71
V  [libjvm.dylib+0x5e8a7c]  _ZL19thread_native_entryP6Thread+0x129
C  [libsystem_pthread.dylib+0x6514]  _pthread_start+0x7d
C  [libsystem_pthread.dylib+0x202f]  thread_start+0xf

Java frames: (J=compiled Java code, j=interpreted, Vv=VM code)
J 4061  com.sun.glass.ui.mac.MacApplication._submitForLaterInvocation(Ljava/lang/Runnable;)V javafx.graphics (0 bytes) @ 0x000000011bfc22fc [0x000000011bfc22a0+0x000000000000005c]
J 4060 c1 com.sun.glass.ui.mac.MacApplication.submitForLaterInvocation(Ljava/lang/Runnable;)V javafx.graphics (6 bytes) @ 0x0000000115096b34 [0x0000000115096aa0+0x0000000000000094]
j  com.sun.glass.ui.InvokeLaterDispatcher.run()V+82 javafx.graphics
v  ~StubRoutines::call_stub

siginfo: si_signo: 11 (SIGSEGV), si_code: 1 (SEGV_MAPERR), si_addr: 0x0000000000000011

Register to memory mapping:

RAX=0x0000600003aa3660 points into unknown readable memory: 00 00 00 00 00 00 00 00
RBX=0x00007ff7bd28a100 is pointing into the stack for thread: 0x00007fa69465d000
RCX=0x0000000000000001 is an unknown value
RDX=0x00053fffffffffff is an unknown value
RSP=0x000070000c1a6920 is pointing into the stack for thread: 0x00007fa695b2b800
RBP=0x000070000c1a6940 is pointing into the stack for thread: 0x00007fa695b2b800
RSI=0x0000400000000000 is an unknown value
RDI=0x00007fa694a0c780 is a global jni handle
R8 =0x00006000039ac030 points into unknown readable memory: 00 1c 03 00 00 1c 03 00
R9 =0x0 is NULL
R10=0x000000010b7c7098: OBJC_CLASS_$_GlassRunnable+0 in /Users/gabminamedez/Documents/Developer/javafx-sdk-11.0.2/lib/libglass.dylib at 0x000000010b784000
R11=0x000000010b78c820: -[GlassRunnable dealloc]+0 in /Users/gabminamedez/Documents/Developer/javafx-sdk-11.0.2/lib/libglass.dylib at 0x000000010b784000
R12=0x00007fa69465d000 is a thread
R13=0x0000600000767200 points into unknown readable memory: 99 70 7c 0b 01 80 1d 00
R14=0x00007fa694a0c8f0 points into unknown readable memory: 00 00 00 00 00 00 00 00
R15=0x00007fa69465d310 points into unknown readable memory: 60 1c 3e 04 01 00 00 00


Registers:
RAX=0x0000600003aa3660, RBX=0x00007ff7bd28a100, RCX=0x0000000000000001, RDX=0x00053fffffffffff
RSP=0x000070000c1a6920, RBP=0x000070000c1a6940, RSI=0x0000400000000000, RDI=0x00007fa694a0c780
R8 =0x00006000039ac030, R9 =0x0000000000000000, R10=0x000000010b7c7098, R11=0x000000010b78c820
R12=0x00007fa69465d000, R13=0x0000600000767200, R14=0x00007fa694a0c8f0, R15=0x00007fa69465d310
RIP=0x0000000103e4e9f9, EFLAGS=0x0000000000010246, ERR=0x0000000000000006
  TRAPNO=0x000000000000000e

Top of Stack: (sp=0x000070000c1a6920)
0x000070000c1a6920:   0000600000767200 00007ff82489c2b9
0x000070000c1a6930:   0000000000000008 0000000000000000
0x000070000c1a6940:   000070000c1a6970 000000010b78c851
0x000070000c1a6950:   0000000000000000 0000600000767100
0x000070000c1a6960:   0000600001e97e00 00007ff809fdbc30
0x000070000c1a6970:   000070000c1a69b0 00007ff80b09410b
0x000070000c1a6980:   0000600000767200 0000600000767100
0x000070000c1a6990:   00007ff82489c2b9 6e6d3a520acb00fb
0x000070000c1a69a0:   0000600000767100 00007ff809fd9040
0x000070000c1a69b0:   000070000c1a6a00 00007ff80b060dc7
0x000070000c1a69c0:   0000600000767100 0000600000767200
0x000070000c1a69d0:   000000000c1a6a00 0000000150919938
0x000070000c1a69e0:   0000000000000000 000070000c1a6aa8
0x000070000c1a69f0:   0000000800ba4700 00007fa695b2b800
0x000070000c1a6a00:   000070000c1a6a50 000000011bfc236f
0x000070000c1a6a10:   00000007800d7a10 0000000786f00018
0x000070000c1a6a20:   0000000000000000 000000010b1b3f41
0x000070000c1a6a30:   00000007870d9120 000000010b23b078
0x000070000c1a6a40:   000070000c1a6b10 000000011500836a
0x000070000c1a6a50:   000070000c1a6b10 0000000115096b34
0x000070000c1a6a60:   000000078021b2b8 00000007870d9120
0x000070000c1a6a70:   00007fa695b2b800 00000000000000c3
0x000070000c1a6a80:   000070000c1a6b10 00000001142e2ef3
0x000070000c1a6a90:   000070000c1a6b10 00000001142e2f38
0x000070000c1a6aa0:   00000001142e2f38 0000000786f00018
0x000070000c1a6ab0:   00000007800d7a10 0000000000000009
0x000070000c1a6ac0:   0000000000000000 000070000c1a6ab8
0x000070000c1a6ad0:   000000010b1b3f0a 000070000c1a6b48
0x000070000c1a6ae0:   000000010b1b4588 0000000000000000
0x000070000c1a6af0:   000000078002f128 000000010b1b3fa8
0x000070000c1a6b00:   000070000c1a6aa8 000070000c1a6b48
0x000070000c1a6b10:   000070000c1a6bb0 00000001142d9949 

Instructions: (pc=0x0000000103e4e9f9)
0x0000000103e4e8f9:   00 00 f0 83 04 24 00 49 8b 84 24 10 01 00 00 a8
0x0000000103e4e909:   08 74 08 4c 89 e7 e8 8a b8 2c 00 41 c7 84 24 80
0x0000000103e4e919:   03 00 00 04 00 00 00 4c 89 f0 48 83 c4 20 5b 41
0x0000000103e4e929:   5c 41 5e 41 5f 5d c3 55 48 89 e5 41 57 41 56 41
0x0000000103e4e939:   54 53 49 89 f6 49 89 ff 4d 8d a7 f0 fc ff ff b8
0x0000000103e4e949:   55 21 ff ff 41 03 87 88 00 00 00 83 f8 02 72 0b
0x0000000103e4e959:   4c 89 e7 e8 37 65 36 00 45 31 e4 41 c7 84 24 80
0x0000000103e4e969:   03 00 00 05 00 00 00 f0 83 04 24 00 49 8b 04 24
0x0000000103e4e979:   4c 89 e7 ff 50 40 84 c0 74 0e 49 8b 84 24 10 01
0x0000000103e4e989:   00 00 a8 08 74 0e eb 1a 48 8d 05 f8 fe 5f 00 83
0x0000000103e4e999:   38 00 75 0e 41 f7 84 24 e0 00 00 00 04 00 00 20
0x0000000103e4e9a9:   74 08 4c 89 e7 e8 25 7f 36 00 41 c7 84 24 80 03
0x0000000103e4e9b9:   00 00 06 00 00 00 4c 89 ff 4c 89 f6 90 0f 1f 40
0x0000000103e4e9c9:   00 4c 89 f7 e8 48 9d 03 00 90 0f 1f 40 00 49 8b
0x0000000103e4e9d9:   9c 24 f8 00 00 00 48 8b 43 10 48 83 38 00 74 0c
0x0000000103e4e9e9:   48 89 df e8 87 7b f8 ff 48 8b 43 10 48 8b 4b 08
0x0000000103e4e9f9:   48 89 41 10 48 8b 43 08 48 8b 4b 18 48 89 48 18
0x0000000103e4ea09:   48 8b 43 08 48 8b 4b 20 48 89 48 20 41 c7 84 24
0x0000000103e4ea19:   80 03 00 00 07 00 00 00 f0 83 04 24 00 49 8b 84
0x0000000103e4ea29:   24 10 01 00 00 a8 08 74 08 4c 89 e7 e8 64 b7 2c
0x0000000103e4ea39:   00 41 c7 84 24 80 03 00 00 04 00 00 00 5b 41 5c
0x0000000103e4ea49:   41 5e 41 5f 5d c3 55 48 89 e5 41 57 41 56 41 54
0x0000000103e4ea59:   53 49 89 f6 49 89 ff 4d 8d a7 f0 fc ff ff b8 55
0x0000000103e4ea69:   21 ff ff 41 03 87 88 00 00 00 83 f8 02 72 0b 4c
0x0000000103e4ea79:   89 e7 e8 18 64 36 00 45 31 e4 41 c7 84 24 80 03
0x0000000103e4ea89:   00 00 05 00 00 00 f0 83 04 24 00 49 8b 04 24 4c
0x0000000103e4ea99:   89 e7 ff 50 40 84 c0 74 0e 49 8b 84 24 10 01 00
0x0000000103e4eaa9:   00 a8 08 74 0e eb 1a 48 8d 05 d9 fd 5f 00 83 38
0x0000000103e4eab9:   00 75 0e 41 f7 84 24 e0 00 00 00 04 00 00 20 74
0x0000000103e4eac9:   08 4c 89 e7 e8 06 7e 36 00 41 c7 84 24 80 03 00
0x0000000103e4ead9:   00 06 00 00 00 4c 89 ff 4c 89 f6 90 0f 1f 40 00
0x0000000103e4eae9:   4d 85 f6 74 0b 31 f6 4c 89 f7 ff 15 b7 2a 59 00 


Stack slot to memory mapping:
stack at sp + 0 slots: 0x0000600000767200 points into unknown readable memory: 99 70 7c 0b 01 80 1d 00
stack at sp + 1 slots: 0x00007ff82489c2b9: <offset 0x1a8c92b9> in /usr/lib/libobjc.A.dylib at 0x00007ff809fd3000
stack at sp + 2 slots: 0x0000000000000008 is an unknown value
stack at sp + 3 slots: 0x0 is NULL
stack at sp + 4 slots: 0x000070000c1a6970 is pointing into the stack for thread: 0x00007fa695b2b800
stack at sp + 5 slots: 0x000000010b78c851: -[GlassRunnable dealloc]+0x31 in /Users/gabminamedez/Documents/Developer/javafx-sdk-11.0.2/lib/libglass.dylib at 0x000000010b784000
stack at sp + 6 slots: 0x0 is NULL
stack at sp + 7 slots: 0x0000600000767100 points into unknown readable memory: 61 85 7b 4b f8 ff 1d 01


---------------  P R O C E S S  ---------------

Threads class SMR info:
_java_thread_list=0x0000600000512bc0, length=23, elements={
0x00007fa69500b800, 0x00007fa69500c800, 0x00007fa696011000, 0x00007fa695809000,
0x00007fa695840000, 0x00007fa69604f800, 0x00007fa696013800, 0x00007fa696014800,
0x00007fa695038000, 0x00007fa6961e0800, 0x00007fa6950d1000, 0x00007fa6940f7000,
0x00007fa695b2b800, 0x00007fa69465d000, 0x00007fa69530f000, 0x00007fa69404c000,
0x00007fa69532e000, 0x00007fa6962b1800, 0x00007fa69532e800, 0x00007fa695337000,
0x00007fa6962bd000, 0x00007fa6962bd800, 0x00007fa69545c800
}

Java Threads: ( => current thread )
  0x00007fa69500b800 JavaThread "main" [_thread_blocked, id=5891, stack(0x000070000ab65000,0x000070000ac65000)]
  0x00007fa69500c800 JavaThread "Reference Handler" daemon [_thread_blocked, id=17411, stack(0x000070000b27a000,0x000070000b37a000)]
  0x00007fa696011000 JavaThread "Finalizer" daemon [_thread_blocked, id=14339, stack(0x000070000b37d000,0x000070000b47d000)]
  0x00007fa695809000 JavaThread "Signal Dispatcher" daemon [_thread_blocked, id=43011, stack(0x000070000b586000,0x000070000b686000)]
  0x00007fa695840000 JavaThread "Service Thread" daemon [_thread_blocked, id=22275, stack(0x000070000b689000,0x000070000b789000)]
  0x00007fa69604f800 JavaThread "C2 CompilerThread0" daemon [_thread_blocked, id=22787, stack(0x000070000b78c000,0x000070000b88c000)]
  0x00007fa696013800 JavaThread "C1 CompilerThread0" daemon [_thread_blocked, id=41731, stack(0x000070000b88f000,0x000070000b98f000)]
  0x00007fa696014800 JavaThread "Sweeper thread" daemon [_thread_blocked, id=23043, stack(0x000070000b992000,0x000070000ba92000)]
  0x00007fa695038000 JavaThread "Common-Cleaner" daemon [_thread_blocked, id=40451, stack(0x000070000ba95000,0x000070000bb95000)]
  0x00007fa6961e0800 JavaThread "Monitor Ctrl-Break" daemon [_thread_in_native, id=39171, stack(0x000070000bc9b000,0x000070000bd9b000)]
  0x00007fa6950d1000 JavaThread "Notification Thread" daemon [_thread_blocked, id=23555, stack(0x000070000bd9e000,0x000070000be9e000)]
  0x00007fa6940f7000 JavaThread "QuantumRenderer-0" daemon [_thread_blocked, id=24067, stack(0x000070000bfa4000,0x000070000c0a4000)]
=>0x00007fa695b2b800 JavaThread "InvokeLaterDispatcher" daemon [_thread_in_native, id=28675, stack(0x000070000c0a7000,0x000070000c1a7000)]
  0x00007fa69465d000 JavaThread "JavaFX Application Thread" [_thread_in_native, id=259, stack(0x00007ff7bca9a000,0x00007ff7bd29a000)]
  0x00007fa69530f000 JavaThread "Thread-2" daemon [_thread_in_native, id=48135, stack(0x000070000c536000,0x000070000c5b6000)]
  0x00007fa69404c000 JavaThread "JavaFX-Launcher" [_thread_blocked, id=53251, stack(0x000070000c63c000,0x000070000c73c000)]
  0x00007fa69532e000 JavaThread "Thread-4" [_thread_blocked, id=73483, stack(0x000070000c73f000,0x000070000c83f000)]
  0x00007fa6962b1800 JavaThread "Thread-5" [_thread_blocked, id=56835, stack(0x000070000c842000,0x000070000c942000)]
  0x00007fa69532e800 JavaThread "Thread-6" [_thread_blocked, id=57347, stack(0x000070000c945000,0x000070000ca45000)]
  0x00007fa695337000 JavaThread "Thread-7" [_thread_blocked, id=57603, stack(0x000070000ca48000,0x000070000cb48000)]
  0x00007fa6962bd000 JavaThread "Attach Listener" daemon [_thread_blocked, id=58375, stack(0x000070000cb4b000,0x000070000cc4b000)]
  0x00007fa6962bd800 JavaThread "Prism Font Disposer" daemon [_thread_blocked, id=58627, stack(0x000070000cc4e000,0x000070000cd4e000)]
  0x00007fa69545c800 JavaThread "Cleaner-0" daemon [_thread_blocked, id=66067, stack(0x000070000ce57000,0x000070000cf57000)]

Other Threads:
  0x00007fa69604d800 VMThread "VM Thread" [stack: 0x000070000b177000,0x000070000b277000] [id=13315]
  0x00007fa6961e3000 WatcherThread [stack: 0x000070000bea1000,0x000070000bfa1000] [id=38403]
  0x00007fa695831800 GCTaskThread "GC Thread#0" [stack: 0x000070000ac68000,0x000070000ad68000] [id=11779]
  0x00007fa69467c800 GCTaskThread "GC Thread#1" [stack: 0x000070000c22d000,0x000070000c32d000] [id=82951]
  0x00007fa69467d800 GCTaskThread "GC Thread#2" [stack: 0x000070000c330000,0x000070000c430000] [id=46851]
  0x00007fa69467e000 GCTaskThread "GC Thread#3" [stack: 0x000070000c433000,0x000070000c533000] [id=47363]
  0x00007fa695008800 ConcurrentGCThread "G1 Main Marker" [stack: 0x000070000ad6b000,0x000070000ae6b000] [id=19203]
  0x00007fa69583b000 ConcurrentGCThread "G1 Conc#0" [stack: 0x000070000ae6e000,0x000070000af6e000] [id=18691]
  0x00007fa69401f000 ConcurrentGCThread "G1 Refine#0" [stack: 0x000070000af71000,0x000070000b071000] [id=12803]
  0x00007fa698b55800 ConcurrentGCThread "G1 Refine#1" [stack: 0x000070000cf5a000,0x000070000d05a000] [id=130419]
  0x00007fa696156800 ConcurrentGCThread "G1 Refine#2" [stack: 0x000070000d05d000,0x000070000d15d000] [id=59143]
  0x00007fa695936000 ConcurrentGCThread "G1 Refine#3" [stack: 0x000070000d160000,0x000070000d260000] [id=65035]
  0x00007fa694020000 ConcurrentGCThread "G1 Young RemSet Sampling" [stack: 0x000070000b074000,0x000070000b174000] [id=17923]

Threads with active compile tasks:

VM state:not at safepoint (normal execution)

VM Mutex/Monitor currently owned by a thread: None

Heap address: 0x0000000780000000, size: 2048 MB, Compressed Oops mode: Zero based, Oop shift amount: 3
Narrow klass base: 0x0000000800000000, Narrow klass shift: 3
Compressed class space size: 1073741824 Address: 0x0000000800b05000

Heap:
 garbage-first heap   total 135168K, used 78836K [0x0000000780000000, 0x0000000800000000)
  region size 1024K, 18 young (18432K), 1 survivors (1024K)
 Metaspace       used 19357K, capacity 20182K, committed 20352K, reserved 1067008K
  class space    used 2572K, capacity 2903K, committed 2944K, reserved 1048576K
Heap Regions: E=young(eden), S=young(survivor), O=old, HS=humongous(starts), HC=humongous(continues), CS=collection set, F=free, OA=open archive, CA=closed archive, TAMS=top-at-mark-start (previous, next)
|   0|0x0000000780000000, 0x0000000780100000, 0x0000000780100000|100%| O|  |TAMS 0x0000000780100000, 0x0000000780000000| Untracked 
|   1|0x0000000780100000, 0x0000000780200000, 0x0000000780200000|100%| O|  |TAMS 0x0000000780200000, 0x0000000780100000| Untracked 
|   2|0x0000000780200000, 0x0000000780300000, 0x0000000780300000|100%| O|  |TAMS 0x0000000780300000, 0x0000000780200000| Untracked 
|   3|0x0000000780300000, 0x0000000780400000, 0x0000000780400000|100%| O|  |TAMS 0x0000000780400000, 0x0000000780300000| Untracked 
|   4|0x0000000780400000, 0x0000000780500000, 0x0000000780500000|100%| O|  |TAMS 0x0000000780500000, 0x0000000780400000| Untracked 
|   5|0x0000000780500000, 0x0000000780600000, 0x0000000780600000|100%|HS|  |TAMS 0x0000000780600000, 0x0000000780500000| Complete 
|   6|0x0000000780600000, 0x0000000780700000, 0x0000000780700000|100%|HC|  |TAMS 0x0000000780700000, 0x0000000780600000| Complete 
|   7|0x0000000780700000, 0x0000000780800000, 0x0000000780800000|100%|HC|  |TAMS 0x0000000780800000, 0x0000000780700000| Complete 
|   8|0x0000000780800000, 0x0000000780900000, 0x0000000780900000|100%|HC|  |TAMS 0x0000000780900000, 0x0000000780800000| Complete 
|   9|0x0000000780900000, 0x0000000780a00000, 0x0000000780a00000|100%|HC|  |TAMS 0x0000000780a00000, 0x0000000780900000| Complete 
|  10|0x0000000780a00000, 0x0000000780b00000, 0x0000000780b00000|100%|HC|  |TAMS 0x0000000780b00000, 0x0000000780a00000| Complete 
|  11|0x0000000780b00000, 0x0000000780c00000, 0x0000000780c00000|100%|HC|  |TAMS 0x0000000780c00000, 0x0000000780b00000| Complete 
|  12|0x0000000780c00000, 0x0000000780d00000, 0x0000000780d00000|100%|HC|  |TAMS 0x0000000780d00000, 0x0000000780c00000| Complete 
|  13|0x0000000780d00000, 0x0000000780e00000, 0x0000000780e00000|100%|HC|  |TAMS 0x0000000780e00000, 0x0000000780d00000| Complete 
|  14|0x0000000780e00000, 0x0000000780f00000, 0x0000000780f00000|100%|HS|  |TAMS 0x0000000780f00000, 0x0000000780e00000| Complete 
|  15|0x0000000780f00000, 0x0000000781000000, 0x0000000781000000|100%|HC|  |TAMS 0x0000000781000000, 0x0000000780f00000| Complete 
|  16|0x0000000781000000, 0x0000000781100000, 0x0000000781100000|100%|HC|  |TAMS 0x0000000781100000, 0x0000000781000000| Complete 
|  17|0x0000000781100000, 0x0000000781200000, 0x0000000781200000|100%|HC|  |TAMS 0x0000000781200000, 0x0000000781100000| Complete 
|  18|0x0000000781200000, 0x0000000781300000, 0x0000000781300000|100%|HC|  |TAMS 0x0000000781300000, 0x0000000781200000| Complete 
|  19|0x0000000781300000, 0x0000000781400000, 0x0000000781400000|100%|HC|  |TAMS 0x0000000781400000, 0x0000000781300000| Complete 
|  20|0x0000000781400000, 0x0000000781500000, 0x0000000781500000|100%|HC|  |TAMS 0x0000000781500000, 0x0000000781400000| Complete 
|  21|0x0000000781500000, 0x0000000781600000, 0x0000000781600000|100%|HC|  |TAMS 0x0000000781600000, 0x0000000781500000| Complete 
|  22|0x0000000781600000, 0x0000000781700000, 0x0000000781700000|100%|HC|  |TAMS 0x0000000781700000, 0x0000000781600000| Complete 
|  23|0x0000000781700000, 0x0000000781800000, 0x0000000781800000|100%|HC|  |TAMS 0x0000000781800000, 0x0000000781700000| Complete 
|  24|0x0000000781800000, 0x0000000781900000, 0x0000000781900000|100%|HC|  |TAMS 0x0000000781900000, 0x0000000781800000| Complete 
|  25|0x0000000781900000, 0x0000000781a00000, 0x0000000781a00000|100%|HS|  |TAMS 0x0000000781a00000, 0x0000000781900000| Complete 
|  26|0x0000000781a00000, 0x0000000781b00000, 0x0000000781b00000|100%|HC|  |TAMS 0x0000000781b00000, 0x0000000781a00000| Complete 
|  27|0x0000000781b00000, 0x0000000781c00000, 0x0000000781c00000|100%|HC|  |TAMS 0x0000000781c00000, 0x0000000781b00000| Complete 
|  28|0x0000000781c00000, 0x0000000781d00000, 0x0000000781d00000|100%|HC|  |TAMS 0x0000000781d00000, 0x0000000781c00000| Complete 
|  29|0x0000000781d00000, 0x0000000781e00000, 0x0000000781e00000|100%|HC|  |TAMS 0x0000000781e00000, 0x0000000781d00000| Complete 
|  30|0x0000000781e00000, 0x0000000781f00000, 0x0000000781f00000|100%|HS|  |TAMS 0x0000000781f00000, 0x0000000781e00000| Complete 
|  31|0x0000000781f00000, 0x0000000782000000, 0x0000000782000000|100%|HC|  |TAMS 0x0000000782000000, 0x0000000781f00000| Complete 
|  32|0x0000000782000000, 0x0000000782100000, 0x0000000782100000|100%|HC|  |TAMS 0x0000000782100000, 0x0000000782000000| Complete 
|  33|0x0000000782100000, 0x0000000782200000, 0x0000000782200000|100%|HC|  |TAMS 0x0000000782200000, 0x0000000782100000| Complete 
|  34|0x0000000782200000, 0x0000000782300000, 0x0000000782300000|100%|HC|  |TAMS 0x0000000782300000, 0x0000000782200000| Complete 
|  35|0x0000000782300000, 0x0000000782400000, 0x0000000782400000|100%|HS|  |TAMS 0x0000000782400000, 0x0000000782300000| Complete 
|  36|0x0000000782400000, 0x0000000782500000, 0x0000000782500000|100%|HC|  |TAMS 0x0000000782500000, 0x0000000782400000| Complete 
|  37|0x0000000782500000, 0x0000000782600000, 0x0000000782600000|100%|HC|  |TAMS 0x0000000782600000, 0x0000000782500000| Complete 
|  38|0x0000000782600000, 0x0000000782700000, 0x0000000782700000|100%|HC|  |TAMS 0x0000000782700000, 0x0000000782600000| Complete 
|  39|0x0000000782700000, 0x0000000782800000, 0x0000000782800000|100%|HC|  |TAMS 0x0000000782800000, 0x0000000782700000| Complete 
|  40|0x0000000782800000, 0x0000000782900000, 0x0000000782900000|100%|HS|  |TAMS 0x0000000782900000, 0x0000000782800000| Complete 
|  41|0x0000000782900000, 0x0000000782a00000, 0x0000000782a00000|100%|HC|  |TAMS 0x0000000782a00000, 0x0000000782900000| Complete 
|  42|0x0000000782a00000, 0x0000000782b00000, 0x0000000782b00000|100%|HS|  |TAMS 0x0000000782b00000, 0x0000000782a00000| Complete 
|  43|0x0000000782b00000, 0x0000000782c00000, 0x0000000782c00000|100%|HC|  |TAMS 0x0000000782c00000, 0x0000000782b00000| Complete 
|  44|0x0000000782c00000, 0x0000000782d00000, 0x0000000782d00000|100%| O|  |TAMS 0x0000000782d00000, 0x0000000782c00000| Untracked 
|  45|0x0000000782d00000, 0x0000000782e00000, 0x0000000782e00000|100%| O|  |TAMS 0x0000000782e00000, 0x0000000782d00000| Untracked 
|  46|0x0000000782e00000, 0x0000000782f00000, 0x0000000782f00000|100%| O|  |TAMS 0x0000000782f00000, 0x0000000782e00000| Untracked 
|  47|0x0000000782f00000, 0x0000000783000000, 0x0000000783000000|100%| O|  |TAMS 0x0000000783000000, 0x0000000782f00000| Untracked 
|  48|0x0000000783000000, 0x0000000783100000, 0x0000000783100000|100%| O|  |TAMS 0x0000000783100000, 0x0000000783000000| Untracked 
|  49|0x0000000783100000, 0x0000000783200000, 0x0000000783200000|100%| O|  |TAMS 0x0000000783200000, 0x0000000783100000| Untracked 
|  50|0x0000000783200000, 0x0000000783269800, 0x0000000783300000| 41%| O|  |TAMS 0x0000000783268e00, 0x0000000783200000| Untracked 
|  51|0x0000000783300000, 0x0000000783300000, 0x0000000783400000|  0%| F|  |TAMS 0x0000000783300000, 0x0000000783300000| Untracked 
|  52|0x0000000783400000, 0x0000000783400000, 0x0000000783500000|  0%| F|  |TAMS 0x0000000783400000, 0x0000000783400000| Untracked 
|  53|0x0000000783500000, 0x0000000783500000, 0x0000000783600000|  0%| F|  |TAMS 0x0000000783500000, 0x0000000783500000| Untracked 
|  54|0x0000000783600000, 0x0000000783600000, 0x0000000783700000|  0%| F|  |TAMS 0x0000000783600000, 0x0000000783600000| Untracked 
|  55|0x0000000783700000, 0x0000000783700000, 0x0000000783800000|  0%| F|  |TAMS 0x0000000783700000, 0x0000000783700000| Untracked 
|  56|0x0000000783800000, 0x0000000783800000, 0x0000000783900000|  0%| F|  |TAMS 0x0000000783800000, 0x0000000783800000| Untracked 
|  57|0x0000000783900000, 0x0000000783900000, 0x0000000783a00000|  0%| F|  |TAMS 0x0000000783900000, 0x0000000783900000| Untracked 
|  58|0x0000000783a00000, 0x0000000783a00000, 0x0000000783b00000|  0%| F|  |TAMS 0x0000000783a00000, 0x0000000783a00000| Untracked 
|  59|0x0000000783b00000, 0x0000000783c00000, 0x0000000783c00000|100%| O|  |TAMS 0x0000000783c00000, 0x0000000783b00000| Untracked 
|  60|0x0000000783c00000, 0x0000000783d00000, 0x0000000783d00000|100%| O|  |TAMS 0x0000000783d00000, 0x0000000783c00000| Untracked 
|  61|0x0000000783d00000, 0x0000000783e00000, 0x0000000783e00000|100%| O|  |TAMS 0x0000000783e00000, 0x0000000783d00000| Untracked 
|  62|0x0000000783e00000, 0x0000000783f00000, 0x0000000783f00000|100%| O|  |TAMS 0x0000000783f00000, 0x0000000783e00000| Untracked 
|  63|0x0000000783f00000, 0x0000000784000000, 0x0000000784000000|100%| O|  |TAMS 0x0000000784000000, 0x0000000783f00000| Untracked 
|  64|0x0000000784000000, 0x0000000784100000, 0x0000000784100000|100%| O|  |TAMS 0x0000000784100000, 0x0000000784000000| Untracked 
|  65|0x0000000784100000, 0x0000000784200000, 0x0000000784200000|100%| O|  |TAMS 0x0000000784200000, 0x0000000784100000| Untracked 
|  66|0x0000000784200000, 0x0000000784200000, 0x0000000784300000|  0%| F|  |TAMS 0x0000000784200000, 0x0000000784200000| Untracked 
|  67|0x0000000784300000, 0x0000000784300000, 0x0000000784400000|  0%| F|  |TAMS 0x0000000784300000, 0x0000000784300000| Untracked 
|  68|0x0000000784400000, 0x0000000784400000, 0x0000000784500000|  0%| F|  |TAMS 0x0000000784400000, 0x0000000784400000| Untracked 
|  69|0x0000000784500000, 0x0000000784500000, 0x0000000784600000|  0%| F|  |TAMS 0x0000000784500000, 0x0000000784500000| Untracked 
|  70|0x0000000784600000, 0x0000000784600000, 0x0000000784700000|  0%| F|  |TAMS 0x0000000784600000, 0x0000000784600000| Untracked 
|  71|0x0000000784700000, 0x0000000784700000, 0x0000000784800000|  0%| F|  |TAMS 0x0000000784700000, 0x0000000784700000| Untracked 
|  72|0x0000000784800000, 0x0000000784800000, 0x0000000784900000|  0%| F|  |TAMS 0x0000000784800000, 0x0000000784800000| Untracked 
|  73|0x0000000784900000, 0x0000000784900000, 0x0000000784a00000|  0%| F|  |TAMS 0x0000000784900000, 0x0000000784900000| Untracked 
|  74|0x0000000784a00000, 0x0000000784ac7a20, 0x0000000784b00000| 77%| S|CS|TAMS 0x0000000784a00000, 0x0000000784a00000| Complete 
|  75|0x0000000784b00000, 0x0000000784b00000, 0x0000000784c00000|  0%| F|  |TAMS 0x0000000784b00000, 0x0000000784b00000| Untracked 
|  76|0x0000000784c00000, 0x0000000784c00000, 0x0000000784d00000|  0%| F|  |TAMS 0x0000000784c00000, 0x0000000784c00000| Untracked 
|  77|0x0000000784d00000, 0x0000000784d00000, 0x0000000784e00000|  0%| F|  |TAMS 0x0000000784d00000, 0x0000000784d00000| Untracked 
|  78|0x0000000784e00000, 0x0000000784e00000, 0x0000000784f00000|  0%| F|  |TAMS 0x0000000784e00000, 0x0000000784e00000| Untracked 
|  79|0x0000000784f00000, 0x0000000784f00000, 0x0000000785000000|  0%| F|  |TAMS 0x0000000784f00000, 0x0000000784f00000| Untracked 
|  80|0x0000000785000000, 0x0000000785000000, 0x0000000785100000|  0%| F|  |TAMS 0x0000000785000000, 0x0000000785000000| Untracked 
|  81|0x0000000785100000, 0x0000000785100000, 0x0000000785200000|  0%| F|  |TAMS 0x0000000785100000, 0x0000000785100000| Untracked 
|  82|0x0000000785200000, 0x0000000785200000, 0x0000000785300000|  0%| F|  |TAMS 0x0000000785200000, 0x0000000785200000| Untracked 
|  83|0x0000000785300000, 0x0000000785300000, 0x0000000785400000|  0%| F|  |TAMS 0x0000000785300000, 0x0000000785300000| Untracked 
|  84|0x0000000785400000, 0x0000000785400000, 0x0000000785500000|  0%| F|  |TAMS 0x0000000785400000, 0x0000000785400000| Untracked 
|  85|0x0000000785500000, 0x0000000785500000, 0x0000000785600000|  0%| F|  |TAMS 0x0000000785500000, 0x0000000785500000| Untracked 
|  86|0x0000000785600000, 0x0000000785600000, 0x0000000785700000|  0%| F|  |TAMS 0x0000000785600000, 0x0000000785600000| Untracked 
|  87|0x0000000785700000, 0x0000000785700000, 0x0000000785800000|  0%| F|  |TAMS 0x0000000785700000, 0x0000000785700000| Untracked 
|  88|0x0000000785800000, 0x0000000785800000, 0x0000000785900000|  0%| F|  |TAMS 0x0000000785800000, 0x0000000785800000| Untracked 
|  89|0x0000000785900000, 0x0000000785900000, 0x0000000785a00000|  0%| F|  |TAMS 0x0000000785900000, 0x0000000785900000| Untracked 
|  90|0x0000000785a00000, 0x0000000785a00000, 0x0000000785b00000|  0%| F|  |TAMS 0x0000000785a00000, 0x0000000785a00000| Untracked 
|  91|0x0000000785b00000, 0x0000000785b00000, 0x0000000785c00000|  0%| F|  |TAMS 0x0000000785b00000, 0x0000000785b00000| Untracked 
|  92|0x0000000785c00000, 0x0000000785c00000, 0x0000000785d00000|  0%| F|  |TAMS 0x0000000785c00000, 0x0000000785c00000| Untracked 
|  93|0x0000000785d00000, 0x0000000785d00000, 0x0000000785e00000|  0%| F|  |TAMS 0x0000000785d00000, 0x0000000785d00000| Untracked 
|  94|0x0000000785e00000, 0x0000000785e00000, 0x0000000785f00000|  0%| F|  |TAMS 0x0000000785e00000, 0x0000000785e00000| Untracked 
|  95|0x0000000785f00000, 0x0000000785f00000, 0x0000000786000000|  0%| F|  |TAMS 0x0000000785f00000, 0x0000000785f00000| Untracked 
|  96|0x0000000786000000, 0x0000000786000000, 0x0000000786100000|  0%| F|  |TAMS 0x0000000786000000, 0x0000000786000000| Untracked 
|  97|0x0000000786100000, 0x0000000786100000, 0x0000000786200000|  0%| F|  |TAMS 0x0000000786100000, 0x0000000786100000| Untracked 
|  98|0x0000000786200000, 0x0000000786200000, 0x0000000786300000|  0%| F|  |TAMS 0x0000000786200000, 0x0000000786200000| Untracked 
|  99|0x0000000786300000, 0x0000000786300000, 0x0000000786400000|  0%| F|  |TAMS 0x0000000786300000, 0x0000000786300000| Untracked 
| 100|0x0000000786400000, 0x0000000786400000, 0x0000000786500000|  0%| F|  |TAMS 0x0000000786400000, 0x0000000786400000| Untracked 
| 101|0x0000000786500000, 0x0000000786500000, 0x0000000786600000|  0%| F|  |TAMS 0x0000000786500000, 0x0000000786500000| Untracked 
| 102|0x0000000786600000, 0x0000000786600000, 0x0000000786700000|  0%| F|  |TAMS 0x0000000786600000, 0x0000000786600000| Untracked 
| 103|0x0000000786700000, 0x0000000786700000, 0x0000000786800000|  0%| F|  |TAMS 0x0000000786700000, 0x0000000786700000| Untracked 
| 104|0x0000000786800000, 0x0000000786800000, 0x0000000786900000|  0%| F|  |TAMS 0x0000000786800000, 0x0000000786800000| Untracked 
| 105|0x0000000786900000, 0x0000000786900000, 0x0000000786a00000|  0%| F|  |TAMS 0x0000000786900000, 0x0000000786900000| Untracked 
| 106|0x0000000786a00000, 0x0000000786a00000, 0x0000000786b00000|  0%| F|  |TAMS 0x0000000786a00000, 0x0000000786a00000| Untracked 
| 107|0x0000000786b00000, 0x0000000786b00000, 0x0000000786c00000|  0%| F|  |TAMS 0x0000000786b00000, 0x0000000786b00000| Untracked 
| 108|0x0000000786c00000, 0x0000000786c00000, 0x0000000786d00000|  0%| F|  |TAMS 0x0000000786c00000, 0x0000000786c00000| Untracked 
| 109|0x0000000786d00000, 0x0000000786d00000, 0x0000000786e00000|  0%| F|  |TAMS 0x0000000786d00000, 0x0000000786d00000| Untracked 
| 110|0x0000000786e00000, 0x0000000786e00000, 0x0000000786f00000|  0%| F|  |TAMS 0x0000000786e00000, 0x0000000786e00000| Untracked 
| 111|0x0000000786f00000, 0x0000000786f1c7e8, 0x0000000787000000| 11%| E|  |TAMS 0x0000000786f00000, 0x0000000786f00000| Complete 
| 112|0x0000000787000000, 0x0000000787100000, 0x0000000787100000|100%| E|CS|TAMS 0x0000000787000000, 0x0000000787000000| Complete 
| 113|0x0000000787100000, 0x0000000787200000, 0x0000000787200000|100%| E|CS|TAMS 0x0000000787100000, 0x0000000787100000| Complete 
| 114|0x0000000787200000, 0x0000000787300000, 0x0000000787300000|100%| E|CS|TAMS 0x0000000787200000, 0x0000000787200000| Complete 
| 115|0x0000000787300000, 0x0000000787400000, 0x0000000787400000|100%| E|CS|TAMS 0x0000000787300000, 0x0000000787300000| Complete 
| 116|0x0000000787400000, 0x0000000787500000, 0x0000000787500000|100%| E|CS|TAMS 0x0000000787400000, 0x0000000787400000| Complete 
| 117|0x0000000787500000, 0x0000000787600000, 0x0000000787600000|100%| E|CS|TAMS 0x0000000787500000, 0x0000000787500000| Complete 
| 118|0x0000000787600000, 0x0000000787700000, 0x0000000787700000|100%| E|CS|TAMS 0x0000000787600000, 0x0000000787600000| Complete 
| 119|0x0000000787700000, 0x0000000787800000, 0x0000000787800000|100%| E|CS|TAMS 0x0000000787700000, 0x0000000787700000| Complete 
| 120|0x0000000787800000, 0x0000000787900000, 0x0000000787900000|100%| E|CS|TAMS 0x0000000787800000, 0x0000000787800000| Complete 
| 121|0x0000000787900000, 0x0000000787a00000, 0x0000000787a00000|100%| E|CS|TAMS 0x0000000787900000, 0x0000000787900000| Complete 
| 122|0x0000000787a00000, 0x0000000787b00000, 0x0000000787b00000|100%| E|CS|TAMS 0x0000000787a00000, 0x0000000787a00000| Complete 
| 123|0x0000000787b00000, 0x0000000787c00000, 0x0000000787c00000|100%| E|CS|TAMS 0x0000000787b00000, 0x0000000787b00000| Complete 
| 124|0x0000000787c00000, 0x0000000787d00000, 0x0000000787d00000|100%| E|CS|TAMS 0x0000000787c00000, 0x0000000787c00000| Complete 
| 125|0x0000000787d00000, 0x0000000787e00000, 0x0000000787e00000|100%| E|CS|TAMS 0x0000000787d00000, 0x0000000787d00000| Complete 
| 126|0x0000000787e00000, 0x0000000787f00000, 0x0000000787f00000|100%| E|CS|TAMS 0x0000000787e00000, 0x0000000787e00000| Complete 
| 127|0x0000000787f00000, 0x0000000788000000, 0x0000000788000000|100%| E|CS|TAMS 0x0000000787f00000, 0x0000000787f00000| Complete 
|1022|0x00000007bfe00000, 0x00000007bfe51000, 0x00000007bff00000| 31%|OA|  |TAMS 0x00000007bfe51000, 0x00000007bfe00000| Untracked 
|1023|0x00000007bff00000, 0x00000007bff7b000, 0x00000007c0000000| 48%|CA|  |TAMS 0x00000007bff7b000, 0x00000007bff00000| Untracked 
|2046|0x00000007ffe00000, 0x00000007fff00000, 0x00000007fff00000|100%| O|  |TAMS 0x00000007fff00000, 0x00000007ffe00000| Untracked 
|2047|0x00000007fff00000, 0x0000000800000000, 0x0000000800000000|100%| O|  |TAMS 0x0000000800000000, 0x00000007fff00000| Untracked 

Card table byte_map: [0x000000010343a000,0x000000010383a000] _byte_map_base: 0x00000000ff83a000

Marking Bits (Prev, Next): (CMBitMap*) 0x00007fa695832458, (CMBitMap*) 0x00007fa695832418
 Prev Bits: [0x0000000106c6a000, 0x0000000108c6a000)
 Next Bits: [0x0000000104c6a000, 0x0000000106c6a000)

Polling page: 0x0000000102da0000

Metaspace:

Usage:
  Non-class:     16.87 MB capacity,    16.39 MB ( 97%) used,   402.27 KB (  2%) free+waste,    91.81 KB ( <1%) overhead. 
      Class:      2.83 MB capacity,     2.51 MB ( 89%) used,   284.07 KB ( 10%) free+waste,    46.38 KB (  2%) overhead. 
       Both:     19.71 MB capacity,    18.90 MB ( 96%) used,   686.34 KB (  3%) free+waste,   138.19 KB ( <1%) overhead. 

Virtual space:
  Non-class space:       18.00 MB reserved,      17.00 MB ( 94%) committed 
      Class space:        1.00 GB reserved,       2.88 MB ( <1%) committed 
             Both:        1.02 GB reserved,      19.88 MB (  2%) committed 

Chunk freelists:
   Non-Class:  109.00 KB
       Class:  0 bytes
        Both:  109.00 KB

MaxMetaspaceSize: unlimited
CompressedClassSpaceSize: 1.00 GB

CodeHeap 'non-profiled nmethods': size=120032Kb used=2500Kb max_used=2724Kb free=117531Kb
 bounds [0x000000011bda1000, 0x000000011c051000, 0x00000001232d9000]
CodeHeap 'profiled nmethods': size=120028Kb used=7462Kb max_used=9731Kb free=112565Kb
 bounds [0x000000011486a000, 0x00000001151fa000, 0x000000011bda1000]
CodeHeap 'non-nmethods': size=5700Kb used=1492Kb max_used=1534Kb free=4207Kb
 bounds [0x00000001142d9000, 0x0000000114549000, 0x000000011486a000]
 total_blobs=6755 nmethods=3997 adapters=743
 compilation: enabled
              stopped_count=0, restarted_count=0
 full_count=0

Compilation events (20 events):
Event: 42.976 Thread 0x00007fa696013800 4681       3       javafx.scene.Scene$DnDGesture::processDragDetection (116 bytes)
Event: 42.976 Thread 0x00007fa69604f800 nmethod 4680 0x000000011bdb7210 code [0x000000011bdb7440, 0x000000011bdb77b8]
Event: 42.976 Thread 0x00007fa69604f800 4682       4       com.sun.javafx.geom.transform.GeneralTransform3D::isAffine (63 bytes)
Event: 42.976 Thread 0x00007fa696013800 nmethod 4681 0x000000011494f190 code [0x000000011494f3a0, 0x000000011494fbf0]
Event: 42.982 Thread 0x00007fa69604f800 nmethod 4682 0x000000011bdfed90 code [0x000000011bdff020, 0x000000011bdff4d8]
Event: 43.130 Thread 0x00007fa696013800 4683       3       com.sun.javafx.text.TextLine::<init> (47 bytes)
Event: 43.131 Thread 0x00007fa696013800 nmethod 4683 0x0000000114877090 code [0x0000000114877240, 0x0000000114877690]
Event: 43.131 Thread 0x00007fa696013800 4684       3       com.sun.javafx.text.TextLine::setSideBearings (11 bytes)
Event: 43.131 Thread 0x00007fa696013800 nmethod 4684 0x0000000114ab9a90 code [0x0000000114ab9c20, 0x0000000114ab9d50]
Event: 43.131 Thread 0x00007fa696013800 4685       3       com.sun.javafx.scene.shape.TextHelper::computeGeomBoundsImpl (12 bytes)
Event: 43.132 Thread 0x00007fa696013800 nmethod 4685 0x0000000114b91710 code [0x0000000114b918c0, 0x0000000114b91c40]
Event: 43.132 Thread 0x00007fa696013800 4686   !   3       com.sun.prism.es2.ES2SwapChain::prepare (184 bytes)
Event: 43.134 Thread 0x00007fa696013800 nmethod 4686 0x0000000114a4dd10 code [0x0000000114a4e000, 0x0000000114a4f580]
Event: 43.134 Thread 0x00007fa696013800 4687       3       com.sun.prism.es2.ES2SwapChain::isMSAA (24 bytes)
Event: 43.135 Thread 0x00007fa696013800 nmethod 4687 0x0000000114909a10 code [0x0000000114909c00, 0x000000011490a2a0]
Event: 43.135 Thread 0x00007fa696013800 4688       3       com.sun.prism.es2.ES2SwapChain::drawTexture (78 bytes)
Event: 43.136 Thread 0x00007fa696013800 nmethod 4688 0x0000000114ce3810 code [0x0000000114ce39e0, 0x0000000114ce40f0]
Event: 43.136 Thread 0x00007fa696013800 4689       3       com.sun.prism.PresentableState::unlock (15 bytes)
Event: 43.137 Thread 0x00007fa696013800 nmethod 4689 0x00000001148f7710 code [0x00000001148f78e0, 0x00000001148f7d90]
Event: 43.272 Thread 0x00007fa69604f800 4690       4       com.socialsim.model.core.agent.office.OfficeAgentMovement::hasReachedNextPatchInPath (18 bytes)

GC Heap History (20 events):
Event: 40.015 GC heap before
{Heap before GC invocations=129 (full 0):
 garbage-first heap   total 135168K, used 114723K [0x0000000780000000, 0x0000000800000000)
  region size 1024K, 52 young (53248K), 1 survivors (1024K)
 Metaspace       used 19263K, capacity 20118K, committed 20352K, reserved 1067008K
  class space    used 2572K, capacity 2903K, committed 2944K, reserved 1048576K
}
Event: 40.016 GC heap after
{Heap after GC invocations=130 (full 0):
 garbage-first heap   total 135168K, used 62580K [0x0000000780000000, 0x0000000800000000)
  region size 1024K, 1 young (1024K), 1 survivors (1024K)
 Metaspace       used 19263K, capacity 20118K, committed 20352K, reserved 1067008K
  class space    used 2572K, capacity 2903K, committed 2944K, reserved 1048576K
}
Event: 40.449 GC heap before
{Heap before GC invocations=130 (full 0):
 garbage-first heap   total 135168K, used 114804K [0x0000000780000000, 0x0000000800000000)
  region size 1024K, 52 young (53248K), 1 survivors (1024K)
 Metaspace       used 19265K, capacity 20118K, committed 20352K, reserved 1067008K
  class space    used 2572K, capacity 2903K, committed 2944K, reserved 1048576K
}
Event: 40.450 GC heap after
{Heap after GC invocations=131 (full 0):
 garbage-first heap   total 135168K, used 62530K [0x0000000780000000, 0x0000000800000000)
  region size 1024K, 1 young (1024K), 1 survivors (1024K)
 Metaspace       used 19265K, capacity 20118K, committed 20352K, reserved 1067008K
  class space    used 2572K, capacity 2903K, committed 2944K, reserved 1048576K
}
Event: 40.892 GC heap before
{Heap before GC invocations=132 (full 0):
 garbage-first heap   total 135168K, used 114754K [0x0000000780000000, 0x0000000800000000)
  region size 1024K, 52 young (53248K), 1 survivors (1024K)
 Metaspace       used 19270K, capacity 20118K, committed 20352K, reserved 1067008K
  class space    used 2572K, capacity 2903K, committed 2944K, reserved 1048576K
}
Event: 40.893 GC heap after
{Heap after GC invocations=133 (full 0):
 garbage-first heap   total 135168K, used 62477K [0x0000000780000000, 0x0000000800000000)
  region size 1024K, 1 young (1024K), 1 survivors (1024K)
 Metaspace       used 19270K, capacity 20118K, committed 20352K, reserved 1067008K
  class space    used 2572K, capacity 2903K, committed 2944K, reserved 1048576K
}
Event: 41.328 GC heap before
{Heap before GC invocations=133 (full 0):
 garbage-first heap   total 135168K, used 114701K [0x0000000780000000, 0x0000000800000000)
  region size 1024K, 52 young (53248K), 1 survivors (1024K)
 Metaspace       used 19278K, capacity 20118K, committed 20352K, reserved 1067008K
  class space    used 2572K, capacity 2903K, committed 2944K, reserved 1048576K
}
Event: 41.329 GC heap after
{Heap after GC invocations=134 (full 0):
 garbage-first heap   total 135168K, used 62507K [0x0000000780000000, 0x0000000800000000)
  region size 1024K, 1 young (1024K), 1 survivors (1024K)
 Metaspace       used 19278K, capacity 20118K, committed 20352K, reserved 1067008K
  class space    used 2572K, capacity 2903K, committed 2944K, reserved 1048576K
}
Event: 41.665 GC heap before
{Heap before GC invocations=135 (full 0):
 garbage-first heap   total 135168K, used 114731K [0x0000000780000000, 0x0000000800000000)
  region size 1024K, 52 young (53248K), 1 survivors (1024K)
 Metaspace       used 19278K, capacity 20118K, committed 20352K, reserved 1067008K
  class space    used 2572K, capacity 2903K, committed 2944K, reserved 1048576K
}
Event: 41.666 GC heap after
{Heap after GC invocations=136 (full 0):
 garbage-first heap   total 135168K, used 62530K [0x0000000780000000, 0x0000000800000000)
  region size 1024K, 1 young (1024K), 1 survivors (1024K)
 Metaspace       used 19278K, capacity 20118K, committed 20352K, reserved 1067008K
  class space    used 2572K, capacity 2903K, committed 2944K, reserved 1048576K
}
Event: 41.888 GC heap before
{Heap before GC invocations=136 (full 0):
 garbage-first heap   total 135168K, used 114754K [0x0000000780000000, 0x0000000800000000)
  region size 1024K, 52 young (53248K), 1 survivors (1024K)
 Metaspace       used 19279K, capacity 20118K, committed 20352K, reserved 1067008K
  class space    used 2572K, capacity 2903K, committed 2944K, reserved 1048576K
}
Event: 41.889 GC heap after
{Heap after GC invocations=137 (full 0):
 garbage-first heap   total 135168K, used 62583K [0x0000000780000000, 0x0000000800000000)
  region size 1024K, 1 young (1024K), 1 survivors (1024K)
 Metaspace       used 19279K, capacity 20118K, committed 20352K, reserved 1067008K
  class space    used 2572K, capacity 2903K, committed 2944K, reserved 1048576K
}
Event: 42.220 GC heap before
{Heap before GC invocations=138 (full 0):
 garbage-first heap   total 135168K, used 114807K [0x0000000780000000, 0x0000000800000000)
  region size 1024K, 52 young (53248K), 1 survivors (1024K)
 Metaspace       used 19335K, capacity 20182K, committed 20352K, reserved 1067008K
  class space    used 2572K, capacity 2903K, committed 2944K, reserved 1048576K
}
Event: 42.224 GC heap after
{Heap after GC invocations=139 (full 0):
 garbage-first heap   total 135168K, used 62022K [0x0000000780000000, 0x0000000800000000)
  region size 1024K, 1 young (1024K), 1 survivors (1024K)
 Metaspace       used 19335K, capacity 20182K, committed 20352K, reserved 1067008K
  class space    used 2572K, capacity 2903K, committed 2944K, reserved 1048576K
}
Event: 42.449 GC heap before
{Heap before GC invocations=139 (full 0):
 garbage-first heap   total 135168K, used 115270K [0x0000000780000000, 0x0000000800000000)
  region size 1024K, 53 young (54272K), 1 survivors (1024K)
 Metaspace       used 19339K, capacity 20182K, committed 20352K, reserved 1067008K
  class space    used 2572K, capacity 2903K, committed 2944K, reserved 1048576K
}
Event: 42.450 GC heap after
{Heap after GC invocations=140 (full 0):
 garbage-first heap   total 135168K, used 62513K [0x0000000780000000, 0x0000000800000000)
  region size 1024K, 1 young (1024K), 1 survivors (1024K)
 Metaspace       used 19339K, capacity 20182K, committed 20352K, reserved 1067008K
  class space    used 2572K, capacity 2903K, committed 2944K, reserved 1048576K
}
Event: 42.789 GC heap before
{Heap before GC invocations=141 (full 0):
 garbage-first heap   total 135168K, used 115761K [0x0000000780000000, 0x0000000800000000)
  region size 1024K, 53 young (54272K), 1 survivors (1024K)
 Metaspace       used 19345K, capacity 20182K, committed 20352K, reserved 1067008K
  class space    used 2572K, capacity 2903K, committed 2944K, reserved 1048576K
}
Event: 42.791 GC heap after
{Heap after GC invocations=142 (full 0):
 garbage-first heap   total 135168K, used 62507K [0x0000000780000000, 0x0000000800000000)
  region size 1024K, 1 young (1024K), 1 survivors (1024K)
 Metaspace       used 19345K, capacity 20182K, committed 20352K, reserved 1067008K
  class space    used 2572K, capacity 2903K, committed 2944K, reserved 1048576K
}
Event: 43.223 GC heap before
{Heap before GC invocations=142 (full 0):
 garbage-first heap   total 135168K, used 115755K [0x0000000780000000, 0x0000000800000000)
  region size 1024K, 53 young (54272K), 1 survivors (1024K)
 Metaspace       used 19357K, capacity 20182K, committed 20352K, reserved 1067008K
  class space    used 2572K, capacity 2903K, committed 2944K, reserved 1048576K
}
Event: 43.225 GC heap after
{Heap after GC invocations=143 (full 0):
 garbage-first heap   total 135168K, used 62452K [0x0000000780000000, 0x0000000800000000)
  region size 1024K, 1 young (1024K), 1 survivors (1024K)
 Metaspace       used 19357K, capacity 20182K, committed 20352K, reserved 1067008K
  class space    used 2572K, capacity 2903K, committed 2944K, reserved 1048576K
}

Deoptimization events (20 events):
Event: 19.170 Thread 0x00007fa6940f7000 DEOPT PACKING pc=0x000000011bfe8e28 sp=0x000070000c0a1640
Event: 19.170 Thread 0x00007fa6940f7000 DEOPT UNPACKING pc=0x0000000114321e25 sp=0x000070000c0a1600 mode 2
Event: 19.170 Thread 0x00007fa6940f7000 Uncommon trap: trap_request=0xffffffbe fr.pc=0x000000011bfe8e28 relative=0x0000000000000768
Event: 19.170 Thread 0x00007fa6940f7000 Uncommon trap: reason=profile_predicate action=maybe_recompile pc=0x000000011bfe8e28 method=com.sun.prism.impl.ps.PaintHelper.setMultiGradient(Lcom/sun/prism/ps/Shader;Lcom/sun/prism/paint/Gradient;)V @ 24 c2
Event: 19.170 Thread 0x00007fa6940f7000 DEOPT PACKING pc=0x000000011bfe8e28 sp=0x000070000c0a1640
Event: 19.170 Thread 0x00007fa6940f7000 DEOPT UNPACKING pc=0x0000000114321e25 sp=0x000070000c0a1600 mode 2
Event: 19.170 Thread 0x00007fa6940f7000 Uncommon trap: trap_request=0xffffffbe fr.pc=0x000000011bfe8e28 relative=0x0000000000000768
Event: 19.170 Thread 0x00007fa6940f7000 Uncommon trap: reason=profile_predicate action=maybe_recompile pc=0x000000011bfe8e28 method=com.sun.prism.impl.ps.PaintHelper.setMultiGradient(Lcom/sun/prism/ps/Shader;Lcom/sun/prism/paint/Gradient;)V @ 24 c2
Event: 19.170 Thread 0x00007fa6940f7000 DEOPT PACKING pc=0x000000011bfe8e28 sp=0x000070000c0a1640
Event: 19.170 Thread 0x00007fa6940f7000 DEOPT UNPACKING pc=0x0000000114321e25 sp=0x000070000c0a1600 mode 2
Event: 20.163 Thread 0x00007fa6940f7000 DEOPT PACKING pc=0x000000011501de5f sp=0x000070000c0a0a40
Event: 20.164 Thread 0x00007fa6940f7000 DEOPT UNPACKING pc=0x000000011432233a sp=0x000070000c09ff10 mode 0
Event: 20.957 Thread 0x00007fa69465d000 DEOPT PACKING pc=0x00000001150b437d sp=0x00007ff7bd293300
Event: 20.957 Thread 0x00007fa69465d000 DEOPT UNPACKING pc=0x000000011432233a sp=0x00007ff7bd292a58 mode 0
Event: 22.755 Thread 0x00007fa69465d000 DEOPT PACKING pc=0x00000001150b437d sp=0x00007ff7bd293300
Event: 22.755 Thread 0x00007fa69465d000 DEOPT UNPACKING pc=0x000000011432233a sp=0x00007ff7bd292a58 mode 0
Event: 24.607 Thread 0x00007fa69465d000 DEOPT PACKING pc=0x00000001150b437d sp=0x00007ff7bd293300
Event: 24.607 Thread 0x00007fa69465d000 DEOPT UNPACKING pc=0x000000011432233a sp=0x00007ff7bd292a58 mode 0
Event: 26.333 Thread 0x00007fa69465d000 DEOPT PACKING pc=0x00000001150b437d sp=0x00007ff7bd293400
Event: 26.333 Thread 0x00007fa69465d000 DEOPT UNPACKING pc=0x000000011432233a sp=0x00007ff7bd292b58 mode 0

Classes unloaded (0 events):
No events

Classes redefined (0 events):
No events

Internal exceptions (20 events):
Event: 2.595 Thread 0x00007fa69465d000 Exception <a 'java/lang/NoSuchMethodError'{0x00000007870fa940}: 'java.lang.Object java.lang.invoke.DirectMethodHandle$Holder.invokeStatic(java.lang.Object, java.lang.Object, int, int, int, int, int, java.lang.Object)'> (0x00000007870fa940) 
thrown [/scratch/mesos/slaves/7cfa21b9-afde-4338-a459-d3e0a13ec793-S1362/frameworks/1735e8a2-a1db-478c-8104-60c8b0af87dd-0196/executors/3c93f104-edd0-4a9a-a0a9-138df67b87b9/runs/9e338568-69d2-408e-bf03-97bd2ff53447/workspace/open/src/hotspot/share/interpreter/linkResolv
Event: 2.596 Thread 0x00007fa69465d000 Exception <a 'java/lang/NoSuchMethodError'{0x0000000786f0a5b0}: 'java.lang.Object java.lang.invoke.DirectMethodHandle$Holder.invokeStatic(java.lang.Object, java.lang.Object, java.lang.Object, int, int, int, int, int)'> (0x0000000786f0a5b0) 
thrown [/scratch/mesos/slaves/7cfa21b9-afde-4338-a459-d3e0a13ec793-S1362/frameworks/1735e8a2-a1db-478c-8104-60c8b0af87dd-0196/executors/3c93f104-edd0-4a9a-a0a9-138df67b87b9/runs/9e338568-69d2-408e-bf03-97bd2ff53447/workspace/open/src/hotspot/share/interpreter/linkResolv
Event: 2.597 Thread 0x00007fa69465d000 Exception <a 'java/lang/NoSuchMethodError'{0x0000000786f106d0}: 'java.lang.Object java.lang.invoke.Invokers$Holder.linkToTargetMethod(java.lang.Object, java.lang.Object, int, int, int, int, int, java.lang.Object)'> (0x0000000786f106d0) 
thrown [/scratch/mesos/slaves/7cfa21b9-afde-4338-a459-d3e0a13ec793-S1362/frameworks/1735e8a2-a1db-478c-8104-60c8b0af87dd-0196/executors/3c93f104-edd0-4a9a-a0a9-138df67b87b9/runs/9e338568-69d2-408e-bf03-97bd2ff53447/workspace/open/src/hotspot/share/interpreter/linkResolver.c
Event: 2.600 Thread 0x00007fa69465d000 Exception <a 'java/lang/NoSuchMethodError'{0x0000000786f27990}: 'long java.lang.invoke.DirectMethodHandle$Holder.invokeStatic(java.lang.Object, java.lang.Object, java.lang.Object)'> (0x0000000786f27990) 
thrown [/scratch/mesos/slaves/7cfa21b9-afde-4338-a459-d3e0a13ec793-S1362/frameworks/1735e8a2-a1db-478c-8104-60c8b0af87dd-0196/executors/3c93f104-edd0-4a9a-a0a9-138df67b87b9/runs/9e338568-69d2-408e-bf03-97bd2ff53447/workspace/open/src/hotspot/share/interpreter/linkResolver.cpp, line 766]
Event: 2.600 Thread 0x00007fa69465d000 Exception <a 'java/lang/NoSuchMethodError'{0x0000000786f2a8e0}: 'long java.lang.invoke.DirectMethodHandle$Holder.invokeStaticInit(java.lang.Object, java.lang.Object, java.lang.Object)'> (0x0000000786f2a8e0) 
thrown [/scratch/mesos/slaves/7cfa21b9-afde-4338-a459-d3e0a13ec793-S1362/frameworks/1735e8a2-a1db-478c-8104-60c8b0af87dd-0196/executors/3c93f104-edd0-4a9a-a0a9-138df67b87b9/runs/9e338568-69d2-408e-bf03-97bd2ff53447/workspace/open/src/hotspot/share/interpreter/linkResolver.cpp, line 766]
Event: 2.602 Thread 0x00007fa69465d000 Exception <a 'java/lang/NoSuchMethodError'{0x0000000786f3ee58}: 'java.lang.Object java.lang.invoke.Invokers$Holder.linkToTargetMethod(java.lang.Object, long, java.lang.Object)'> (0x0000000786f3ee58) 
thrown [/scratch/mesos/slaves/7cfa21b9-afde-4338-a459-d3e0a13ec793-S1362/frameworks/1735e8a2-a1db-478c-8104-60c8b0af87dd-0196/executors/3c93f104-edd0-4a9a-a0a9-138df67b87b9/runs/9e338568-69d2-408e-bf03-97bd2ff53447/workspace/open/src/hotspot/share/interpreter/linkResolver.cpp, line 766]
Event: 2.693 Thread 0x00007fa6940f7000 Exception <a 'java/lang/NoSuchMethodError'{0x00000007871f7a98}: 'java.lang.Object java.lang.invoke.DirectMethodHandle$Holder.invokeStaticInit(java.lang.Object, int)'> (0x00000007871f7a98) 
thrown [/scratch/mesos/slaves/7cfa21b9-afde-4338-a459-d3e0a13ec793-S1362/frameworks/1735e8a2-a1db-478c-8104-60c8b0af87dd-0196/executors/3c93f104-edd0-4a9a-a0a9-138df67b87b9/runs/9e338568-69d2-408e-bf03-97bd2ff53447/workspace/open/src/hotspot/share/interpreter/linkResolver.cpp, line 766]
Event: 4.243 Thread 0x00007fa69465d000 Exception <a 'java/lang/ClassNotFoundException'{0x0000000786548830}: com/sun/javafx/scene/control/skin/resources/controls> (0x0000000786548830) 
thrown [/scratch/mesos/slaves/7cfa21b9-afde-4338-a459-d3e0a13ec793-S1362/frameworks/1735e8a2-a1db-478c-8104-60c8b0af87dd-0196/executors/3c93f104-edd0-4a9a-a0a9-138df67b87b9/runs/9e338568-69d2-408e-bf03-97bd2ff53447/workspace/open/src/hotspot/share/prims/jni.cpp, line 620]
Event: 4.244 Thread 0x00007fa69465d000 Exception <a 'java/lang/ClassNotFoundException'{0x0000000786556328}: com/sun/javafx/scene/control/skin/resources/controls_en> (0x0000000786556328) 
thrown [/scratch/mesos/slaves/7cfa21b9-afde-4338-a459-d3e0a13ec793-S1362/frameworks/1735e8a2-a1db-478c-8104-60c8b0af87dd-0196/executors/3c93f104-edd0-4a9a-a0a9-138df67b87b9/runs/9e338568-69d2-408e-bf03-97bd2ff53447/workspace/open/src/hotspot/share/prims/jni.cpp, line 620]
Event: 4.244 Thread 0x00007fa69465d000 Exception <a 'java/lang/ClassNotFoundException'{0x0000000786558360}: com/sun/javafx/scene/control/skin/resources/controls_en_PH> (0x0000000786558360) 
thrown [/scratch/mesos/slaves/7cfa21b9-afde-4338-a459-d3e0a13ec793-S1362/frameworks/1735e8a2-a1db-478c-8104-60c8b0af87dd-0196/executors/3c93f104-edd0-4a9a-a0a9-138df67b87b9/runs/9e338568-69d2-408e-bf03-97bd2ff53447/workspace/open/src/hotspot/share/prims/jni.cpp, line 620]
Event: 4.261 Thread 0x00007fa69465d000 Implicit null exception at 0x000000011be86c00 to 0x000000011be87348
Event: 4.265 Thread 0x00007fa69465d000 Exception <a 'java/lang/NoSuchMethodError'{0x000000078644fe98}: 'void java.lang.invoke.DirectMethodHandle$Holder.invokeSpecialIFC(java.lang.Object, java.lang.Object, java.lang.Object, java.lang.Object)'> (0x000000078644fe98) 
thrown [/scratch/mesos/slaves/7cfa21b9-afde-4338-a459-d3e0a13ec793-S1362/frameworks/1735e8a2-a1db-478c-8104-60c8b0af87dd-0196/executors/3c93f104-edd0-4a9a-a0a9-138df67b87b9/runs/9e338568-69d2-408e-bf03-97bd2ff53447/workspace/open/src/hotspot/share/interpreter/linkResolver.cpp, line 76
Event: 5.446 Thread 0x00007fa69465d000 Exception <a 'java/io/FileNotFoundException'{0x000000078557c3b8}> (0x000000078557c3b8) 
thrown [/scratch/mesos/slaves/7cfa21b9-afde-4338-a459-d3e0a13ec793-S1362/frameworks/1735e8a2-a1db-478c-8104-60c8b0af87dd-0196/executors/3c93f104-edd0-4a9a-a0a9-138df67b87b9/runs/9e338568-69d2-408e-bf03-97bd2ff53447/workspace/open/src/hotspot/share/prims/jni.cpp, line 599]
Event: 5.549 Thread 0x00007fa69465d000 Exception <a 'java/io/FileNotFoundException'{0x00000007855c73e8}> (0x00000007855c73e8) 
thrown [/scratch/mesos/slaves/7cfa21b9-afde-4338-a459-d3e0a13ec793-S1362/frameworks/1735e8a2-a1db-478c-8104-60c8b0af87dd-0196/executors/3c93f104-edd0-4a9a-a0a9-138df67b87b9/runs/9e338568-69d2-408e-bf03-97bd2ff53447/workspace/open/src/hotspot/share/prims/jni.cpp, line 599]
Event: 5.629 Thread 0x00007fa69465d000 Exception <a 'java/io/FileNotFoundException'{0x00000007855d33c0}> (0x00000007855d33c0) 
thrown [/scratch/mesos/slaves/7cfa21b9-afde-4338-a459-d3e0a13ec793-S1362/frameworks/1735e8a2-a1db-478c-8104-60c8b0af87dd-0196/executors/3c93f104-edd0-4a9a-a0a9-138df67b87b9/runs/9e338568-69d2-408e-bf03-97bd2ff53447/workspace/open/src/hotspot/share/prims/jni.cpp, line 599]
Event: 5.664 Thread 0x00007fa69465d000 Exception <a 'java/io/FileNotFoundException'{0x00000007855deb18}> (0x00000007855deb18) 
thrown [/scratch/mesos/slaves/7cfa21b9-afde-4338-a459-d3e0a13ec793-S1362/frameworks/1735e8a2-a1db-478c-8104-60c8b0af87dd-0196/executors/3c93f104-edd0-4a9a-a0a9-138df67b87b9/runs/9e338568-69d2-408e-bf03-97bd2ff53447/workspace/open/src/hotspot/share/prims/jni.cpp, line 599]
Event: 5.689 Thread 0x00007fa69465d000 Exception <a 'java/io/FileNotFoundException'{0x00000007855ea7f8}> (0x00000007855ea7f8) 
thrown [/scratch/mesos/slaves/7cfa21b9-afde-4338-a459-d3e0a13ec793-S1362/frameworks/1735e8a2-a1db-478c-8104-60c8b0af87dd-0196/executors/3c93f104-edd0-4a9a-a0a9-138df67b87b9/runs/9e338568-69d2-408e-bf03-97bd2ff53447/workspace/open/src/hotspot/share/prims/jni.cpp, line 599]
Event: 5.709 Thread 0x00007fa69465d000 Exception <a 'java/io/FileNotFoundException'{0x00000007855f6510}> (0x00000007855f6510) 
thrown [/scratch/mesos/slaves/7cfa21b9-afde-4338-a459-d3e0a13ec793-S1362/frameworks/1735e8a2-a1db-478c-8104-60c8b0af87dd-0196/executors/3c93f104-edd0-4a9a-a0a9-138df67b87b9/runs/9e338568-69d2-408e-bf03-97bd2ff53447/workspace/open/src/hotspot/share/prims/jni.cpp, line 599]
Event: 5.864 Thread 0x00007fa69465d000 Exception <a 'java/lang/NoSuchMethodError'{0x00000007852768a8}: 'void java.lang.invoke.DirectMethodHandle$Holder.invokeVirtual(java.lang.Object, java.lang.Object)'> (0x00000007852768a8) 
thrown [/scratch/mesos/slaves/7cfa21b9-afde-4338-a459-d3e0a13ec793-S1362/frameworks/1735e8a2-a1db-478c-8104-60c8b0af87dd-0196/executors/3c93f104-edd0-4a9a-a0a9-138df67b87b9/runs/9e338568-69d2-408e-bf03-97bd2ff53447/workspace/open/src/hotspot/share/interpreter/linkResolver.cpp, line 766]
Event: 5.923 Thread 0x00007fa69465d000 Exception <a 'java/lang/NoSuchMethodError'{0x0000000784ce90f8}: 'java.lang.Object java.lang.invoke.DirectMethodHandle$Holder.invokeStatic(java.lang.Object, java.lang.Object, int, java.lang.Object, double, double, double, double, double, double, int, int, int, int, int, int, int, int)'> (0x0000000784ce90f8) 
thrown [/scratch/mesos/slaves/7cfa21b9-afde-4338-a459-d3e0a13ec793-S1362/frameworks/1735e8a2-a1db-478c-8104-60c8b0af87dd-0196/executors/3c93f104-edd0-4a9a-a0a9-138df67b87b9/runs/9e338568-69d2-408e-bf03-

Events (20 events):
Event: 41.888 Executing VM operation: G1CollectForAllocation
Event: 41.889 Executing VM operation: G1CollectForAllocation done
Event: 41.922 Executing VM operation: G1Concurrent
Event: 41.924 Executing VM operation: G1Concurrent done
Event: 41.947 Executing VM operation: G1Concurrent
Event: 41.947 Executing VM operation: G1Concurrent done
Event: 42.220 Executing VM operation: G1CollectForAllocation
Event: 42.224 Executing VM operation: G1CollectForAllocation done
Event: 42.449 Executing VM operation: G1CollectForAllocation
Event: 42.450 Executing VM operation: G1CollectForAllocation done
Event: 42.483 Executing VM operation: G1Concurrent
Event: 42.486 Executing VM operation: G1Concurrent done
Event: 42.502 Executing VM operation: G1Concurrent
Event: 42.503 Executing VM operation: G1Concurrent done
Event: 42.789 Executing VM operation: G1CollectForAllocation
Event: 42.791 Executing VM operation: G1CollectForAllocation done
Event: 43.223 Executing VM operation: G1CollectForAllocation
Event: 43.225 Executing VM operation: G1CollectForAllocation done
Event: 43.261 Executing VM operation: G1Concurrent
Event: 43.263 Executing VM operation: G1Concurrent done


Dynamic libraries:
0x0000000102d82000 	/Library/Java/JavaVirtualMachines/jdk-14.jdk/Contents/Home/lib/libjli.dylib
0x00007ff814e79000 	/usr/lib/libz.1.dylib
0x00007ff814f59000 	/usr/lib/libSystem.B.dylib
0x00007ff814f54000 	/usr/lib/system/libcache.dylib
0x00007ff814f10000 	/usr/lib/system/libcommonCrypto.dylib
0x00007ff814f39000 	/usr/lib/system/libcompiler_rt.dylib
0x00007ff814f2f000 	/usr/lib/system/libcopyfile.dylib
0x00007ff809ecd000 	/usr/lib/system/libcorecrypto.dylib
0x00007ff809f8c000 	/usr/lib/system/libdispatch.dylib
0x00007ff80a14b000 	/usr/lib/system/libdyld.dylib
0x00007ff814f4b000 	/usr/lib/system/libkeymgr.dylib
0x00007ff814eee000 	/usr/lib/system/libmacho.dylib
0x00007ff814585000 	/usr/lib/system/libquarantine.dylib
0x00007ff814f49000 	/usr/lib/system/libremovefile.dylib
0x00007ff80f0a3000 	/usr/lib/system/libsystem_asl.dylib
0x00007ff809e7b000 	/usr/lib/system/libsystem_blocks.dylib
0x00007ff80a010000 	/usr/lib/system/libsystem_c.dylib
0x00007ff814f41000 	/usr/lib/system/libsystem_collections.dylib
0x00007ff81376c000 	/usr/lib/system/libsystem_configuration.dylib
0x00007ff812a2e000 	/usr/lib/system/libsystem_containermanager.dylib
0x00007ff814c2d000 	/usr/lib/system/libsystem_coreservices.dylib
0x00007ff80c771000 	/usr/lib/system/libsystem_darwin.dylib
0x00007ff814f4c000 	/usr/lib/system/libsystem_dnssd.dylib
0x00007ff80a00d000 	/usr/lib/system/libsystem_featureflags.dylib
0x00007ff80a161000 	/usr/lib/system/libsystem_info.dylib
0x00007ff814e8c000 	/usr/lib/system/libsystem_m.dylib
0x00007ff809f60000 	/usr/lib/system/libsystem_malloc.dylib
0x00007ff80f040000 	/usr/lib/system/libsystem_networkextension.dylib
0x00007ff80cb99000 	/usr/lib/system/libsystem_notify.dylib
0x00007ff81b08a000 	/usr/lib/system/libsystem_product_info_filter.dylib
0x00007ff813770000 	/usr/lib/system/libsystem_sandbox.dylib
0x00007ff814f46000 	/usr/lib/system/libsystem_secinit.dylib
0x00007ff80a108000 	/usr/lib/system/libsystem_kernel.dylib
0x00007ff80a157000 	/usr/lib/system/libsystem_platform.dylib
0x00007ff80a13f000 	/usr/lib/system/libsystem_pthread.dylib
0x00007ff8108f4000 	/usr/lib/system/libsystem_symptoms.dylib
0x00007ff809eb4000 	/usr/lib/system/libsystem_trace.dylib
0x00007ff814f1c000 	/usr/lib/system/libunwind.dylib
0x00007ff809e7d000 	/usr/lib/system/libxpc.dylib
0x00007ff80a0f2000 	/usr/lib/libc++abi.dylib
0x00007ff809fd3000 	/usr/lib/libobjc.A.dylib
0x00007ff814f27000 	/usr/lib/liboah.dylib
0x00007ff80a099000 	/usr/lib/libc++.1.dylib
0x00007ff820db9000 	/System/Library/Frameworks/Cocoa.framework/Versions/A/Cocoa
0x00007ff80cbf7000 	/System/Library/Frameworks/AppKit.framework/Versions/C/AppKit
0x00007ff8100e4000 	/System/Library/Frameworks/CoreData.framework/Versions/A/CoreData
0x00007ff80b012000 	/System/Library/Frameworks/Foundation.framework/Versions/C/Foundation
0x00007ff80da84000 	/System/Library/PrivateFrameworks/UIFoundation.framework/Versions/A/UIFoundation
0x00007ff81ad91000 	/System/Library/PrivateFrameworks/RemoteViewServices.framework/Versions/A/RemoteViewServices
0x00007ff813105000 	/System/Library/PrivateFrameworks/XCTTargetBootstrap.framework/Versions/A/XCTTargetBootstrap
0x00007ff816d68000 	/System/Library/PrivateFrameworks/InternationalSupport.framework/Versions/A/InternationalSupport
0x00007ff816df2000 	/System/Library/PrivateFrameworks/UserActivity.framework/Versions/A/UserActivity
0x00007ff816148000 	/usr/lib/libspindump.dylib
0x00007ff80dd12000 	/System/Library/Frameworks/UniformTypeIdentifiers.framework/Versions/A/UniformTypeIdentifiers
0x00007ff811844000 	/usr/lib/libapp_launch_measurement.dylib
0x00007ff810aae000 	/System/Library/PrivateFrameworks/CoreAnalytics.framework/Versions/A/CoreAnalytics
0x00007ff811847000 	/System/Library/PrivateFrameworks/CoreAutoLayout.framework/Versions/A/CoreAutoLayout
0x00007ff812a66000 	/System/Library/Frameworks/Metal.framework/Versions/A/Metal
0x00007ff81377b000 	/usr/lib/liblangid.dylib
0x00007ff813109000 	/System/Library/PrivateFrameworks/CoreSVG.framework/Versions/A/CoreSVG
0x00007ff80f0d4000 	/System/Library/PrivateFrameworks/SkyLight.framework/Versions/A/SkyLight
0x00007ff80f465000 	/System/Library/Frameworks/CoreGraphics.framework/Versions/A/CoreGraphics
0x00007ff81b3fc000 	/System/Library/Frameworks/Accelerate.framework/Versions/A/Accelerate
0x00007ff815bc3000 	/System/Library/PrivateFrameworks/IconServices.framework/Versions/A/IconServices
0x00007ff812a4b000 	/System/Library/Frameworks/IOSurface.framework/Versions/A/IOSurface
0x00007ff810adc000 	/usr/lib/libDiagnosticMessagesClient.dylib
0x00007ff81ea5b000 	/System/Library/Frameworks/ApplicationServices.framework/Versions/A/ApplicationServices
0x00007ff8130f1000 	/System/Library/PrivateFrameworks/DFRFoundation.framework/Versions/A/DFRFoundation
0x00007ff80c4e8000 	/usr/lib/libicucore.A.dylib
0x00007ff817a8a000 	/System/Library/Frameworks/AudioToolbox.framework/Versions/A/AudioToolbox
0x00007ff816d74000 	/System/Library/PrivateFrameworks/DataDetectorsCore.framework/Versions/A/DataDetectorsCore
0x00007ff9125ba000 	/System/Library/PrivateFrameworks/TextInput.framework/Versions/A/TextInput
0x00007ff80f057000 	/usr/lib/libMobileGestalt.dylib
0x00007ff812df9000 	/System/Library/Frameworks/Carbon.framework/Versions/A/Frameworks/HIToolbox.framework/Versions/A/HIToolbox
0x00007ff811272000 	/System/Library/Frameworks/QuartzCore.framework/Versions/A/QuartzCore
0x00007ff80c189000 	/System/Library/Frameworks/Security.framework/Versions/A/Security
0x00007ff81adc9000 	/System/Library/Frameworks/Carbon.framework/Versions/A/Frameworks/SpeechRecognition.framework/Versions/A/SpeechRecognition
0x00007ff8115a4000 	/System/Library/PrivateFrameworks/CoreUI.framework/Versions/A/CoreUI
0x00007ff80ba63000 	/System/Library/Frameworks/CoreAudio.framework/Versions/A/CoreAudio
0x00007ff810bca000 	/System/Library/Frameworks/DiskArbitration.framework/Versions/A/DiskArbitration
0x00007ff81652f000 	/System/Library/PrivateFrameworks/MultitouchSupport.framework/Versions/A/MultitouchSupport
0x00007ff80f056000 	/usr/lib/libenergytrace.dylib
0x00007ff80cae3000 	/System/Library/Frameworks/IOKit.framework/Versions/A/IOKit
0x00007ff81b1b3000 	/System/Library/Frameworks/CoreServices.framework/Versions/A/CoreServices
0x00007ff8117de000 	/System/Library/PrivateFrameworks/PerformanceAnalysis.framework/Versions/A/PerformanceAnalysis
0x00007ffa21b7b000 	/System/Library/Frameworks/OpenGL.framework/Versions/A/OpenGL
0x00007ff8144b1000 	/System/Library/PrivateFrameworks/MobileKeyBag.framework/Versions/A/MobileKeyBag
0x00007ff80fb31000 	/System/Library/Frameworks/ColorSync.framework/Versions/A/ColorSync
0x00007ff80a18c000 	/System/Library/Frameworks/CoreFoundation.framework/Versions/A/CoreFoundation
0x00007ff813382000 	/System/Library/Frameworks/CoreImage.framework/Versions/A/CoreImage
0x00007ff80b879000 	/System/Library/Frameworks/CoreText.framework/Versions/A/CoreText
0x00007ff813138000 	/System/Library/Frameworks/ImageIO.framework/Versions/A/ImageIO
0x00007ff814f5f000 	/System/Library/PrivateFrameworks/SoftLinking.framework/Versions/A/SoftLinking
0x00007ff81188f000 	/usr/lib/libxml2.2.dylib
0x00007ff8151e2000 	/usr/lib/libcompression.dylib
0x00007ff816c9e000 	/System/Library/PrivateFrameworks/TextureIO.framework/Versions/A/TextureIO
0x00007ff8158d5000 	/usr/lib/libate.dylib
0x00007ff8156b3000 	/usr/lib/liblzma.5.dylib
0x00007ff80ad23000 	/System/Library/Frameworks/SystemConfiguration.framework/Versions/A/SystemConfiguration
0x00007ff814f5b000 	/usr/lib/libfakelink.dylib
0x00007ff80ebaa000 	/System/Library/Frameworks/CFNetwork.framework/Versions/A/CFNetwork
0x00007ff81509a000 	/usr/lib/libarchive.2.dylib
0x00007ff813777000 	/System/Library/PrivateFrameworks/AppleSystemInfo.framework/Versions/A/AppleSystemInfo
0x00007ff8145ab000 	/usr/lib/libbsm.0.dylib
0x00007ff80e1e1000 	/usr/lib/libnetwork.dylib
0x00007ff814ef4000 	/usr/lib/system/libkxld.dylib
0x00007ff8141da000 	/System/Library/PrivateFrameworks/IOMobileFramebuffer.framework/Versions/A/IOMobileFramebuffer
0x00007ffb1f664000 	/usr/lib/libCoreEntitlements.dylib
0x00007ff814c0f000 	/System/Library/PrivateFrameworks/AppleFSCompression.framework/Versions/A/AppleFSCompression
0x00007ff814594000 	/usr/lib/libcoretls.dylib
0x00007ff8156cd000 	/usr/lib/libcoretls_cfhelpers.dylib
0x00007ff8151dd000 	/usr/lib/libpam.2.dylib
0x00007ff810516000 	/usr/lib/libsqlite3.dylib
0x00007ff81573c000 	/usr/lib/libxar.1.dylib
0x00007ff814c1f000 	/usr/lib/libbz2.1.0.dylib
0x00007ff814f60000 	/usr/lib/libpcap.A.dylib
0x00007ff8108eb000 	/usr/lib/libdns_services.dylib
0x00007ff8151ac000 	/usr/lib/libapple_nghttp2.dylib
0x00007ff814f97000 	/usr/lib/libiconv.2.dylib
0x00007ff814eed000 	/usr/lib/libcharset.1.dylib
0x00007ff811812000 	/System/Library/Frameworks/CoreServices.framework/Versions/A/Frameworks/FSEvents.framework/Versions/A/FSEvents
0x00007ff80c77b000 	/System/Library/Frameworks/CoreServices.framework/Versions/A/Frameworks/CarbonCore.framework/Versions/A/CarbonCore
0x00007ff810b2f000 	/System/Library/Frameworks/CoreServices.framework/Versions/A/Frameworks/Metadata.framework/Versions/A/Metadata
0x00007ff814c32000 	/System/Library/Frameworks/CoreServices.framework/Versions/A/Frameworks/OSServices.framework/Versions/A/OSServices
0x00007ff815120000 	/System/Library/Frameworks/CoreServices.framework/Versions/A/Frameworks/SearchKit.framework/Versions/A/SearchKit
0x00007ff81087d000 	/System/Library/Frameworks/CoreServices.framework/Versions/A/Frameworks/AE.framework/Versions/A/AE
0x00007ff80a68f000 	/System/Library/Frameworks/CoreServices.framework/Versions/A/Frameworks/LaunchServices.framework/Versions/A/LaunchServices
0x00007ff815664000 	/System/Library/Frameworks/CoreServices.framework/Versions/A/Frameworks/DictionaryServices.framework/Versions/A/DictionaryServices
0x00007ff81181f000 	/System/Library/Frameworks/CoreServices.framework/Versions/A/Frameworks/SharedFileList.framework/Versions/A/SharedFileList
0x00007ff814588000 	/usr/lib/libCheckFix.dylib
0x00007ff80f0ba000 	/System/Library/PrivateFrameworks/TCC.framework/Versions/A/TCC
0x00007ff81377d000 	/System/Library/PrivateFrameworks/CoreNLP.framework/Versions/A/CoreNLP
0x00007ff810adf000 	/System/Library/PrivateFrameworks/MetadataUtilities.framework/Versions/A/MetadataUtilities
0x00007ff80add3000 	/usr/lib/libmecabra.dylib
0x00007ff8145bb000 	/usr/lib/libmecab.dylib
0x00007ff80ad9e000 	/usr/lib/libCRFSuite.dylib
0x00007ff814618000 	/usr/lib/libgermantok.dylib
0x00007ff815187000 	/usr/lib/libThaiTokenizer.dylib
0x00007ff810bd1000 	/System/Library/Frameworks/Accelerate.framework/Versions/A/Frameworks/vImage.framework/Versions/A/vImage
0x00007ff81b18a000 	/System/Library/Frameworks/Accelerate.framework/Versions/A/Frameworks/vecLib.framework/Versions/A/vecLib
0x00007ff81577d000 	/System/Library/Frameworks/Accelerate.framework/Versions/A/Frameworks/vecLib.framework/Versions/A/libvMisc.dylib
0x00007ff813ff8000 	/System/Library/Frameworks/Accelerate.framework/Versions/A/Frameworks/vecLib.framework/Versions/A/libvDSP.dylib
0x00007ff80aa07000 	/System/Library/Frameworks/Accelerate.framework/Versions/A/Frameworks/vecLib.framework/Versions/A/libBLAS.dylib
0x00007ff8152be000 	/System/Library/Frameworks/Accelerate.framework/Versions/A/Frameworks/vecLib.framework/Versions/A/libLAPACK.dylib
0x00007ff81461b000 	/System/Library/Frameworks/Accelerate.framework/Versions/A/Frameworks/vecLib.framework/Versions/A/libLinearAlgebra.dylib
0x00007ff8151c5000 	/System/Library/Frameworks/Accelerate.framework/Versions/A/Frameworks/vecLib.framework/Versions/A/libSparseBLAS.dylib
0x00007ff8152b8000 	/System/Library/Frameworks/Accelerate.framework/Versions/A/Frameworks/vecLib.framework/Versions/A/libQuadrature.dylib
0x00007ff813867000 	/System/Library/Frameworks/Accelerate.framework/Versions/A/Frameworks/vecLib.framework/Versions/A/libBNNS.dylib
0x00007ff80acb4000 	/System/Library/Frameworks/Accelerate.framework/Versions/A/Frameworks/vecLib.framework/Versions/A/libSparse.dylib
0x00007ff813860000 	/System/Library/PrivateFrameworks/LinguisticData.framework/Versions/A/LinguisticData
0x00007ff80ac69000 	/System/Library/PrivateFrameworks/Lexicon.framework/Versions/A/Lexicon
0x00007ff815776000 	/usr/lib/libChineseTokenizer.dylib
0x00007ff80b3cd000 	/System/Library/PrivateFrameworks/LanguageModeling.framework/Versions/A/LanguageModeling
0x00007ff815189000 	/System/Library/PrivateFrameworks/AppleSauce.framework/Versions/A/AppleSauce
0x00007ff8141c8000 	/System/Library/PrivateFrameworks/CoreEmoji.framework/Versions/A/CoreEmoji
0x00007ff815089000 	/usr/lib/libcmph.dylib
0x00007ff8117f6000 	/System/Library/Frameworks/OpenDirectory.framework/Versions/A/Frameworks/CFOpenDirectory.framework/Versions/A/CFOpenDirectory
0x00007ff8117ea000 	/System/Library/Frameworks/OpenDirectory.framework/Versions/A/OpenDirectory
0x00007ff8156cf000 	/System/Library/PrivateFrameworks/APFS.framework/Versions/A/APFS
0x00007ff8144e9000 	/System/Library/Frameworks/SecurityFoundation.framework/Versions/A/SecurityFoundation
0x00007ff81574a000 	/usr/lib/libutil.dylib
0x00007ff80caa6000 	/System/Library/PrivateFrameworks/CoreServicesStore.framework/Versions/A/CoreServicesStore
0x00007ff81574e000 	/usr/lib/libxslt.1.dylib
0x00007ff814576000 	/System/Library/PrivateFrameworks/BackgroundTaskManagement.framework/Versions/A/BackgroundTaskManagement
0x00007ff816bbe000 	/System/Library/Frameworks/ImageIO.framework/Versions/A/Resources/libRadiance.dylib
0x00007ff816bc7000 	/System/Library/Frameworks/ImageIO.framework/Versions/A/Resources/libJPEG.dylib
0x00007ff816b17000 	/System/Library/Frameworks/ImageIO.framework/Versions/A/Resources/libPng.dylib
0x00007ff816b38000 	/System/Library/Frameworks/ImageIO.framework/Versions/A/Resources/libTIFF.dylib
0x00007ff816c27000 	/System/Library/Frameworks/ImageIO.framework/Versions/A/Resources/libGIF.dylib
0x00007ff816448000 	/System/Library/Frameworks/ImageIO.framework/Versions/A/Resources/libJP2.dylib
0x00007ff815b8a000 	/usr/lib/libexpat.1.dylib
0x00007ff8163fd000 	/System/Library/PrivateFrameworks/AppleJPEG.framework/Versions/A/AppleJPEG
0x00007ff812cc0000 	/System/Library/PrivateFrameworks/FontServices.framework/libFontParser.dylib
0x00007ff810827000 	/System/Library/PrivateFrameworks/RunningBoardServices.framework/Versions/A/RunningBoardServices
0x00007ff82132a000 	/System/Library/PrivateFrameworks/IOSurfaceAccelerator.framework/Versions/A/IOSurfaceAccelerator
0x00007ff81652b000 	/System/Library/PrivateFrameworks/WatchdogClient.framework/Versions/A/WatchdogClient
0x00007ff80b4bc000 	/System/Library/Frameworks/CoreDisplay.framework/Versions/A/CoreDisplay
0x00007ff812bc0000 	/System/Library/Frameworks/CoreMedia.framework/Versions/A/CoreMedia
0x00007ff812a5d000 	/System/Library/PrivateFrameworks/IOAccelerator.framework/Versions/A/IOAccelerator
0x00007ff811972000 	/System/Library/Frameworks/CoreVideo.framework/Versions/A/CoreVideo
0x00007ff8151db000 	/System/Library/Frameworks/MetalPerformanceShaders.framework/Versions/A/MetalPerformanceShaders
0x00007ff816566000 	/System/Library/Frameworks/VideoToolbox.framework/Versions/A/VideoToolbox
0x00007ff81076f000 	/System/Library/PrivateFrameworks/BaseBoard.framework/Versions/A/BaseBoard
0x00007ff8104fc000 	/System/Library/PrivateFrameworks/ProtocolBuffer.framework/Versions/A/ProtocolBuffer
0x00007ff816bb7000 	/System/Library/PrivateFrameworks/GPUWrangler.framework/Versions/A/GPUWrangler
0x00007ff816b9a000 	/System/Library/PrivateFrameworks/IOPresentment.framework/Versions/A/IOPresentment
0x00007ff816bc1000 	/System/Library/PrivateFrameworks/DSExternalDisplay.framework/Versions/A/DSExternalDisplay
0x00007ffa21b6f000 	/System/Library/Frameworks/OpenGL.framework/Versions/A/Libraries/libCoreFSCache.dylib
0x00007ffb0dc63000 	/System/Library/PrivateFrameworks/GPUCompiler.framework/Versions/31001/Libraries/libGPUCompilerUtils.dylib
0x00007ff816c2c000 	/System/Library/PrivateFrameworks/CMCaptureCore.framework/Versions/A/CMCaptureCore
0x00007ff816136000 	/System/Library/PrivateFrameworks/AppServerSupport.framework/Versions/A/AppServerSupport
0x00007ff818307000 	/System/Library/PrivateFrameworks/perfdata.framework/Versions/A/perfdata
0x00007ff80b5e8000 	/System/Library/PrivateFrameworks/AudioToolboxCore.framework/Versions/A/AudioToolboxCore
0x00007ff812b9d000 	/System/Library/PrivateFrameworks/caulk.framework/Versions/A/caulk
0x00007ff817c34000 	/usr/lib/libAudioStatistics.dylib
0x00007ff90ee79000 	/System/Library/PrivateFrameworks/SystemPolicy.framework/Versions/A/SystemPolicy
0x00007ff817e80000 	/usr/lib/libSMC.dylib
0x00007ff820c6c000 	/System/Library/Frameworks/CoreMIDI.framework/Versions/A/CoreMIDI
0x00007ff816ae7000 	/usr/lib/libAudioToolboxUtility.dylib
0x00007ff90b301000 	/System/Library/PrivateFrameworks/OSAServicesClient.framework/Versions/A/OSAServicesClient
0x00007ff818314000 	/usr/lib/libperfcheck.dylib
0x00007ff90f905000 	/usr/lib/libmis.dylib
0x00007ffa21bcb000 	/System/Library/Frameworks/OpenGL.framework/Versions/A/Libraries/libGLU.dylib
0x00007ffa21b8e000 	/System/Library/Frameworks/OpenGL.framework/Versions/A/Libraries/libGFXShared.dylib
0x00007ffa21d9c000 	/System/Library/Frameworks/OpenGL.framework/Versions/A/Libraries/libGL.dylib
0x00007ffa21b97000 	/System/Library/Frameworks/OpenGL.framework/Versions/A/Libraries/libGLImage.dylib
0x00007ffa21b8b000 	/System/Library/Frameworks/OpenGL.framework/Versions/A/Libraries/libCVMSPluginSupport.dylib
0x00007ffa21b76000 	/System/Library/Frameworks/OpenGL.framework/Versions/A/Libraries/libCoreVMClient.dylib
0x00007ff8136fb000 	/System/Library/Frameworks/MetalPerformanceShaders.framework/Versions/A/Frameworks/MPSCore.framework/Versions/A/MPSCore
0x00007ff814b7a000 	/System/Library/Frameworks/MetalPerformanceShaders.framework/Versions/A/Frameworks/MPSImage.framework/Versions/A/MPSImage
0x00007ff814631000 	/System/Library/Frameworks/MetalPerformanceShaders.framework/Versions/A/Frameworks/MPSNeuralNetwork.framework/Versions/A/MPSNeuralNetwork
0x00007ff814aa6000 	/System/Library/Frameworks/MetalPerformanceShaders.framework/Versions/A/Frameworks/MPSMatrix.framework/Versions/A/MPSMatrix
0x00007ff814862000 	/System/Library/Frameworks/MetalPerformanceShaders.framework/Versions/A/Frameworks/MPSRayIntersector.framework/Versions/A/MPSRayIntersector
0x00007ff814adf000 	/System/Library/Frameworks/MetalPerformanceShaders.framework/Versions/A/Frameworks/MPSNDArray.framework/Versions/A/MPSNDArray
0x00007ffa26774000 	/System/Library/Frameworks/MetalPerformanceShaders.framework/Versions/A/Frameworks/MPSFunctions.framework/Versions/A/MPSFunctions
0x00007ff80a8ea000 	/System/Library/PrivateFrameworks/MetalTools.framework/Versions/A/MetalTools
0x00007ff813775000 	/System/Library/PrivateFrameworks/AggregateDictionary.framework/Versions/A/AggregateDictionary
0x00007ff81596c000 	/usr/lib/libIOReport.dylib
0x00007ffa231ab000 	/System/Library/Frameworks/OpenCL.framework/Versions/A/OpenCL
0x00007ff815cd0000 	/System/Library/PrivateFrameworks/FaceCore.framework/Versions/A/FaceCore
0x00007ff815cc1000 	/System/Library/PrivateFrameworks/GraphVisualizer.framework/Versions/A/GraphVisualizer
0x00007ffb0db6e000 	/System/Library/PrivateFrameworks/FontServices.framework/Versions/A/FontServices
0x00007ff8160ed000 	/System/Library/PrivateFrameworks/OTSVG.framework/Versions/A/OTSVG
0x00007ff81155a000 	/System/Library/Frameworks/ApplicationServices.framework/Versions/A/Frameworks/ATS.framework/Versions/A/Resources/libFontRegistry.dylib
0x00007ff81613e000 	/System/Library/PrivateFrameworks/FontServices.framework/libhvf.dylib
0x00007ffb0db6f000 	/System/Library/PrivateFrameworks/FontServices.framework/libXTFontStaticRegistryData.dylib
0x00007ff815b3a000 	/System/Library/PrivateFrameworks/AppleVA.framework/Versions/A/AppleVA
0x00007ff817c54000 	/System/Library/Frameworks/ApplicationServices.framework/Versions/A/Frameworks/ATS.framework/Versions/A/ATS
0x00007ff80fc2d000 	/System/Library/Frameworks/ApplicationServices.framework/Versions/A/Frameworks/HIServices.framework/Versions/A/HIServices
0x00007ff816c36000 	/System/Library/Frameworks/ApplicationServices.framework/Versions/A/Frameworks/PrintCore.framework/Versions/A/PrintCore
0x00007ff817fd3000 	/System/Library/Frameworks/ApplicationServices.framework/Versions/A/Frameworks/QD.framework/Versions/A/QD
0x00007ff817fcb000 	/System/Library/Frameworks/ApplicationServices.framework/Versions/A/Frameworks/ColorSyncLegacy.framework/Versions/A/ColorSyncLegacy
0x00007ff817c44000 	/System/Library/Frameworks/ApplicationServices.framework/Versions/A/Frameworks/SpeechSynthesis.framework/Versions/A/SpeechSynthesis
0x00007ff816bf7000 	/System/Library/Frameworks/ApplicationServices.framework/Versions/A/Frameworks/ATSUI.framework/Versions/A/ATSUI
0x00007ff817f60000 	/usr/lib/libcups.2.dylib
0x00007ff818323000 	/System/Library/Frameworks/Kerberos.framework/Versions/A/Kerberos
0x00007ff818332000 	/System/Library/Frameworks/GSS.framework/Versions/A/GSS
0x00007ff817cc0000 	/usr/lib/libresolv.9.dylib
0x00007ff81614d000 	/System/Library/PrivateFrameworks/Heimdal.framework/Versions/A/Heimdal
0x00007ff81edd6000 	/System/Library/Frameworks/Kerberos.framework/Versions/A/Libraries/libHeimdalProxy.dylib
0x00007ff8108fc000 	/System/Library/Frameworks/Network.framework/Versions/A/Network
0x00007ff815ba4000 	/usr/lib/libheimdal-asn1.dylib
0x00007ff81837d000 	/System/Library/PrivateFrameworks/CommonAuth.framework/Versions/A/CommonAuth
0x00007ff817bc5000 	/System/Library/PrivateFrameworks/AudioSession.framework/Versions/A/AudioSession
0x00007ff815c34000 	/System/Library/PrivateFrameworks/MediaExperience.framework/Versions/A/MediaExperience
0x00007ff817a59000 	/System/Library/PrivateFrameworks/AudioSession.framework/libSessionUtility.dylib
0x00007ff817fdf000 	/System/Library/PrivateFrameworks/AudioResourceArbitration.framework/Versions/A/AudioResourceArbitration
0x00007ff815bad000 	/System/Library/PrivateFrameworks/IconFoundation.framework/Versions/A/IconFoundation
0x00007ff81adb9000 	/System/Library/PrivateFrameworks/SpeechRecognitionCore.framework/Versions/A/SpeechRecognitionCore
0x0000000103ac9000 	/Library/Java/JavaVirtualMachines/jdk-14.jdk/Contents/Home/lib/server/libjvm.dylib
0x0000000102dab000 	/Library/Java/JavaVirtualMachines/jdk-14.jdk/Contents/Home/lib/libjimage.dylib
0x0000000102dc5000 	/Library/Java/JavaVirtualMachines/jdk-14.jdk/Contents/Home/lib/libinstrument.dylib
0x0000000102dfc000 	/Library/Java/JavaVirtualMachines/jdk-14.jdk/Contents/Home/lib/libjava.dylib
0x0000000102dd4000 	/Library/Java/JavaVirtualMachines/jdk-14.jdk/Contents/Home/lib/libzip.dylib
0x0000000103892000 	/Library/Java/JavaVirtualMachines/jdk-14.jdk/Contents/Home/lib/libnio.dylib
0x00000001038bd000 	/Library/Java/JavaVirtualMachines/jdk-14.jdk/Contents/Home/lib/libnet.dylib
0x000000010387f000 	/Library/Java/JavaVirtualMachines/jdk-14.jdk/Contents/Home/lib/libextnet.dylib
0x00000001038a5000 	/Users/gabminamedez/Documents/Developer/javafx-sdk-11.0.2/lib/libprism_es2.dylib
0x00007ff80ca67000 	/System/Library/PrivateFrameworks/CoreServicesInternal.framework/Versions/A/CoreServicesInternal
0x00007ffa21da7000 	/System/Library/Frameworks/OpenGL.framework/Versions/A/Resources/GLEngine.bundle/GLEngine
0x00007ffa21c09000 	/System/Library/Frameworks/OpenGL.framework/Versions/A/Libraries/libGLProgrammability.dylib
0x00007ffa15fd2000 	/System/Library/Extensions/AppleIntelKBLGraphicsGLDriver.bundle/Contents/MacOS/AppleIntelKBLGraphicsGLDriver
0x00007ff9196ee000 	/System/Library/PrivateFrameworks/GPUSupport.framework/Versions/A/Libraries/libGPUSupportMercury.dylib
0x00007ffa21f36000 	/System/Library/Frameworks/OpenGL.framework/Versions/A/Resources/GLRendererFloat.bundle/GLRendererFloat
0x000000010b784000 	/Users/gabminamedez/Documents/Developer/javafx-sdk-11.0.2/lib/libglass.dylib
0x00007ff81c58a000 	/System/Library/Frameworks/FileProvider.framework/Versions/A/FileProvider
0x00007ff8106db000 	/System/Library/Frameworks/Accounts.framework/Versions/A/Accounts
0x00007ff81c702000 	/System/Library/PrivateFrameworks/GenerationalStorage.framework/Versions/A/GenerationalStorage
0x00007ff81d20f000 	/System/Library/PrivateFrameworks/CoreSymbolication.framework/Versions/A/CoreSymbolication
0x00007ff81bf8e000 	/System/Library/PrivateFrameworks/SymptomDiagnosticReporter.framework/Versions/A/SymptomDiagnosticReporter
0x00007ff80dd26000 	/System/Library/PrivateFrameworks/DesktopServicesPriv.framework/Versions/A/DesktopServicesPriv
0x00007ff80cba8000 	/usr/lib/libsandbox.1.dylib
0x00007ff8119f0000 	/System/Library/PrivateFrameworks/UserManagement.framework/Versions/A/UserManagement
0x00007ff81d1d4000 	/System/Library/PrivateFrameworks/DebugSymbols.framework/Versions/A/DebugSymbols
0x00007ff817fc0000 	/System/Library/PrivateFrameworks/NetAuth.framework/Versions/A/NetAuth
0x00007ff818eac000 	/System/Library/PrivateFrameworks/Sharing.framework/Versions/A/Sharing
0x00007ff8119c3000 	/System/Library/PrivateFrameworks/login.framework/Versions/A/Frameworks/loginsupport.framework/Versions/A/loginsupport
0x00007ff81e30c000 	/System/Library/PrivateFrameworks/Apple80211.framework/Versions/A/Apple80211
0x00007ff814c5f000 	/System/Library/PrivateFrameworks/AuthKit.framework/Versions/A/AuthKit
0x00007ff8142be000 	/System/Library/PrivateFrameworks/CoreUtils.framework/Versions/A/CoreUtils
0x00007ff8141e5000 	/System/Library/Frameworks/CoreWLAN.framework/Versions/A/CoreWLAN
0x00007ff819007000 	/System/Library/Frameworks/IOBluetooth.framework/Versions/A/IOBluetooth
0x00007ff81e374000 	/System/Library/PrivateFrameworks/CoreWiFi.framework/Versions/A/CoreWiFi
0x00007ff81cda9000 	/System/Library/PrivateFrameworks/FrontBoardServices.framework/Versions/A/FrontBoardServices
0x00007ff81ce3b000 	/System/Library/PrivateFrameworks/BoardServices.framework/Versions/A/BoardServices
0x00007ff8144d8000 	/System/Library/PrivateFrameworks/AssertionServices.framework/Versions/A/AssertionServices
0x00007ff81e4f8000 	/System/Library/PrivateFrameworks/BackBoardServices.framework/Versions/A/BackBoardServices
0x00007ff81840c000 	/System/Library/PrivateFrameworks/CorePhoneNumbers.framework/Versions/A/CorePhoneNumbers
0x00007ff81c0ab000 	/System/Library/PrivateFrameworks/DiskManagement.framework/Versions/A/DiskManagement
0x00007ff81bfbf000 	/System/Library/PrivateFrameworks/AppleIDAuthSupport.framework/Versions/A/AppleIDAuthSupport
0x00007ffa286da000 	/System/Library/PrivateFrameworks/AAAFoundation.framework/Versions/A/AAAFoundation
0x00007ff8183ed000 	/System/Library/PrivateFrameworks/KeychainCircle.framework/Versions/A/KeychainCircle
0x00007ff81c077000 	/System/Library/PrivateFrameworks/MediaKit.framework/Versions/A/MediaKit
0x00007ff81bfcb000 	/System/Library/Frameworks/DiscRecording.framework/Versions/A/DiscRecording
0x00007ff815ab2000 	/usr/lib/libCoreStorage.dylib
0x00007ff81e7e5000 	/usr/lib/libcsfde.dylib
0x00007ff8190d4000 	/System/Library/PrivateFrameworks/ProtectedCloudStorage.framework/Versions/A/ProtectedCloudStorage
0x00007ff81e7e1000 	/System/Library/PrivateFrameworks/EFILogin.framework/Versions/A/EFILogin
0x00007ff81c728000 	/System/Library/PrivateFrameworks/OctagonTrust.framework/Versions/A/OctagonTrust
0x00007ffb0cea8000 	/System/Library/PrivateFrameworks/CoreUtilsExtras.framework/Versions/A/CoreUtilsExtras
0x00007ff81befe000 	/System/Library/Frameworks/CoreBluetooth.framework/Versions/A/CoreBluetooth
0x00007ff81ee5b000 	/System/Library/Frameworks/AudioUnit.framework/Versions/A/AudioUnit
0x00007ff815aaa000 	/usr/lib/libMatch.1.dylib
0x00007ff913cd8000 	/System/Library/Frameworks/Accelerate.framework/Versions/A/Frameworks/vImage.framework/Versions/A/Libraries/libCGInterfaces.dylib
0x000000010b9eb000 	/usr/lib/libobjc-trampolines.dylib
0x00007ff8116ea000 	/System/Library/PrivateFrameworks/ViewBridge.framework/Versions/A/ViewBridge
0x0000000128a53000 	/Users/gabminamedez/Documents/Developer/javafx-sdk-11.0.2/lib/libjavafx_font.dylib
0x00007ff816207000 	/System/Library/PrivateFrameworks/login.framework/Versions/A/login
0x00007ffb1f772000 	/usr/lib/libRosetta.dylib


VM Arguments:
jvm_args: --module-path=/Users/gabminamedez/Documents/Developer/javafx-sdk-11.0.2/lib --add-modules=javafx.controls,javafx.fxml -Djava.library.path=/Users/gabminamedez/Documents/Developer/javafx-sdk-11.0.2/lib -javaagent:/Applications/IntelliJ IDEA.app/Contents/lib/idea_rt.jar=51521:/Applications/IntelliJ IDEA.app/Contents/bin -Dfile.encoding=UTF-8 
java_command: com.socialsim.controller.Main
java_class_path (initial): /Users/gabminamedez/Desktop/social-sim/SocialSim/out/production/SocialSim:/Users/gabminamedez/Documents/Developer/javafx-sdk-11.0.2/lib/src.zip:/Users/gabminamedez/Documents/Developer/javafx-sdk-11.0.2/lib/javafx-swt.jar:/Users/gabminamedez/Documents/Developer/javafx-sdk-11.0.2/lib/javafx.web.jar:/Users/gabminamedez/Documents/Developer/javafx-sdk-11.0.2/lib/javafx.base.jar:/Users/gabminamedez/Documents/Developer/javafx-sdk-11.0.2/lib/javafx.fxml.jar:/Users/gabminamedez/Documents/Developer/javafx-sdk-11.0.2/lib/javafx.media.jar:/Users/gabminamedez/Documents/Developer/javafx-sdk-11.0.2/lib/javafx.swing.jar:/Users/gabminamedez/Documents/Developer/javafx-sdk-11.0.2/lib/javafx.controls.jar:/Users/gabminamedez/Documents/Developer/javafx-sdk-11.0.2/lib/javafx.graphics.jar
Launcher Type: SUN_STANDARD

[Global flags]
     intx CICompilerCount                          = 3                                         {product} {ergonomic}
     uint ConcGCThreads                            = 1                                         {product} {ergonomic}
     uint G1ConcRefinementThreads                  = 4                                         {product} {ergonomic}
   size_t G1HeapRegionSize                         = 1048576                                   {product} {ergonomic}
    uintx GCDrainStackTargetSize                   = 64                                        {product} {ergonomic}
   size_t InitialHeapSize                          = 134217728                                 {product} {ergonomic}
   size_t MarkStackSize                            = 4194304                                   {product} {ergonomic}
   size_t MaxHeapSize                              = 2147483648                                {product} {ergonomic}
   size_t MaxNewSize                               = 1287651328                                {product} {ergonomic}
   size_t MinHeapDeltaBytes                        = 1048576                                   {product} {ergonomic}
   size_t MinHeapSize                              = 8388608                                   {product} {ergonomic}
    uintx NonNMethodCodeHeapSize                   = 5832780                                {pd product} {ergonomic}
    uintx NonProfiledCodeHeapSize                  = 122912730                              {pd product} {ergonomic}
    uintx ProfiledCodeHeapSize                     = 122912730                              {pd product} {ergonomic}
    uintx ReservedCodeCacheSize                    = 251658240                              {pd product} {ergonomic}
     bool SegmentedCodeCache                       = true                                      {product} {ergonomic}
   size_t SoftMaxHeapSize                          = 2147483648                             {manageable} {ergonomic}
     bool UseCompressedClassPointers               = true                                 {lp64_product} {ergonomic}
     bool UseCompressedOops                        = true                                 {lp64_product} {ergonomic}
     bool UseG1GC                                  = true                                      {product} {ergonomic}

Logging:
Log output configuration:
 #0: stdout all=warning uptime,level,tags
 #1: stderr all=off uptime,level,tags

Environment Variables:
PATH=/opt/anaconda3/bin:/opt/anaconda3/condabin:/usr/local/bin:/usr/bin:/bin:/usr/sbin:/sbin:/Library/Apple/usr/bin
SHELL=/bin/zsh

Signal Handlers:
SIGSEGV: [libjvm.dylib+0x740840], sa_mask[0]=11111111011111110111111111111111, sa_flags=SA_ONSTACK|SA_RESTART|SA_SIGINFO
SIGBUS: [libjvm.dylib+0x740840], sa_mask[0]=11111111011111110111111111111111, sa_flags=SA_RESTART|SA_SIGINFO
SIGFPE: [libjvm.dylib+0x740840], sa_mask[0]=11111111011111110111111111111111, sa_flags=SA_RESTART|SA_SIGINFO
SIGPIPE: [libjvm.dylib+0x5ea66f], sa_mask[0]=11111111011111110111111111111111, sa_flags=SA_RESTART|SA_SIGINFO
SIGXFSZ: [libjvm.dylib+0x5ea66f], sa_mask[0]=11111111011111110111111111111111, sa_flags=SA_RESTART|SA_SIGINFO
SIGILL: [libjvm.dylib+0x740840], sa_mask[0]=11111111011111110111111111111111, sa_flags=SA_RESTART|SA_SIGINFO
SIGUSR2: [libjvm.dylib+0x5eac41], sa_mask[0]=00100000000000000000000000000000, sa_flags=SA_RESTART|SA_SIGINFO
SIGHUP: [libjvm.dylib+0x5e9ca3], sa_mask[0]=11111111011111110111111111111111, sa_flags=SA_RESTART|SA_SIGINFO
SIGINT: [libjvm.dylib+0x5e9ca3], sa_mask[0]=11111111011111110111111111111111, sa_flags=SA_RESTART|SA_SIGINFO
SIGTERM: [libjvm.dylib+0x5e9ca3], sa_mask[0]=11111111011111110111111111111111, sa_flags=SA_RESTART|SA_SIGINFO
SIGQUIT: [libjvm.dylib+0x5e9ca3], sa_mask[0]=11111111011111110111111111111111, sa_flags=SA_RESTART|SA_SIGINFO


---------------  S Y S T E M  ---------------

OS:uname:Darwin 21.1.0 Darwin Kernel Version 21.1.0: Wed Oct 13 17:33:23 PDT 2021; root:xnu-8019.41.5~1/RELEASE_X86_64 x86_64
OS uptime: 0 days 12:28 hours
rlimit: STACK 8192k, CORE 0k, NPROC 1392, NOFILE 10240, AS infinity, DATA infinity, FSIZE infinity
load average:2.88 2.71 2.88

CPU:total 4 (initial active 4) (2 cores per cpu, 2 threads per core) family 6 model 142 stepping 9, cmov, cx8, fxsr, mmx, sse, sse2, sse3, ssse3, sse4.1, sse4.2, popcnt, avx, avx2, aes, clmul, erms, rtm, 3dnowpref, lzcnt, ht, tsc, tscinvbit, bmi1, bmi2, adx, fma

Memory: 4k page, physical 8388608k(17764k free), swap 3145728k(1183488k free)

vm_info: Java HotSpot(TM) 64-Bit Server VM (14+36-1461) for bsd-amd64 JRE (14+36-1461), built on Feb  6 2020 19:14:40 by "mach5one" with clang 4.2.1 Compatible Apple LLVM 10.0.0 (clang-1000.11.45.5)

END.
